<?xml version="1.0" encoding="UTF-8"?>
<!-- Generated by org.testng.reporters.JUnitReportReporter -->
<testsuite hostname="DESKTOP-VEMJ6VN" failures="0" tests="2" name="Rahullshetty.FrameWork.ecommerce_hybrid3" time="67.510" errors="0" timestamp="2024-10-08T21:27:22 IST" skipped="0">
  <testcase classname="Rahullshetty.FrameWork.ecommerce_hybrid3" name="fillform" time="37.109"/>
  <system-out/>
  <testcase classname="Rahullshetty.FrameWork.ecommerce_hybrid3" name="fillform" time="30.401"/>
  <system-out/>
</testsuite> <!-- Rahullshetty.FrameWork.ecommerce_hybrid3 -->
