<?xml version="1.0" encoding="UTF-8"?>
<testsuite xmlns:xsi="http://www.w3.org/2001/XMLSchema-instance" xsi:noNamespaceSchemaLocation="https://maven.apache.org/surefire/maven-surefire-plugin/xsd/surefire-test-report.xsd" version="3.0.2" name="TestSuite" time="110.261" tests="3" errors="0" skipped="0" failures="1">
  <properties>
    <property name="java.specification.version" value="17"/>
    <property name="sun.cpu.isalist" value="amd64"/>
    <property name="sun.jnu.encoding" value="Cp1252"/>
    <property name="java.class.path" value="C:\Users\User\Desktop\new\FrameWork\target\test-classes;C:\Users\User\Desktop\new\FrameWork\target\classes;C:\Users\User\.m2\repository\org\seleniumhq\selenium\selenium-support\4.24.0\selenium-support-4.24.0.jar;C:\Users\User\.m2\repository\com\google\auto\service\auto-service-annotations\1.1.1\auto-service-annotations-1.1.1.jar;C:\Users\User\.m2\repository\com\google\guava\guava\33.3.0-jre\guava-33.3.0-jre.jar;C:\Users\User\.m2\repository\com\google\guava\failureaccess\1.0.2\failureaccess-1.0.2.jar;C:\Users\User\.m2\repository\com\google\guava\listenablefuture\9999.0-empty-to-avoid-conflict-with-guava\listenablefuture-9999.0-empty-to-avoid-conflict-with-guava.jar;C:\Users\User\.m2\repository\com\google\code\findbugs\jsr305\3.0.2\jsr305-3.0.2.jar;C:\Users\User\.m2\repository\org\checkerframework\checker-qual\3.43.0\checker-qual-3.43.0.jar;C:\Users\User\.m2\repository\com\google\errorprone\error_prone_annotations\2.28.0\error_prone_annotations-2.28.0.jar;C:\Users\User\.m2\repository\com\google\j2objc\j2objc-annotations\3.0.0\j2objc-annotations-3.0.0.jar;C:\Users\User\.m2\repository\net\bytebuddy\byte-buddy\1.15.0\byte-buddy-1.15.0.jar;C:\Users\User\.m2\repository\org\seleniumhq\selenium\selenium-api\4.24.0\selenium-api-4.24.0.jar;C:\Users\User\.m2\repository\org\jspecify\jspecify\1.0.0\jspecify-1.0.0.jar;C:\Users\User\.m2\repository\org\seleniumhq\selenium\selenium-json\4.24.0\selenium-json-4.24.0.jar;C:\Users\User\.m2\repository\org\seleniumhq\selenium\selenium-remote-driver\4.24.0\selenium-remote-driver-4.24.0.jar;C:\Users\User\.m2\repository\io\opentelemetry\semconv\opentelemetry-semconv\1.25.0-alpha\opentelemetry-semconv-1.25.0-alpha.jar;C:\Users\User\.m2\repository\io\opentelemetry\opentelemetry-api\1.41.0\opentelemetry-api-1.41.0.jar;C:\Users\User\.m2\repository\io\opentelemetry\opentelemetry-context\1.41.0\opentelemetry-context-1.41.0.jar;C:\Users\User\.m2\repository\io\opentelemetry\opentelemetry-exporter-logging\1.41.0\opentelemetry-exporter-logging-1.41.0.jar;C:\Users\User\.m2\repository\io\opentelemetry\opentelemetry-sdk-common\1.41.0\opentelemetry-sdk-common-1.41.0.jar;C:\Users\User\.m2\repository\io\opentelemetry\opentelemetry-sdk-extension-autoconfigure-spi\1.41.0\opentelemetry-sdk-extension-autoconfigure-spi-1.41.0.jar;C:\Users\User\.m2\repository\io\opentelemetry\opentelemetry-sdk-extension-autoconfigure\1.41.0\opentelemetry-sdk-extension-autoconfigure-1.41.0.jar;C:\Users\User\.m2\repository\io\opentelemetry\opentelemetry-api-incubator\1.41.0-alpha\opentelemetry-api-incubator-1.41.0-alpha.jar;C:\Users\User\.m2\repository\io\opentelemetry\opentelemetry-sdk-trace\1.41.0\opentelemetry-sdk-trace-1.41.0.jar;C:\Users\User\.m2\repository\io\opentelemetry\opentelemetry-sdk\1.41.0\opentelemetry-sdk-1.41.0.jar;C:\Users\User\.m2\repository\io\opentelemetry\opentelemetry-sdk-metrics\1.41.0\opentelemetry-sdk-metrics-1.41.0.jar;C:\Users\User\.m2\repository\io\opentelemetry\opentelemetry-sdk-logs\1.41.0\opentelemetry-sdk-logs-1.41.0.jar;C:\Users\User\.m2\repository\org\seleniumhq\selenium\selenium-http\4.24.0\selenium-http-4.24.0.jar;C:\Users\User\.m2\repository\dev\failsafe\failsafe\3.3.2\failsafe-3.3.2.jar;C:\Users\User\.m2\repository\org\seleniumhq\selenium\selenium-manager\4.24.0\selenium-manager-4.24.0.jar;C:\Users\User\.m2\repository\org\seleniumhq\selenium\selenium-os\4.24.0\selenium-os-4.24.0.jar;C:\Users\User\.m2\repository\org\apache\commons\commons-exec\1.4.0\commons-exec-1.4.0.jar;C:\Users\User\.m2\repository\org\apache\commons\commons-lang3\3.12.0\commons-lang3-3.12.0.jar;C:\Users\User\.m2\repository\commons-io\commons-io\2.17.0\commons-io-2.17.0.jar;C:\Users\User\.m2\repository\com\aventstack\extentreports\5.1.2\extentreports-5.1.2.jar;C:\Users\User\.m2\repository\io\reactivex\rxjava3\rxjava\3.1.6\rxjava-3.1.6.jar;C:\Users\User\.m2\repository\org\reactivestreams\reactive-streams\1.0.4\reactive-streams-1.0.4.jar;C:\Users\User\.m2\repository\org\freemarker\freemarker\2.3.32\freemarker-2.3.32.jar;C:\Users\User\.m2\repository\org\projectlombok\lombok\1.18.26\lombok-1.18.26.jar;C:\Users\User\.m2\repository\com\google\code\gson\gson\2.10.1\gson-2.10.1.jar;C:\Users\User\.m2\repository\com\fasterxml\jackson\core\jackson-databind\2.18.0\jackson-databind-2.18.0.jar;C:\Users\User\.m2\repository\com\fasterxml\jackson\core\jackson-annotations\2.18.0\jackson-annotations-2.18.0.jar;C:\Users\User\.m2\repository\com\fasterxml\jackson\core\jackson-core\2.18.0\jackson-core-2.18.0.jar;C:\Users\User\.m2\repository\ch\qos\logback\logback-classic\1.2.11\logback-classic-1.2.11.jar;C:\Users\User\.m2\repository\ch\qos\logback\logback-core\1.2.11\logback-core-1.2.11.jar;C:\Users\User\.m2\repository\org\slf4j\slf4j-api\1.7.32\slf4j-api-1.7.32.jar;C:\Users\User\.m2\repository\org\testng\testng\7.10.2\testng-7.10.2.jar;C:\Users\User\.m2\repository\com\beust\jcommander\1.82\jcommander-1.82.jar;C:\Users\User\.m2\repository\org\webjars\jquery\3.7.1\jquery-3.7.1.jar;C:\Users\User\.m2\repository\io\appium\java-client\9.3.0\java-client-9.3.0.jar;C:\Users\User\.m2\repository\junit\junit\3.8.1\junit-3.8.1.jar;"/>
    <property name="java.vm.vendor" value="Oracle Corporation"/>
    <property name="sun.arch.data.model" value="64"/>
    <property name="user.variant" value=""/>
    <property name="java.vendor.url" value="https://java.oracle.com/"/>
    <property name="user.timezone" value="Asia/Calcutta"/>
    <property name="os.name" value="Windows 10"/>
    <property name="java.vm.specification.version" value="17"/>
    <property name="sun.java.launcher" value="SUN_STANDARD"/>
    <property name="user.country" value="IN"/>
    <property name="sun.boot.library.path" value="C:\Program Files\Java\jdk-17\bin"/>
    <property name="sun.java.command" value="C:\Temp\surefire7669745271084866530\surefirebooter-20241009152511656_3.jar C:\Temp\surefire7669745271084866530 2024-10-09T15-25-11_509-jvmRun1 surefire-20241009152511656_1tmp surefire_0-20241009152511656_2tmp"/>
    <property name="jdk.debug" value="release"/>
    <property name="surefire.test.class.path" value="C:\Users\User\Desktop\new\FrameWork\target\test-classes;C:\Users\User\Desktop\new\FrameWork\target\classes;C:\Users\User\.m2\repository\org\seleniumhq\selenium\selenium-support\4.24.0\selenium-support-4.24.0.jar;C:\Users\User\.m2\repository\com\google\auto\service\auto-service-annotations\1.1.1\auto-service-annotations-1.1.1.jar;C:\Users\User\.m2\repository\com\google\guava\guava\33.3.0-jre\guava-33.3.0-jre.jar;C:\Users\User\.m2\repository\com\google\guava\failureaccess\1.0.2\failureaccess-1.0.2.jar;C:\Users\User\.m2\repository\com\google\guava\listenablefuture\9999.0-empty-to-avoid-conflict-with-guava\listenablefuture-9999.0-empty-to-avoid-conflict-with-guava.jar;C:\Users\User\.m2\repository\com\google\code\findbugs\jsr305\3.0.2\jsr305-3.0.2.jar;C:\Users\User\.m2\repository\org\checkerframework\checker-qual\3.43.0\checker-qual-3.43.0.jar;C:\Users\User\.m2\repository\com\google\errorprone\error_prone_annotations\2.28.0\error_prone_annotations-2.28.0.jar;C:\Users\User\.m2\repository\com\google\j2objc\j2objc-annotations\3.0.0\j2objc-annotations-3.0.0.jar;C:\Users\User\.m2\repository\net\bytebuddy\byte-buddy\1.15.0\byte-buddy-1.15.0.jar;C:\Users\User\.m2\repository\org\seleniumhq\selenium\selenium-api\4.24.0\selenium-api-4.24.0.jar;C:\Users\User\.m2\repository\org\jspecify\jspecify\1.0.0\jspecify-1.0.0.jar;C:\Users\User\.m2\repository\org\seleniumhq\selenium\selenium-json\4.24.0\selenium-json-4.24.0.jar;C:\Users\User\.m2\repository\org\seleniumhq\selenium\selenium-remote-driver\4.24.0\selenium-remote-driver-4.24.0.jar;C:\Users\User\.m2\repository\io\opentelemetry\semconv\opentelemetry-semconv\1.25.0-alpha\opentelemetry-semconv-1.25.0-alpha.jar;C:\Users\User\.m2\repository\io\opentelemetry\opentelemetry-api\1.41.0\opentelemetry-api-1.41.0.jar;C:\Users\User\.m2\repository\io\opentelemetry\opentelemetry-context\1.41.0\opentelemetry-context-1.41.0.jar;C:\Users\User\.m2\repository\io\opentelemetry\opentelemetry-exporter-logging\1.41.0\opentelemetry-exporter-logging-1.41.0.jar;C:\Users\User\.m2\repository\io\opentelemetry\opentelemetry-sdk-common\1.41.0\opentelemetry-sdk-common-1.41.0.jar;C:\Users\User\.m2\repository\io\opentelemetry\opentelemetry-sdk-extension-autoconfigure-spi\1.41.0\opentelemetry-sdk-extension-autoconfigure-spi-1.41.0.jar;C:\Users\User\.m2\repository\io\opentelemetry\opentelemetry-sdk-extension-autoconfigure\1.41.0\opentelemetry-sdk-extension-autoconfigure-1.41.0.jar;C:\Users\User\.m2\repository\io\opentelemetry\opentelemetry-api-incubator\1.41.0-alpha\opentelemetry-api-incubator-1.41.0-alpha.jar;C:\Users\User\.m2\repository\io\opentelemetry\opentelemetry-sdk-trace\1.41.0\opentelemetry-sdk-trace-1.41.0.jar;C:\Users\User\.m2\repository\io\opentelemetry\opentelemetry-sdk\1.41.0\opentelemetry-sdk-1.41.0.jar;C:\Users\User\.m2\repository\io\opentelemetry\opentelemetry-sdk-metrics\1.41.0\opentelemetry-sdk-metrics-1.41.0.jar;C:\Users\User\.m2\repository\io\opentelemetry\opentelemetry-sdk-logs\1.41.0\opentelemetry-sdk-logs-1.41.0.jar;C:\Users\User\.m2\repository\org\seleniumhq\selenium\selenium-http\4.24.0\selenium-http-4.24.0.jar;C:\Users\User\.m2\repository\dev\failsafe\failsafe\3.3.2\failsafe-3.3.2.jar;C:\Users\User\.m2\repository\org\seleniumhq\selenium\selenium-manager\4.24.0\selenium-manager-4.24.0.jar;C:\Users\User\.m2\repository\org\seleniumhq\selenium\selenium-os\4.24.0\selenium-os-4.24.0.jar;C:\Users\User\.m2\repository\org\apache\commons\commons-exec\1.4.0\commons-exec-1.4.0.jar;C:\Users\User\.m2\repository\org\apache\commons\commons-lang3\3.12.0\commons-lang3-3.12.0.jar;C:\Users\User\.m2\repository\commons-io\commons-io\2.17.0\commons-io-2.17.0.jar;C:\Users\User\.m2\repository\com\aventstack\extentreports\5.1.2\extentreports-5.1.2.jar;C:\Users\User\.m2\repository\io\reactivex\rxjava3\rxjava\3.1.6\rxjava-3.1.6.jar;C:\Users\User\.m2\repository\org\reactivestreams\reactive-streams\1.0.4\reactive-streams-1.0.4.jar;C:\Users\User\.m2\repository\org\freemarker\freemarker\2.3.32\freemarker-2.3.32.jar;C:\Users\User\.m2\repository\org\projectlombok\lombok\1.18.26\lombok-1.18.26.jar;C:\Users\User\.m2\repository\com\google\code\gson\gson\2.10.1\gson-2.10.1.jar;C:\Users\User\.m2\repository\com\fasterxml\jackson\core\jackson-databind\2.18.0\jackson-databind-2.18.0.jar;C:\Users\User\.m2\repository\com\fasterxml\jackson\core\jackson-annotations\2.18.0\jackson-annotations-2.18.0.jar;C:\Users\User\.m2\repository\com\fasterxml\jackson\core\jackson-core\2.18.0\jackson-core-2.18.0.jar;C:\Users\User\.m2\repository\ch\qos\logback\logback-classic\1.2.11\logback-classic-1.2.11.jar;C:\Users\User\.m2\repository\ch\qos\logback\logback-core\1.2.11\logback-core-1.2.11.jar;C:\Users\User\.m2\repository\org\slf4j\slf4j-api\1.7.32\slf4j-api-1.7.32.jar;C:\Users\User\.m2\repository\org\testng\testng\7.10.2\testng-7.10.2.jar;C:\Users\User\.m2\repository\com\beust\jcommander\1.82\jcommander-1.82.jar;C:\Users\User\.m2\repository\org\webjars\jquery\3.7.1\jquery-3.7.1.jar;C:\Users\User\.m2\repository\io\appium\java-client\9.3.0\java-client-9.3.0.jar;C:\Users\User\.m2\repository\junit\junit\3.8.1\junit-3.8.1.jar;"/>
    <property name="sun.cpu.endian" value="little"/>
    <property name="user.home" value="C:\Users\User"/>
    <property name="user.language" value="en"/>
    <property name="ipAddress" value="192.168.0.101"/>
    <property name="java.specification.vendor" value="Oracle Corporation"/>
    <property name="java.version.date" value="2024-01-16"/>
    <property name="java.home" value="C:\Program Files\Java\jdk-17"/>
    <property name="file.separator" value="\"/>
    <property name="basedir" value="C:\Users\User\Desktop\new\FrameWork"/>
    <property name="java.vm.compressedOopsMode" value="Zero based"/>
    <property name="line.separator" value="&#10;"/>
    <property name="java.vm.specification.vendor" value="Oracle Corporation"/>
    <property name="java.specification.name" value="Java Platform API Specification"/>
    <property name="surefire.real.class.path" value="C:\Temp\surefire7669745271084866530\surefirebooter-20241009152511656_3.jar"/>
    <property name="user.script" value=""/>
    <property name="sun.management.compiler" value="HotSpot 64-Bit Tiered Compilers"/>
    <property name="java.runtime.version" value="17.0.10+11-LTS-240"/>
    <property name="user.name" value="SUSHMA"/>
    <property name="path.separator" value=";"/>
    <property name="os.version" value="10.0"/>
    <property name="java.runtime.name" value="Java(TM) SE Runtime Environment"/>
    <property name="file.encoding" value="Cp1252"/>
    <property name="java.vm.name" value="Java HotSpot(TM) 64-Bit Server VM"/>
    <property name="localRepository" value="C:\Users\User\.m2\repository"/>
    <property name="java.vendor.url.bug" value="https://bugreport.java.com/bugreport/"/>
    <property name="java.io.tmpdir" value="C:\Temp\"/>
    <property name="java.version" value="17.0.10"/>
    <property name="user.dir" value="C:\Users\User\Desktop\new\FrameWork"/>
    <property name="os.arch" value="amd64"/>
    <property name="java.vm.specification.name" value="Java Virtual Machine Specification"/>
    <property name="sun.os.patch.level" value=""/>
    <property name="native.encoding" value="Cp1252"/>
    <property name="java.library.path" value="C:\Program Files\Java\jdk-17\bin;C:\Windows\Sun\Java\bin;C:\Windows\system32;C:\Windows;C:\Program Files\Common Files\Oracle\Java\javapath;C:\Windows\system32;C:\Windows;C:\Windows\System32\Wbem;C:\Windows\System32\WindowsPowerShell\v1.0\;C:\Windows\System32\OpenSSH\;C:\Program Files\nodejs\;C:\Program Files\Java\jdk-17\bin;C:\Users\User\AppData\Local\Android\Sdk\tools\bin;C:\Users\User\AppData\Local\Android\Sdk\tools;C:\Users\User\AppData\Local\Android\Sdk\platform-tools;C:\Program Files\nodejs\node_modules\npm\bin;C:\Program Files\Maven\apache-maven-3.9.9\bin;C:\Users\User\AppData\Local\Microsoft\WindowsApps;C:\Users\User\AppData\Local\Programs\Microsoft VS Code\bin;C:\Users\User\AppData\Roaming\npm;."/>
    <property name="java.vm.info" value="mixed mode, sharing"/>
    <property name="java.vendor" value="Oracle Corporation"/>
    <property name="java.vm.version" value="17.0.10+11-LTS-240"/>
    <property name="sun.io.unicode.encoding" value="UnicodeLittle"/>
    <property name="java.class.version" value="61.0"/>
  </properties>
  <testcase name="fillform[{name=sushma, country=Argentina, gender=Female}](1)" classname="Rahullshetty.FrameWork.ecommerce_hybrid3" time="34.734">
    <system-out><![CDATA[15:25:12.361 [main] DEBUG org.testng.TestNG - suiteXmlPath: "C:\Users\User\Desktop\new\FrameWork\TestngSuites\testng.xml"
&amp#27;[38;5;112m[Appium]&amp#27;[0m Welcome to Appium v2.11.5
&amp#27;[38;5;112m[Appium]&amp#27;[0m Non-default server args:
&amp#27;[38;5;112m[Appium]&amp#27;[0m { address: &amp#27;[32m'192.168.0.101'&amp#27;[39m }
&amp#27;[38;5;112m[Appium]&amp#27;[0m The autodetected Appium home path: C:\Users\User
&amp#27;[38;5;112m[Appium]&amp#27;[0m Attempting to load driver uiautomator2...
&amp#27;[38;5;112m[Appium]&amp#27;[0m Attempting to load driver xcuitest...
&amp#27;[38;5;112m[Appium]&amp#27;[0m Requiring driver at C:\Users\User\node_modules\appium-uiautomator2-driver\build\index.js
&amp#27;[38;5;112m[Appium]&amp#27;[0m Requiring driver at C:\Users\User\node_modules\appium-xcuitest-driver\build\index.js
&amp#27;[38;5;112m[Appium]&amp#27;[0m AndroidUiautomator2Driver has been successfully loaded in 2.625s
&amp#27;[38;5;112m[Appium]&amp#27;[0m XCUITestDriver has been successfully loaded in 2.626s
&amp#27;[38;5;112m[Appium]&amp#27;[0m Appium REST http interface listener started on http://192.168.0.101:4723
&amp#27;[38;5;112m[Appium]&amp#27;[0m Available drivers:
&amp#27;[38;5;112m[Appium]&amp#27;[0m   - uiautomator2@3.7.9 (automationName 'UiAutomator2')
&amp#27;[38;5;112m[Appium]&amp#27;[0m   - xcuitest@7.25.0 (automationName 'XCUITest')
&amp#27;[38;5;112m[Appium]&amp#27;[0m No plugins have been installed. Use the "appium plugin" command to install the one(s) you want to use.
&amp#27;[38;5;86m[HTTP]&amp#27;[0m &amp#27;[37m-->&amp#27;[39m &amp#27;[37mGET&amp#27;[39m &amp#27;[37m/status&amp#27;[39m &amp#27;[90m{}&amp#27;[39m
&amp#27;[38;5;127m[AppiumDriver@f8dc]&amp#27;[0m Calling AppiumDriver.getStatus() with args: []
&amp#27;[38;5;127m[AppiumDriver@f8dc]&amp#27;[0m Responding to client with driver.getStatus() result: {"ready":true,"message":"The server is ready to accept new connections","build":{"version":"2.11.5"}}
&amp#27;[38;5;86m[HTTP]&amp#27;[0m &amp#27;[37m<-- GET /status &amp#27;[39m&amp#27;[32m200&amp#27;[39m &amp#27;[90m33 ms - 111&amp#27;[39m &amp#27;[90m&amp#27;[39m
&amp#27;[38;5;86m[HTTP]&amp#27;[0m Request idempotency key: e6de189e-45d2-46be-b2ce-629b562f1a7a
&amp#27;[38;5;86m[HTTP]&amp#27;[0m &amp#27;[37m-->&amp#27;[39m &amp#27;[37mPOST&amp#27;[39m &amp#27;[37m/session&amp#27;[39m &amp#27;[90m{"capabilities":{"firstMatch":[{"appium:deviceName":"sushmaemulator","platformName":"ANDROID","appium:automationName":"UIAutomator2","appium:app":"C:\\Users\\User\\Desktop\\new\\FrameWork\\src\\test\\java\\resource\\General-Store.apk"}]}}&amp#27;[39m
&amp#27;[38;5;127m[AppiumDriver@f8dc]&amp#27;[0m Calling AppiumDriver.createSession() with args: [null,null,{"firstMatch":[{"appium:deviceName":"sushmaemulator","platformName":"ANDROID","appium:automationName":"UIAutomator2","appium:app":"C:\\Users\\User\\Desktop\\new\\FrameWork\\src\\test\\java\\resource\\General-Store.apk"}]}]
&amp#27;[38;5;127m[AppiumDriver@f8dc]&amp#27;[0m Event 'newSessionRequested' logged at 1728467718193 (15:25:18 GMT+0530 (India Standard Time))
&amp#27;[38;5;112m[Appium]&amp#27;[0m Attempting to find matching driver for automationName 'UIAutomator2' and platformName 'ANDROID'
&amp#27;[38;5;112m[Appium]&amp#27;[0m The 'uiautomator2' driver was installed and matched caps.
&amp#27;[38;5;112m[Appium]&amp#27;[0m Will require it at C:\Users\User\node_modules\appium-uiautomator2-driver
&amp#27;[38;5;112m[Appium]&amp#27;[0m Requiring driver at C:\Users\User\node_modules\appium-uiautomator2-driver\build\index.js
&amp#27;[38;5;127m[AppiumDriver@f8dc]&amp#27;[0m Appium v2.11.5 creating new AndroidUiautomator2Driver (v3.7.9) session
&amp#27;[38;5;127m[AppiumDriver@f8dc]&amp#27;[0m Checking BaseDriver versions for Appium and AndroidUiautomator2Driver
&amp#27;[38;5;127m[AppiumDriver@f8dc]&amp#27;[0m Appium's BaseDriver version is 9.11.5
&amp#27;[38;5;127m[AppiumDriver@f8dc]&amp#27;[0m AndroidUiautomator2Driver's BaseDriver version is 9.11.3
&amp#27;[38;5;-47m[AndroidUiautomator2Driver@f550]&amp#27;[0m 
&amp#27;[38;5;-47m[AndroidUiautomator2Driver@f550]&amp#27;[0m Creating session with W3C capabilities: {
  "alwaysMatch": {
    "platformName": "ANDROID",
    "appium:deviceName": "sushmaemulator",
    "appium:automationName": "UIAutomator2",
    "appium:app": "C:\\Users\\User\\Desktop\\new\\FrameWork\\src\\test\\java\\resource\\General-Store.apk"
  },
  "firstMatch": [
    {}
  ]
}
&amp#27;[38;5;180m[5fc55eeb]&amp#27;[0m&amp#27;[38;5;-47m[AndroidUiautomator2Driver@f550]&amp#27;[0m Session created with session id: 5fc55eeb-8c30-496a-8da7-c334a2a4c96e
&amp#27;[38;5;180m[5fc55eeb]&amp#27;[0m&amp#27;[38;5;229m[ADB]&amp#27;[0m Found 2 'build-tools' folders under 'C:\Users\User\AppData\Local\Android\Sdk' (newest first):
&amp#27;[38;5;180m[5fc55eeb]&amp#27;[0m&amp#27;[38;5;229m[ADB]&amp#27;[0m     C:\Users\User\AppData\Local\Android\Sdk\build-tools\35.0.0
&amp#27;[38;5;180m[5fc55eeb]&amp#27;[0m&amp#27;[38;5;229m[ADB]&amp#27;[0m     C:\Users\User\AppData\Local\Android\Sdk\build-tools\34.0.0
&amp#27;[38;5;180m[5fc55eeb]&amp#27;[0m&amp#27;[38;5;229m[ADB]&amp#27;[0m Using 'adb.exe' from 'C:\Users\User\AppData\Local\Android\Sdk\platform-tools\adb.exe'
&amp#27;[38;5;180m[5fc55eeb]&amp#27;[0m&amp#27;[38;5;229m[ADB]&amp#27;[0m Running 'C:\Users\User\AppData\Local\Android\Sdk\platform-tools\adb.exe -P 5037 start-server'
&amp#27;[38;5;180m[5fc55eeb]&amp#27;[0m&amp#27;[38;5;-47m[AndroidUiautomator2Driver@f550]&amp#27;[0m Retrieving device list
&amp#27;[38;5;180m[5fc55eeb]&amp#27;[0m&amp#27;[38;5;229m[ADB]&amp#27;[0m Trying to find connected Android devices
&amp#27;[38;5;180m[5fc55eeb]&amp#27;[0m&amp#27;[38;5;229m[ADB]&amp#27;[0m Getting connected devices
&amp#27;[38;5;180m[5fc55eeb]&amp#27;[0m&amp#27;[38;5;229m[ADB]&amp#27;[0m Connected devices: [{"udid":"emulator-5554","state":"device"}]
&amp#27;[38;5;180m[5fc55eeb]&amp#27;[0m&amp#27;[38;5;-47m[AndroidUiautomator2Driver@f550]&amp#27;[0m Using device: emulator-5554
&amp#27;[38;5;180m[5fc55eeb]&amp#27;[0m&amp#27;[38;5;229m[ADB]&amp#27;[0m Using 'adb.exe' from 'C:\Users\User\AppData\Local\Android\Sdk\platform-tools\adb.exe'
&amp#27;[38;5;180m[5fc55eeb]&amp#27;[0m&amp#27;[38;5;229m[ADB]&amp#27;[0m Running 'C:\Users\User\AppData\Local\Android\Sdk\platform-tools\adb.exe -P 5037 start-server'
&amp#27;[38;5;180m[5fc55eeb]&amp#27;[0m&amp#27;[38;5;229m[ADB]&amp#27;[0m Setting device id to emulator-5554
&amp#27;[38;5;180m[5fc55eeb]&amp#27;[0m&amp#27;[38;5;123m[BaseDriver]&amp#27;[0m Using local app 'C:\Users\User\Desktop\new\FrameWork\src\test\java\resource\General-Store.apk'
&amp#27;[38;5;180m[5fc55eeb]&amp#27;[0m&amp#27;[38;5;-47m[AndroidUiautomator2Driver@f550]&amp#27;[0m Checking whether app is actually present
&amp#27;[38;5;180m[5fc55eeb]&amp#27;[0m&amp#27;[38;5;229m[ADB]&amp#27;[0m Running 'C:\Users\User\AppData\Local\Android\Sdk\platform-tools\adb.exe -P 5037 -s emulator-5554 shell getprop ro.build.version.sdk'
&amp#27;[38;5;180m[5fc55eeb]&amp#27;[0m&amp#27;[38;5;229m[ADB]&amp#27;[0m Current device property 'ro.build.version.sdk': 35
&amp#27;[38;5;180m[5fc55eeb]&amp#27;[0m&amp#27;[38;5;229m[ADB]&amp#27;[0m Getting device platform version
&amp#27;[38;5;180m[5fc55eeb]&amp#27;[0m&amp#27;[38;5;229m[ADB]&amp#27;[0m Running 'C:\Users\User\AppData\Local\Android\Sdk\platform-tools\adb.exe -P 5037 -s emulator-5554 shell getprop ro.build.version.release'
&amp#27;[38;5;180m[5fc55eeb]&amp#27;[0m&amp#27;[38;5;229m[ADB]&amp#27;[0m Current device property 'ro.build.version.release': 15
&amp#27;[38;5;180m[5fc55eeb]&amp#27;[0m&amp#27;[38;5;229m[ADB]&amp#27;[0m Device API level: 35
&amp#27;[38;5;180m[5fc55eeb]&amp#27;[0m&amp#27;[38;5;-47m[AndroidUiautomator2Driver@f550]&amp#27;[0m Relaxing hidden api policy
&amp#27;[38;5;180m[5fc55eeb]&amp#27;[0m&amp#27;[38;5;229m[ADB]&amp#27;[0m Running 'C:\Users\User\AppData\Local\Android\Sdk\platform-tools\adb.exe -P 5037 -s emulator-5554 shell 'settings put global hidden_api_policy_pre_p_apps 1;settings put global hidden_api_policy_p_apps 1;settings put global hidden_api_policy 1''
&amp#27;[38;5;180m[5fc55eeb]&amp#27;[0m&amp#27;[38;5;-47m[AndroidUiautomator2Driver@f550]&amp#27;[0m Parsing package and activity from app manifest
&amp#27;[38;5;180m[5fc55eeb]&amp#27;[0m&amp#27;[38;5;229m[ADB]&amp#27;[0m Running 'C:\Users\User\AppData\Local\Android\Sdk\platform-tools\adb.exe -P 5037 -s emulator-5554 wait-for-device'
&amp#27;[38;5;180m[5fc55eeb]&amp#27;[0m&amp#27;[38;5;229m[ADB]&amp#27;[0m Using 'aapt2.exe' from 'C:\Users\User\AppData\Local\Android\Sdk\build-tools\35.0.0\aapt2.exe'
&amp#27;[38;5;180m[5fc55eeb]&amp#27;[0m&amp#27;[38;5;229m[ADB]&amp#27;[0m Reading package manifest: 'C:\\Users\\User\\AppData\\Local\\Android\\Sdk\\build-tools\\35.0.0\\aapt2.exe dump badging C:\\Users\\User\\Desktop\\new\\FrameWork\\src\\test\\java\\resource\\General-Store.apk'
&amp#27;[38;5;180m[5fc55eeb]&amp#27;[0m&amp#27;[38;5;229m[ADB]&amp#27;[0m Running 'C:\Users\User\AppData\Local\Android\Sdk\platform-tools\adb.exe -P 5037 -s emulator-5554 shell echo ping'
&amp#27;[38;5;180m[5fc55eeb]&amp#27;[0m&amp#27;[38;5;229m[ADB]&amp#27;[0m Package name: 'com.androidsample.generalstore'
&amp#27;[38;5;180m[5fc55eeb]&amp#27;[0m&amp#27;[38;5;229m[ADB]&amp#27;[0m Main activity name: 'com.androidsample.generalstore.SplashActivity'
&amp#27;[38;5;180m[5fc55eeb]&amp#27;[0m&amp#27;[38;5;-47m[AndroidUiautomator2Driver@f550]&amp#27;[0m Parsed package and activity are: com.androidsample.generalstore/com.androidsample.generalstore.SplashActivity
&amp#27;[38;5;180m[5fc55eeb]&amp#27;[0m&amp#27;[38;5;-47m[AndroidUiautomator2Driver@f550]&amp#27;[0m Pushing settings apk to the device...
&amp#27;[38;5;180m[5fc55eeb]&amp#27;[0m&amp#27;[38;5;229m[ADB]&amp#27;[0m Getting package info for 'io.appium.settings'
&amp#27;[38;5;180m[5fc55eeb]&amp#27;[0m&amp#27;[38;5;229m[ADB]&amp#27;[0m Running 'C:\Users\User\AppData\Local\Android\Sdk\platform-tools\adb.exe -P 5037 -s emulator-5554 shell dumpsys package io.appium.settings'
&amp#27;[38;5;180m[5fc55eeb]&amp#27;[0m&amp#27;[38;5;229m[ADB]&amp#27;[0m Reading package manifest: 'C:\\Users\\User\\AppData\\Local\\Android\\Sdk\\build-tools\\35.0.0\\aapt2.exe dump badging C:\\Users\\User\\node_modules\\appium-uiautomator2-driver\\node_modules\\io.appium.settings\\apks\\settings_apk-debug.apk'
&amp#27;[38;5;180m[5fc55eeb]&amp#27;[0m&amp#27;[38;5;229m[ADB]&amp#27;[0m The version name of the installed 'io.appium.settings' is greater or equal to the application version name ('5.12.13' >= '5.12.13')
&amp#27;[38;5;180m[5fc55eeb]&amp#27;[0m&amp#27;[38;5;229m[ADB]&amp#27;[0m There is no need to install/upgrade 'C:\Users\User\node_modules\appium-uiautomator2-driver\node_modules\io.appium.settings\apks\settings_apk-debug.apk'
&amp#27;[38;5;180m[5fc55eeb]&amp#27;[0m&amp#27;[38;5;229m[ADB]&amp#27;[0m Running 'C:\Users\User\AppData\Local\Android\Sdk\platform-tools\adb.exe -P 5037 -s emulator-5554 shell dumpsys activity services io.appium.settings'
&amp#27;[38;5;180m[5fc55eeb]&amp#27;[0m&amp#27;[38;5;-47m[AndroidUiautomator2Driver@f550]&amp#27;[0m io.appium.settings is already running. There is no need to reset its permissions.
&amp#27;[38;5;180m[5fc55eeb]&amp#27;[0m&amp#27;[38;5;160m[Logcat]&amp#27;[0m Starting logs capture with command: C:\\Users\\User\\AppData\\Local\\Android\\Sdk\\platform-tools\\adb.exe -P 5037 -s emulator-5554 logcat -v threadtime
&amp#27;[38;5;180m[5fc55eeb]&amp#27;[0m&amp#27;[38;5;-47m[AndroidUiautomator2Driver@f550]&amp#27;[0m Forwarding UiAutomator2 Server port 6790 to local port 8200
&amp#27;[38;5;180m[5fc55eeb]&amp#27;[0m&amp#27;[38;5;229m[ADB]&amp#27;[0m Forwarding system: 8200 to device: 6790
&amp#27;[38;5;180m[5fc55eeb]&amp#27;[0m&amp#27;[38;5;229m[ADB]&amp#27;[0m Running 'C:\Users\User\AppData\Local\Android\Sdk\platform-tools\adb.exe -P 5037 -s emulator-5554 forward tcp:8200 tcp:6790'
&amp#27;[38;5;180m[5fc55eeb]&amp#27;[0m&amp#27;[38;5;229m[ADB]&amp#27;[0m Getting package info for 'io.appium.uiautomator2.server'
&amp#27;[38;5;180m[5fc55eeb]&amp#27;[0m&amp#27;[38;5;229m[ADB]&amp#27;[0m Running 'C:\Users\User\AppData\Local\Android\Sdk\platform-tools\adb.exe -P 5037 -s emulator-5554 shell dumpsys package io.appium.uiautomator2.server'
&amp#27;[38;5;180m[5fc55eeb]&amp#27;[0m&amp#27;[38;5;229m[ADB]&amp#27;[0m Getting install status for io.appium.uiautomator2.server.test
&amp#27;[38;5;180m[5fc55eeb]&amp#27;[0m&amp#27;[38;5;229m[ADB]&amp#27;[0m Checking app cert for C:\Users\User\Desktop\new\FrameWork\src\test\java\resource\General-Store.apk
&amp#27;[38;5;180m[5fc55eeb]&amp#27;[0m&amp#27;[38;5;229m[ADB]&amp#27;[0m Running 'C:\Users\User\AppData\Local\Android\Sdk\platform-tools\adb.exe -P 5037 -s emulator-5554 shell cmd package list packages'
&amp#27;[38;5;180m[5fc55eeb]&amp#27;[0m&amp#27;[38;5;229m[ADB]&amp#27;[0m Using 'apksigner.jar' from 'C:\Users\User\AppData\Local\Android\Sdk\build-tools\35.0.0\lib\apksigner.jar'
&amp#27;[38;5;180m[5fc55eeb]&amp#27;[0m&amp#27;[38;5;229m[ADB]&amp#27;[0m Starting apksigner: 'C:\\Program Files\\Java\\jdk-17\\bin\\java.exe' -Xmx1024M -Xss1m -jar C:\\Users\\User\\AppData\\Local\\Android\\Sdk\\build-tools\\35.0.0\\lib\\apksigner.jar verify --print-certs C:\\Users\\User\\Desktop\\new\\FrameWork\\src\\test\\java\\resource\\General-Store.apk
&amp#27;[38;5;180m[5fc55eeb]&amp#27;[0m&amp#27;[38;5;229m[ADB]&amp#27;[0m Reading package manifest: 'C:\\Users\\User\\AppData\\Local\\Android\\Sdk\\build-tools\\35.0.0\\aapt2.exe dump badging C:\\Users\\User\\node_modules\\appium-uiautomator2-driver\\node_modules\\appium-uiautomator2-server\\apks\\appium-uiautomator2-server-v7.0.24.apk'
&amp#27;[38;5;180m[5fc55eeb]&amp#27;[0m&amp#27;[38;5;229m[ADB]&amp#27;[0m 'io.appium.uiautomator2.server.test' is installed
&amp#27;[38;5;180m[5fc55eeb]&amp#27;[0m&amp#27;[38;5;229m[ADB]&amp#27;[0m The version name of the installed 'io.appium.uiautomator2.server' is greater or equal to the application version name ('7.0.24' >= '7.0.24')
&amp#27;[38;5;180m[5fc55eeb]&amp#27;[0m&amp#27;[38;5;-47m[AndroidUiautomator2Driver@f550]&amp#27;[0m Server packages status: [{"installState":"sameVersionInstalled","appPath":"C:\\Users\\User\\node_modules\\appium-uiautomator2-driver\\node_modules\\appium-uiautomator2-server\\apks\\appium-uiautomator2-server-v7.0.24.apk","appId":"io.appium.uiautomator2.server"},{"installState":"sameVersionInstalled","appPath":"C:\\Users\\User\\node_modules\\appium-uiautomator2-driver\\node_modules\\appium-uiautomator2-server\\apks\\appium-uiautomator2-server-debug-androidTest.apk","appId":"io.appium.uiautomator2.server.test"}]
&amp#27;[38;5;180m[5fc55eeb]&amp#27;[0m&amp#27;[38;5;-47m[AndroidUiautomator2Driver@f550]&amp#27;[0m Server packages are not going to be (re)installed
&amp#27;[38;5;180m[5fc55eeb]&amp#27;[0m&amp#27;[38;5;-47m[AndroidUiautomator2Driver@f550]&amp#27;[0m Waiting up to 30000ms for services to be available
&amp#27;[38;5;180m[5fc55eeb]&amp#27;[0m&amp#27;[38;5;229m[ADB]&amp#27;[0m Running 'C:\Users\User\AppData\Local\Android\Sdk\platform-tools\adb.exe -P 5037 -s emulator-5554 shell pm list instrumentation'
&amp#27;[38;5;180m[5fc55eeb]&amp#27;[0m&amp#27;[38;5;-47m[AndroidUiautomator2Driver@f550]&amp#27;[0m Instrumentation target 'io.appium.uiautomator2.server.test/androidx.test.runner.AndroidJUnitRunner' is available
&amp#27;[38;5;180m[5fc55eeb]&amp#27;[0m&amp#27;[38;5;229m[ADB]&amp#27;[0m Adding packages ["io.appium.settings","io.appium.uiautomator2.server","io.appium.uiautomator2.server.test"] to Doze whitelist
&amp#27;[38;5;180m[5fc55eeb]&amp#27;[0m&amp#27;[38;5;229m[ADB]&amp#27;[0m Got the following command chunks to execute: [["dumpsys","deviceidle","whitelist","+io.appium.settings",";","dumpsys","deviceidle","whitelist","+io.appium.uiautomator2.server",";","dumpsys","deviceidle","whitelist","+io.appium.uiautomator2.server.test",";"]]
&amp#27;[38;5;180m[5fc55eeb]&amp#27;[0m&amp#27;[38;5;229m[ADB]&amp#27;[0m Running 'C:\Users\User\AppData\Local\Android\Sdk\platform-tools\adb.exe -P 5037 -s emulator-5554 shell dumpsys deviceidle whitelist +io.appium.settings ; dumpsys deviceidle whitelist +io.appium.uiautomator2.server ; dumpsys deviceidle whitelist +io.appium.uiautomator2.server.test ;'
&amp#27;[38;5;180m[5fc55eeb]&amp#27;[0m&amp#27;[38;5;229m[ADB]&amp#27;[0m apksigner stdout: Signer #1 certificate DN: EMAILADDRESS=android@android.com, CN=Android, OU=Android, O=Android, L=Mountain View, ST=California, C=US
Signer #1 certificate SHA-256 digest: a40da80a59d170caa950cf15c18c454d47a39b26989d8b640ecd745ba71bf5dc
Signer #1 certificate SHA-1 digest: 61ed377e85d386a8dfee6b864bd85b0bfaa5af81
Signer #1 certificate MD5 digest: e89b158e4bcf988ebd09eb83f5378e87

&amp#27;[38;5;180m[5fc55eeb]&amp#27;[0m&amp#27;[38;5;229m[ADB]&amp#27;[0m sha256 hash did match for 'General-Store.apk'
&amp#27;[38;5;180m[5fc55eeb]&amp#27;[0m&amp#27;[38;5;229m[ADB]&amp#27;[0m 'C:\Users\User\Desktop\new\FrameWork\src\test\java\resource\General-Store.apk' is signed with the default certificate
&amp#27;[38;5;180m[5fc55eeb]&amp#27;[0m&amp#27;[38;5;229m[ADB]&amp#27;[0m Getting package info for 'com.androidsample.generalstore'
&amp#27;[38;5;180m[5fc55eeb]&amp#27;[0m&amp#27;[38;5;229m[ADB]&amp#27;[0m Running 'C:\Users\User\AppData\Local\Android\Sdk\platform-tools\adb.exe -P 5037 -s emulator-5554 shell dumpsys package com.androidsample.generalstore'
&amp#27;[38;5;180m[5fc55eeb]&amp#27;[0m&amp#27;[38;5;229m[ADB]&amp#27;[0m Reading package manifest: 'C:\\Users\\User\\AppData\\Local\\Android\\Sdk\\build-tools\\35.0.0\\aapt2.exe dump badging C:\\Users\\User\\Desktop\\new\\FrameWork\\src\\test\\java\\resource\\General-Store.apk'
&amp#27;[38;5;180m[5fc55eeb]&amp#27;[0m&amp#27;[38;5;229m[ADB]&amp#27;[0m The version name of the installed 'com.androidsample.generalstore' is greater or equal to the application version name ('1.0.0' >= '1.0.0')
&amp#27;[38;5;180m[5fc55eeb]&amp#27;[0m&amp#27;[38;5;229m[ADB]&amp#27;[0m There is no need to install/upgrade 'C:\Users\User\Desktop\new\FrameWork\src\test\java\resource\General-Store.apk'
&amp#27;[38;5;180m[5fc55eeb]&amp#27;[0m&amp#27;[38;5;-47m[AndroidUiautomator2Driver@f550]&amp#27;[0m Performing fast reset on 'com.androidsample.generalstore'
&amp#27;[38;5;180m[5fc55eeb]&amp#27;[0m&amp#27;[38;5;229m[ADB]&amp#27;[0m Getting install status for com.androidsample.generalstore
&amp#27;[38;5;180m[5fc55eeb]&amp#27;[0m&amp#27;[38;5;229m[ADB]&amp#27;[0m Running 'C:\Users\User\AppData\Local\Android\Sdk\platform-tools\adb.exe -P 5037 -s emulator-5554 shell cmd package list packages'
&amp#27;[38;5;180m[5fc55eeb]&amp#27;[0m&amp#27;[38;5;229m[ADB]&amp#27;[0m 'com.androidsample.generalstore' is installed
&amp#27;[38;5;180m[5fc55eeb]&amp#27;[0m&amp#27;[38;5;229m[ADB]&amp#27;[0m Running 'C:\Users\User\AppData\Local\Android\Sdk\platform-tools\adb.exe -P 5037 -s emulator-5554 shell am force-stop com.androidsample.generalstore'
&amp#27;[38;5;180m[5fc55eeb]&amp#27;[0m&amp#27;[38;5;229m[ADB]&amp#27;[0m Running 'C:\Users\User\AppData\Local\Android\Sdk\platform-tools\adb.exe -P 5037 -s emulator-5554 shell pm clear com.androidsample.generalstore'
&amp#27;[38;5;180m[5fc55eeb]&amp#27;[0m&amp#27;[38;5;-47m[AndroidUiautomator2Driver@f550]&amp#27;[0m Performed fast reset on the installed 'com.androidsample.generalstore' application (stop and clear)
&amp#27;[38;5;180m[5fc55eeb]&amp#27;[0m&amp#27;[38;5;-47m[AndroidUiautomator2Driver@f550]&amp#27;[0m Performing shallow cleanup of automation leftovers
&amp#27;[38;5;180m[5fc55eeb]&amp#27;[0m&amp#27;[38;5;-47m[AndroidUiautomator2Driver@f550]&amp#27;[0m No obsolete sessions have been detected (socket hang up)
&amp#27;[38;5;180m[5fc55eeb]&amp#27;[0m&amp#27;[38;5;229m[ADB]&amp#27;[0m Running 'C:\Users\User\AppData\Local\Android\Sdk\platform-tools\adb.exe -P 5037 -s emulator-5554 shell am force-stop io.appium.uiautomator2.server'
&amp#27;[38;5;180m[5fc55eeb]&amp#27;[0m&amp#27;[38;5;229m[ADB]&amp#27;[0m Running 'C:\Users\User\AppData\Local\Android\Sdk\platform-tools\adb.exe -P 5037 -s emulator-5554 shell am force-stop io.appium.uiautomator2.server.test'
&amp#27;[38;5;180m[5fc55eeb]&amp#27;[0m&amp#27;[38;5;-47m[AndroidUiautomator2Driver@f550]&amp#27;[0m Starting UIAutomator2 server 7.0.24
&amp#27;[38;5;180m[5fc55eeb]&amp#27;[0m&amp#27;[38;5;-47m[AndroidUiautomator2Driver@f550]&amp#27;[0m Using UIAutomator2 server from 'C:\Users\User\node_modules\appium-uiautomator2-driver\node_modules\appium-uiautomator2-server\apks\appium-uiautomator2-server-v7.0.24.apk' and test from 'C:\Users\User\node_modules\appium-uiautomator2-driver\node_modules\appium-uiautomator2-server\apks\appium-uiautomator2-server-debug-androidTest.apk'
&amp#27;[38;5;180m[5fc55eeb]&amp#27;[0m&amp#27;[38;5;-47m[AndroidUiautomator2Driver@f550]&amp#27;[0m Waiting up to 30000ms for UiAutomator2 to be online...
&amp#27;[38;5;180m[5fc55eeb]&amp#27;[0m&amp#27;[38;5;229m[ADB]&amp#27;[0m Creating ADB subprocess with args: ["-P","5037","-s","emulator-5554","shell","am","instrument","-w","-e","disableAnalytics","true","io.appium.uiautomator2.server.test/androidx.test.runner.AndroidJUnitRunner"]
&amp#27;[38;5;180m[5fc55eeb]&amp#27;[0m&amp#27;[38;5;-47m[AndroidUiautomator2Driver@f550]&amp#27;[0m Matched '/status' to command name 'getStatus'
&amp#27;[38;5;180m[5fc55eeb]&amp#27;[0m&amp#27;[38;5;-47m[AndroidUiautomator2Driver@f550]&amp#27;[0m Proxying [GET /status] to [GET http://127.0.0.1:8200/status] with no body
&amp#27;[38;5;180m[5fc55eeb]&amp#27;[0m&amp#27;[38;5;-47m[AndroidUiautomator2Driver@f550]&amp#27;[0m socket hang up
&amp#27;[38;5;180m[5fc55eeb]&amp#27;[0m&amp#27;[38;5;-47m[AndroidUiautomator2Driver@f550]&amp#27;[0m Matched '/status' to command name 'getStatus'
&amp#27;[38;5;180m[5fc55eeb]&amp#27;[0m&amp#27;[38;5;-47m[AndroidUiautomator2Driver@f550]&amp#27;[0m Proxying [GET /status] to [GET http://127.0.0.1:8200/status] with no body
&amp#27;[38;5;180m[5fc55eeb]&amp#27;[0m&amp#27;[38;5;-47m[AndroidUiautomator2Driver@f550]&amp#27;[0m socket hang up
&amp#27;[38;5;180m[5fc55eeb]&amp#27;[0m&amp#27;[38;5;-47m[AndroidUiautomator2Driver@f550]&amp#27;[0m [Instrumentation] 
&amp#27;[38;5;180m[5fc55eeb]&amp#27;[0m&amp#27;[38;5;-47m[AndroidUiautomator2Driver@f550]&amp#27;[0m Matched '/status' to command name 'getStatus'
&amp#27;[38;5;180m[5fc55eeb]&amp#27;[0m&amp#27;[38;5;-47m[AndroidUiautomator2Driver@f550]&amp#27;[0m Proxying [GET /status] to [GET http://127.0.0.1:8200/status] with no body
&amp#27;[38;5;180m[5fc55eeb]&amp#27;[0m&amp#27;[38;5;-47m[AndroidUiautomator2Driver@f550]&amp#27;[0m socket hang up
&amp#27;[38;5;180m[5fc55eeb]&amp#27;[0m&amp#27;[38;5;-47m[AndroidUiautomator2Driver@f550]&amp#27;[0m Matched '/status' to command name 'getStatus'
&amp#27;[38;5;180m[5fc55eeb]&amp#27;[0m&amp#27;[38;5;-47m[AndroidUiautomator2Driver@f550]&amp#27;[0m Proxying [GET /status] to [GET http://127.0.0.1:8200/status] with no body
&amp#27;[38;5;180m[5fc55eeb]&amp#27;[0m&amp#27;[38;5;-47m[AndroidUiautomator2Driver@f550]&amp#27;[0m socket hang up
&amp#27;[38;5;180m[5fc55eeb]&amp#27;[0m&amp#27;[38;5;-47m[AndroidUiautomator2Driver@f550]&amp#27;[0m Matched '/status' to command name 'getStatus'
&amp#27;[38;5;180m[5fc55eeb]&amp#27;[0m&amp#27;[38;5;-47m[AndroidUiautomator2Driver@f550]&amp#27;[0m Proxying [GET /status] to [GET http://127.0.0.1:8200/status] with no body
&amp#27;[38;5;180m[5fc55eeb]&amp#27;[0m&amp#27;[38;5;-47m[AndroidUiautomator2Driver@f550]&amp#27;[0m Got response with status 200: {"sessionId":"None","value":{"message":"UiAutomator2 Server is ready to accept commands","ready":true}}
&amp#27;[38;5;180m[5fc55eeb]&amp#27;[0m&amp#27;[38;5;-47m[AndroidUiautomator2Driver@f550]&amp#27;[0m The initialization of the instrumentation process took 4958ms
&amp#27;[38;5;180m[5fc55eeb]&amp#27;[0m&amp#27;[38;5;-47m[AndroidUiautomator2Driver@f550]&amp#27;[0m Matched '/session' to command name 'createSession'
&amp#27;[38;5;180m[5fc55eeb]&amp#27;[0m&amp#27;[38;5;-47m[AndroidUiautomator2Driver@f550]&amp#27;[0m Proxying [POST /session] to [POST http://127.0.0.1:8200/session] with body: {"capabilities":{"firstMatch":[{"platformName":"ANDROID","deviceName":"emulator-5554","automationName":"UIAutomator2","app":"C:\\Users\\User\\Desktop\\new\\FrameWork\\src\\test\\java\\resource\\General-Store.apk","platform":"LINUX","webStorageEnabled":false,"takesScreenshot":true,"javascriptEnabled":true,"databaseEnabled":false,"networkConnectionEnabled":true,"locationContextEnabled":false,"warnings":{},"desired":{"platformName":"ANDROID","deviceName":"sushmaemulator","automationName":"UIAutomator2","app":"C:\\Users\\User\\Desktop\\new\\FrameWork\\src\\test\\java\\resource\\General-Store.apk"},"deviceUDID":"emulator-5554","appPackage":"com.androidsample.generalstore"}],"alwaysMatch":{}}}
&amp#27;[38;5;180m[5fc55eeb]&amp#27;[0m&amp#27;[38;5;-47m[AndroidUiautomator2Driver@f550]&amp#27;[0m Got response with status 200: {"sessionId":"9000f4cc-fdb1-4152-8a97-ca6e878fe392","value":{"capabilities":{"firstMatch":[{"platformName":"ANDROID","deviceName":"emulator-5554","automationName":"UIAutomator2","app":"C:\\Users\\User\\Desktop\\new\\FrameWork\\src\\test\\java\\resource\\General-Store.apk","platform":"LINUX","webStorageEnabled":false,"takesScreenshot":true,"javascriptEnabled":true,"databaseEnabled":false,"networkConnectionEnabled":true,"locationContextEnabled":false,"warnings":{},"desired":{"platformName":"ANDROID","deviceName":"sushmaemulator","automationName":"UIAutomator2","app":"C:\\Users\\User\\Desktop\\new\\FrameWork\\src\\test\\java\\resource\\General-Store.apk"},"deviceUDID":"emulator-5554","appPackage":"com.androidsample.generalstore"}],"alwaysMatch":{}},"sessionId":"9000f4cc-fdb1-4152-8a97-ca6e878fe392"}}
&amp#27;[38;5;180m[5fc55eeb]&amp#27;[0m&amp#27;[38;5;-47m[AndroidUiautomator2Driver@f550]&amp#27;[0m Determined the downstream protocol as 'W3C'
&amp#27;[38;5;180m[5fc55eeb]&amp#27;[0m&amp#27;[38;5;-47m[AndroidUiautomator2Driver@f550]&amp#27;[0m Proxying [GET /appium/device/pixel_ratio] to [GET http://127.0.0.1:8200/session/9000f4cc-fdb1-4152-8a97-ca6e878fe392/appium/device/pixel_ratio] with no body
&amp#27;[38;5;180m[5fc55eeb]&amp#27;[0m&amp#27;[38;5;-47m[AndroidUiautomator2Driver@f550]&amp#27;[0m Matched '/appium/device/system_bars' to command name 'getSystemBars'
&amp#27;[38;5;180m[5fc55eeb]&amp#27;[0m&amp#27;[38;5;-47m[AndroidUiautomator2Driver@f550]&amp#27;[0m Proxying [GET /appium/device/system_bars] to [GET http://127.0.0.1:8200/session/9000f4cc-fdb1-4152-8a97-ca6e878fe392/appium/device/system_bars] with no body
&amp#27;[38;5;180m[5fc55eeb]&amp#27;[0m&amp#27;[38;5;-47m[AndroidUiautomator2Driver@f550]&amp#27;[0m Matched '/window/current/size' to command name 'getWindowSize'
&amp#27;[38;5;180m[5fc55eeb]&amp#27;[0m&amp#27;[38;5;-47m[AndroidUiautomator2Driver@f550]&amp#27;[0m Proxying [GET /window/current/size] to [GET http://127.0.0.1:8200/session/9000f4cc-fdb1-4152-8a97-ca6e878fe392/window/current/size] with no body
&amp#27;[38;5;180m[5fc55eeb]&amp#27;[0m&amp#27;[38;5;-47m[AndroidUiautomator2Driver@f550]&amp#27;[0m Proxying [GET /appium/device/info] to [GET http://127.0.0.1:8200/session/9000f4cc-fdb1-4152-8a97-ca6e878fe392/appium/device/info] with no body
&amp#27;[38;5;180m[5fc55eeb]&amp#27;[0m&amp#27;[38;5;229m[ADB]&amp#27;[0m Running 'C:\Users\User\AppData\Local\Android\Sdk\platform-tools\adb.exe -P 5037 -s emulator-5554 shell dumpsys window'
&amp#27;[38;5;180m[5fc55eeb]&amp#27;[0m&amp#27;[38;5;229m[ADB]&amp#27;[0m Running 'C:\Users\User\AppData\Local\Android\Sdk\platform-tools\adb.exe -P 5037 -s emulator-5554 shell dumpsys power'
&amp#27;[38;5;180m[5fc55eeb]&amp#27;[0m&amp#27;[38;5;-47m[AndroidUiautomator2Driver@f550]&amp#27;[0m Got response with status 200: {"sessionId":"9000f4cc-fdb1-4152-8a97-ca6e878fe392","value":2.75}
&amp#27;[38;5;180m[5fc55eeb]&amp#27;[0m&amp#27;[38;5;-47m[AndroidUiautomator2Driver@f550]&amp#27;[0m Got response with status 200: {"sessionId":"9000f4cc-fdb1-4152-8a97-ca6e878fe392","value":{"height":2220,"width":1080}}
&amp#27;[38;5;180m[5fc55eeb]&amp#27;[0m&amp#27;[38;5;-47m[AndroidUiautomator2Driver@f550]&amp#27;[0m Got response with status 200: {"sessionId":"9000f4cc-fdb1-4152-8a97-ca6e878fe392","value":{"statusBar":66}}
&amp#27;[38;5;180m[5fc55eeb]&amp#27;[0m&amp#27;[38;5;-47m[AndroidUiautomator2Driver@f550]&amp#27;[0m Got response with status 200: {"sessionId":"9000f4cc-fdb1-4152-8a97-ca6e878fe392","value":{"androidId":"df1d305ad1dff751","apiVersion":"35","bluetooth":{"state":"OFF"},"brand":"google","carrierName":"T-Mobile","displayDensity":440,"locale":"en_US","manufacturer":"Google","model":"sdk_gphone64_x86_64","networks":[{"capabilities":{"SSID":null,"linkDownBandwidthKbps":30000,"linkUpstreamBandwidthKbps":12000,"networkCapabilities":"NET_CAPABILITY_NOT_METERED,NET_CAPABILITY_INTERNET,NET_CAPABILITY_NOT_RESTRICTED,NET_CAPABILITY_TRUSTED,NET_CAPABILITY_NOT_VPN,NET_CAPABILITY_VALIDATED,NET_CAPABILITY_NOT_ROAMING,NET_CAPABILITY_FOREGROUND,NET_CAPABILITY_NOT_CONGESTED,NET_CAPABILITY_NOT_SUSPENDED","signalStrength":-50,"transportTypes":"TRANSPORT_WIFI"},"detailedState":"CONNECTED","extraInfo":"","isAvailable":true,"isConnected":true,"isFailover":false,"isRoaming":false,"state":"CONNECTED","subtype":-1,"subtypeName":"","type":1,"typeName":"WIFI"},{"capabilities":{"SSID":null,"linkDownBandwidthKbps":4300,"linkUpstreamBandwidthKbps":1800,"networkCapabi...
&amp#27;[38;5;180m[5fc55eeb]&amp#27;[0m&amp#27;[38;5;-47m[AndroidUiautomator2Driver@f550]&amp#27;[0m Screen already unlocked, doing nothing
&amp#27;[38;5;180m[5fc55eeb]&amp#27;[0m&amp#27;[38;5;-47m[AndroidUiautomator2Driver@f550]&amp#27;[0m Starting 'com.androidsample.generalstore/com.androidsample.generalstore.SplashActivity and waiting for 'com.androidsample.generalstore/com.androidsample.generalstore.SplashActivity'
&amp#27;[38;5;180m[5fc55eeb]&amp#27;[0m&amp#27;[38;5;229m[ADB]&amp#27;[0m Running 'C:\Users\User\AppData\Local\Android\Sdk\platform-tools\adb.exe -P 5037 -s emulator-5554 shell am start -W -n com.androidsample.generalstore/com.androidsample.generalstore.SplashActivity -S -a android.intent.action.MAIN -c android.intent.category.LAUNCHER -f 0x10200000'
&amp#27;[38;5;180m[5fc55eeb]&amp#27;[0m&amp#27;[38;5;229m[ADB]&amp#27;[0m Waiting up to 20000ms for activity matching pkg: 'com.androidsample.generalstore' and activity: 'com.androidsample.generalstore.SplashActivity' to be focused
&amp#27;[38;5;180m[5fc55eeb]&amp#27;[0m&amp#27;[38;5;229m[ADB]&amp#27;[0m Possible activities, to be checked: 'com.androidsample.generalstore.SplashActivity', 'com.androidsample.generalstore.com.androidsample.generalstore.SplashActivity'
&amp#27;[38;5;180m[5fc55eeb]&amp#27;[0m&amp#27;[38;5;229m[ADB]&amp#27;[0m Getting focused package and activity
&amp#27;[38;5;180m[5fc55eeb]&amp#27;[0m&amp#27;[38;5;229m[ADB]&amp#27;[0m Running 'C:\Users\User\AppData\Local\Android\Sdk\platform-tools\adb.exe -P 5037 -s emulator-5554 shell dumpsys window displays'
&amp#27;[38;5;180m[5fc55eeb]&amp#27;[0m&amp#27;[38;5;229m[ADB]&amp#27;[0m Found package: 'com.androidsample.generalstore' and fully qualified activity name : 'com.androidsample.generalstore.SplashActivity'
&amp#27;[38;5;180m[5fc55eeb]&amp#27;[0m&amp#27;[38;5;127m[AppiumDriver@f8dc]&amp#27;[0m New AndroidUiautomator2Driver session created successfully, session 5fc55eeb-8c30-496a-8da7-c334a2a4c96e added to master session list
&amp#27;[38;5;180m[5fc55eeb]&amp#27;[0m&amp#27;[38;5;127m[AppiumDriver@f8dc]&amp#27;[0m Event 'newSessionStarted' logged at 1728467727429 (15:25:27 GMT+0530 (India Standard Time))
&amp#27;[38;5;180m[5fc55eeb]&amp#27;[0m&amp#27;[38;5;-47m[AndroidUiautomator2Driver@f550]&amp#27;[0m Cached the protocol value 'W3C' for the new session 5fc55eeb-8c30-496a-8da7-c334a2a4c96e
&amp#27;[38;5;180m[5fc55eeb]&amp#27;[0m&amp#27;[38;5;-47m[AndroidUiautomator2Driver@f550]&amp#27;[0m Responding to client with driver.createSession() result: {"capabilities":{"platformName":"ANDROID","deviceName":"emulator-5554","automationName":"UIAutomator2","app":"C:\\Users\\User\\Desktop\\new\\FrameWork\\src\\test\\java\\resource\\General-Store.apk","platform":"LINUX","webStorageEnabled":false,"takesScreenshot":true,"javascriptEnabled":true,"databaseEnabled":false,"networkConnectionEnabled":true,"locationContextEnabled":false,"warnings":{},"desired":{"platformName":"ANDROID","deviceName":"sushmaemulator","automationName":"UIAutomator2","app":"C:\\Users\\User\\Desktop\\new\\FrameWork\\src\\test\\java\\resource\\General-Store.apk"},"deviceUDID":"emulator-5554","appPackage":"com.androidsample.generalstore","pixelRatio":"2.75","statBarHeight":66,"viewportRect":{"left":0,"top":66,"width":1080,"height":2154},"deviceApiLevel":35,"platformVersion":"15","deviceManufacturer":"Google","deviceModel":"sdk_gphone64_x86_64","deviceScreenSize":"1080x2220","deviceScreenDensity":440}}
&amp#27;[38;5;180m[5fc55eeb]&amp#27;[0m&amp#27;[38;5;86m[HTTP]&amp#27;[0m &amp#27;[37m<-- POST /session &amp#27;[39m&amp#27;[32m200&amp#27;[39m &amp#27;[90m9239 ms - 990&amp#27;[39m &amp#27;[90m&amp#27;[39m
&amp#27;[38;5;180m[5fc55eeb]&amp#27;[0m&amp#27;[38;5;86m[HTTP]&amp#27;[0m &amp#27;[37m-->&amp#27;[39m &amp#27;[37mPOST&amp#27;[39m &amp#27;[37m/session/5fc55eeb-8c30-496a-8da7-c334a2a4c96e/timeouts&amp#27;[39m &amp#27;[90m{"implicit":10000}&amp#27;[39m
&amp#27;[38;5;180m[5fc55eeb]&amp#27;[0m&amp#27;[38;5;-47m[AndroidUiautomator2Driver@f550]&amp#27;[0m Calling AppiumDriver.timeouts() with args: [null,null,null,null,10000,"5fc55eeb-8c30-496a-8da7-c334a2a4c96e"]
&amp#27;[38;5;180m[5fc55eeb]&amp#27;[0m&amp#27;[38;5;-47m[AndroidUiautomator2Driver@f550]&amp#27;[0m W3C timeout argument: {"implicit":10000}}
&amp#27;[38;5;180m[5fc55eeb]&amp#27;[0m&amp#27;[38;5;-47m[AndroidUiautomator2Driver@f550]&amp#27;[0m Set implicit wait to 10000ms
&amp#27;[38;5;180m[5fc55eeb]&amp#27;[0m&amp#27;[38;5;-47m[AndroidUiautomator2Driver@f550]&amp#27;[0m Responding to client with driver.timeouts() result: null
&amp#27;[38;5;180m[5fc55eeb]&amp#27;[0m&amp#27;[38;5;86m[HTTP]&amp#27;[0m &amp#27;[37m<-- POST /session/5fc55eeb-8c30-496a-8da7-c334a2a4c96e/timeouts &amp#27;[39m&amp#27;[32m200&amp#27;[39m &amp#27;[90m8 ms - 14&amp#27;[39m &amp#27;[90m&amp#27;[39m
&amp#27;[38;5;180m[5fc55eeb]&amp#27;[0m&amp#27;[38;5;86m[HTTP]&amp#27;[0m &amp#27;[37m-->&amp#27;[39m &amp#27;[37mGET&amp#27;[39m &amp#27;[37m/session/5fc55eeb-8c30-496a-8da7-c334a2a4c96e/context&amp#27;[39m &amp#27;[90m{}&amp#27;[39m
&amp#27;[38;5;180m[5fc55eeb]&amp#27;[0m&amp#27;[38;5;-47m[AndroidUiautomator2Driver@f550]&amp#27;[0m Calling AppiumDriver.getCurrentContext() with args: ["5fc55eeb-8c30-496a-8da7-c334a2a4c96e"]
&amp#27;[38;5;180m[5fc55eeb]&amp#27;[0m&amp#27;[38;5;-47m[AndroidUiautomator2Driver@f550]&amp#27;[0m Responding to client with driver.getCurrentContext() result: "NATIVE_APP"
&amp#27;[38;5;180m[5fc55eeb]&amp#27;[0m&amp#27;[38;5;86m[HTTP]&amp#27;[0m &amp#27;[37m<-- GET /session/5fc55eeb-8c30-496a-8da7-c334a2a4c96e/context &amp#27;[39m&amp#27;[32m200&amp#27;[39m &amp#27;[90m6 ms - 22&amp#27;[39m &amp#27;[90m&amp#27;[39m
&amp#27;[38;5;180m[5fc55eeb]&amp#27;[0m&amp#27;[38;5;86m[HTTP]&amp#27;[0m &amp#27;[37m-->&amp#27;[39m &amp#27;[37mPOST&amp#27;[39m &amp#27;[37m/session/5fc55eeb-8c30-496a-8da7-c334a2a4c96e/element&amp#27;[39m &amp#27;[90m{"using":"id","value":"com.androidsample.generalstore:id/nameField"}&amp#27;[39m
&amp#27;[38;5;180m[5fc55eeb]&amp#27;[0m&amp#27;[38;5;-47m[AndroidUiautomator2Driver@f550]&amp#27;[0m Calling AppiumDriver.findElement() with args: ["id","com.androidsample.generalstore:id/nameField","5fc55eeb-8c30-496a-8da7-c334a2a4c96e"]
&amp#27;[38;5;180m[5fc55eeb]&amp#27;[0m&amp#27;[38;5;-47m[AndroidUiautomator2Driver@f550]&amp#27;[0m Valid locator strategies for this request: xpath, id, class name, accessibility id, css selector, -android uiautomator
&amp#27;[38;5;180m[5fc55eeb]&amp#27;[0m&amp#27;[38;5;-47m[AndroidUiautomator2Driver@f550]&amp#27;[0m Waiting up to 10000 ms for condition
&amp#27;[38;5;180m[5fc55eeb]&amp#27;[0m&amp#27;[38;5;-47m[AndroidUiautomator2Driver@f550]&amp#27;[0m Matched '/element' to command name 'findElement'
&amp#27;[38;5;180m[5fc55eeb]&amp#27;[0m&amp#27;[38;5;-47m[AndroidUiautomator2Driver@f550]&amp#27;[0m Proxying [POST /element] to [POST http://127.0.0.1:8200/session/9000f4cc-fdb1-4152-8a97-ca6e878fe392/element] with body: {"strategy":"id","selector":"com.androidsample.generalstore:id/nameField","context":"","multiple":false}
&amp#27;[38;5;180m[5fc55eeb]&amp#27;[0m&amp#27;[38;5;-47m[AndroidUiautomator2Driver@f550]&amp#27;[0m Got response with status 404: {"sessionId":"9000f4cc-fdb1-4152-8a97-ca6e878fe392","value":{"error":"no such element","message":"An element could not be located on the page using the given search parameters","stacktrace":"io.appium.uiautomator2.common.exceptions.ElementNotFoundException: An element could not be located on the page using the given search parameters\n\tat io.appium.uiautomator2.handler.FindElement.safeHandle(FindElement.java:63)\n\tat io.appium.uiautomator2.handler.request.SafeRequestHandler.handle(SafeRequestHandler.java:59)\n\tat io.appium.uiautomator2.server.AppiumServlet.handleRequest(AppiumServlet.java:259)\n\tat io.appium.uiautomator2.server.AppiumServlet.handleHttpRequest(AppiumServlet.java:253)\n\tat io.appium.uiautomator2.http.ServerHandler.channelRead(ServerHandler.java:77)\n\tat io.netty.channel.AbstractChannelHandlerContext.invokeChannelRead(AbstractChannelHandlerContext.java:366)\n\tat io.netty.channel.AbstractChannelHandlerContext.invokeChannelRead(AbstractChannelHandlerContext.java:352)\n\tat io.netty.chann...
&amp#27;[38;5;180m[5fc55eeb]&amp#27;[0m&amp#27;[38;5;123m[W3C]&amp#27;[0m Matched W3C error code 'no such element' to NoSuchElementError
&amp#27;[38;5;180m[5fc55eeb]&amp#27;[0m&amp#27;[38;5;-47m[AndroidUiautomator2Driver@f550]&amp#27;[0m Waited for 71 ms so far
&amp#27;[38;5;180m[5fc55eeb]&amp#27;[0m&amp#27;[38;5;-47m[AndroidUiautomator2Driver@f550]&amp#27;[0m Matched '/element' to command name 'findElement'
&amp#27;[38;5;180m[5fc55eeb]&amp#27;[0m&amp#27;[38;5;-47m[AndroidUiautomator2Driver@f550]&amp#27;[0m Proxying [POST /element] to [POST http://127.0.0.1:8200/session/9000f4cc-fdb1-4152-8a97-ca6e878fe392/element] with body: {"strategy":"id","selector":"com.androidsample.generalstore:id/nameField","context":"","multiple":false}
&amp#27;[38;5;180m[5fc55eeb]&amp#27;[0m&amp#27;[38;5;-47m[AndroidUiautomator2Driver@f550]&amp#27;[0m Got response with status 404: {"sessionId":"9000f4cc-fdb1-4152-8a97-ca6e878fe392","value":{"error":"no such element","message":"An element could not be located on the page using the given search parameters","stacktrace":"io.appium.uiautomator2.common.exceptions.ElementNotFoundException: An element could not be located on the page using the given search parameters\n\tat io.appium.uiautomator2.handler.FindElement.safeHandle(FindElement.java:63)\n\tat io.appium.uiautomator2.handler.request.SafeRequestHandler.handle(SafeRequestHandler.java:59)\n\tat io.appium.uiautomator2.server.AppiumServlet.handleRequest(AppiumServlet.java:259)\n\tat io.appium.uiautomator2.server.AppiumServlet.handleHttpRequest(AppiumServlet.java:253)\n\tat io.appium.uiautomator2.http.ServerHandler.channelRead(ServerHandler.java:77)\n\tat io.netty.channel.AbstractChannelHandlerContext.invokeChannelRead(AbstractChannelHandlerContext.java:366)\n\tat io.netty.channel.AbstractChannelHandlerContext.invokeChannelRead(AbstractChannelHandlerContext.java:352)\n\tat io.netty.chann...
&amp#27;[38;5;180m[5fc55eeb]&amp#27;[0m&amp#27;[38;5;123m[W3C]&amp#27;[0m Matched W3C error code 'no such element' to NoSuchElementError
&amp#27;[38;5;180m[5fc55eeb]&amp#27;[0m&amp#27;[38;5;-47m[AndroidUiautomator2Driver@f550]&amp#27;[0m Waited for 638 ms so far
&amp#27;[38;5;180m[5fc55eeb]&amp#27;[0m&amp#27;[38;5;-47m[AndroidUiautomator2Driver@f550]&amp#27;[0m Matched '/element' to command name 'findElement'
&amp#27;[38;5;180m[5fc55eeb]&amp#27;[0m&amp#27;[38;5;-47m[AndroidUiautomator2Driver@f550]&amp#27;[0m Proxying [POST /element] to [POST http://127.0.0.1:8200/session/9000f4cc-fdb1-4152-8a97-ca6e878fe392/element] with body: {"strategy":"id","selector":"com.androidsample.generalstore:id/nameField","context":"","multiple":false}
&amp#27;[38;5;180m[5fc55eeb]&amp#27;[0m&amp#27;[38;5;-47m[AndroidUiautomator2Driver@f550]&amp#27;[0m Got response with status 404: {"sessionId":"9000f4cc-fdb1-4152-8a97-ca6e878fe392","value":{"error":"no such element","message":"An element could not be located on the page using the given search parameters","stacktrace":"io.appium.uiautomator2.common.exceptions.ElementNotFoundException: An element could not be located on the page using the given search parameters\n\tat io.appium.uiautomator2.handler.FindElement.safeHandle(FindElement.java:63)\n\tat io.appium.uiautomator2.handler.request.SafeRequestHandler.handle(SafeRequestHandler.java:59)\n\tat io.appium.uiautomator2.server.AppiumServlet.handleRequest(AppiumServlet.java:259)\n\tat io.appium.uiautomator2.server.AppiumServlet.handleHttpRequest(AppiumServlet.java:253)\n\tat io.appium.uiautomator2.http.ServerHandler.channelRead(ServerHandler.java:77)\n\tat io.netty.channel.AbstractChannelHandlerContext.invokeChannelRead(AbstractChannelHandlerContext.java:366)\n\tat io.netty.channel.AbstractChannelHandlerContext.invokeChannelRead(AbstractChannelHandlerContext.java:352)\n\tat io.netty.chann...
&amp#27;[38;5;180m[5fc55eeb]&amp#27;[0m&amp#27;[38;5;123m[W3C]&amp#27;[0m Matched W3C error code 'no such element' to NoSuchElementError
&amp#27;[38;5;180m[5fc55eeb]&amp#27;[0m&amp#27;[38;5;-47m[AndroidUiautomator2Driver@f550]&amp#27;[0m Waited for 1187 ms so far
&amp#27;[38;5;180m[5fc55eeb]&amp#27;[0m&amp#27;[38;5;-47m[AndroidUiautomator2Driver@f550]&amp#27;[0m Matched '/element' to command name 'findElement'
&amp#27;[38;5;180m[5fc55eeb]&amp#27;[0m&amp#27;[38;5;-47m[AndroidUiautomator2Driver@f550]&amp#27;[0m Proxying [POST /element] to [POST http://127.0.0.1:8200/session/9000f4cc-fdb1-4152-8a97-ca6e878fe392/element] with body: {"strategy":"id","selector":"com.androidsample.generalstore:id/nameField","context":"","multiple":false}
&amp#27;[38;5;180m[5fc55eeb]&amp#27;[0m&amp#27;[38;5;-47m[AndroidUiautomator2Driver@f550]&amp#27;[0m Got response with status 404: {"sessionId":"9000f4cc-fdb1-4152-8a97-ca6e878fe392","value":{"error":"no such element","message":"An element could not be located on the page using the given search parameters","stacktrace":"io.appium.uiautomator2.common.exceptions.ElementNotFoundException: An element could not be located on the page using the given search parameters\n\tat io.appium.uiautomator2.handler.FindElement.safeHandle(FindElement.java:63)\n\tat io.appium.uiautomator2.handler.request.SafeRequestHandler.handle(SafeRequestHandler.java:59)\n\tat io.appium.uiautomator2.server.AppiumServlet.handleRequest(AppiumServlet.java:259)\n\tat io.appium.uiautomator2.server.AppiumServlet.handleHttpRequest(AppiumServlet.java:253)\n\tat io.appium.uiautomator2.http.ServerHandler.channelRead(ServerHandler.java:77)\n\tat io.netty.channel.AbstractChannelHandlerContext.invokeChannelRead(AbstractChannelHandlerContext.java:366)\n\tat io.netty.channel.AbstractChannelHandlerContext.invokeChannelRead(AbstractChannelHandlerContext.java:352)\n\tat io.netty.chann...
&amp#27;[38;5;180m[5fc55eeb]&amp#27;[0m&amp#27;[38;5;123m[W3C]&amp#27;[0m Matched W3C error code 'no such element' to NoSuchElementError
&amp#27;[38;5;180m[5fc55eeb]&amp#27;[0m&amp#27;[38;5;-47m[AndroidUiautomator2Driver@f550]&amp#27;[0m Waited for 2255 ms so far
&amp#27;[38;5;180m[5fc55eeb]&amp#27;[0m&amp#27;[38;5;-47m[AndroidUiautomator2Driver@f550]&amp#27;[0m Matched '/element' to command name 'findElement'
&amp#27;[38;5;180m[5fc55eeb]&amp#27;[0m&amp#27;[38;5;-47m[AndroidUiautomator2Driver@f550]&amp#27;[0m Proxying [POST /element] to [POST http://127.0.0.1:8200/session/9000f4cc-fdb1-4152-8a97-ca6e878fe392/element] with body: {"strategy":"id","selector":"com.androidsample.generalstore:id/nameField","context":"","multiple":false}
&amp#27;[38;5;180m[5fc55eeb]&amp#27;[0m&amp#27;[38;5;-47m[AndroidUiautomator2Driver@f550]&amp#27;[0m Got response with status 200: {"sessionId":"9000f4cc-fdb1-4152-8a97-ca6e878fe392","value":{"ELEMENT":"00000000-0000-0097-ffff-ffff0000001c","element-6066-11e4-a52e-4f735466cecf":"00000000-0000-0097-ffff-ffff0000001c"}}
&amp#27;[38;5;180m[5fc55eeb]&amp#27;[0m&amp#27;[38;5;-47m[AndroidUiautomator2Driver@f550]&amp#27;[0m Responding to client with driver.findElement() result: {"element-6066-11e4-a52e-4f735466cecf":"00000000-0000-0097-ffff-ffff0000001c","ELEMENT":"00000000-0000-0097-ffff-ffff0000001c"}
&amp#27;[38;5;180m[5fc55eeb]&amp#27;[0m&amp#27;[38;5;86m[HTTP]&amp#27;[0m &amp#27;[37m<-- POST /session/5fc55eeb-8c30-496a-8da7-c334a2a4c96e/element &amp#27;[39m&amp#27;[32m200&amp#27;[39m &amp#27;[90m3808 ms - 137&amp#27;[39m &amp#27;[90m&amp#27;[39m
&amp#27;[38;5;180m[5fc55eeb]&amp#27;[0m&amp#27;[38;5;86m[HTTP]&amp#27;[0m &amp#27;[37m-->&amp#27;[39m &amp#27;[37mPOST&amp#27;[39m &amp#27;[37m/session/5fc55eeb-8c30-496a-8da7-c334a2a4c96e/element/00000000-0000-0097-ffff-ffff0000001c/value&amp#27;[39m &amp#27;[90m{"value":["s","u","s","h","m","a"],"text":"sushma","id":"00000000-0000-0097-ffff-ffff0000001c"}&amp#27;[39m
&amp#27;[38;5;180m[5fc55eeb]&amp#27;[0m&amp#27;[38;5;-47m[AndroidUiautomator2Driver@f550]&amp#27;[0m Calling AppiumDriver.setValue() with args: [["s","u","s","h","m","a"],"00000000-0000-0097-ffff-ffff0000001c","5fc55eeb-8c30-496a-8da7-c334a2a4c96e"]
&amp#27;[38;5;180m[5fc55eeb]&amp#27;[0m&amp#27;[38;5;-47m[AndroidUiautomator2Driver@f550]&amp#27;[0m Matched '/element/00000000-0000-0097-ffff-ffff0000001c/value' to command name 'setValue'
&amp#27;[38;5;180m[5fc55eeb]&amp#27;[0m&amp#27;[38;5;-47m[AndroidUiautomator2Driver@f550]&amp#27;[0m Added 'value' property ["s","u","s","h","m","a"] to 'setValue' request body
&amp#27;[38;5;180m[5fc55eeb]&amp#27;[0m&amp#27;[38;5;-47m[AndroidUiautomator2Driver@f550]&amp#27;[0m Proxying [POST /element/00000000-0000-0097-ffff-ffff0000001c/value] to [POST http://127.0.0.1:8200/session/9000f4cc-fdb1-4152-8a97-ca6e878fe392/element/00000000-0000-0097-ffff-ffff0000001c/value] with body: {"elementId":"00000000-0000-0097-ffff-ffff0000001c","text":"sushma","replace":false,"value":["s","u","s","h","m","a"]}
&amp#27;[38;5;180m[5fc55eeb]&amp#27;[0m&amp#27;[38;5;-47m[AndroidUiautomator2Driver@f550]&amp#27;[0m Got response with status 200: {"sessionId":"9000f4cc-fdb1-4152-8a97-ca6e878fe392","value":null}
&amp#27;[38;5;180m[5fc55eeb]&amp#27;[0m&amp#27;[38;5;-47m[AndroidUiautomator2Driver@f550]&amp#27;[0m Responding to client with driver.setValue() result: null
&amp#27;[38;5;180m[5fc55eeb]&amp#27;[0m&amp#27;[38;5;86m[HTTP]&amp#27;[0m &amp#27;[37m<-- POST /session/5fc55eeb-8c30-496a-8da7-c334a2a4c96e/element/00000000-0000-0097-ffff-ffff0000001c/value &amp#27;[39m&amp#27;[32m200&amp#27;[39m &amp#27;[90m173 ms - 14&amp#27;[39m &amp#27;[90m&amp#27;[39m
&amp#27;[38;5;180m[5fc55eeb]&amp#27;[0m&amp#27;[38;5;86m[HTTP]&amp#27;[0m &amp#27;[37m-->&amp#27;[39m &amp#27;[37mPOST&amp#27;[39m &amp#27;[37m/session/5fc55eeb-8c30-496a-8da7-c334a2a4c96e/execute/sync&amp#27;[39m &amp#27;[90m{"script":"mobile: hideKeyboard","args":[]}&amp#27;[39m
&amp#27;[38;5;180m[5fc55eeb]&amp#27;[0m&amp#27;[38;5;-47m[AndroidUiautomator2Driver@f550]&amp#27;[0m Calling AppiumDriver.execute() with args: ["mobile: hideKeyboard",[],"5fc55eeb-8c30-496a-8da7-c334a2a4c96e"]
&amp#27;[38;5;180m[5fc55eeb]&amp#27;[0m&amp#27;[38;5;-47m[AndroidUiautomator2Driver@f550]&amp#27;[0m Executing native command 'mobile: hideKeyboard'
&amp#27;[38;5;180m[5fc55eeb]&amp#27;[0m&amp#27;[38;5;229m[ADB]&amp#27;[0m Running 'C:\Users\User\AppData\Local\Android\Sdk\platform-tools\adb.exe -P 5037 -s emulator-5554 shell dumpsys input_method'
&amp#27;[38;5;180m[5fc55eeb]&amp#27;[0m&amp#27;[38;5;229m[ADB]&amp#27;[0m Keyboard has no UI; no closing necessary
&amp#27;[38;5;180m[5fc55eeb]&amp#27;[0m&amp#27;[38;5;-47m[AndroidUiautomator2Driver@f550]&amp#27;[0m Responding to client with driver.execute() result: false
&amp#27;[38;5;180m[5fc55eeb]&amp#27;[0m&amp#27;[38;5;86m[HTTP]&amp#27;[0m &amp#27;[37m<-- POST /session/5fc55eeb-8c30-496a-8da7-c334a2a4c96e/execute/sync &amp#27;[39m&amp#27;[32m200&amp#27;[39m &amp#27;[90m422 ms - 15&amp#27;[39m &amp#27;[90m&amp#27;[39m
&amp#27;[38;5;180m[5fc55eeb]&amp#27;[0m&amp#27;[38;5;86m[HTTP]&amp#27;[0m &amp#27;[37m-->&amp#27;[39m &amp#27;[37mGET&amp#27;[39m &amp#27;[37m/session/5fc55eeb-8c30-496a-8da7-c334a2a4c96e/context&amp#27;[39m &amp#27;[90m{}&amp#27;[39m
&amp#27;[38;5;180m[5fc55eeb]&amp#27;[0m&amp#27;[38;5;-47m[AndroidUiautomator2Driver@f550]&amp#27;[0m Calling AppiumDriver.getCurrentContext() with args: ["5fc55eeb-8c30-496a-8da7-c334a2a4c96e"]
&amp#27;[38;5;180m[5fc55eeb]&amp#27;[0m&amp#27;[38;5;-47m[AndroidUiautomator2Driver@f550]&amp#27;[0m Responding to client with driver.getCurrentContext() result: "NATIVE_APP"
&amp#27;[38;5;180m[5fc55eeb]&amp#27;[0m&amp#27;[38;5;86m[HTTP]&amp#27;[0m &amp#27;[37m<-- GET /session/5fc55eeb-8c30-496a-8da7-c334a2a4c96e/context &amp#27;[39m&amp#27;[32m200&amp#27;[39m &amp#27;[90m2 ms - 22&amp#27;[39m &amp#27;[90m&amp#27;[39m
&amp#27;[38;5;180m[5fc55eeb]&amp#27;[0m&amp#27;[38;5;86m[HTTP]&amp#27;[0m &amp#27;[37m-->&amp#27;[39m &amp#27;[37mPOST&amp#27;[39m &amp#27;[37m/session/5fc55eeb-8c30-496a-8da7-c334a2a4c96e/element&amp#27;[39m &amp#27;[90m{"using":"xpath","value":"//android.widget.RadioButton[@text='Female']"}&amp#27;[39m
&amp#27;[38;5;180m[5fc55eeb]&amp#27;[0m&amp#27;[38;5;-47m[AndroidUiautomator2Driver@f550]&amp#27;[0m Calling AppiumDriver.findElement() with args: ["xpath","//android.widget.RadioButton[@text='Female']","5fc55eeb-8c30-496a-8da7-c334a2a4c96e"]
&amp#27;[38;5;180m[5fc55eeb]&amp#27;[0m&amp#27;[38;5;-47m[AndroidUiautomator2Driver@f550]&amp#27;[0m Valid locator strategies for this request: xpath, id, class name, accessibility id, css selector, -android uiautomator
&amp#27;[38;5;180m[5fc55eeb]&amp#27;[0m&amp#27;[38;5;-47m[AndroidUiautomator2Driver@f550]&amp#27;[0m Waiting up to 10000 ms for condition
&amp#27;[38;5;180m[5fc55eeb]&amp#27;[0m&amp#27;[38;5;-47m[AndroidUiautomator2Driver@f550]&amp#27;[0m Matched '/element' to command name 'findElement'
&amp#27;[38;5;180m[5fc55eeb]&amp#27;[0m&amp#27;[38;5;-47m[AndroidUiautomator2Driver@f550]&amp#27;[0m Proxying [POST /element] to [POST http://127.0.0.1:8200/session/9000f4cc-fdb1-4152-8a97-ca6e878fe392/element] with body: {"strategy":"xpath","selector":"//android.widget.RadioButton[@text='Female']","context":"","multiple":false}
&amp#27;[38;5;180m[5fc55eeb]&amp#27;[0m&amp#27;[38;5;-47m[AndroidUiautomator2Driver@f550]&amp#27;[0m Got response with status 200: {"sessionId":"9000f4cc-fdb1-4152-8a97-ca6e878fe392","value":{"ELEMENT":"00000000-0000-0097-ffff-ffff00000020","element-6066-11e4-a52e-4f735466cecf":"00000000-0000-0097-ffff-ffff00000020"}}
&amp#27;[38;5;180m[5fc55eeb]&amp#27;[0m&amp#27;[38;5;-47m[AndroidUiautomator2Driver@f550]&amp#27;[0m Responding to client with driver.findElement() result: {"element-6066-11e4-a52e-4f735466cecf":"00000000-0000-0097-ffff-ffff00000020","ELEMENT":"00000000-0000-0097-ffff-ffff00000020"}
&amp#27;[38;5;180m[5fc55eeb]&amp#27;[0m&amp#27;[38;5;86m[HTTP]&amp#27;[0m &amp#27;[37m<-- POST /session/5fc55eeb-8c30-496a-8da7-c334a2a4c96e/element &amp#27;[39m&amp#27;[32m200&amp#27;[39m &amp#27;[90m2162 ms - 137&amp#27;[39m &amp#27;[90m&amp#27;[39m
&amp#27;[38;5;180m[5fc55eeb]&amp#27;[0m&amp#27;[38;5;86m[HTTP]&amp#27;[0m &amp#27;[37m-->&amp#27;[39m &amp#27;[37mPOST&amp#27;[39m &amp#27;[37m/session/5fc55eeb-8c30-496a-8da7-c334a2a4c96e/element/00000000-0000-0097-ffff-ffff00000020/click&amp#27;[39m &amp#27;[90m{"id":"00000000-0000-0097-ffff-ffff00000020"}&amp#27;[39m
&amp#27;[38;5;180m[5fc55eeb]&amp#27;[0m&amp#27;[38;5;-47m[AndroidUiautomator2Driver@f550]&amp#27;[0m Calling AppiumDriver.click() with args: ["00000000-0000-0097-ffff-ffff00000020","5fc55eeb-8c30-496a-8da7-c334a2a4c96e"]
&amp#27;[38;5;180m[5fc55eeb]&amp#27;[0m&amp#27;[38;5;-47m[AndroidUiautomator2Driver@f550]&amp#27;[0m Matched '/element/00000000-0000-0097-ffff-ffff00000020/click' to command name 'click'
&amp#27;[38;5;180m[5fc55eeb]&amp#27;[0m&amp#27;[38;5;-47m[AndroidUiautomator2Driver@f550]&amp#27;[0m Proxying [POST /element/00000000-0000-0097-ffff-ffff00000020/click] to [POST http://127.0.0.1:8200/session/9000f4cc-fdb1-4152-8a97-ca6e878fe392/element/00000000-0000-0097-ffff-ffff00000020/click] with body: {"element":"00000000-0000-0097-ffff-ffff00000020"}
&amp#27;[38;5;180m[5fc55eeb]&amp#27;[0m&amp#27;[38;5;-47m[AndroidUiautomator2Driver@f550]&amp#27;[0m Got response with status 200: {"sessionId":"9000f4cc-fdb1-4152-8a97-ca6e878fe392","value":null}
&amp#27;[38;5;180m[5fc55eeb]&amp#27;[0m&amp#27;[38;5;-47m[AndroidUiautomator2Driver@f550]&amp#27;[0m Responding to client with driver.click() result: null
&amp#27;[38;5;180m[5fc55eeb]&amp#27;[0m&amp#27;[38;5;86m[HTTP]&amp#27;[0m &amp#27;[37m<-- POST /session/5fc55eeb-8c30-496a-8da7-c334a2a4c96e/element/00000000-0000-0097-ffff-ffff00000020/click &amp#27;[39m&amp#27;[32m200&amp#27;[39m &amp#27;[90m139 ms - 14&amp#27;[39m &amp#27;[90m&amp#27;[39m
&amp#27;[38;5;180m[5fc55eeb]&amp#27;[0m&amp#27;[38;5;86m[HTTP]&amp#27;[0m &amp#27;[37m-->&amp#27;[39m &amp#27;[37mGET&amp#27;[39m &amp#27;[37m/session/5fc55eeb-8c30-496a-8da7-c334a2a4c96e/context&amp#27;[39m &amp#27;[90m{}&amp#27;[39m
&amp#27;[38;5;180m[5fc55eeb]&amp#27;[0m&amp#27;[38;5;-47m[AndroidUiautomator2Driver@f550]&amp#27;[0m Calling AppiumDriver.getCurrentContext() with args: ["5fc55eeb-8c30-496a-8da7-c334a2a4c96e"]
&amp#27;[38;5;180m[5fc55eeb]&amp#27;[0m&amp#27;[38;5;-47m[AndroidUiautomator2Driver@f550]&amp#27;[0m Responding to client with driver.getCurrentContext() result: "NATIVE_APP"
&amp#27;[38;5;180m[5fc55eeb]&amp#27;[0m&amp#27;[38;5;86m[HTTP]&amp#27;[0m &amp#27;[37m<-- GET /session/5fc55eeb-8c30-496a-8da7-c334a2a4c96e/context &amp#27;[39m&amp#27;[32m200&amp#27;[39m &amp#27;[90m5 ms - 22&amp#27;[39m &amp#27;[90m&amp#27;[39m
&amp#27;[38;5;180m[5fc55eeb]&amp#27;[0m&amp#27;[38;5;86m[HTTP]&amp#27;[0m &amp#27;[37m-->&amp#27;[39m &amp#27;[37mPOST&amp#27;[39m &amp#27;[37m/session/5fc55eeb-8c30-496a-8da7-c334a2a4c96e/element&amp#27;[39m &amp#27;[90m{"using":"id","value":"android:id/text1"}&amp#27;[39m
&amp#27;[38;5;180m[5fc55eeb]&amp#27;[0m&amp#27;[38;5;-47m[AndroidUiautomator2Driver@f550]&amp#27;[0m Calling AppiumDriver.findElement() with args: ["id","android:id/text1","5fc55eeb-8c30-496a-8da7-c334a2a4c96e"]
&amp#27;[38;5;180m[5fc55eeb]&amp#27;[0m&amp#27;[38;5;-47m[AndroidUiautomator2Driver@f550]&amp#27;[0m Valid locator strategies for this request: xpath, id, class name, accessibility id, css selector, -android uiautomator
&amp#27;[38;5;180m[5fc55eeb]&amp#27;[0m&amp#27;[38;5;-47m[AndroidUiautomator2Driver@f550]&amp#27;[0m Waiting up to 10000 ms for condition
&amp#27;[38;5;180m[5fc55eeb]&amp#27;[0m&amp#27;[38;5;-47m[AndroidUiautomator2Driver@f550]&amp#27;[0m Matched '/element' to command name 'findElement'
&amp#27;[38;5;180m[5fc55eeb]&amp#27;[0m&amp#27;[38;5;-47m[AndroidUiautomator2Driver@f550]&amp#27;[0m Proxying [POST /element] to [POST http://127.0.0.1:8200/session/9000f4cc-fdb1-4152-8a97-ca6e878fe392/element] with body: {"strategy":"id","selector":"android:id/text1","context":"","multiple":false}
&amp#27;[38;5;180m[5fc55eeb]&amp#27;[0m&amp#27;[38;5;-47m[AndroidUiautomator2Driver@f550]&amp#27;[0m Got response with status 200: {"sessionId":"9000f4cc-fdb1-4152-8a97-ca6e878fe392","value":{"ELEMENT":"00000000-0000-0097-ffff-ffff00000024","element-6066-11e4-a52e-4f735466cecf":"00000000-0000-0097-ffff-ffff00000024"}}
&amp#27;[38;5;180m[5fc55eeb]&amp#27;[0m&amp#27;[38;5;-47m[AndroidUiautomator2Driver@f550]&amp#27;[0m Responding to client with driver.findElement() result: {"element-6066-11e4-a52e-4f735466cecf":"00000000-0000-0097-ffff-ffff00000024","ELEMENT":"00000000-0000-0097-ffff-ffff00000024"}
&amp#27;[38;5;180m[5fc55eeb]&amp#27;[0m&amp#27;[38;5;86m[HTTP]&amp#27;[0m &amp#27;[37m<-- POST /session/5fc55eeb-8c30-496a-8da7-c334a2a4c96e/element &amp#27;[39m&amp#27;[32m200&amp#27;[39m &amp#27;[90m169 ms - 137&amp#27;[39m &amp#27;[90m&amp#27;[39m
&amp#27;[38;5;180m[5fc55eeb]&amp#27;[0m&amp#27;[38;5;86m[HTTP]&amp#27;[0m &amp#27;[37m-->&amp#27;[39m &amp#27;[37mPOST&amp#27;[39m &amp#27;[37m/session/5fc55eeb-8c30-496a-8da7-c334a2a4c96e/element/00000000-0000-0097-ffff-ffff00000024/click&amp#27;[39m &amp#27;[90m{"id":"00000000-0000-0097-ffff-ffff00000024"}&amp#27;[39m
&amp#27;[38;5;180m[5fc55eeb]&amp#27;[0m&amp#27;[38;5;-47m[AndroidUiautomator2Driver@f550]&amp#27;[0m Calling AppiumDriver.click() with args: ["00000000-0000-0097-ffff-ffff00000024","5fc55eeb-8c30-496a-8da7-c334a2a4c96e"]
&amp#27;[38;5;180m[5fc55eeb]&amp#27;[0m&amp#27;[38;5;-47m[AndroidUiautomator2Driver@f550]&amp#27;[0m Matched '/element/00000000-0000-0097-ffff-ffff00000024/click' to command name 'click'
&amp#27;[38;5;180m[5fc55eeb]&amp#27;[0m&amp#27;[38;5;-47m[AndroidUiautomator2Driver@f550]&amp#27;[0m Proxying [POST /element/00000000-0000-0097-ffff-ffff00000024/click] to [POST http://127.0.0.1:8200/session/9000f4cc-fdb1-4152-8a97-ca6e878fe392/element/00000000-0000-0097-ffff-ffff00000024/click] with body: {"element":"00000000-0000-0097-ffff-ffff00000024"}
&amp#27;[38;5;180m[5fc55eeb]&amp#27;[0m&amp#27;[38;5;-47m[AndroidUiautomator2Driver@f550]&amp#27;[0m Got response with status 200: {"sessionId":"9000f4cc-fdb1-4152-8a97-ca6e878fe392","value":null}
&amp#27;[38;5;180m[5fc55eeb]&amp#27;[0m&amp#27;[38;5;-47m[AndroidUiautomator2Driver@f550]&amp#27;[0m Responding to client with driver.click() result: null
&amp#27;[38;5;180m[5fc55eeb]&amp#27;[0m&amp#27;[38;5;86m[HTTP]&amp#27;[0m &amp#27;[37m<-- POST /session/5fc55eeb-8c30-496a-8da7-c334a2a4c96e/element/00000000-0000-0097-ffff-ffff00000024/click &amp#27;[39m&amp#27;[32m200&amp#27;[39m &amp#27;[90m538 ms - 14&amp#27;[39m &amp#27;[90m&amp#27;[39m
&amp#27;[38;5;180m[5fc55eeb]&amp#27;[0m&amp#27;[38;5;86m[HTTP]&amp#27;[0m &amp#27;[37m-->&amp#27;[39m &amp#27;[37mPOST&amp#27;[39m &amp#27;[37m/session/5fc55eeb-8c30-496a-8da7-c334a2a4c96e/element&amp#27;[39m &amp#27;[90m{"using":"-android uiautomator","value":"new UiScrollable(new UiSelector()).scrollIntoView(text(\"Argentina\"));"}&amp#27;[39m
&amp#27;[38;5;180m[5fc55eeb]&amp#27;[0m&amp#27;[38;5;-47m[AndroidUiautomator2Driver@f550]&amp#27;[0m Calling AppiumDriver.findElement() with args: ["-android uiautomator","new UiScrollable(new UiSelector()).scrollIntoView(text(\"Argentina\"));","5fc55eeb-8c30-496a-8da7-c334a2a4c96e"]
&amp#27;[38;5;180m[5fc55eeb]&amp#27;[0m&amp#27;[38;5;-47m[AndroidUiautomator2Driver@f550]&amp#27;[0m Valid locator strategies for this request: xpath, id, class name, accessibility id, css selector, -android uiautomator
&amp#27;[38;5;180m[5fc55eeb]&amp#27;[0m&amp#27;[38;5;-47m[AndroidUiautomator2Driver@f550]&amp#27;[0m Waiting up to 10000 ms for condition
&amp#27;[38;5;180m[5fc55eeb]&amp#27;[0m&amp#27;[38;5;-47m[AndroidUiautomator2Driver@f550]&amp#27;[0m Matched '/element' to command name 'findElement'
&amp#27;[38;5;180m[5fc55eeb]&amp#27;[0m&amp#27;[38;5;-47m[AndroidUiautomator2Driver@f550]&amp#27;[0m Proxying [POST /element] to [POST http://127.0.0.1:8200/session/9000f4cc-fdb1-4152-8a97-ca6e878fe392/element] with body: {"strategy":"-android uiautomator","selector":"new UiScrollable(new UiSelector()).scrollIntoView(text(\"Argentina\"));","context":"","multiple":false}
&amp#27;[38;5;180m[5fc55eeb]&amp#27;[0m&amp#27;[38;5;-47m[AndroidUiautomator2Driver@f550]&amp#27;[0m Got response with status 200: {"sessionId":"9000f4cc-fdb1-4152-8a97-ca6e878fe392","value":{"ELEMENT":"00000000-0000-0098-ffff-ffff00000032","element-6066-11e4-a52e-4f735466cecf":"00000000-0000-0098-ffff-ffff00000032"}}
&amp#27;[38;5;180m[5fc55eeb]&amp#27;[0m&amp#27;[38;5;-47m[AndroidUiautomator2Driver@f550]&amp#27;[0m Responding to client with driver.findElement() result: {"element-6066-11e4-a52e-4f735466cecf":"00000000-0000-0098-ffff-ffff00000032","ELEMENT":"00000000-0000-0098-ffff-ffff00000032"}
&amp#27;[38;5;180m[5fc55eeb]&amp#27;[0m&amp#27;[38;5;86m[HTTP]&amp#27;[0m &amp#27;[37m<-- POST /session/5fc55eeb-8c30-496a-8da7-c334a2a4c96e/element &amp#27;[39m&amp#27;[32m200&amp#27;[39m &amp#27;[90m5514 ms - 137&amp#27;[39m &amp#27;[90m&amp#27;[39m
&amp#27;[38;5;180m[5fc55eeb]&amp#27;[0m&amp#27;[38;5;86m[HTTP]&amp#27;[0m &amp#27;[37m-->&amp#27;[39m &amp#27;[37mPOST&amp#27;[39m &amp#27;[37m/session/5fc55eeb-8c30-496a-8da7-c334a2a4c96e/element/00000000-0000-0098-ffff-ffff00000032/click&amp#27;[39m &amp#27;[90m{"id":"00000000-0000-0098-ffff-ffff00000032"}&amp#27;[39m
&amp#27;[38;5;180m[5fc55eeb]&amp#27;[0m&amp#27;[38;5;-47m[AndroidUiautomator2Driver@f550]&amp#27;[0m Calling AppiumDriver.click() with args: ["00000000-0000-0098-ffff-ffff00000032","5fc55eeb-8c30-496a-8da7-c334a2a4c96e"]
&amp#27;[38;5;180m[5fc55eeb]&amp#27;[0m&amp#27;[38;5;-47m[AndroidUiautomator2Driver@f550]&amp#27;[0m Matched '/element/00000000-0000-0098-ffff-ffff00000032/click' to command name 'click'
&amp#27;[38;5;180m[5fc55eeb]&amp#27;[0m&amp#27;[38;5;-47m[AndroidUiautomator2Driver@f550]&amp#27;[0m Proxying [POST /element/00000000-0000-0098-ffff-ffff00000032/click] to [POST http://127.0.0.1:8200/session/9000f4cc-fdb1-4152-8a97-ca6e878fe392/element/00000000-0000-0098-ffff-ffff00000032/click] with body: {"element":"00000000-0000-0098-ffff-ffff00000032"}
&amp#27;[38;5;180m[5fc55eeb]&amp#27;[0m&amp#27;[38;5;-47m[AndroidUiautomator2Driver@f550]&amp#27;[0m Got response with status 200: {"sessionId":"9000f4cc-fdb1-4152-8a97-ca6e878fe392","value":null}
&amp#27;[38;5;180m[5fc55eeb]&amp#27;[0m&amp#27;[38;5;-47m[AndroidUiautomator2Driver@f550]&amp#27;[0m Responding to client with driver.click() result: null
&amp#27;[38;5;180m[5fc55eeb]&amp#27;[0m&amp#27;[38;5;86m[HTTP]&amp#27;[0m &amp#27;[37m<-- POST /session/5fc55eeb-8c30-496a-8da7-c334a2a4c96e/element/00000000-0000-0098-ffff-ffff00000032/click &amp#27;[39m&amp#27;[32m200&amp#27;[39m &amp#27;[90m959 ms - 14&amp#27;[39m &amp#27;[90m&amp#27;[39m
&amp#27;[38;5;180m[5fc55eeb]&amp#27;[0m&amp#27;[38;5;86m[HTTP]&amp#27;[0m &amp#27;[37m-->&amp#27;[39m &amp#27;[37mGET&amp#27;[39m &amp#27;[37m/session/5fc55eeb-8c30-496a-8da7-c334a2a4c96e/context&amp#27;[39m &amp#27;[90m{}&amp#27;[39m
&amp#27;[38;5;180m[5fc55eeb]&amp#27;[0m&amp#27;[38;5;-47m[AndroidUiautomator2Driver@f550]&amp#27;[0m Calling AppiumDriver.getCurrentContext() with args: ["5fc55eeb-8c30-496a-8da7-c334a2a4c96e"]
&amp#27;[38;5;180m[5fc55eeb]&amp#27;[0m&amp#27;[38;5;-47m[AndroidUiautomator2Driver@f550]&amp#27;[0m Responding to client with driver.getCurrentContext() result: "NATIVE_APP"
&amp#27;[38;5;180m[5fc55eeb]&amp#27;[0m&amp#27;[38;5;86m[HTTP]&amp#27;[0m &amp#27;[37m<-- GET /session/5fc55eeb-8c30-496a-8da7-c334a2a4c96e/context &amp#27;[39m&amp#27;[32m200&amp#27;[39m &amp#27;[90m5 ms - 22&amp#27;[39m &amp#27;[90m&amp#27;[39m
&amp#27;[38;5;180m[5fc55eeb]&amp#27;[0m&amp#27;[38;5;86m[HTTP]&amp#27;[0m &amp#27;[37m-->&amp#27;[39m &amp#27;[37mPOST&amp#27;[39m &amp#27;[37m/session/5fc55eeb-8c30-496a-8da7-c334a2a4c96e/element&amp#27;[39m &amp#27;[90m{"using":"id","value":"com.androidsample.generalstore:id/btnLetsShop"}&amp#27;[39m
&amp#27;[38;5;180m[5fc55eeb]&amp#27;[0m&amp#27;[38;5;-47m[AndroidUiautomator2Driver@f550]&amp#27;[0m Calling AppiumDriver.findElement() with args: ["id","com.androidsample.generalstore:id/btnLetsShop","5fc55eeb-8c30-496a-8da7-c334a2a4c96e"]
&amp#27;[38;5;180m[5fc55eeb]&amp#27;[0m&amp#27;[38;5;-47m[AndroidUiautomator2Driver@f550]&amp#27;[0m Valid locator strategies for this request: xpath, id, class name, accessibility id, css selector, -android uiautomator
&amp#27;[38;5;180m[5fc55eeb]&amp#27;[0m&amp#27;[38;5;-47m[AndroidUiautomator2Driver@f550]&amp#27;[0m Waiting up to 10000 ms for condition
&amp#27;[38;5;180m[5fc55eeb]&amp#27;[0m&amp#27;[38;5;-47m[AndroidUiautomator2Driver@f550]&amp#27;[0m Matched '/element' to command name 'findElement'
&amp#27;[38;5;180m[5fc55eeb]&amp#27;[0m&amp#27;[38;5;-47m[AndroidUiautomator2Driver@f550]&amp#27;[0m Proxying [POST /element] to [POST http://127.0.0.1:8200/session/9000f4cc-fdb1-4152-8a97-ca6e878fe392/element] with body: {"strategy":"id","selector":"com.androidsample.generalstore:id/btnLetsShop","context":"","multiple":false}
&amp#27;[38;5;180m[5fc55eeb]&amp#27;[0m&amp#27;[38;5;-47m[AndroidUiautomator2Driver@f550]&amp#27;[0m Got response with status 200: {"sessionId":"9000f4cc-fdb1-4152-8a97-ca6e878fe392","value":{"ELEMENT":"00000000-0000-0097-ffff-ffff00000021","element-6066-11e4-a52e-4f735466cecf":"00000000-0000-0097-ffff-ffff00000021"}}
&amp#27;[38;5;180m[5fc55eeb]&amp#27;[0m&amp#27;[38;5;-47m[AndroidUiautomator2Driver@f550]&amp#27;[0m Responding to client with driver.findElement() result: {"element-6066-11e4-a52e-4f735466cecf":"00000000-0000-0097-ffff-ffff00000021","ELEMENT":"00000000-0000-0097-ffff-ffff00000021"}
&amp#27;[38;5;180m[5fc55eeb]&amp#27;[0m&amp#27;[38;5;86m[HTTP]&amp#27;[0m &amp#27;[37m<-- POST /session/5fc55eeb-8c30-496a-8da7-c334a2a4c96e/element &amp#27;[39m&amp#27;[32m200&amp#27;[39m &amp#27;[90m124 ms - 137&amp#27;[39m &amp#27;[90m&amp#27;[39m
&amp#27;[38;5;180m[5fc55eeb]&amp#27;[0m&amp#27;[38;5;86m[HTTP]&amp#27;[0m &amp#27;[37m-->&amp#27;[39m &amp#27;[37mPOST&amp#27;[39m &amp#27;[37m/session/5fc55eeb-8c30-496a-8da7-c334a2a4c96e/element/00000000-0000-0097-ffff-ffff00000021/click&amp#27;[39m &amp#27;[90m{"id":"00000000-0000-0097-ffff-ffff00000021"}&amp#27;[39m
&amp#27;[38;5;180m[5fc55eeb]&amp#27;[0m&amp#27;[38;5;-47m[AndroidUiautomator2Driver@f550]&amp#27;[0m Calling AppiumDriver.click() with args: ["00000000-0000-0097-ffff-ffff00000021","5fc55eeb-8c30-496a-8da7-c334a2a4c96e"]
&amp#27;[38;5;180m[5fc55eeb]&amp#27;[0m&amp#27;[38;5;-47m[AndroidUiautomator2Driver@f550]&amp#27;[0m Matched '/element/00000000-0000-0097-ffff-ffff00000021/click' to command name 'click'
&amp#27;[38;5;180m[5fc55eeb]&amp#27;[0m&amp#27;[38;5;-47m[AndroidUiautomator2Driver@f550]&amp#27;[0m Proxying [POST /element/00000000-0000-0097-ffff-ffff00000021/click] to [POST http://127.0.0.1:8200/session/9000f4cc-fdb1-4152-8a97-ca6e878fe392/element/00000000-0000-0097-ffff-ffff00000021/click] with body: {"element":"00000000-0000-0097-ffff-ffff00000021"}
&amp#27;[38;5;180m[5fc55eeb]&amp#27;[0m&amp#27;[38;5;-47m[AndroidUiautomator2Driver@f550]&amp#27;[0m Got response with status 200: {"sessionId":"9000f4cc-fdb1-4152-8a97-ca6e878fe392","value":null}
&amp#27;[38;5;180m[5fc55eeb]&amp#27;[0m&amp#27;[38;5;-47m[AndroidUiautomator2Driver@f550]&amp#27;[0m Responding to client with driver.click() result: null
&amp#27;[38;5;180m[5fc55eeb]&amp#27;[0m&amp#27;[38;5;86m[HTTP]&amp#27;[0m &amp#27;[37m<-- POST /session/5fc55eeb-8c30-496a-8da7-c334a2a4c96e/element/00000000-0000-0097-ffff-ffff00000021/click &amp#27;[39m&amp#27;[32m200&amp#27;[39m &amp#27;[90m159 ms - 14&amp#27;[39m &amp#27;[90m&amp#27;[39m
&amp#27;[38;5;180m[5fc55eeb]&amp#27;[0m&amp#27;[38;5;86m[HTTP]&amp#27;[0m &amp#27;[37m-->&amp#27;[39m &amp#27;[37mGET&amp#27;[39m &amp#27;[37m/session/5fc55eeb-8c30-496a-8da7-c334a2a4c96e/context&amp#27;[39m &amp#27;[90m{}&amp#27;[39m
&amp#27;[38;5;180m[5fc55eeb]&amp#27;[0m&amp#27;[38;5;-47m[AndroidUiautomator2Driver@f550]&amp#27;[0m Calling AppiumDriver.getCurrentContext() with args: ["5fc55eeb-8c30-496a-8da7-c334a2a4c96e"]
&amp#27;[38;5;180m[5fc55eeb]&amp#27;[0m&amp#27;[38;5;-47m[AndroidUiautomator2Driver@f550]&amp#27;[0m Responding to client with driver.getCurrentContext() result: "NATIVE_APP"
&amp#27;[38;5;180m[5fc55eeb]&amp#27;[0m&amp#27;[38;5;86m[HTTP]&amp#27;[0m &amp#27;[37m<-- GET /session/5fc55eeb-8c30-496a-8da7-c334a2a4c96e/context &amp#27;[39m&amp#27;[32m200&amp#27;[39m &amp#27;[90m2 ms - 22&amp#27;[39m &amp#27;[90m&amp#27;[39m
&amp#27;[38;5;180m[5fc55eeb]&amp#27;[0m&amp#27;[38;5;86m[HTTP]&amp#27;[0m &amp#27;[37m-->&amp#27;[39m &amp#27;[37mPOST&amp#27;[39m &amp#27;[37m/session/5fc55eeb-8c30-496a-8da7-c334a2a4c96e/elements&amp#27;[39m &amp#27;[90m{"using":"xpath","value":"//android.widget.TextView[@text='ADD TO CART']"}&amp#27;[39m
&amp#27;[38;5;180m[5fc55eeb]&amp#27;[0m&amp#27;[38;5;-47m[AndroidUiautomator2Driver@f550]&amp#27;[0m Calling AppiumDriver.findElements() with args: ["xpath","//android.widget.TextView[@text='ADD TO CART']","5fc55eeb-8c30-496a-8da7-c334a2a4c96e"]
&amp#27;[38;5;180m[5fc55eeb]&amp#27;[0m&amp#27;[38;5;-47m[AndroidUiautomator2Driver@f550]&amp#27;[0m Valid locator strategies for this request: xpath, id, class name, accessibility id, css selector, -android uiautomator
&amp#27;[38;5;180m[5fc55eeb]&amp#27;[0m&amp#27;[38;5;-47m[AndroidUiautomator2Driver@f550]&amp#27;[0m Waiting up to 10000 ms for condition
&amp#27;[38;5;180m[5fc55eeb]&amp#27;[0m&amp#27;[38;5;-47m[AndroidUiautomator2Driver@f550]&amp#27;[0m Matched '/elements' to command name 'findElements'
&amp#27;[38;5;180m[5fc55eeb]&amp#27;[0m&amp#27;[38;5;-47m[AndroidUiautomator2Driver@f550]&amp#27;[0m Proxying [POST /elements] to [POST http://127.0.0.1:8200/session/9000f4cc-fdb1-4152-8a97-ca6e878fe392/elements] with body: {"strategy":"xpath","selector":"//android.widget.TextView[@text='ADD TO CART']","context":"","multiple":true}
&amp#27;[38;5;180m[5fc55eeb]&amp#27;[0m&amp#27;[38;5;-47m[AndroidUiautomator2Driver@f550]&amp#27;[0m Got response with status 200: {"sessionId":"9000f4cc-fdb1-4152-8a97-ca6e878fe392","value":[{"ELEMENT":"00000000-0000-0099-ffff-ffff00000051","element-6066-11e4-a52e-4f735466cecf":"00000000-0000-0099-ffff-ffff00000051"},{"ELEMENT":"00000000-0000-0099-ffff-ffff00000059","element-6066-11e4-a52e-4f735466cecf":"00000000-0000-0099-ffff-ffff00000059"}]}
&amp#27;[38;5;180m[5fc55eeb]&amp#27;[0m&amp#27;[38;5;-47m[AndroidUiautomator2Driver@f550]&amp#27;[0m Responding to client with driver.findElements() result: [{"element-6066-11e4-a52e-4f735466cecf":"00000000-0000-0099-ffff-ffff00000051","ELEMENT":"00000000-0000-0099-ffff-ffff00000051"},{"element-6066-11e4-a52e-4f735466cecf":"00000000-0000-0099-ffff-ffff00000059","ELEMENT":"00000000-0000-0099-ffff-ffff00000059"}]
&amp#27;[38;5;180m[5fc55eeb]&amp#27;[0m&amp#27;[38;5;86m[HTTP]&amp#27;[0m &amp#27;[37m<-- POST /session/5fc55eeb-8c30-496a-8da7-c334a2a4c96e/elements &amp#27;[39m&amp#27;[32m200&amp#27;[39m &amp#27;[90m1617 ms - 267&amp#27;[39m &amp#27;[90m&amp#27;[39m
&amp#27;[38;5;180m[5fc55eeb]&amp#27;[0m&amp#27;[38;5;86m[HTTP]&amp#27;[0m &amp#27;[37m-->&amp#27;[39m &amp#27;[37mPOST&amp#27;[39m &amp#27;[37m/session/5fc55eeb-8c30-496a-8da7-c334a2a4c96e/element/00000000-0000-0099-ffff-ffff00000051/click&amp#27;[39m &amp#27;[90m{"id":"00000000-0000-0099-ffff-ffff00000051"}&amp#27;[39m
&amp#27;[38;5;180m[5fc55eeb]&amp#27;[0m&amp#27;[38;5;-47m[AndroidUiautomator2Driver@f550]&amp#27;[0m Calling AppiumDriver.click() with args: ["00000000-0000-0099-ffff-ffff00000051","5fc55eeb-8c30-496a-8da7-c334a2a4c96e"]
&amp#27;[38;5;180m[5fc55eeb]&amp#27;[0m&amp#27;[38;5;-47m[AndroidUiautomator2Driver@f550]&amp#27;[0m Matched '/element/00000000-0000-0099-ffff-ffff00000051/click' to command name 'click'
&amp#27;[38;5;180m[5fc55eeb]&amp#27;[0m&amp#27;[38;5;-47m[AndroidUiautomator2Driver@f550]&amp#27;[0m Proxying [POST /element/00000000-0000-0099-ffff-ffff00000051/click] to [POST http://127.0.0.1:8200/session/9000f4cc-fdb1-4152-8a97-ca6e878fe392/element/00000000-0000-0099-ffff-ffff00000051/click] with body: {"element":"00000000-0000-0099-ffff-ffff00000051"}
&amp#27;[38;5;180m[5fc55eeb]&amp#27;[0m&amp#27;[38;5;-47m[AndroidUiautomator2Driver@f550]&amp#27;[0m Got response with status 200: {"sessionId":"9000f4cc-fdb1-4152-8a97-ca6e878fe392","value":null}
&amp#27;[38;5;180m[5fc55eeb]&amp#27;[0m&amp#27;[38;5;-47m[AndroidUiautomator2Driver@f550]&amp#27;[0m Responding to client with driver.click() result: null
&amp#27;[38;5;180m[5fc55eeb]&amp#27;[0m&amp#27;[38;5;86m[HTTP]&amp#27;[0m &amp#27;[37m<-- POST /session/5fc55eeb-8c30-496a-8da7-c334a2a4c96e/element/00000000-0000-0099-ffff-ffff00000051/click &amp#27;[39m&amp#27;[32m200&amp#27;[39m &amp#27;[90m672 ms - 14&amp#27;[39m &amp#27;[90m&amp#27;[39m
&amp#27;[38;5;180m[5fc55eeb]&amp#27;[0m&amp#27;[38;5;86m[HTTP]&amp#27;[0m &amp#27;[37m-->&amp#27;[39m &amp#27;[37mGET&amp#27;[39m &amp#27;[37m/session/5fc55eeb-8c30-496a-8da7-c334a2a4c96e/context&amp#27;[39m &amp#27;[90m{}&amp#27;[39m
&amp#27;[38;5;180m[5fc55eeb]&amp#27;[0m&amp#27;[38;5;-47m[AndroidUiautomator2Driver@f550]&amp#27;[0m Calling AppiumDriver.getCurrentContext() with args: ["5fc55eeb-8c30-496a-8da7-c334a2a4c96e"]
&amp#27;[38;5;180m[5fc55eeb]&amp#27;[0m&amp#27;[38;5;-47m[AndroidUiautomator2Driver@f550]&amp#27;[0m Responding to client with driver.getCurrentContext() result: "NATIVE_APP"
&amp#27;[38;5;180m[5fc55eeb]&amp#27;[0m&amp#27;[38;5;86m[HTTP]&amp#27;[0m &amp#27;[37m<-- GET /session/5fc55eeb-8c30-496a-8da7-c334a2a4c96e/context &amp#27;[39m&amp#27;[32m200&amp#27;[39m &amp#27;[90m4 ms - 22&amp#27;[39m &amp#27;[90m&amp#27;[39m
&amp#27;[38;5;180m[5fc55eeb]&amp#27;[0m&amp#27;[38;5;86m[HTTP]&amp#27;[0m &amp#27;[37m-->&amp#27;[39m &amp#27;[37mPOST&amp#27;[39m &amp#27;[37m/session/5fc55eeb-8c30-496a-8da7-c334a2a4c96e/elements&amp#27;[39m &amp#27;[90m{"using":"xpath","value":"//android.widget.TextView[@text='ADD TO CART']"}&amp#27;[39m
&amp#27;[38;5;180m[5fc55eeb]&amp#27;[0m&amp#27;[38;5;-47m[AndroidUiautomator2Driver@f550]&amp#27;[0m Calling AppiumDriver.findElements() with args: ["xpath","//android.widget.TextView[@text='ADD TO CART']","5fc55eeb-8c30-496a-8da7-c334a2a4c96e"]
&amp#27;[38;5;180m[5fc55eeb]&amp#27;[0m&amp#27;[38;5;-47m[AndroidUiautomator2Driver@f550]&amp#27;[0m Valid locator strategies for this request: xpath, id, class name, accessibility id, css selector, -android uiautomator
&amp#27;[38;5;180m[5fc55eeb]&amp#27;[0m&amp#27;[38;5;-47m[AndroidUiautomator2Driver@f550]&amp#27;[0m Waiting up to 10000 ms for condition
&amp#27;[38;5;180m[5fc55eeb]&amp#27;[0m&amp#27;[38;5;-47m[AndroidUiautomator2Driver@f550]&amp#27;[0m Matched '/elements' to command name 'findElements'
&amp#27;[38;5;180m[5fc55eeb]&amp#27;[0m&amp#27;[38;5;-47m[AndroidUiautomator2Driver@f550]&amp#27;[0m Proxying [POST /elements] to [POST http://127.0.0.1:8200/session/9000f4cc-fdb1-4152-8a97-ca6e878fe392/elements] with body: {"strategy":"xpath","selector":"//android.widget.TextView[@text='ADD TO CART']","context":"","multiple":true}
&amp#27;[38;5;180m[5fc55eeb]&amp#27;[0m&amp#27;[38;5;-47m[AndroidUiautomator2Driver@f550]&amp#27;[0m Got response with status 200: {"sessionId":"9000f4cc-fdb1-4152-8a97-ca6e878fe392","value":[{"ELEMENT":"00000000-0000-0099-ffff-ffff00000059","element-6066-11e4-a52e-4f735466cecf":"00000000-0000-0099-ffff-ffff00000059"}]}
&amp#27;[38;5;180m[5fc55eeb]&amp#27;[0m&amp#27;[38;5;-47m[AndroidUiautomator2Driver@f550]&amp#27;[0m Responding to client with driver.findElements() result: [{"element-6066-11e4-a52e-4f735466cecf":"00000000-0000-0099-ffff-ffff00000059","ELEMENT":"00000000-0000-0099-ffff-ffff00000059"}]
&amp#27;[38;5;180m[5fc55eeb]&amp#27;[0m&amp#27;[38;5;86m[HTTP]&amp#27;[0m &amp#27;[37m<-- POST /session/5fc55eeb-8c30-496a-8da7-c334a2a4c96e/elements &amp#27;[39m&amp#27;[32m200&amp#27;[39m &amp#27;[90m99 ms - 139&amp#27;[39m &amp#27;[90m&amp#27;[39m
&amp#27;[38;5;180m[5fc55eeb]&amp#27;[0m&amp#27;[38;5;86m[HTTP]&amp#27;[0m &amp#27;[37m-->&amp#27;[39m &amp#27;[37mPOST&amp#27;[39m &amp#27;[37m/session/5fc55eeb-8c30-496a-8da7-c334a2a4c96e/element/00000000-0000-0099-ffff-ffff00000059/click&amp#27;[39m &amp#27;[90m{"id":"00000000-0000-0099-ffff-ffff00000059"}&amp#27;[39m
&amp#27;[38;5;180m[5fc55eeb]&amp#27;[0m&amp#27;[38;5;-47m[AndroidUiautomator2Driver@f550]&amp#27;[0m Calling AppiumDriver.click() with args: ["00000000-0000-0099-ffff-ffff00000059","5fc55eeb-8c30-496a-8da7-c334a2a4c96e"]
&amp#27;[38;5;180m[5fc55eeb]&amp#27;[0m&amp#27;[38;5;-47m[AndroidUiautomator2Driver@f550]&amp#27;[0m Matched '/element/00000000-0000-0099-ffff-ffff00000059/click' to command name 'click'
&amp#27;[38;5;180m[5fc55eeb]&amp#27;[0m&amp#27;[38;5;-47m[AndroidUiautomator2Driver@f550]&amp#27;[0m Proxying [POST /element/00000000-0000-0099-ffff-ffff00000059/click] to [POST http://127.0.0.1:8200/session/9000f4cc-fdb1-4152-8a97-ca6e878fe392/element/00000000-0000-0099-ffff-ffff00000059/click] with body: {"element":"00000000-0000-0099-ffff-ffff00000059"}
&amp#27;[38;5;180m[5fc55eeb]&amp#27;[0m&amp#27;[38;5;-47m[AndroidUiautomator2Driver@f550]&amp#27;[0m Got response with status 200: {"sessionId":"9000f4cc-fdb1-4152-8a97-ca6e878fe392","value":null}
&amp#27;[38;5;180m[5fc55eeb]&amp#27;[0m&amp#27;[38;5;-47m[AndroidUiautomator2Driver@f550]&amp#27;[0m Responding to client with driver.click() result: null
&amp#27;[38;5;180m[5fc55eeb]&amp#27;[0m&amp#27;[38;5;86m[HTTP]&amp#27;[0m &amp#27;[37m<-- POST /session/5fc55eeb-8c30-496a-8da7-c334a2a4c96e/element/00000000-0000-0099-ffff-ffff00000059/click &amp#27;[39m&amp#27;[32m200&amp#27;[39m &amp#27;[90m601 ms - 14&amp#27;[39m &amp#27;[90m&amp#27;[39m
&amp#27;[38;5;180m[5fc55eeb]&amp#27;[0m&amp#27;[38;5;86m[HTTP]&amp#27;[0m &amp#27;[37m-->&amp#27;[39m &amp#27;[37mGET&amp#27;[39m &amp#27;[37m/session/5fc55eeb-8c30-496a-8da7-c334a2a4c96e/context&amp#27;[39m &amp#27;[90m{}&amp#27;[39m
&amp#27;[38;5;180m[5fc55eeb]&amp#27;[0m&amp#27;[38;5;-47m[AndroidUiautomator2Driver@f550]&amp#27;[0m Calling AppiumDriver.getCurrentContext() with args: ["5fc55eeb-8c30-496a-8da7-c334a2a4c96e"]
&amp#27;[38;5;180m[5fc55eeb]&amp#27;[0m&amp#27;[38;5;-47m[AndroidUiautomator2Driver@f550]&amp#27;[0m Responding to client with driver.getCurrentContext() result: "NATIVE_APP"
&amp#27;[38;5;180m[5fc55eeb]&amp#27;[0m&amp#27;[38;5;86m[HTTP]&amp#27;[0m &amp#27;[37m<-- GET /session/5fc55eeb-8c30-496a-8da7-c334a2a4c96e/context &amp#27;[39m&amp#27;[32m200&amp#27;[39m &amp#27;[90m2 ms - 22&amp#27;[39m &amp#27;[90m&amp#27;[39m
&amp#27;[38;5;180m[5fc55eeb]&amp#27;[0m&amp#27;[38;5;86m[HTTP]&amp#27;[0m &amp#27;[37m-->&amp#27;[39m &amp#27;[37mPOST&amp#27;[39m &amp#27;[37m/session/5fc55eeb-8c30-496a-8da7-c334a2a4c96e/element&amp#27;[39m &amp#27;[90m{"using":"id","value":"com.androidsample.generalstore:id/appbar_btn_cart"}&amp#27;[39m
&amp#27;[38;5;180m[5fc55eeb]&amp#27;[0m&amp#27;[38;5;-47m[AndroidUiautomator2Driver@f550]&amp#27;[0m Calling AppiumDriver.findElement() with args: ["id","com.androidsample.generalstore:id/appbar_btn_cart","5fc55eeb-8c30-496a-8da7-c334a2a4c96e"]
&amp#27;[38;5;180m[5fc55eeb]&amp#27;[0m&amp#27;[38;5;-47m[AndroidUiautomator2Driver@f550]&amp#27;[0m Valid locator strategies for this request: xpath, id, class name, accessibility id, css selector, -android uiautomator
&amp#27;[38;5;180m[5fc55eeb]&amp#27;[0m&amp#27;[38;5;-47m[AndroidUiautomator2Driver@f550]&amp#27;[0m Waiting up to 10000 ms for condition
&amp#27;[38;5;180m[5fc55eeb]&amp#27;[0m&amp#27;[38;5;-47m[AndroidUiautomator2Driver@f550]&amp#27;[0m Matched '/element' to command name 'findElement'
&amp#27;[38;5;180m[5fc55eeb]&amp#27;[0m&amp#27;[38;5;-47m[AndroidUiautomator2Driver@f550]&amp#27;[0m Proxying [POST /element] to [POST http://127.0.0.1:8200/session/9000f4cc-fdb1-4152-8a97-ca6e878fe392/element] with body: {"strategy":"id","selector":"com.androidsample.generalstore:id/appbar_btn_cart","context":"","multiple":false}
&amp#27;[38;5;180m[5fc55eeb]&amp#27;[0m&amp#27;[38;5;-47m[AndroidUiautomator2Driver@f550]&amp#27;[0m Got response with status 200: {"sessionId":"9000f4cc-fdb1-4152-8a97-ca6e878fe392","value":{"ELEMENT":"00000000-0000-0099-ffff-ffff00000044","element-6066-11e4-a52e-4f735466cecf":"00000000-0000-0099-ffff-ffff00000044"}}
&amp#27;[38;5;180m[5fc55eeb]&amp#27;[0m&amp#27;[38;5;-47m[AndroidUiautomator2Driver@f550]&amp#27;[0m Responding to client with driver.findElement() result: {"element-6066-11e4-a52e-4f735466cecf":"00000000-0000-0099-ffff-ffff00000044","ELEMENT":"00000000-0000-0099-ffff-ffff00000044"}
&amp#27;[38;5;180m[5fc55eeb]&amp#27;[0m&amp#27;[38;5;86m[HTTP]&amp#27;[0m &amp#27;[37m<-- POST /session/5fc55eeb-8c30-496a-8da7-c334a2a4c96e/element &amp#27;[39m&amp#27;[32m200&amp#27;[39m &amp#27;[90m59 ms - 137&amp#27;[39m &amp#27;[90m&amp#27;[39m
&amp#27;[38;5;180m[5fc55eeb]&amp#27;[0m&amp#27;[38;5;86m[HTTP]&amp#27;[0m &amp#27;[37m-->&amp#27;[39m &amp#27;[37mPOST&amp#27;[39m &amp#27;[37m/session/5fc55eeb-8c30-496a-8da7-c334a2a4c96e/element/00000000-0000-0099-ffff-ffff00000044/click&amp#27;[39m &amp#27;[90m{"id":"00000000-0000-0099-ffff-ffff00000044"}&amp#27;[39m
&amp#27;[38;5;180m[5fc55eeb]&amp#27;[0m&amp#27;[38;5;-47m[AndroidUiautomator2Driver@f550]&amp#27;[0m Calling AppiumDriver.click() with args: ["00000000-0000-0099-ffff-ffff00000044","5fc55eeb-8c30-496a-8da7-c334a2a4c96e"]
&amp#27;[38;5;180m[5fc55eeb]&amp#27;[0m&amp#27;[38;5;-47m[AndroidUiautomator2Driver@f550]&amp#27;[0m Matched '/element/00000000-0000-0099-ffff-ffff00000044/click' to command name 'click'
&amp#27;[38;5;180m[5fc55eeb]&amp#27;[0m&amp#27;[38;5;-47m[AndroidUiautomator2Driver@f550]&amp#27;[0m Proxying [POST /element/00000000-0000-0099-ffff-ffff00000044/click] to [POST http://127.0.0.1:8200/session/9000f4cc-fdb1-4152-8a97-ca6e878fe392/element/00000000-0000-0099-ffff-ffff00000044/click] with body: {"element":"00000000-0000-0099-ffff-ffff00000044"}
&amp#27;[38;5;180m[5fc55eeb]&amp#27;[0m&amp#27;[38;5;-47m[AndroidUiautomator2Driver@f550]&amp#27;[0m Got response with status 200: {"sessionId":"9000f4cc-fdb1-4152-8a97-ca6e878fe392","value":null}
&amp#27;[38;5;180m[5fc55eeb]&amp#27;[0m&amp#27;[38;5;-47m[AndroidUiautomator2Driver@f550]&amp#27;[0m Responding to client with driver.click() result: null
&amp#27;[38;5;180m[5fc55eeb]&amp#27;[0m&amp#27;[38;5;86m[HTTP]&amp#27;[0m &amp#27;[37m<-- POST /session/5fc55eeb-8c30-496a-8da7-c334a2a4c96e/element/00000000-0000-0099-ffff-ffff00000044/click &amp#27;[39m&amp#27;[32m200&amp#27;[39m &amp#27;[90m148 ms - 14&amp#27;[39m &amp#27;[90m&amp#27;[39m
&amp#27;[38;5;180m[5fc55eeb]&amp#27;[0m&amp#27;[38;5;86m[HTTP]&amp#27;[0m &amp#27;[37m-->&amp#27;[39m &amp#27;[37mPOST&amp#27;[39m &amp#27;[37m/session/5fc55eeb-8c30-496a-8da7-c334a2a4c96e/element&amp#27;[39m &amp#27;[90m{"using":"id","value":"com.androidsample.generalstore:id/toolbar_title"}&amp#27;[39m
&amp#27;[38;5;180m[5fc55eeb]&amp#27;[0m&amp#27;[38;5;-47m[AndroidUiautomator2Driver@f550]&amp#27;[0m Calling AppiumDriver.findElement() with args: ["id","com.androidsample.generalstore:id/toolbar_title","5fc55eeb-8c30-496a-8da7-c334a2a4c96e"]
&amp#27;[38;5;180m[5fc55eeb]&amp#27;[0m&amp#27;[38;5;-47m[AndroidUiautomator2Driver@f550]&amp#27;[0m Valid locator strategies for this request: xpath, id, class name, accessibility id, css selector, -android uiautomator
&amp#27;[38;5;180m[5fc55eeb]&amp#27;[0m&amp#27;[38;5;-47m[AndroidUiautomator2Driver@f550]&amp#27;[0m Waiting up to 10000 ms for condition
&amp#27;[38;5;180m[5fc55eeb]&amp#27;[0m&amp#27;[38;5;-47m[AndroidUiautomator2Driver@f550]&amp#27;[0m Matched '/element' to command name 'findElement'
&amp#27;[38;5;180m[5fc55eeb]&amp#27;[0m&amp#27;[38;5;-47m[AndroidUiautomator2Driver@f550]&amp#27;[0m Proxying [POST /element] to [POST http://127.0.0.1:8200/session/9000f4cc-fdb1-4152-8a97-ca6e878fe392/element] with body: {"strategy":"id","selector":"com.androidsample.generalstore:id/toolbar_title","context":"","multiple":false}
&amp#27;[38;5;180m[5fc55eeb]&amp#27;[0m&amp#27;[38;5;-47m[AndroidUiautomator2Driver@f550]&amp#27;[0m Got response with status 200: {"sessionId":"9000f4cc-fdb1-4152-8a97-ca6e878fe392","value":{"ELEMENT":"00000000-0000-009a-ffff-ffff0000006f","element-6066-11e4-a52e-4f735466cecf":"00000000-0000-009a-ffff-ffff0000006f"}}
&amp#27;[38;5;180m[5fc55eeb]&amp#27;[0m&amp#27;[38;5;-47m[AndroidUiautomator2Driver@f550]&amp#27;[0m Responding to client with driver.findElement() result: {"element-6066-11e4-a52e-4f735466cecf":"00000000-0000-009a-ffff-ffff0000006f","ELEMENT":"00000000-0000-009a-ffff-ffff0000006f"}
&amp#27;[38;5;180m[5fc55eeb]&amp#27;[0m&amp#27;[38;5;86m[HTTP]&amp#27;[0m &amp#27;[37m<-- POST /session/5fc55eeb-8c30-496a-8da7-c334a2a4c96e/element &amp#27;[39m&amp#27;[32m200&amp#27;[39m &amp#27;[90m98 ms - 137&amp#27;[39m &amp#27;[90m&amp#27;[39m
&amp#27;[38;5;180m[5fc55eeb]&amp#27;[0m&amp#27;[38;5;86m[HTTP]&amp#27;[0m &amp#27;[37m-->&amp#27;[39m &amp#27;[37mGET&amp#27;[39m &amp#27;[37m/session/5fc55eeb-8c30-496a-8da7-c334a2a4c96e/element/00000000-0000-009a-ffff-ffff0000006f/attribute/text&amp#27;[39m &amp#27;[90m{}&amp#27;[39m
&amp#27;[38;5;180m[5fc55eeb]&amp#27;[0m&amp#27;[38;5;-47m[AndroidUiautomator2Driver@f550]&amp#27;[0m Calling AppiumDriver.getAttribute() with args: ["text","00000000-0000-009a-ffff-ffff0000006f","5fc55eeb-8c30-496a-8da7-c334a2a4c96e"]
&amp#27;[38;5;180m[5fc55eeb]&amp#27;[0m&amp#27;[38;5;-47m[AndroidUiautomator2Driver@f550]&amp#27;[0m Matched '/element/00000000-0000-009a-ffff-ffff0000006f/attribute/text' to command name 'getAttribute'
&amp#27;[38;5;180m[5fc55eeb]&amp#27;[0m&amp#27;[38;5;-47m[AndroidUiautomator2Driver@f550]&amp#27;[0m Proxying [GET /element/00000000-0000-009a-ffff-ffff0000006f/attribute/text] to [GET http://127.0.0.1:8200/session/9000f4cc-fdb1-4152-8a97-ca6e878fe392/element/00000000-0000-009a-ffff-ffff0000006f/attribute/text] with no body
&amp#27;[38;5;180m[5fc55eeb]&amp#27;[0m&amp#27;[38;5;-47m[AndroidUiautomator2Driver@f550]&amp#27;[0m Got response with status 200: {"sessionId":"9000f4cc-fdb1-4152-8a97-ca6e878fe392","value":"Cart"}
&amp#27;[38;5;180m[5fc55eeb]&amp#27;[0m&amp#27;[38;5;-47m[AndroidUiautomator2Driver@f550]&amp#27;[0m Responding to client with driver.getAttribute() result: "Cart"
&amp#27;[38;5;180m[5fc55eeb]&amp#27;[0m&amp#27;[38;5;86m[HTTP]&amp#27;[0m &amp#27;[37m<-- GET /session/5fc55eeb-8c30-496a-8da7-c334a2a4c96e/element/00000000-0000-009a-ffff-ffff0000006f/attribute/text &amp#27;[39m&amp#27;[32m200&amp#27;[39m &amp#27;[90m31 ms - 16&amp#27;[39m &amp#27;[90m&amp#27;[39m
&amp#27;[38;5;180m[5fc55eeb]&amp#27;[0m&amp#27;[38;5;86m[HTTP]&amp#27;[0m &amp#27;[37m-->&amp#27;[39m &amp#27;[37mGET&amp#27;[39m &amp#27;[37m/session/5fc55eeb-8c30-496a-8da7-c334a2a4c96e/context&amp#27;[39m &amp#27;[90m{}&amp#27;[39m
&amp#27;[38;5;180m[5fc55eeb]&amp#27;[0m&amp#27;[38;5;-47m[AndroidUiautomator2Driver@f550]&amp#27;[0m Calling AppiumDriver.getCurrentContext() with args: ["5fc55eeb-8c30-496a-8da7-c334a2a4c96e"]
&amp#27;[38;5;180m[5fc55eeb]&amp#27;[0m&amp#27;[38;5;-47m[AndroidUiautomator2Driver@f550]&amp#27;[0m Responding to client with driver.getCurrentContext() result: "NATIVE_APP"
&amp#27;[38;5;180m[5fc55eeb]&amp#27;[0m&amp#27;[38;5;86m[HTTP]&amp#27;[0m &amp#27;[37m<-- GET /session/5fc55eeb-8c30-496a-8da7-c334a2a4c96e/context &amp#27;[39m&amp#27;[32m200&amp#27;[39m &amp#27;[90m1 ms - 22&amp#27;[39m &amp#27;[90m&amp#27;[39m
&amp#27;[38;5;180m[5fc55eeb]&amp#27;[0m&amp#27;[38;5;86m[HTTP]&amp#27;[0m &amp#27;[37m-->&amp#27;[39m &amp#27;[37mPOST&amp#27;[39m &amp#27;[37m/session/5fc55eeb-8c30-496a-8da7-c334a2a4c96e/elements&amp#27;[39m &amp#27;[90m{"using":"id","value":"com.androidsample.generalstore:id/productPrice"}&amp#27;[39m
&amp#27;[38;5;180m[5fc55eeb]&amp#27;[0m&amp#27;[38;5;-47m[AndroidUiautomator2Driver@f550]&amp#27;[0m Calling AppiumDriver.findElements() with args: ["id","com.androidsample.generalstore:id/productPrice","5fc55eeb-8c30-496a-8da7-c334a2a4c96e"]
&amp#27;[38;5;180m[5fc55eeb]&amp#27;[0m&amp#27;[38;5;-47m[AndroidUiautomator2Driver@f550]&amp#27;[0m Valid locator strategies for this request: xpath, id, class name, accessibility id, css selector, -android uiautomator
&amp#27;[38;5;180m[5fc55eeb]&amp#27;[0m&amp#27;[38;5;-47m[AndroidUiautomator2Driver@f550]&amp#27;[0m Waiting up to 10000 ms for condition
&amp#27;[38;5;180m[5fc55eeb]&amp#27;[0m&amp#27;[38;5;-47m[AndroidUiautomator2Driver@f550]&amp#27;[0m Matched '/elements' to command name 'findElements'
&amp#27;[38;5;180m[5fc55eeb]&amp#27;[0m&amp#27;[38;5;-47m[AndroidUiautomator2Driver@f550]&amp#27;[0m Proxying [POST /elements] to [POST http://127.0.0.1:8200/session/9000f4cc-fdb1-4152-8a97-ca6e878fe392/elements] with body: {"strategy":"id","selector":"com.androidsample.generalstore:id/productPrice","context":"","multiple":true}
&amp#27;[38;5;180m[5fc55eeb]&amp#27;[0m&amp#27;[38;5;-47m[AndroidUiautomator2Driver@f550]&amp#27;[0m Got response with status 200: {"sessionId":"9000f4cc-fdb1-4152-8a97-ca6e878fe392","value":[{"ELEMENT":"00000000-0000-009a-ffff-ffff00000086","element-6066-11e4-a52e-4f735466cecf":"00000000-0000-009a-ffff-ffff00000086"},{"ELEMENT":"00000000-0000-009a-ffff-ffff0000008e","element-6066-11e4-a52e-4f735466cecf":"00000000-0000-009a-ffff-ffff0000008e"}]}
&amp#27;[38;5;180m[5fc55eeb]&amp#27;[0m&amp#27;[38;5;-47m[AndroidUiautomator2Driver@f550]&amp#27;[0m Responding to client with driver.findElements() result: [{"element-6066-11e4-a52e-4f735466cecf":"00000000-0000-009a-ffff-ffff00000086","ELEMENT":"00000000-0000-009a-ffff-ffff00000086"},{"element-6066-11e4-a52e-4f735466cecf":"00000000-0000-009a-ffff-ffff0000008e","ELEMENT":"00000000-0000-009a-ffff-ffff0000008e"}]
&amp#27;[38;5;180m[5fc55eeb]&amp#27;[0m&amp#27;[38;5;86m[HTTP]&amp#27;[0m &amp#27;[37m<-- POST /session/5fc55eeb-8c30-496a-8da7-c334a2a4c96e/elements &amp#27;[39m&amp#27;[32m200&amp#27;[39m &amp#27;[90m66 ms - 267&amp#27;[39m &amp#27;[90m&amp#27;[39m
&amp#27;[38;5;180m[5fc55eeb]&amp#27;[0m&amp#27;[38;5;86m[HTTP]&amp#27;[0m &amp#27;[37m-->&amp#27;[39m &amp#27;[37mGET&amp#27;[39m &amp#27;[37m/session/5fc55eeb-8c30-496a-8da7-c334a2a4c96e/context&amp#27;[39m &amp#27;[90m{}&amp#27;[39m
&amp#27;[38;5;180m[5fc55eeb]&amp#27;[0m&amp#27;[38;5;-47m[AndroidUiautomator2Driver@f550]&amp#27;[0m Calling AppiumDriver.getCurrentContext() with args: ["5fc55eeb-8c30-496a-8da7-c334a2a4c96e"]
&amp#27;[38;5;180m[5fc55eeb]&amp#27;[0m&amp#27;[38;5;-47m[AndroidUiautomator2Driver@f550]&amp#27;[0m Responding to client with driver.getCurrentContext() result: "NATIVE_APP"
&amp#27;[38;5;180m[5fc55eeb]&amp#27;[0m&amp#27;[38;5;86m[HTTP]&amp#27;[0m &amp#27;[37m<-- GET /session/5fc55eeb-8c30-496a-8da7-c334a2a4c96e/context &amp#27;[39m&amp#27;[32m200&amp#27;[39m &amp#27;[90m2 ms - 22&amp#27;[39m &amp#27;[90m&amp#27;[39m
&amp#27;[38;5;180m[5fc55eeb]&amp#27;[0m&amp#27;[38;5;86m[HTTP]&amp#27;[0m &amp#27;[37m-->&amp#27;[39m &amp#27;[37mPOST&amp#27;[39m &amp#27;[37m/session/5fc55eeb-8c30-496a-8da7-c334a2a4c96e/elements&amp#27;[39m &amp#27;[90m{"using":"id","value":"com.androidsample.generalstore:id/productPrice"}&amp#27;[39m
&amp#27;[38;5;180m[5fc55eeb]&amp#27;[0m&amp#27;[38;5;-47m[AndroidUiautomator2Driver@f550]&amp#27;[0m Calling AppiumDriver.findElements() with args: ["id","com.androidsample.generalstore:id/productPrice","5fc55eeb-8c30-496a-8da7-c334a2a4c96e"]
&amp#27;[38;5;180m[5fc55eeb]&amp#27;[0m&amp#27;[38;5;-47m[AndroidUiautomator2Driver@f550]&amp#27;[0m Valid locator strategies for this request: xpath, id, class name, accessibility id, css selector, -android uiautomator
&amp#27;[38;5;180m[5fc55eeb]&amp#27;[0m&amp#27;[38;5;-47m[AndroidUiautomator2Driver@f550]&amp#27;[0m Waiting up to 10000 ms for condition
&amp#27;[38;5;180m[5fc55eeb]&amp#27;[0m&amp#27;[38;5;-47m[AndroidUiautomator2Driver@f550]&amp#27;[0m Matched '/elements' to command name 'findElements'
&amp#27;[38;5;180m[5fc55eeb]&amp#27;[0m&amp#27;[38;5;-47m[AndroidUiautomator2Driver@f550]&amp#27;[0m Proxying [POST /elements] to [POST http://127.0.0.1:8200/session/9000f4cc-fdb1-4152-8a97-ca6e878fe392/elements] with body: {"strategy":"id","selector":"com.androidsample.generalstore:id/productPrice","context":"","multiple":true}
&amp#27;[38;5;180m[5fc55eeb]&amp#27;[0m&amp#27;[38;5;-47m[AndroidUiautomator2Driver@f550]&amp#27;[0m Got response with status 200: {"sessionId":"9000f4cc-fdb1-4152-8a97-ca6e878fe392","value":[{"ELEMENT":"00000000-0000-009a-ffff-ffff00000086","element-6066-11e4-a52e-4f735466cecf":"00000000-0000-009a-ffff-ffff00000086"},{"ELEMENT":"00000000-0000-009a-ffff-ffff0000008e","element-6066-11e4-a52e-4f735466cecf":"00000000-0000-009a-ffff-ffff0000008e"}]}
&amp#27;[38;5;180m[5fc55eeb]&amp#27;[0m&amp#27;[38;5;-47m[AndroidUiautomator2Driver@f550]&amp#27;[0m Responding to client with driver.findElements() result: [{"element-6066-11e4-a52e-4f735466cecf":"00000000-0000-009a-ffff-ffff00000086","ELEMENT":"00000000-0000-009a-ffff-ffff00000086"},{"element-6066-11e4-a52e-4f735466cecf":"00000000-0000-009a-ffff-ffff0000008e","ELEMENT":"00000000-0000-009a-ffff-ffff0000008e"}]
&amp#27;[38;5;180m[5fc55eeb]&amp#27;[0m&amp#27;[38;5;86m[HTTP]&amp#27;[0m &amp#27;[37m<-- POST /session/5fc55eeb-8c30-496a-8da7-c334a2a4c96e/elements &amp#27;[39m&amp#27;[32m200&amp#27;[39m &amp#27;[90m63 ms - 267&amp#27;[39m &amp#27;[90m&amp#27;[39m
&amp#27;[38;5;180m[5fc55eeb]&amp#27;[0m&amp#27;[38;5;86m[HTTP]&amp#27;[0m &amp#27;[37m-->&amp#27;[39m &amp#27;[37mGET&amp#27;[39m &amp#27;[37m/session/5fc55eeb-8c30-496a-8da7-c334a2a4c96e/element/00000000-0000-009a-ffff-ffff00000086/text&amp#27;[39m &amp#27;[90m{}&amp#27;[39m
&amp#27;[38;5;180m[5fc55eeb]&amp#27;[0m&amp#27;[38;5;-47m[AndroidUiautomator2Driver@f550]&amp#27;[0m Driver proxy active, passing request on via HTTP proxy
&amp#27;[38;5;180m[5fc55eeb]&amp#27;[0m&amp#27;[38;5;-47m[AndroidUiautomator2Driver@f550]&amp#27;[0m Matched '/session/5fc55eeb-8c30-496a-8da7-c334a2a4c96e/element/00000000-0000-009a-ffff-ffff00000086/text' to command name 'getText'
&amp#27;[38;5;180m[5fc55eeb]&amp#27;[0m&amp#27;[38;5;-47m[AndroidUiautomator2Driver@f550]&amp#27;[0m Proxying [GET /session/5fc55eeb-8c30-496a-8da7-c334a2a4c96e/element/00000000-0000-009a-ffff-ffff00000086/text] to [GET http://127.0.0.1:8200/session/9000f4cc-fdb1-4152-8a97-ca6e878fe392/element/00000000-0000-009a-ffff-ffff00000086/text] with no body
&amp#27;[38;5;180m[5fc55eeb]&amp#27;[0m&amp#27;[38;5;-47m[AndroidUiautomator2Driver@f550]&amp#27;[0m Got response with status 200: {"sessionId":"9000f4cc-fdb1-4152-8a97-ca6e878fe392","value":"$160.97"}
&amp#27;[38;5;180m[5fc55eeb]&amp#27;[0m&amp#27;[38;5;-47m[AndroidUiautomator2Driver@f550]&amp#27;[0m Replacing sessionId 9000f4cc-fdb1-4152-8a97-ca6e878fe392 with 5fc55eeb-8c30-496a-8da7-c334a2a4c96e
&amp#27;[38;5;180m[5fc55eeb]&amp#27;[0m&amp#27;[38;5;86m[HTTP]&amp#27;[0m &amp#27;[37m<-- GET /session/5fc55eeb-8c30-496a-8da7-c334a2a4c96e/element/00000000-0000-009a-ffff-ffff00000086/text &amp#27;[39m&amp#27;[32m200&amp#27;[39m &amp#27;[90m28 ms - 70&amp#27;[39m &amp#27;[90m&amp#27;[39m
&amp#27;[38;5;180m[5fc55eeb]&amp#27;[0m&amp#27;[38;5;86m[HTTP]&amp#27;[0m &amp#27;[37m-->&amp#27;[39m &amp#27;[37mGET&amp#27;[39m &amp#27;[37m/session/5fc55eeb-8c30-496a-8da7-c334a2a4c96e/context&amp#27;[39m &amp#27;[90m{}&amp#27;[39m
&amp#27;[38;5;180m[5fc55eeb]&amp#27;[0m&amp#27;[38;5;-47m[AndroidUiautomator2Driver@f550]&amp#27;[0m Calling AppiumDriver.getCurrentContext() with args: ["5fc55eeb-8c30-496a-8da7-c334a2a4c96e"]
&amp#27;[38;5;180m[5fc55eeb]&amp#27;[0m&amp#27;[38;5;-47m[AndroidUiautomator2Driver@f550]&amp#27;[0m Responding to client with driver.getCurrentContext() result: "NATIVE_APP"
&amp#27;[38;5;180m[5fc55eeb]&amp#27;[0m&amp#27;[38;5;86m[HTTP]&amp#27;[0m &amp#27;[37m<-- GET /session/5fc55eeb-8c30-496a-8da7-c334a2a4c96e/context &amp#27;[39m&amp#27;[32m200&amp#27;[39m &amp#27;[90m2 ms - 22&amp#27;[39m &amp#27;[90m&amp#27;[39m
&amp#27;[38;5;180m[5fc55eeb]&amp#27;[0m&amp#27;[38;5;86m[HTTP]&amp#27;[0m &amp#27;[37m-->&amp#27;[39m &amp#27;[37mPOST&amp#27;[39m &amp#27;[37m/session/5fc55eeb-8c30-496a-8da7-c334a2a4c96e/elements&amp#27;[39m &amp#27;[90m{"using":"id","value":"com.androidsample.generalstore:id/productPrice"}&amp#27;[39m
&amp#27;[38;5;180m[5fc55eeb]&amp#27;[0m&amp#27;[38;5;-47m[AndroidUiautomator2Driver@f550]&amp#27;[0m Calling AppiumDriver.findElements() with args: ["id","com.androidsample.generalstore:id/productPrice","5fc55eeb-8c30-496a-8da7-c334a2a4c96e"]
&amp#27;[38;5;180m[5fc55eeb]&amp#27;[0m&amp#27;[38;5;-47m[AndroidUiautomator2Driver@f550]&amp#27;[0m Valid locator strategies for this request: xpath, id, class name, accessibility id, css selector, -android uiautomator
&amp#27;[38;5;180m[5fc55eeb]&amp#27;[0m&amp#27;[38;5;-47m[AndroidUiautomator2Driver@f550]&amp#27;[0m Waiting up to 10000 ms for condition
&amp#27;[38;5;180m[5fc55eeb]&amp#27;[0m&amp#27;[38;5;-47m[AndroidUiautomator2Driver@f550]&amp#27;[0m Matched '/elements' to command name 'findElements'
&amp#27;[38;5;180m[5fc55eeb]&amp#27;[0m&amp#27;[38;5;-47m[AndroidUiautomator2Driver@f550]&amp#27;[0m Proxying [POST /elements] to [POST http://127.0.0.1:8200/session/9000f4cc-fdb1-4152-8a97-ca6e878fe392/elements] with body: {"strategy":"id","selector":"com.androidsample.generalstore:id/productPrice","context":"","multiple":true}
&amp#27;[38;5;180m[5fc55eeb]&amp#27;[0m&amp#27;[38;5;-47m[AndroidUiautomator2Driver@f550]&amp#27;[0m Got response with status 200: {"sessionId":"9000f4cc-fdb1-4152-8a97-ca6e878fe392","value":[{"ELEMENT":"00000000-0000-009a-ffff-ffff00000086","element-6066-11e4-a52e-4f735466cecf":"00000000-0000-009a-ffff-ffff00000086"},{"ELEMENT":"00000000-0000-009a-ffff-ffff0000008e","element-6066-11e4-a52e-4f735466cecf":"00000000-0000-009a-ffff-ffff0000008e"}]}
&amp#27;[38;5;180m[5fc55eeb]&amp#27;[0m&amp#27;[38;5;-47m[AndroidUiautomator2Driver@f550]&amp#27;[0m Responding to client with driver.findElements() result: [{"element-6066-11e4-a52e-4f735466cecf":"00000000-0000-009a-ffff-ffff00000086","ELEMENT":"00000000-0000-009a-ffff-ffff00000086"},{"element-6066-11e4-a52e-4f735466cecf":"00000000-0000-009a-ffff-ffff0000008e","ELEMENT":"00000000-0000-009a-ffff-ffff0000008e"}]
&amp#27;[38;5;180m[5fc55eeb]&amp#27;[0m&amp#27;[38;5;86m[HTTP]&amp#27;[0m &amp#27;[37m<-- POST /session/5fc55eeb-8c30-496a-8da7-c334a2a4c96e/elements &amp#27;[39m&amp#27;[32m200&amp#27;[39m &amp#27;[90m46 ms - 267&amp#27;[39m &amp#27;[90m&amp#27;[39m
&amp#27;[38;5;180m[5fc55eeb]&amp#27;[0m&amp#27;[38;5;86m[HTTP]&amp#27;[0m &amp#27;[37m-->&amp#27;[39m &amp#27;[37mGET&amp#27;[39m &amp#27;[37m/session/5fc55eeb-8c30-496a-8da7-c334a2a4c96e/element/00000000-0000-009a-ffff-ffff0000008e/text&amp#27;[39m &amp#27;[90m{}&amp#27;[39m
&amp#27;[38;5;180m[5fc55eeb]&amp#27;[0m&amp#27;[38;5;-47m[AndroidUiautomator2Driver@f550]&amp#27;[0m Driver proxy active, passing request on via HTTP proxy
&amp#27;[38;5;180m[5fc55eeb]&amp#27;[0m&amp#27;[38;5;-47m[AndroidUiautomator2Driver@f550]&amp#27;[0m Matched '/session/5fc55eeb-8c30-496a-8da7-c334a2a4c96e/element/00000000-0000-009a-ffff-ffff0000008e/text' to command name 'getText'
&amp#27;[38;5;180m[5fc55eeb]&amp#27;[0m&amp#27;[38;5;-47m[AndroidUiautomator2Driver@f550]&amp#27;[0m Proxying [GET /session/5fc55eeb-8c30-496a-8da7-c334a2a4c96e/element/00000000-0000-009a-ffff-ffff0000008e/text] to [GET http://127.0.0.1:8200/session/9000f4cc-fdb1-4152-8a97-ca6e878fe392/element/00000000-0000-009a-ffff-ffff0000008e/text] with no body
&amp#27;[38;5;180m[5fc55eeb]&amp#27;[0m&amp#27;[38;5;-47m[AndroidUiautomator2Driver@f550]&amp#27;[0m Got response with status 200: {"sessionId":"9000f4cc-fdb1-4152-8a97-ca6e878fe392","value":"$120.0"}
&amp#27;[38;5;180m[5fc55eeb]&amp#27;[0m&amp#27;[38;5;-47m[AndroidUiautomator2Driver@f550]&amp#27;[0m Replacing sessionId 9000f4cc-fdb1-4152-8a97-ca6e878fe392 with 5fc55eeb-8c30-496a-8da7-c334a2a4c96e
&amp#27;[38;5;180m[5fc55eeb]&amp#27;[0m&amp#27;[38;5;86m[HTTP]&amp#27;[0m &amp#27;[37m<-- GET /session/5fc55eeb-8c30-496a-8da7-c334a2a4c96e/element/00000000-0000-009a-ffff-ffff0000008e/text &amp#27;[39m&amp#27;[32m200&amp#27;[39m &amp#27;[90m27 ms - 69&amp#27;[39m &amp#27;[90m&amp#27;[39m
&amp#27;[38;5;180m[5fc55eeb]&amp#27;[0m&amp#27;[38;5;86m[HTTP]&amp#27;[0m &amp#27;[37m-->&amp#27;[39m &amp#27;[37mGET&amp#27;[39m &amp#27;[37m/session/5fc55eeb-8c30-496a-8da7-c334a2a4c96e/context&amp#27;[39m &amp#27;[90m{}&amp#27;[39m
&amp#27;[38;5;180m[5fc55eeb]&amp#27;[0m&amp#27;[38;5;-47m[AndroidUiautomator2Driver@f550]&amp#27;[0m Calling AppiumDriver.getCurrentContext() with args: ["5fc55eeb-8c30-496a-8da7-c334a2a4c96e"]
&amp#27;[38;5;180m[5fc55eeb]&amp#27;[0m&amp#27;[38;5;-47m[AndroidUiautomator2Driver@f550]&amp#27;[0m Responding to client with driver.getCurrentContext() result: "NATIVE_APP"
&amp#27;[38;5;180m[5fc55eeb]&amp#27;[0m&amp#27;[38;5;86m[HTTP]&amp#27;[0m &amp#27;[37m<-- GET /session/5fc55eeb-8c30-496a-8da7-c334a2a4c96e/context &amp#27;[39m&amp#27;[32m200&amp#27;[39m &amp#27;[90m2 ms - 22&amp#27;[39m &amp#27;[90m&amp#27;[39m
&amp#27;[38;5;180m[5fc55eeb]&amp#27;[0m&amp#27;[38;5;86m[HTTP]&amp#27;[0m &amp#27;[37m-->&amp#27;[39m &amp#27;[37mPOST&amp#27;[39m &amp#27;[37m/session/5fc55eeb-8c30-496a-8da7-c334a2a4c96e/element&amp#27;[39m &amp#27;[90m{"using":"id","value":"com.androidsample.generalstore:id/totalAmountLbl"}&amp#27;[39m
&amp#27;[38;5;180m[5fc55eeb]&amp#27;[0m&amp#27;[38;5;-47m[AndroidUiautomator2Driver@f550]&amp#27;[0m Calling AppiumDriver.findElement() with args: ["id","com.androidsample.generalstore:id/totalAmountLbl","5fc55eeb-8c30-496a-8da7-c334a2a4c96e"]
&amp#27;[38;5;180m[5fc55eeb]&amp#27;[0m&amp#27;[38;5;-47m[AndroidUiautomator2Driver@f550]&amp#27;[0m Valid locator strategies for this request: xpath, id, class name, accessibility id, css selector, -android uiautomator
&amp#27;[38;5;180m[5fc55eeb]&amp#27;[0m&amp#27;[38;5;-47m[AndroidUiautomator2Driver@f550]&amp#27;[0m Waiting up to 10000 ms for condition
&amp#27;[38;5;180m[5fc55eeb]&amp#27;[0m&amp#27;[38;5;-47m[AndroidUiautomator2Driver@f550]&amp#27;[0m Matched '/element' to command name 'findElement'
&amp#27;[38;5;180m[5fc55eeb]&amp#27;[0m&amp#27;[38;5;-47m[AndroidUiautomator2Driver@f550]&amp#27;[0m Proxying [POST /element] to [POST http://127.0.0.1:8200/session/9000f4cc-fdb1-4152-8a97-ca6e878fe392/element] with body: {"strategy":"id","selector":"com.androidsample.generalstore:id/totalAmountLbl","context":"","multiple":false}
&amp#27;[38;5;180m[5fc55eeb]&amp#27;[0m&amp#27;[38;5;-47m[AndroidUiautomator2Driver@f550]&amp#27;[0m Got response with status 200: {"sessionId":"9000f4cc-fdb1-4152-8a97-ca6e878fe392","value":{"ELEMENT":"00000000-0000-009a-ffff-ffff0000007a","element-6066-11e4-a52e-4f735466cecf":"00000000-0000-009a-ffff-ffff0000007a"}}
&amp#27;[38;5;180m[5fc55eeb]&amp#27;[0m&amp#27;[38;5;-47m[AndroidUiautomator2Driver@f550]&amp#27;[0m Responding to client with driver.findElement() result: {"element-6066-11e4-a52e-4f735466cecf":"00000000-0000-009a-ffff-ffff0000007a","ELEMENT":"00000000-0000-009a-ffff-ffff0000007a"}
&amp#27;[38;5;180m[5fc55eeb]&amp#27;[0m&amp#27;[38;5;86m[HTTP]&amp#27;[0m &amp#27;[37m<-- POST /session/5fc55eeb-8c30-496a-8da7-c334a2a4c96e/element &amp#27;[39m&amp#27;[32m200&amp#27;[39m &amp#27;[90m40 ms - 137&amp#27;[39m &amp#27;[90m&amp#27;[39m
&amp#27;[38;5;180m[5fc55eeb]&amp#27;[0m&amp#27;[38;5;86m[HTTP]&amp#27;[0m &amp#27;[37m-->&amp#27;[39m &amp#27;[37mGET&amp#27;[39m &amp#27;[37m/session/5fc55eeb-8c30-496a-8da7-c334a2a4c96e/element/00000000-0000-009a-ffff-ffff0000007a/text&amp#27;[39m &amp#27;[90m{}&amp#27;[39m
&amp#27;[38;5;180m[5fc55eeb]&amp#27;[0m&amp#27;[38;5;-47m[AndroidUiautomator2Driver@f550]&amp#27;[0m Driver proxy active, passing request on via HTTP proxy
&amp#27;[38;5;180m[5fc55eeb]&amp#27;[0m&amp#27;[38;5;-47m[AndroidUiautomator2Driver@f550]&amp#27;[0m Matched '/session/5fc55eeb-8c30-496a-8da7-c334a2a4c96e/element/00000000-0000-009a-ffff-ffff0000007a/text' to command name 'getText'
&amp#27;[38;5;180m[5fc55eeb]&amp#27;[0m&amp#27;[38;5;-47m[AndroidUiautomator2Driver@f550]&amp#27;[0m Proxying [GET /session/5fc55eeb-8c30-496a-8da7-c334a2a4c96e/element/00000000-0000-009a-ffff-ffff0000007a/text] to [GET http://127.0.0.1:8200/session/9000f4cc-fdb1-4152-8a97-ca6e878fe392/element/00000000-0000-009a-ffff-ffff0000007a/text] with no body
&amp#27;[38;5;180m[5fc55eeb]&amp#27;[0m&amp#27;[38;5;-47m[AndroidUiautomator2Driver@f550]&amp#27;[0m Got response with status 200: {"sessionId":"9000f4cc-fdb1-4152-8a97-ca6e878fe392","value":"$ 280.97"}
&amp#27;[38;5;180m[5fc55eeb]&amp#27;[0m&amp#27;[38;5;-47m[AndroidUiautomator2Driver@f550]&amp#27;[0m Replacing sessionId 9000f4cc-fdb1-4152-8a97-ca6e878fe392 with 5fc55eeb-8c30-496a-8da7-c334a2a4c96e
&amp#27;[38;5;180m[5fc55eeb]&amp#27;[0m&amp#27;[38;5;86m[HTTP]&amp#27;[0m &amp#27;[37m<-- GET /session/5fc55eeb-8c30-496a-8da7-c334a2a4c96e/element/00000000-0000-009a-ffff-ffff0000007a/text &amp#27;[39m&amp#27;[32m200&amp#27;[39m &amp#27;[90m22 ms - 71&amp#27;[39m &amp#27;[90m&amp#27;[39m
&amp#27;[38;5;180m[5fc55eeb]&amp#27;[0m&amp#27;[38;5;86m[HTTP]&amp#27;[0m &amp#27;[37m-->&amp#27;[39m &amp#27;[37mGET&amp#27;[39m &amp#27;[37m/session/5fc55eeb-8c30-496a-8da7-c334a2a4c96e/context&amp#27;[39m &amp#27;[90m{}&amp#27;[39m
&amp#27;[38;5;180m[5fc55eeb]&amp#27;[0m&amp#27;[38;5;-47m[AndroidUiautomator2Driver@f550]&amp#27;[0m Calling AppiumDriver.getCurrentContext() with args: ["5fc55eeb-8c30-496a-8da7-c334a2a4c96e"]
&amp#27;[38;5;180m[5fc55eeb]&amp#27;[0m&amp#27;[38;5;-47m[AndroidUiautomator2Driver@f550]&amp#27;[0m Responding to client with driver.getCurrentContext() result: "NATIVE_APP"
&amp#27;[38;5;180m[5fc55eeb]&amp#27;[0m&amp#27;[38;5;86m[HTTP]&amp#27;[0m &amp#27;[37m<-- GET /session/5fc55eeb-8c30-496a-8da7-c334a2a4c96e/context &amp#27;[39m&amp#27;[32m200&amp#27;[39m &amp#27;[90m2 ms - 22&amp#27;[39m &amp#27;[90m&amp#27;[39m
&amp#27;[38;5;180m[5fc55eeb]&amp#27;[0m&amp#27;[38;5;86m[HTTP]&amp#27;[0m &amp#27;[37m-->&amp#27;[39m &amp#27;[37mPOST&amp#27;[39m &amp#27;[37m/session/5fc55eeb-8c30-496a-8da7-c334a2a4c96e/element&amp#27;[39m &amp#27;[90m{"using":"id","value":"com.androidsample.generalstore:id/termsButton"}&amp#27;[39m
&amp#27;[38;5;180m[5fc55eeb]&amp#27;[0m&amp#27;[38;5;-47m[AndroidUiautomator2Driver@f550]&amp#27;[0m Calling AppiumDriver.findElement() with args: ["id","com.androidsample.generalstore:id/termsButton","5fc55eeb-8c30-496a-8da7-c334a2a4c96e"]
&amp#27;[38;5;180m[5fc55eeb]&amp#27;[0m&amp#27;[38;5;-47m[AndroidUiautomator2Driver@f550]&amp#27;[0m Valid locator strategies for this request: xpath, id, class name, accessibility id, css selector, -android uiautomator
&amp#27;[38;5;180m[5fc55eeb]&amp#27;[0m&amp#27;[38;5;-47m[AndroidUiautomator2Driver@f550]&amp#27;[0m Waiting up to 10000 ms for condition
&amp#27;[38;5;180m[5fc55eeb]&amp#27;[0m&amp#27;[38;5;-47m[AndroidUiautomator2Driver@f550]&amp#27;[0m Matched '/element' to command name 'findElement'
&amp#27;[38;5;180m[5fc55eeb]&amp#27;[0m&amp#27;[38;5;-47m[AndroidUiautomator2Driver@f550]&amp#27;[0m Proxying [POST /element] to [POST http://127.0.0.1:8200/session/9000f4cc-fdb1-4152-8a97-ca6e878fe392/element] with body: {"strategy":"id","selector":"com.androidsample.generalstore:id/termsButton","context":"","multiple":false}
&amp#27;[38;5;180m[5fc55eeb]&amp#27;[0m&amp#27;[38;5;-47m[AndroidUiautomator2Driver@f550]&amp#27;[0m Got response with status 200: {"sessionId":"9000f4cc-fdb1-4152-8a97-ca6e878fe392","value":{"ELEMENT":"00000000-0000-009a-ffff-ffff0000007d","element-6066-11e4-a52e-4f735466cecf":"00000000-0000-009a-ffff-ffff0000007d"}}
&amp#27;[38;5;180m[5fc55eeb]&amp#27;[0m&amp#27;[38;5;-47m[AndroidUiautomator2Driver@f550]&amp#27;[0m Responding to client with driver.findElement() result: {"element-6066-11e4-a52e-4f735466cecf":"00000000-0000-009a-ffff-ffff0000007d","ELEMENT":"00000000-0000-009a-ffff-ffff0000007d"}
&amp#27;[38;5;180m[5fc55eeb]&amp#27;[0m&amp#27;[38;5;86m[HTTP]&amp#27;[0m &amp#27;[37m<-- POST /session/5fc55eeb-8c30-496a-8da7-c334a2a4c96e/element &amp#27;[39m&amp#27;[32m200&amp#27;[39m &amp#27;[90m122 ms - 137&amp#27;[39m &amp#27;[90m&amp#27;[39m
&amp#27;[38;5;180m[5fc55eeb]&amp#27;[0m&amp#27;[38;5;86m[HTTP]&amp#27;[0m &amp#27;[37m-->&amp#27;[39m &amp#27;[37mPOST&amp#27;[39m &amp#27;[37m/session/5fc55eeb-8c30-496a-8da7-c334a2a4c96e/execute/sync&amp#27;[39m &amp#27;[90m{"script":"mobile: longClickGesture","args":[{"elementId":"00000000-0000-009a-ffff-ffff0000007d","duration":2000}]}&amp#27;[39m
&amp#27;[38;5;180m[5fc55eeb]&amp#27;[0m&amp#27;[38;5;-47m[AndroidUiautomator2Driver@f550]&amp#27;[0m Calling AppiumDriver.execute() with args: ["mobile: longClickGesture",[{"elementId":"00000000-0000-009a-ffff-ffff0000007d","duration":2000}],"5fc55eeb-8c30-496a-8da7-c334a2a4c96e"]
&amp#27;[38;5;180m[5fc55eeb]&amp#27;[0m&amp#27;[38;5;-47m[AndroidUiautomator2Driver@f550]&amp#27;[0m Executing native command 'mobile: longClickGesture'
&amp#27;[38;5;180m[5fc55eeb]&amp#27;[0m&amp#27;[38;5;-47m[AndroidUiautomator2Driver@f550]&amp#27;[0m Proxying [POST /appium/gestures/long_click] to [POST http://127.0.0.1:8200/session/9000f4cc-fdb1-4152-8a97-ca6e878fe392/appium/gestures/long_click] with body: {"origin":{"ELEMENT":"00000000-0000-009a-ffff-ffff0000007d","element-6066-11e4-a52e-4f735466cecf":"00000000-0000-009a-ffff-ffff0000007d"},"duration":2000}
&amp#27;[38;5;180m[5fc55eeb]&amp#27;[0m&amp#27;[38;5;-47m[AndroidUiautomator2Driver@f550]&amp#27;[0m Got response with status 200: {"sessionId":"9000f4cc-fdb1-4152-8a97-ca6e878fe392","value":null}
&amp#27;[38;5;180m[5fc55eeb]&amp#27;[0m&amp#27;[38;5;-47m[AndroidUiautomator2Driver@f550]&amp#27;[0m Responding to client with driver.execute() result: null
&amp#27;[38;5;180m[5fc55eeb]&amp#27;[0m&amp#27;[38;5;86m[HTTP]&amp#27;[0m &amp#27;[37m<-- POST /session/5fc55eeb-8c30-496a-8da7-c334a2a4c96e/execute/sync &amp#27;[39m&amp#27;[32m200&amp#27;[39m &amp#27;[90m4799 ms - 14&amp#27;[39m &amp#27;[90m&amp#27;[39m
&amp#27;[38;5;180m[5fc55eeb]&amp#27;[0m&amp#27;[38;5;86m[HTTP]&amp#27;[0m &amp#27;[37m-->&amp#27;[39m &amp#27;[37mGET&amp#27;[39m &amp#27;[37m/session/5fc55eeb-8c30-496a-8da7-c334a2a4c96e/context&amp#27;[39m &amp#27;[90m{}&amp#27;[39m
&amp#27;[38;5;180m[5fc55eeb]&amp#27;[0m&amp#27;[38;5;-47m[AndroidUiautomator2Driver@f550]&amp#27;[0m Calling AppiumDriver.getCurrentContext() with args: ["5fc55eeb-8c30-496a-8da7-c334a2a4c96e"]
&amp#27;[38;5;180m[5fc55eeb]&amp#27;[0m&amp#27;[38;5;-47m[AndroidUiautomator2Driver@f550]&amp#27;[0m Responding to client with driver.getCurrentContext() result: "NATIVE_APP"
&amp#27;[38;5;180m[5fc55eeb]&amp#27;[0m&amp#27;[38;5;86m[HTTP]&amp#27;[0m &amp#27;[37m<-- GET /session/5fc55eeb-8c30-496a-8da7-c334a2a4c96e/context &amp#27;[39m&amp#27;[32m200&amp#27;[39m &amp#27;[90m2 ms - 22&amp#27;[39m &amp#27;[90m&amp#27;[39m
&amp#27;[38;5;180m[5fc55eeb]&amp#27;[0m&amp#27;[38;5;86m[HTTP]&amp#27;[0m &amp#27;[37m-->&amp#27;[39m &amp#27;[37mPOST&amp#27;[39m &amp#27;[37m/session/5fc55eeb-8c30-496a-8da7-c334a2a4c96e/element&amp#27;[39m &amp#27;[90m{"using":"id","value":"android:id/button1"}&amp#27;[39m
&amp#27;[38;5;180m[5fc55eeb]&amp#27;[0m&amp#27;[38;5;-47m[AndroidUiautomator2Driver@f550]&amp#27;[0m Calling AppiumDriver.findElement() with args: ["id","android:id/button1","5fc55eeb-8c30-496a-8da7-c334a2a4c96e"]
&amp#27;[38;5;180m[5fc55eeb]&amp#27;[0m&amp#27;[38;5;-47m[AndroidUiautomator2Driver@f550]&amp#27;[0m Valid locator strategies for this request: xpath, id, class name, accessibility id, css selector, -android uiautomator
&amp#27;[38;5;180m[5fc55eeb]&amp#27;[0m&amp#27;[38;5;-47m[AndroidUiautomator2Driver@f550]&amp#27;[0m Waiting up to 10000 ms for condition
&amp#27;[38;5;180m[5fc55eeb]&amp#27;[0m&amp#27;[38;5;-47m[AndroidUiautomator2Driver@f550]&amp#27;[0m Matched '/element' to command name 'findElement'
&amp#27;[38;5;180m[5fc55eeb]&amp#27;[0m&amp#27;[38;5;-47m[AndroidUiautomator2Driver@f550]&amp#27;[0m Proxying [POST /element] to [POST http://127.0.0.1:8200/session/9000f4cc-fdb1-4152-8a97-ca6e878fe392/element] with body: {"strategy":"id","selector":"android:id/button1","context":"","multiple":false}
&amp#27;[38;5;180m[5fc55eeb]&amp#27;[0m&amp#27;[38;5;-47m[AndroidUiautomator2Driver@f550]&amp#27;[0m Got response with status 200: {"sessionId":"9000f4cc-fdb1-4152-8a97-ca6e878fe392","value":{"ELEMENT":"00000000-0000-009b-ffff-ffff000000a9","element-6066-11e4-a52e-4f735466cecf":"00000000-0000-009b-ffff-ffff000000a9"}}
&amp#27;[38;5;180m[5fc55eeb]&amp#27;[0m&amp#27;[38;5;-47m[AndroidUiautomator2Driver@f550]&amp#27;[0m Responding to client with driver.findElement() result: {"element-6066-11e4-a52e-4f735466cecf":"00000000-0000-009b-ffff-ffff000000a9","ELEMENT":"00000000-0000-009b-ffff-ffff000000a9"}
&amp#27;[38;5;180m[5fc55eeb]&amp#27;[0m&amp#27;[38;5;86m[HTTP]&amp#27;[0m &amp#27;[37m<-- POST /session/5fc55eeb-8c30-496a-8da7-c334a2a4c96e/element &amp#27;[39m&amp#27;[32m200&amp#27;[39m &amp#27;[90m57 ms - 137&amp#27;[39m &amp#27;[90m&amp#27;[39m
&amp#27;[38;5;180m[5fc55eeb]&amp#27;[0m&amp#27;[38;5;86m[HTTP]&amp#27;[0m &amp#27;[37m-->&amp#27;[39m &amp#27;[37mPOST&amp#27;[39m &amp#27;[37m/session/5fc55eeb-8c30-496a-8da7-c334a2a4c96e/element/00000000-0000-009b-ffff-ffff000000a9/click&amp#27;[39m &amp#27;[90m{"id":"00000000-0000-009b-ffff-ffff000000a9"}&amp#27;[39m
&amp#27;[38;5;180m[5fc55eeb]&amp#27;[0m&amp#27;[38;5;-47m[AndroidUiautomator2Driver@f550]&amp#27;[0m Calling AppiumDriver.click() with args: ["00000000-0000-009b-ffff-ffff000000a9","5fc55eeb-8c30-496a-8da7-c334a2a4c96e"]
&amp#27;[38;5;180m[5fc55eeb]&amp#27;[0m&amp#27;[38;5;-47m[AndroidUiautomator2Driver@f550]&amp#27;[0m Matched '/element/00000000-0000-009b-ffff-ffff000000a9/click' to command name 'click'
&amp#27;[38;5;180m[5fc55eeb]&amp#27;[0m&amp#27;[38;5;-47m[AndroidUiautomator2Driver@f550]&amp#27;[0m Proxying [POST /element/00000000-0000-009b-ffff-ffff000000a9/click] to [POST http://127.0.0.1:8200/session/9000f4cc-fdb1-4152-8a97-ca6e878fe392/element/00000000-0000-009b-ffff-ffff000000a9/click] with body: {"element":"00000000-0000-009b-ffff-ffff000000a9"}
&amp#27;[38;5;180m[5fc55eeb]&amp#27;[0m&amp#27;[38;5;-47m[AndroidUiautomator2Driver@f550]&amp#27;[0m Got response with status 200: {"sessionId":"9000f4cc-fdb1-4152-8a97-ca6e878fe392","value":null}
&amp#27;[38;5;180m[5fc55eeb]&amp#27;[0m&amp#27;[38;5;-47m[AndroidUiautomator2Driver@f550]&amp#27;[0m Responding to client with driver.click() result: null
&amp#27;[38;5;180m[5fc55eeb]&amp#27;[0m&amp#27;[38;5;86m[HTTP]&amp#27;[0m &amp#27;[37m<-- POST /session/5fc55eeb-8c30-496a-8da7-c334a2a4c96e/element/00000000-0000-009b-ffff-ffff000000a9/click &amp#27;[39m&amp#27;[32m200&amp#27;[39m &amp#27;[90m134 ms - 14&amp#27;[39m &amp#27;[90m&amp#27;[39m
&amp#27;[38;5;180m[5fc55eeb]&amp#27;[0m&amp#27;[38;5;86m[HTTP]&amp#27;[0m &amp#27;[37m-->&amp#27;[39m &amp#27;[37mGET&amp#27;[39m &amp#27;[37m/session/5fc55eeb-8c30-496a-8da7-c334a2a4c96e/context&amp#27;[39m &amp#27;[90m{}&amp#27;[39m
&amp#27;[38;5;180m[5fc55eeb]&amp#27;[0m&amp#27;[38;5;-47m[AndroidUiautomator2Driver@f550]&amp#27;[0m Calling AppiumDriver.getCurrentContext() with args: ["5fc55eeb-8c30-496a-8da7-c334a2a4c96e"]
&amp#27;[38;5;180m[5fc55eeb]&amp#27;[0m&amp#27;[38;5;-47m[AndroidUiautomator2Driver@f550]&amp#27;[0m Responding to client with driver.getCurrentContext() result: "NATIVE_APP"
&amp#27;[38;5;180m[5fc55eeb]&amp#27;[0m&amp#27;[38;5;86m[HTTP]&amp#27;[0m &amp#27;[37m<-- GET /session/5fc55eeb-8c30-496a-8da7-c334a2a4c96e/context &amp#27;[39m&amp#27;[32m200&amp#27;[39m &amp#27;[90m5 ms - 22&amp#27;[39m &amp#27;[90m&amp#27;[39m
&amp#27;[38;5;180m[5fc55eeb]&amp#27;[0m&amp#27;[38;5;86m[HTTP]&amp#27;[0m &amp#27;[37m-->&amp#27;[39m &amp#27;[37mPOST&amp#27;[39m &amp#27;[37m/session/5fc55eeb-8c30-496a-8da7-c334a2a4c96e/element&amp#27;[39m &amp#27;[90m{"using":"class name","value":"android.widget.CheckBox"}&amp#27;[39m
&amp#27;[38;5;180m[5fc55eeb]&amp#27;[0m&amp#27;[38;5;-47m[AndroidUiautomator2Driver@f550]&amp#27;[0m Calling AppiumDriver.findElement() with args: ["class name","android.widget.CheckBox","5fc55eeb-8c30-496a-8da7-c334a2a4c96e"]
&amp#27;[38;5;180m[5fc55eeb]&amp#27;[0m&amp#27;[38;5;-47m[AndroidUiautomator2Driver@f550]&amp#27;[0m Valid locator strategies for this request: xpath, id, class name, accessibility id, css selector, -android uiautomator
&amp#27;[38;5;180m[5fc55eeb]&amp#27;[0m&amp#27;[38;5;-47m[AndroidUiautomator2Driver@f550]&amp#27;[0m Waiting up to 10000 ms for condition
&amp#27;[38;5;180m[5fc55eeb]&amp#27;[0m&amp#27;[38;5;-47m[AndroidUiautomator2Driver@f550]&amp#27;[0m Matched '/element' to command name 'findElement'
&amp#27;[38;5;180m[5fc55eeb]&amp#27;[0m&amp#27;[38;5;-47m[AndroidUiautomator2Driver@f550]&amp#27;[0m Proxying [POST /element] to [POST http://127.0.0.1:8200/session/9000f4cc-fdb1-4152-8a97-ca6e878fe392/element] with body: {"strategy":"class name","selector":"android.widget.CheckBox","context":"","multiple":false}
&amp#27;[38;5;180m[5fc55eeb]&amp#27;[0m&amp#27;[38;5;-47m[AndroidUiautomator2Driver@f550]&amp#27;[0m Got response with status 200: {"sessionId":"9000f4cc-fdb1-4152-8a97-ca6e878fe392","value":{"ELEMENT":"00000000-0000-009a-ffff-ffff0000007b","element-6066-11e4-a52e-4f735466cecf":"00000000-0000-009a-ffff-ffff0000007b"}}
&amp#27;[38;5;180m[5fc55eeb]&amp#27;[0m&amp#27;[38;5;-47m[AndroidUiautomator2Driver@f550]&amp#27;[0m Responding to client with driver.findElement() result: {"element-6066-11e4-a52e-4f735466cecf":"00000000-0000-009a-ffff-ffff0000007b","ELEMENT":"00000000-0000-009a-ffff-ffff0000007b"}
&amp#27;[38;5;180m[5fc55eeb]&amp#27;[0m&amp#27;[38;5;86m[HTTP]&amp#27;[0m &amp#27;[37m<-- POST /session/5fc55eeb-8c30-496a-8da7-c334a2a4c96e/element &amp#27;[39m&amp#27;[32m200&amp#27;[39m &amp#27;[90m167 ms - 137&amp#27;[39m &amp#27;[90m&amp#27;[39m
&amp#27;[38;5;180m[5fc55eeb]&amp#27;[0m&amp#27;[38;5;86m[HTTP]&amp#27;[0m &amp#27;[37m-->&amp#27;[39m &amp#27;[37mPOST&amp#27;[39m &amp#27;[37m/session/5fc55eeb-8c30-496a-8da7-c334a2a4c96e/element/00000000-0000-009a-ffff-ffff0000007b/click&amp#27;[39m &amp#27;[90m{"id":"00000000-0000-009a-ffff-ffff0000007b"}&amp#27;[39m
&amp#27;[38;5;180m[5fc55eeb]&amp#27;[0m&amp#27;[38;5;-47m[AndroidUiautomator2Driver@f550]&amp#27;[0m Calling AppiumDriver.click() with args: ["00000000-0000-009a-ffff-ffff0000007b","5fc55eeb-8c30-496a-8da7-c334a2a4c96e"]
&amp#27;[38;5;180m[5fc55eeb]&amp#27;[0m&amp#27;[38;5;-47m[AndroidUiautomator2Driver@f550]&amp#27;[0m Matched '/element/00000000-0000-009a-ffff-ffff0000007b/click' to command name 'click'
&amp#27;[38;5;180m[5fc55eeb]&amp#27;[0m&amp#27;[38;5;-47m[AndroidUiautomator2Driver@f550]&amp#27;[0m Proxying [POST /element/00000000-0000-009a-ffff-ffff0000007b/click] to [POST http://127.0.0.1:8200/session/9000f4cc-fdb1-4152-8a97-ca6e878fe392/element/00000000-0000-009a-ffff-ffff0000007b/click] with body: {"element":"00000000-0000-009a-ffff-ffff0000007b"}
&amp#27;[38;5;180m[5fc55eeb]&amp#27;[0m&amp#27;[38;5;-47m[AndroidUiautomator2Driver@f550]&amp#27;[0m Got response with status 200: {"sessionId":"9000f4cc-fdb1-4152-8a97-ca6e878fe392","value":null}
&amp#27;[38;5;180m[5fc55eeb]&amp#27;[0m&amp#27;[38;5;-47m[AndroidUiautomator2Driver@f550]&amp#27;[0m Responding to client with driver.click() result: null
&amp#27;[38;5;180m[5fc55eeb]&amp#27;[0m&amp#27;[38;5;86m[HTTP]&amp#27;[0m &amp#27;[37m<-- POST /session/5fc55eeb-8c30-496a-8da7-c334a2a4c96e/element/00000000-0000-009a-ffff-ffff0000007b/click &amp#27;[39m&amp#27;[32m200&amp#27;[39m &amp#27;[90m189 ms - 14&amp#27;[39m &amp#27;[90m&amp#27;[39m
&amp#27;[38;5;180m[5fc55eeb]&amp#27;[0m&amp#27;[38;5;86m[HTTP]&amp#27;[0m &amp#27;[37m-->&amp#27;[39m &amp#27;[37mGET&amp#27;[39m &amp#27;[37m/session/5fc55eeb-8c30-496a-8da7-c334a2a4c96e/context&amp#27;[39m &amp#27;[90m{}&amp#27;[39m
&amp#27;[38;5;180m[5fc55eeb]&amp#27;[0m&amp#27;[38;5;-47m[AndroidUiautomator2Driver@f550]&amp#27;[0m Calling AppiumDriver.getCurrentContext() with args: ["5fc55eeb-8c30-496a-8da7-c334a2a4c96e"]
&amp#27;[38;5;180m[5fc55eeb]&amp#27;[0m&amp#27;[38;5;-47m[AndroidUiautomator2Driver@f550]&amp#27;[0m Responding to client with driver.getCurrentContext() result: "NATIVE_APP"
&amp#27;[38;5;180m[5fc55eeb]&amp#27;[0m&amp#27;[38;5;86m[HTTP]&amp#27;[0m &amp#27;[37m<-- GET /session/5fc55eeb-8c30-496a-8da7-c334a2a4c96e/context &amp#27;[39m&amp#27;[32m200&amp#27;[39m &amp#27;[90m2 ms - 22&amp#27;[39m &amp#27;[90m&amp#27;[39m
&amp#27;[38;5;180m[5fc55eeb]&amp#27;[0m&amp#27;[38;5;86m[HTTP]&amp#27;[0m &amp#27;[37m-->&amp#27;[39m &amp#27;[37mPOST&amp#27;[39m &amp#27;[37m/session/5fc55eeb-8c30-496a-8da7-c334a2a4c96e/element&amp#27;[39m &amp#27;[90m{"using":"id","value":"com.androidsample.generalstore:id/btnProceed"}&amp#27;[39m
&amp#27;[38;5;180m[5fc55eeb]&amp#27;[0m&amp#27;[38;5;-47m[AndroidUiautomator2Driver@f550]&amp#27;[0m Calling AppiumDriver.findElement() with args: ["id","com.androidsample.generalstore:id/btnProceed","5fc55eeb-8c30-496a-8da7-c334a2a4c96e"]
&amp#27;[38;5;180m[5fc55eeb]&amp#27;[0m&amp#27;[38;5;-47m[AndroidUiautomator2Driver@f550]&amp#27;[0m Valid locator strategies for this request: xpath, id, class name, accessibility id, css selector, -android uiautomator
&amp#27;[38;5;180m[5fc55eeb]&amp#27;[0m&amp#27;[38;5;-47m[AndroidUiautomator2Driver@f550]&amp#27;[0m Waiting up to 10000 ms for condition
&amp#27;[38;5;180m[5fc55eeb]&amp#27;[0m&amp#27;[38;5;-47m[AndroidUiautomator2Driver@f550]&amp#27;[0m Matched '/element' to command name 'findElement'
&amp#27;[38;5;180m[5fc55eeb]&amp#27;[0m&amp#27;[38;5;-47m[AndroidUiautomator2Driver@f550]&amp#27;[0m Proxying [POST /element] to [POST http://127.0.0.1:8200/session/9000f4cc-fdb1-4152-8a97-ca6e878fe392/element] with body: {"strategy":"id","selector":"com.androidsample.generalstore:id/btnProceed","context":"","multiple":false}
&amp#27;[38;5;180m[5fc55eeb]&amp#27;[0m&amp#27;[38;5;-47m[AndroidUiautomator2Driver@f550]&amp#27;[0m Got response with status 200: {"sessionId":"9000f4cc-fdb1-4152-8a97-ca6e878fe392","value":{"ELEMENT":"00000000-0000-009a-ffff-ffff0000007c","element-6066-11e4-a52e-4f735466cecf":"00000000-0000-009a-ffff-ffff0000007c"}}
&amp#27;[38;5;180m[5fc55eeb]&amp#27;[0m&amp#27;[38;5;-47m[AndroidUiautomator2Driver@f550]&amp#27;[0m Responding to client with driver.findElement() result: {"element-6066-11e4-a52e-4f735466cecf":"00000000-0000-009a-ffff-ffff0000007c","ELEMENT":"00000000-0000-009a-ffff-ffff0000007c"}
&amp#27;[38;5;180m[5fc55eeb]&amp#27;[0m&amp#27;[38;5;86m[HTTP]&amp#27;[0m &amp#27;[37m<-- POST /session/5fc55eeb-8c30-496a-8da7-c334a2a4c96e/element &amp#27;[39m&amp#27;[32m200&amp#27;[39m &amp#27;[90m169 ms - 137&amp#27;[39m &amp#27;[90m&amp#27;[39m
&amp#27;[38;5;180m[5fc55eeb]&amp#27;[0m&amp#27;[38;5;86m[HTTP]&amp#27;[0m &amp#27;[37m-->&amp#27;[39m &amp#27;[37mPOST&amp#27;[39m &amp#27;[37m/session/5fc55eeb-8c30-496a-8da7-c334a2a4c96e/element/00000000-0000-009a-ffff-ffff0000007c/click&amp#27;[39m &amp#27;[90m{"id":"00000000-0000-009a-ffff-ffff0000007c"}&amp#27;[39m
&amp#27;[38;5;180m[5fc55eeb]&amp#27;[0m&amp#27;[38;5;-47m[AndroidUiautomator2Driver@f550]&amp#27;[0m Calling AppiumDriver.click() with args: ["00000000-0000-009a-ffff-ffff0000007c","5fc55eeb-8c30-496a-8da7-c334a2a4c96e"]
&amp#27;[38;5;180m[5fc55eeb]&amp#27;[0m&amp#27;[38;5;-47m[AndroidUiautomator2Driver@f550]&amp#27;[0m Matched '/element/00000000-0000-009a-ffff-ffff0000007c/click' to command name 'click'
&amp#27;[38;5;180m[5fc55eeb]&amp#27;[0m&amp#27;[38;5;-47m[AndroidUiautomator2Driver@f550]&amp#27;[0m Proxying [POST /element/00000000-0000-009a-ffff-ffff0000007c/click] to [POST http://127.0.0.1:8200/session/9000f4cc-fdb1-4152-8a97-ca6e878fe392/element/00000000-0000-009a-ffff-ffff0000007c/click] with body: {"element":"00000000-0000-009a-ffff-ffff0000007c"}
&amp#27;[38;5;180m[5fc55eeb]&amp#27;[0m&amp#27;[38;5;-47m[AndroidUiautomator2Driver@f550]&amp#27;[0m Got response with status 200: {"sessionId":"9000f4cc-fdb1-4152-8a97-ca6e878fe392","value":null}
&amp#27;[38;5;180m[5fc55eeb]&amp#27;[0m&amp#27;[38;5;-47m[AndroidUiautomator2Driver@f550]&amp#27;[0m Responding to client with driver.click() result: null
&amp#27;[38;5;180m[5fc55eeb]&amp#27;[0m&amp#27;[38;5;86m[HTTP]&amp#27;[0m &amp#27;[37m<-- POST /session/5fc55eeb-8c30-496a-8da7-c334a2a4c96e/element/00000000-0000-009a-ffff-ffff0000007c/click &amp#27;[39m&amp#27;[32m200&amp#27;[39m &amp#27;[90m498 ms - 14&amp#27;[39m &amp#27;[90m&amp#27;[39m
&amp#27;[38;5;180m[5fc55eeb]&amp#27;[0m&amp#27;[38;5;86m[HTTP]&amp#27;[0m &amp#27;[37m-->&amp#27;[39m &amp#27;[37mPOST&amp#27;[39m &amp#27;[37m/session/5fc55eeb-8c30-496a-8da7-c334a2a4c96e/back&amp#27;[39m &amp#27;[90m{}&amp#27;[39m
&amp#27;[38;5;180m[5fc55eeb]&amp#27;[0m&amp#27;[38;5;-47m[AndroidUiautomator2Driver@f550]&amp#27;[0m Driver proxy active, passing request on via HTTP proxy
&amp#27;[38;5;180m[5fc55eeb]&amp#27;[0m&amp#27;[38;5;-47m[AndroidUiautomator2Driver@f550]&amp#27;[0m Matched '/session/5fc55eeb-8c30-496a-8da7-c334a2a4c96e/back' to command name 'back'
&amp#27;[38;5;180m[5fc55eeb]&amp#27;[0m&amp#27;[38;5;-47m[AndroidUiautomator2Driver@f550]&amp#27;[0m Proxying [POST /session/5fc55eeb-8c30-496a-8da7-c334a2a4c96e/back] to [POST http://127.0.0.1:8200/session/9000f4cc-fdb1-4152-8a97-ca6e878fe392/back] with body: {}
&amp#27;[38;5;180m[5fc55eeb]&amp#27;[0m&amp#27;[38;5;-47m[AndroidUiautomator2Driver@f550]&amp#27;[0m Got response with status 200: {"sessionId":"9000f4cc-fdb1-4152-8a97-ca6e878fe392","value":null}
&amp#27;[38;5;180m[5fc55eeb]&amp#27;[0m&amp#27;[38;5;-47m[AndroidUiautomator2Driver@f550]&amp#27;[0m Replacing sessionId 9000f4cc-fdb1-4152-8a97-ca6e878fe392 with 5fc55eeb-8c30-496a-8da7-c334a2a4c96e
&amp#27;[38;5;180m[5fc55eeb]&amp#27;[0m&amp#27;[38;5;86m[HTTP]&amp#27;[0m &amp#27;[37m<-- POST /session/5fc55eeb-8c30-496a-8da7-c334a2a4c96e/back &amp#27;[39m&amp#27;[32m200&amp#27;[39m &amp#27;[90m5118 ms - 65&amp#27;[39m &amp#27;[90m&amp#27;[39m
]]></system-out>
  </testcase>
  <testcase name="fillform[{name=sus, country=Argentina, gender=Female}](2)" classname="Rahullshetty.FrameWork.ecommerce_hybrid3" time="27.491">
    <system-out><![CDATA[&amp#27;[38;5;180m[5fc55eeb]&amp#27;[0m&amp#27;[38;5;86m[HTTP]&amp#27;[0m &amp#27;[37m-->&amp#27;[39m &amp#27;[37mGET&amp#27;[39m &amp#27;[37m/session/5fc55eeb-8c30-496a-8da7-c334a2a4c96e/context&amp#27;[39m &amp#27;[90m{}&amp#27;[39m
&amp#27;[38;5;180m[5fc55eeb]&amp#27;[0m&amp#27;[38;5;-47m[AndroidUiautomator2Driver@f550]&amp#27;[0m Calling AppiumDriver.getCurrentContext() with args: ["5fc55eeb-8c30-496a-8da7-c334a2a4c96e"]
&amp#27;[38;5;180m[5fc55eeb]&amp#27;[0m&amp#27;[38;5;-47m[AndroidUiautomator2Driver@f550]&amp#27;[0m Responding to client with driver.getCurrentContext() result: "NATIVE_APP"
&amp#27;[38;5;180m[5fc55eeb]&amp#27;[0m&amp#27;[38;5;86m[HTTP]&amp#27;[0m &amp#27;[37m<-- GET /session/5fc55eeb-8c30-496a-8da7-c334a2a4c96e/context &amp#27;[39m&amp#27;[32m200&amp#27;[39m &amp#27;[90m2 ms - 22&amp#27;[39m &amp#27;[90m&amp#27;[39m
&amp#27;[38;5;180m[5fc55eeb]&amp#27;[0m&amp#27;[38;5;86m[HTTP]&amp#27;[0m &amp#27;[37m-->&amp#27;[39m &amp#27;[37mPOST&amp#27;[39m &amp#27;[37m/session/5fc55eeb-8c30-496a-8da7-c334a2a4c96e/element&amp#27;[39m &amp#27;[90m{"using":"id","value":"com.androidsample.generalstore:id/nameField"}&amp#27;[39m
&amp#27;[38;5;180m[5fc55eeb]&amp#27;[0m&amp#27;[38;5;-47m[AndroidUiautomator2Driver@f550]&amp#27;[0m Calling AppiumDriver.findElement() with args: ["id","com.androidsample.generalstore:id/nameField","5fc55eeb-8c30-496a-8da7-c334a2a4c96e"]
&amp#27;[38;5;180m[5fc55eeb]&amp#27;[0m&amp#27;[38;5;-47m[AndroidUiautomator2Driver@f550]&amp#27;[0m Valid locator strategies for this request: xpath, id, class name, accessibility id, css selector, -android uiautomator
&amp#27;[38;5;180m[5fc55eeb]&amp#27;[0m&amp#27;[38;5;-47m[AndroidUiautomator2Driver@f550]&amp#27;[0m Waiting up to 10000 ms for condition
&amp#27;[38;5;180m[5fc55eeb]&amp#27;[0m&amp#27;[38;5;-47m[AndroidUiautomator2Driver@f550]&amp#27;[0m Matched '/element' to command name 'findElement'
&amp#27;[38;5;180m[5fc55eeb]&amp#27;[0m&amp#27;[38;5;-47m[AndroidUiautomator2Driver@f550]&amp#27;[0m Proxying [POST /element] to [POST http://127.0.0.1:8200/session/9000f4cc-fdb1-4152-8a97-ca6e878fe392/element] with body: {"strategy":"id","selector":"com.androidsample.generalstore:id/nameField","context":"","multiple":false}
&amp#27;[38;5;180m[5fc55eeb]&amp#27;[0m&amp#27;[38;5;-47m[AndroidUiautomator2Driver@f550]&amp#27;[0m Got response with status 200: {"sessionId":"9000f4cc-fdb1-4152-8a97-ca6e878fe392","value":{"ELEMENT":"00000000-0000-009e-ffff-ffff000000ca","element-6066-11e4-a52e-4f735466cecf":"00000000-0000-009e-ffff-ffff000000ca"}}
&amp#27;[38;5;180m[5fc55eeb]&amp#27;[0m&amp#27;[38;5;-47m[AndroidUiautomator2Driver@f550]&amp#27;[0m Responding to client with driver.findElement() result: {"element-6066-11e4-a52e-4f735466cecf":"00000000-0000-009e-ffff-ffff000000ca","ELEMENT":"00000000-0000-009e-ffff-ffff000000ca"}
&amp#27;[38;5;180m[5fc55eeb]&amp#27;[0m&amp#27;[38;5;86m[HTTP]&amp#27;[0m &amp#27;[37m<-- POST /session/5fc55eeb-8c30-496a-8da7-c334a2a4c96e/element &amp#27;[39m&amp#27;[32m200&amp#27;[39m &amp#27;[90m377 ms - 137&amp#27;[39m &amp#27;[90m&amp#27;[39m
&amp#27;[38;5;180m[5fc55eeb]&amp#27;[0m&amp#27;[38;5;86m[HTTP]&amp#27;[0m &amp#27;[37m-->&amp#27;[39m &amp#27;[37mPOST&amp#27;[39m &amp#27;[37m/session/5fc55eeb-8c30-496a-8da7-c334a2a4c96e/element/00000000-0000-009e-ffff-ffff000000ca/value&amp#27;[39m &amp#27;[90m{"value":["s","u","s"],"text":"sus","id":"00000000-0000-009e-ffff-ffff000000ca"}&amp#27;[39m
&amp#27;[38;5;180m[5fc55eeb]&amp#27;[0m&amp#27;[38;5;-47m[AndroidUiautomator2Driver@f550]&amp#27;[0m Calling AppiumDriver.setValue() with args: [["s","u","s"],"00000000-0000-009e-ffff-ffff000000ca","5fc55eeb-8c30-496a-8da7-c334a2a4c96e"]
&amp#27;[38;5;180m[5fc55eeb]&amp#27;[0m&amp#27;[38;5;-47m[AndroidUiautomator2Driver@f550]&amp#27;[0m Matched '/element/00000000-0000-009e-ffff-ffff000000ca/value' to command name 'setValue'
&amp#27;[38;5;180m[5fc55eeb]&amp#27;[0m&amp#27;[38;5;-47m[AndroidUiautomator2Driver@f550]&amp#27;[0m Added 'value' property ["s","u","s"] to 'setValue' request body
&amp#27;[38;5;180m[5fc55eeb]&amp#27;[0m&amp#27;[38;5;-47m[AndroidUiautomator2Driver@f550]&amp#27;[0m Proxying [POST /element/00000000-0000-009e-ffff-ffff000000ca/value] to [POST http://127.0.0.1:8200/session/9000f4cc-fdb1-4152-8a97-ca6e878fe392/element/00000000-0000-009e-ffff-ffff000000ca/value] with body: {"elementId":"00000000-0000-009e-ffff-ffff000000ca","text":"sus","replace":false,"value":["s","u","s"]}
&amp#27;[38;5;180m[5fc55eeb]&amp#27;[0m&amp#27;[38;5;-47m[AndroidUiautomator2Driver@f550]&amp#27;[0m Got response with status 200: {"sessionId":"9000f4cc-fdb1-4152-8a97-ca6e878fe392","value":null}
&amp#27;[38;5;180m[5fc55eeb]&amp#27;[0m&amp#27;[38;5;-47m[AndroidUiautomator2Driver@f550]&amp#27;[0m Responding to client with driver.setValue() result: null
&amp#27;[38;5;180m[5fc55eeb]&amp#27;[0m&amp#27;[38;5;86m[HTTP]&amp#27;[0m &amp#27;[37m<-- POST /session/5fc55eeb-8c30-496a-8da7-c334a2a4c96e/element/00000000-0000-009e-ffff-ffff000000ca/value &amp#27;[39m&amp#27;[32m200&amp#27;[39m &amp#27;[90m652 ms - 14&amp#27;[39m &amp#27;[90m&amp#27;[39m
&amp#27;[38;5;180m[5fc55eeb]&amp#27;[0m&amp#27;[38;5;86m[HTTP]&amp#27;[0m &amp#27;[37m-->&amp#27;[39m &amp#27;[37mPOST&amp#27;[39m &amp#27;[37m/session/5fc55eeb-8c30-496a-8da7-c334a2a4c96e/execute/sync&amp#27;[39m &amp#27;[90m{"script":"mobile: hideKeyboard","args":[]}&amp#27;[39m
&amp#27;[38;5;180m[5fc55eeb]&amp#27;[0m&amp#27;[38;5;-47m[AndroidUiautomator2Driver@f550]&amp#27;[0m Calling AppiumDriver.execute() with args: ["mobile: hideKeyboard",[],"5fc55eeb-8c30-496a-8da7-c334a2a4c96e"]
&amp#27;[38;5;180m[5fc55eeb]&amp#27;[0m&amp#27;[38;5;-47m[AndroidUiautomator2Driver@f550]&amp#27;[0m Executing native command 'mobile: hideKeyboard'
&amp#27;[38;5;180m[5fc55eeb]&amp#27;[0m&amp#27;[38;5;229m[ADB]&amp#27;[0m Running 'C:\Users\User\AppData\Local\Android\Sdk\platform-tools\adb.exe -P 5037 -s emulator-5554 shell dumpsys input_method'
&amp#27;[38;5;180m[5fc55eeb]&amp#27;[0m&amp#27;[38;5;229m[ADB]&amp#27;[0m Keyboard has no UI; no closing necessary
&amp#27;[38;5;180m[5fc55eeb]&amp#27;[0m&amp#27;[38;5;-47m[AndroidUiautomator2Driver@f550]&amp#27;[0m Responding to client with driver.execute() result: false
&amp#27;[38;5;180m[5fc55eeb]&amp#27;[0m&amp#27;[38;5;86m[HTTP]&amp#27;[0m &amp#27;[37m<-- POST /session/5fc55eeb-8c30-496a-8da7-c334a2a4c96e/execute/sync &amp#27;[39m&amp#27;[32m200&amp#27;[39m &amp#27;[90m457 ms - 15&amp#27;[39m &amp#27;[90m&amp#27;[39m
&amp#27;[38;5;180m[5fc55eeb]&amp#27;[0m&amp#27;[38;5;86m[HTTP]&amp#27;[0m &amp#27;[37m-->&amp#27;[39m &amp#27;[37mGET&amp#27;[39m &amp#27;[37m/session/5fc55eeb-8c30-496a-8da7-c334a2a4c96e/context&amp#27;[39m &amp#27;[90m{}&amp#27;[39m
&amp#27;[38;5;180m[5fc55eeb]&amp#27;[0m&amp#27;[38;5;-47m[AndroidUiautomator2Driver@f550]&amp#27;[0m Calling AppiumDriver.getCurrentContext() with args: ["5fc55eeb-8c30-496a-8da7-c334a2a4c96e"]
&amp#27;[38;5;180m[5fc55eeb]&amp#27;[0m&amp#27;[38;5;-47m[AndroidUiautomator2Driver@f550]&amp#27;[0m Responding to client with driver.getCurrentContext() result: "NATIVE_APP"
&amp#27;[38;5;180m[5fc55eeb]&amp#27;[0m&amp#27;[38;5;86m[HTTP]&amp#27;[0m &amp#27;[37m<-- GET /session/5fc55eeb-8c30-496a-8da7-c334a2a4c96e/context &amp#27;[39m&amp#27;[32m200&amp#27;[39m &amp#27;[90m1 ms - 22&amp#27;[39m &amp#27;[90m&amp#27;[39m
&amp#27;[38;5;180m[5fc55eeb]&amp#27;[0m&amp#27;[38;5;86m[HTTP]&amp#27;[0m &amp#27;[37m-->&amp#27;[39m &amp#27;[37mPOST&amp#27;[39m &amp#27;[37m/session/5fc55eeb-8c30-496a-8da7-c334a2a4c96e/element&amp#27;[39m &amp#27;[90m{"using":"xpath","value":"//android.widget.RadioButton[@text='Female']"}&amp#27;[39m
&amp#27;[38;5;180m[5fc55eeb]&amp#27;[0m&amp#27;[38;5;-47m[AndroidUiautomator2Driver@f550]&amp#27;[0m Calling AppiumDriver.findElement() with args: ["xpath","//android.widget.RadioButton[@text='Female']","5fc55eeb-8c30-496a-8da7-c334a2a4c96e"]
&amp#27;[38;5;180m[5fc55eeb]&amp#27;[0m&amp#27;[38;5;-47m[AndroidUiautomator2Driver@f550]&amp#27;[0m Valid locator strategies for this request: xpath, id, class name, accessibility id, css selector, -android uiautomator
&amp#27;[38;5;180m[5fc55eeb]&amp#27;[0m&amp#27;[38;5;-47m[AndroidUiautomator2Driver@f550]&amp#27;[0m Waiting up to 10000 ms for condition
&amp#27;[38;5;180m[5fc55eeb]&amp#27;[0m&amp#27;[38;5;-47m[AndroidUiautomator2Driver@f550]&amp#27;[0m Matched '/element' to command name 'findElement'
&amp#27;[38;5;180m[5fc55eeb]&amp#27;[0m&amp#27;[38;5;-47m[AndroidUiautomator2Driver@f550]&amp#27;[0m Proxying [POST /element] to [POST http://127.0.0.1:8200/session/9000f4cc-fdb1-4152-8a97-ca6e878fe392/element] with body: {"strategy":"xpath","selector":"//android.widget.RadioButton[@text='Female']","context":"","multiple":false}
&amp#27;[38;5;180m[5fc55eeb]&amp#27;[0m&amp#27;[38;5;-47m[AndroidUiautomator2Driver@f550]&amp#27;[0m Got response with status 200: {"sessionId":"9000f4cc-fdb1-4152-8a97-ca6e878fe392","value":{"ELEMENT":"00000000-0000-009e-ffff-ffff000000ce","element-6066-11e4-a52e-4f735466cecf":"00000000-0000-009e-ffff-ffff000000ce"}}
&amp#27;[38;5;180m[5fc55eeb]&amp#27;[0m&amp#27;[38;5;-47m[AndroidUiautomator2Driver@f550]&amp#27;[0m Responding to client with driver.findElement() result: {"element-6066-11e4-a52e-4f735466cecf":"00000000-0000-009e-ffff-ffff000000ce","ELEMENT":"00000000-0000-009e-ffff-ffff000000ce"}
&amp#27;[38;5;180m[5fc55eeb]&amp#27;[0m&amp#27;[38;5;86m[HTTP]&amp#27;[0m &amp#27;[37m<-- POST /session/5fc55eeb-8c30-496a-8da7-c334a2a4c96e/element &amp#27;[39m&amp#27;[32m200&amp#27;[39m &amp#27;[90m86 ms - 137&amp#27;[39m &amp#27;[90m&amp#27;[39m
&amp#27;[38;5;180m[5fc55eeb]&amp#27;[0m&amp#27;[38;5;86m[HTTP]&amp#27;[0m &amp#27;[37m-->&amp#27;[39m &amp#27;[37mPOST&amp#27;[39m &amp#27;[37m/session/5fc55eeb-8c30-496a-8da7-c334a2a4c96e/element/00000000-0000-009e-ffff-ffff000000ce/click&amp#27;[39m &amp#27;[90m{"id":"00000000-0000-009e-ffff-ffff000000ce"}&amp#27;[39m
&amp#27;[38;5;180m[5fc55eeb]&amp#27;[0m&amp#27;[38;5;-47m[AndroidUiautomator2Driver@f550]&amp#27;[0m Calling AppiumDriver.click() with args: ["00000000-0000-009e-ffff-ffff000000ce","5fc55eeb-8c30-496a-8da7-c334a2a4c96e"]
&amp#27;[38;5;180m[5fc55eeb]&amp#27;[0m&amp#27;[38;5;-47m[AndroidUiautomator2Driver@f550]&amp#27;[0m Matched '/element/00000000-0000-009e-ffff-ffff000000ce/click' to command name 'click'
&amp#27;[38;5;180m[5fc55eeb]&amp#27;[0m&amp#27;[38;5;-47m[AndroidUiautomator2Driver@f550]&amp#27;[0m Proxying [POST /element/00000000-0000-009e-ffff-ffff000000ce/click] to [POST http://127.0.0.1:8200/session/9000f4cc-fdb1-4152-8a97-ca6e878fe392/element/00000000-0000-009e-ffff-ffff000000ce/click] with body: {"element":"00000000-0000-009e-ffff-ffff000000ce"}
&amp#27;[38;5;180m[5fc55eeb]&amp#27;[0m&amp#27;[38;5;-47m[AndroidUiautomator2Driver@f550]&amp#27;[0m Got response with status 200: {"sessionId":"9000f4cc-fdb1-4152-8a97-ca6e878fe392","value":null}
&amp#27;[38;5;180m[5fc55eeb]&amp#27;[0m&amp#27;[38;5;-47m[AndroidUiautomator2Driver@f550]&amp#27;[0m Responding to client with driver.click() result: null
&amp#27;[38;5;180m[5fc55eeb]&amp#27;[0m&amp#27;[38;5;86m[HTTP]&amp#27;[0m &amp#27;[37m<-- POST /session/5fc55eeb-8c30-496a-8da7-c334a2a4c96e/element/00000000-0000-009e-ffff-ffff000000ce/click &amp#27;[39m&amp#27;[32m200&amp#27;[39m &amp#27;[90m696 ms - 14&amp#27;[39m &amp#27;[90m&amp#27;[39m
&amp#27;[38;5;180m[5fc55eeb]&amp#27;[0m&amp#27;[38;5;86m[HTTP]&amp#27;[0m &amp#27;[37m-->&amp#27;[39m &amp#27;[37mGET&amp#27;[39m &amp#27;[37m/session/5fc55eeb-8c30-496a-8da7-c334a2a4c96e/context&amp#27;[39m &amp#27;[90m{}&amp#27;[39m
&amp#27;[38;5;180m[5fc55eeb]&amp#27;[0m&amp#27;[38;5;-47m[AndroidUiautomator2Driver@f550]&amp#27;[0m Calling AppiumDriver.getCurrentContext() with args: ["5fc55eeb-8c30-496a-8da7-c334a2a4c96e"]
&amp#27;[38;5;180m[5fc55eeb]&amp#27;[0m&amp#27;[38;5;-47m[AndroidUiautomator2Driver@f550]&amp#27;[0m Responding to client with driver.getCurrentContext() result: "NATIVE_APP"
&amp#27;[38;5;180m[5fc55eeb]&amp#27;[0m&amp#27;[38;5;86m[HTTP]&amp#27;[0m &amp#27;[37m<-- GET /session/5fc55eeb-8c30-496a-8da7-c334a2a4c96e/context &amp#27;[39m&amp#27;[32m200&amp#27;[39m &amp#27;[90m1 ms - 22&amp#27;[39m &amp#27;[90m&amp#27;[39m
&amp#27;[38;5;180m[5fc55eeb]&amp#27;[0m&amp#27;[38;5;86m[HTTP]&amp#27;[0m &amp#27;[37m-->&amp#27;[39m &amp#27;[37mPOST&amp#27;[39m &amp#27;[37m/session/5fc55eeb-8c30-496a-8da7-c334a2a4c96e/element&amp#27;[39m &amp#27;[90m{"using":"id","value":"android:id/text1"}&amp#27;[39m
&amp#27;[38;5;180m[5fc55eeb]&amp#27;[0m&amp#27;[38;5;-47m[AndroidUiautomator2Driver@f550]&amp#27;[0m Calling AppiumDriver.findElement() with args: ["id","android:id/text1","5fc55eeb-8c30-496a-8da7-c334a2a4c96e"]
&amp#27;[38;5;180m[5fc55eeb]&amp#27;[0m&amp#27;[38;5;-47m[AndroidUiautomator2Driver@f550]&amp#27;[0m Valid locator strategies for this request: xpath, id, class name, accessibility id, css selector, -android uiautomator
&amp#27;[38;5;180m[5fc55eeb]&amp#27;[0m&amp#27;[38;5;-47m[AndroidUiautomator2Driver@f550]&amp#27;[0m Waiting up to 10000 ms for condition
&amp#27;[38;5;180m[5fc55eeb]&amp#27;[0m&amp#27;[38;5;-47m[AndroidUiautomator2Driver@f550]&amp#27;[0m Matched '/element' to command name 'findElement'
&amp#27;[38;5;180m[5fc55eeb]&amp#27;[0m&amp#27;[38;5;-47m[AndroidUiautomator2Driver@f550]&amp#27;[0m Proxying [POST /element] to [POST http://127.0.0.1:8200/session/9000f4cc-fdb1-4152-8a97-ca6e878fe392/element] with body: {"strategy":"id","selector":"android:id/text1","context":"","multiple":false}
&amp#27;[38;5;180m[5fc55eeb]&amp#27;[0m&amp#27;[38;5;-47m[AndroidUiautomator2Driver@f550]&amp#27;[0m Got response with status 200: {"sessionId":"9000f4cc-fdb1-4152-8a97-ca6e878fe392","value":{"ELEMENT":"00000000-0000-009e-ffff-ffff000000d2","element-6066-11e4-a52e-4f735466cecf":"00000000-0000-009e-ffff-ffff000000d2"}}
&amp#27;[38;5;180m[5fc55eeb]&amp#27;[0m&amp#27;[38;5;-47m[AndroidUiautomator2Driver@f550]&amp#27;[0m Responding to client with driver.findElement() result: {"element-6066-11e4-a52e-4f735466cecf":"00000000-0000-009e-ffff-ffff000000d2","ELEMENT":"00000000-0000-009e-ffff-ffff000000d2"}
&amp#27;[38;5;180m[5fc55eeb]&amp#27;[0m&amp#27;[38;5;86m[HTTP]&amp#27;[0m &amp#27;[37m<-- POST /session/5fc55eeb-8c30-496a-8da7-c334a2a4c96e/element &amp#27;[39m&amp#27;[32m200&amp#27;[39m &amp#27;[90m49 ms - 137&amp#27;[39m &amp#27;[90m&amp#27;[39m
&amp#27;[38;5;180m[5fc55eeb]&amp#27;[0m&amp#27;[38;5;86m[HTTP]&amp#27;[0m &amp#27;[37m-->&amp#27;[39m &amp#27;[37mPOST&amp#27;[39m &amp#27;[37m/session/5fc55eeb-8c30-496a-8da7-c334a2a4c96e/element/00000000-0000-009e-ffff-ffff000000d2/click&amp#27;[39m &amp#27;[90m{"id":"00000000-0000-009e-ffff-ffff000000d2"}&amp#27;[39m
&amp#27;[38;5;180m[5fc55eeb]&amp#27;[0m&amp#27;[38;5;-47m[AndroidUiautomator2Driver@f550]&amp#27;[0m Calling AppiumDriver.click() with args: ["00000000-0000-009e-ffff-ffff000000d2","5fc55eeb-8c30-496a-8da7-c334a2a4c96e"]
&amp#27;[38;5;180m[5fc55eeb]&amp#27;[0m&amp#27;[38;5;-47m[AndroidUiautomator2Driver@f550]&amp#27;[0m Matched '/element/00000000-0000-009e-ffff-ffff000000d2/click' to command name 'click'
&amp#27;[38;5;180m[5fc55eeb]&amp#27;[0m&amp#27;[38;5;-47m[AndroidUiautomator2Driver@f550]&amp#27;[0m Proxying [POST /element/00000000-0000-009e-ffff-ffff000000d2/click] to [POST http://127.0.0.1:8200/session/9000f4cc-fdb1-4152-8a97-ca6e878fe392/element/00000000-0000-009e-ffff-ffff000000d2/click] with body: {"element":"00000000-0000-009e-ffff-ffff000000d2"}
&amp#27;[38;5;180m[5fc55eeb]&amp#27;[0m&amp#27;[38;5;-47m[AndroidUiautomator2Driver@f550]&amp#27;[0m Got response with status 200: {"sessionId":"9000f4cc-fdb1-4152-8a97-ca6e878fe392","value":null}
&amp#27;[38;5;180m[5fc55eeb]&amp#27;[0m&amp#27;[38;5;-47m[AndroidUiautomator2Driver@f550]&amp#27;[0m Responding to client with driver.click() result: null
&amp#27;[38;5;180m[5fc55eeb]&amp#27;[0m&amp#27;[38;5;86m[HTTP]&amp#27;[0m &amp#27;[37m<-- POST /session/5fc55eeb-8c30-496a-8da7-c334a2a4c96e/element/00000000-0000-009e-ffff-ffff000000d2/click &amp#27;[39m&amp#27;[32m200&amp#27;[39m &amp#27;[90m91 ms - 14&amp#27;[39m &amp#27;[90m&amp#27;[39m
&amp#27;[38;5;180m[5fc55eeb]&amp#27;[0m&amp#27;[38;5;86m[HTTP]&amp#27;[0m &amp#27;[37m-->&amp#27;[39m &amp#27;[37mPOST&amp#27;[39m &amp#27;[37m/session/5fc55eeb-8c30-496a-8da7-c334a2a4c96e/element&amp#27;[39m &amp#27;[90m{"using":"-android uiautomator","value":"new UiScrollable(new UiSelector()).scrollIntoView(text(\"Argentina\"));"}&amp#27;[39m
&amp#27;[38;5;180m[5fc55eeb]&amp#27;[0m&amp#27;[38;5;-47m[AndroidUiautomator2Driver@f550]&amp#27;[0m Calling AppiumDriver.findElement() with args: ["-android uiautomator","new UiScrollable(new UiSelector()).scrollIntoView(text(\"Argentina\"));","5fc55eeb-8c30-496a-8da7-c334a2a4c96e"]
&amp#27;[38;5;180m[5fc55eeb]&amp#27;[0m&amp#27;[38;5;-47m[AndroidUiautomator2Driver@f550]&amp#27;[0m Valid locator strategies for this request: xpath, id, class name, accessibility id, css selector, -android uiautomator
&amp#27;[38;5;180m[5fc55eeb]&amp#27;[0m&amp#27;[38;5;-47m[AndroidUiautomator2Driver@f550]&amp#27;[0m Waiting up to 10000 ms for condition
&amp#27;[38;5;180m[5fc55eeb]&amp#27;[0m&amp#27;[38;5;-47m[AndroidUiautomator2Driver@f550]&amp#27;[0m Matched '/element' to command name 'findElement'
&amp#27;[38;5;180m[5fc55eeb]&amp#27;[0m&amp#27;[38;5;-47m[AndroidUiautomator2Driver@f550]&amp#27;[0m Proxying [POST /element] to [POST http://127.0.0.1:8200/session/9000f4cc-fdb1-4152-8a97-ca6e878fe392/element] with body: {"strategy":"-android uiautomator","selector":"new UiScrollable(new UiSelector()).scrollIntoView(text(\"Argentina\"));","context":"","multiple":false}
&amp#27;[38;5;180m[5fc55eeb]&amp#27;[0m&amp#27;[38;5;-47m[AndroidUiautomator2Driver@f550]&amp#27;[0m Got response with status 200: {"sessionId":"9000f4cc-fdb1-4152-8a97-ca6e878fe392","value":{"ELEMENT":"00000000-0000-009f-ffff-ffff000000e0","element-6066-11e4-a52e-4f735466cecf":"00000000-0000-009f-ffff-ffff000000e0"}}
&amp#27;[38;5;180m[5fc55eeb]&amp#27;[0m&amp#27;[38;5;-47m[AndroidUiautomator2Driver@f550]&amp#27;[0m Responding to client with driver.findElement() result: {"element-6066-11e4-a52e-4f735466cecf":"00000000-0000-009f-ffff-ffff000000e0","ELEMENT":"00000000-0000-009f-ffff-ffff000000e0"}
&amp#27;[38;5;180m[5fc55eeb]&amp#27;[0m&amp#27;[38;5;86m[HTTP]&amp#27;[0m &amp#27;[37m<-- POST /session/5fc55eeb-8c30-496a-8da7-c334a2a4c96e/element &amp#27;[39m&amp#27;[32m200&amp#27;[39m &amp#27;[90m5948 ms - 137&amp#27;[39m &amp#27;[90m&amp#27;[39m
&amp#27;[38;5;180m[5fc55eeb]&amp#27;[0m&amp#27;[38;5;86m[HTTP]&amp#27;[0m &amp#27;[37m-->&amp#27;[39m &amp#27;[37mPOST&amp#27;[39m &amp#27;[37m/session/5fc55eeb-8c30-496a-8da7-c334a2a4c96e/element/00000000-0000-009f-ffff-ffff000000e0/click&amp#27;[39m &amp#27;[90m{"id":"00000000-0000-009f-ffff-ffff000000e0"}&amp#27;[39m
&amp#27;[38;5;180m[5fc55eeb]&amp#27;[0m&amp#27;[38;5;-47m[AndroidUiautomator2Driver@f550]&amp#27;[0m Calling AppiumDriver.click() with args: ["00000000-0000-009f-ffff-ffff000000e0","5fc55eeb-8c30-496a-8da7-c334a2a4c96e"]
&amp#27;[38;5;180m[5fc55eeb]&amp#27;[0m&amp#27;[38;5;-47m[AndroidUiautomator2Driver@f550]&amp#27;[0m Matched '/element/00000000-0000-009f-ffff-ffff000000e0/click' to command name 'click'
&amp#27;[38;5;180m[5fc55eeb]&amp#27;[0m&amp#27;[38;5;-47m[AndroidUiautomator2Driver@f550]&amp#27;[0m Proxying [POST /element/00000000-0000-009f-ffff-ffff000000e0/click] to [POST http://127.0.0.1:8200/session/9000f4cc-fdb1-4152-8a97-ca6e878fe392/element/00000000-0000-009f-ffff-ffff000000e0/click] with body: {"element":"00000000-0000-009f-ffff-ffff000000e0"}
&amp#27;[38;5;180m[5fc55eeb]&amp#27;[0m&amp#27;[38;5;-47m[AndroidUiautomator2Driver@f550]&amp#27;[0m Got response with status 200: {"sessionId":"9000f4cc-fdb1-4152-8a97-ca6e878fe392","value":null}
&amp#27;[38;5;180m[5fc55eeb]&amp#27;[0m&amp#27;[38;5;-47m[AndroidUiautomator2Driver@f550]&amp#27;[0m Responding to client with driver.click() result: null
&amp#27;[38;5;180m[5fc55eeb]&amp#27;[0m&amp#27;[38;5;86m[HTTP]&amp#27;[0m &amp#27;[37m<-- POST /session/5fc55eeb-8c30-496a-8da7-c334a2a4c96e/element/00000000-0000-009f-ffff-ffff000000e0/click &amp#27;[39m&amp#27;[32m200&amp#27;[39m &amp#27;[90m789 ms - 14&amp#27;[39m &amp#27;[90m&amp#27;[39m
&amp#27;[38;5;180m[5fc55eeb]&amp#27;[0m&amp#27;[38;5;86m[HTTP]&amp#27;[0m &amp#27;[37m-->&amp#27;[39m &amp#27;[37mGET&amp#27;[39m &amp#27;[37m/session/5fc55eeb-8c30-496a-8da7-c334a2a4c96e/context&amp#27;[39m &amp#27;[90m{}&amp#27;[39m
&amp#27;[38;5;180m[5fc55eeb]&amp#27;[0m&amp#27;[38;5;-47m[AndroidUiautomator2Driver@f550]&amp#27;[0m Calling AppiumDriver.getCurrentContext() with args: ["5fc55eeb-8c30-496a-8da7-c334a2a4c96e"]
&amp#27;[38;5;180m[5fc55eeb]&amp#27;[0m&amp#27;[38;5;-47m[AndroidUiautomator2Driver@f550]&amp#27;[0m Responding to client with driver.getCurrentContext() result: "NATIVE_APP"
&amp#27;[38;5;180m[5fc55eeb]&amp#27;[0m&amp#27;[38;5;86m[HTTP]&amp#27;[0m &amp#27;[37m<-- GET /session/5fc55eeb-8c30-496a-8da7-c334a2a4c96e/context &amp#27;[39m&amp#27;[32m200&amp#27;[39m &amp#27;[90m3 ms - 22&amp#27;[39m &amp#27;[90m&amp#27;[39m
&amp#27;[38;5;180m[5fc55eeb]&amp#27;[0m&amp#27;[38;5;86m[HTTP]&amp#27;[0m &amp#27;[37m-->&amp#27;[39m &amp#27;[37mPOST&amp#27;[39m &amp#27;[37m/session/5fc55eeb-8c30-496a-8da7-c334a2a4c96e/element&amp#27;[39m &amp#27;[90m{"using":"id","value":"com.androidsample.generalstore:id/btnLetsShop"}&amp#27;[39m
&amp#27;[38;5;180m[5fc55eeb]&amp#27;[0m&amp#27;[38;5;-47m[AndroidUiautomator2Driver@f550]&amp#27;[0m Calling AppiumDriver.findElement() with args: ["id","com.androidsample.generalstore:id/btnLetsShop","5fc55eeb-8c30-496a-8da7-c334a2a4c96e"]
&amp#27;[38;5;180m[5fc55eeb]&amp#27;[0m&amp#27;[38;5;-47m[AndroidUiautomator2Driver@f550]&amp#27;[0m Valid locator strategies for this request: xpath, id, class name, accessibility id, css selector, -android uiautomator
&amp#27;[38;5;180m[5fc55eeb]&amp#27;[0m&amp#27;[38;5;-47m[AndroidUiautomator2Driver@f550]&amp#27;[0m Waiting up to 10000 ms for condition
&amp#27;[38;5;180m[5fc55eeb]&amp#27;[0m&amp#27;[38;5;-47m[AndroidUiautomator2Driver@f550]&amp#27;[0m Matched '/element' to command name 'findElement'
&amp#27;[38;5;180m[5fc55eeb]&amp#27;[0m&amp#27;[38;5;-47m[AndroidUiautomator2Driver@f550]&amp#27;[0m Proxying [POST /element] to [POST http://127.0.0.1:8200/session/9000f4cc-fdb1-4152-8a97-ca6e878fe392/element] with body: {"strategy":"id","selector":"com.androidsample.generalstore:id/btnLetsShop","context":"","multiple":false}
&amp#27;[38;5;180m[5fc55eeb]&amp#27;[0m&amp#27;[38;5;-47m[AndroidUiautomator2Driver@f550]&amp#27;[0m Got response with status 200: {"sessionId":"9000f4cc-fdb1-4152-8a97-ca6e878fe392","value":{"ELEMENT":"00000000-0000-009e-ffff-ffff000000cf","element-6066-11e4-a52e-4f735466cecf":"00000000-0000-009e-ffff-ffff000000cf"}}
&amp#27;[38;5;180m[5fc55eeb]&amp#27;[0m&amp#27;[38;5;-47m[AndroidUiautomator2Driver@f550]&amp#27;[0m Responding to client with driver.findElement() result: {"element-6066-11e4-a52e-4f735466cecf":"00000000-0000-009e-ffff-ffff000000cf","ELEMENT":"00000000-0000-009e-ffff-ffff000000cf"}
&amp#27;[38;5;180m[5fc55eeb]&amp#27;[0m&amp#27;[38;5;86m[HTTP]&amp#27;[0m &amp#27;[37m<-- POST /session/5fc55eeb-8c30-496a-8da7-c334a2a4c96e/element &amp#27;[39m&amp#27;[32m200&amp#27;[39m &amp#27;[90m62 ms - 137&amp#27;[39m &amp#27;[90m&amp#27;[39m
&amp#27;[38;5;180m[5fc55eeb]&amp#27;[0m&amp#27;[38;5;86m[HTTP]&amp#27;[0m &amp#27;[37m-->&amp#27;[39m &amp#27;[37mPOST&amp#27;[39m &amp#27;[37m/session/5fc55eeb-8c30-496a-8da7-c334a2a4c96e/element/00000000-0000-009e-ffff-ffff000000cf/click&amp#27;[39m &amp#27;[90m{"id":"00000000-0000-009e-ffff-ffff000000cf"}&amp#27;[39m
&amp#27;[38;5;180m[5fc55eeb]&amp#27;[0m&amp#27;[38;5;-47m[AndroidUiautomator2Driver@f550]&amp#27;[0m Calling AppiumDriver.click() with args: ["00000000-0000-009e-ffff-ffff000000cf","5fc55eeb-8c30-496a-8da7-c334a2a4c96e"]
&amp#27;[38;5;180m[5fc55eeb]&amp#27;[0m&amp#27;[38;5;-47m[AndroidUiautomator2Driver@f550]&amp#27;[0m Matched '/element/00000000-0000-009e-ffff-ffff000000cf/click' to command name 'click'
&amp#27;[38;5;180m[5fc55eeb]&amp#27;[0m&amp#27;[38;5;-47m[AndroidUiautomator2Driver@f550]&amp#27;[0m Proxying [POST /element/00000000-0000-009e-ffff-ffff000000cf/click] to [POST http://127.0.0.1:8200/session/9000f4cc-fdb1-4152-8a97-ca6e878fe392/element/00000000-0000-009e-ffff-ffff000000cf/click] with body: {"element":"00000000-0000-009e-ffff-ffff000000cf"}
&amp#27;[38;5;180m[5fc55eeb]&amp#27;[0m&amp#27;[38;5;-47m[AndroidUiautomator2Driver@f550]&amp#27;[0m Got response with status 200: {"sessionId":"9000f4cc-fdb1-4152-8a97-ca6e878fe392","value":null}
&amp#27;[38;5;180m[5fc55eeb]&amp#27;[0m&amp#27;[38;5;-47m[AndroidUiautomator2Driver@f550]&amp#27;[0m Responding to client with driver.click() result: null
&amp#27;[38;5;180m[5fc55eeb]&amp#27;[0m&amp#27;[38;5;86m[HTTP]&amp#27;[0m &amp#27;[37m<-- POST /session/5fc55eeb-8c30-496a-8da7-c334a2a4c96e/element/00000000-0000-009e-ffff-ffff000000cf/click &amp#27;[39m&amp#27;[32m200&amp#27;[39m &amp#27;[90m219 ms - 14&amp#27;[39m &amp#27;[90m&amp#27;[39m
&amp#27;[38;5;180m[5fc55eeb]&amp#27;[0m&amp#27;[38;5;86m[HTTP]&amp#27;[0m &amp#27;[37m-->&amp#27;[39m &amp#27;[37mGET&amp#27;[39m &amp#27;[37m/session/5fc55eeb-8c30-496a-8da7-c334a2a4c96e/context&amp#27;[39m &amp#27;[90m{}&amp#27;[39m
&amp#27;[38;5;180m[5fc55eeb]&amp#27;[0m&amp#27;[38;5;-47m[AndroidUiautomator2Driver@f550]&amp#27;[0m Calling AppiumDriver.getCurrentContext() with args: ["5fc55eeb-8c30-496a-8da7-c334a2a4c96e"]
&amp#27;[38;5;180m[5fc55eeb]&amp#27;[0m&amp#27;[38;5;-47m[AndroidUiautomator2Driver@f550]&amp#27;[0m Responding to client with driver.getCurrentContext() result: "NATIVE_APP"
&amp#27;[38;5;180m[5fc55eeb]&amp#27;[0m&amp#27;[38;5;86m[HTTP]&amp#27;[0m &amp#27;[37m<-- GET /session/5fc55eeb-8c30-496a-8da7-c334a2a4c96e/context &amp#27;[39m&amp#27;[32m200&amp#27;[39m &amp#27;[90m2 ms - 22&amp#27;[39m &amp#27;[90m&amp#27;[39m
&amp#27;[38;5;180m[5fc55eeb]&amp#27;[0m&amp#27;[38;5;86m[HTTP]&amp#27;[0m &amp#27;[37m-->&amp#27;[39m &amp#27;[37mPOST&amp#27;[39m &amp#27;[37m/session/5fc55eeb-8c30-496a-8da7-c334a2a4c96e/elements&amp#27;[39m &amp#27;[90m{"using":"xpath","value":"//android.widget.TextView[@text='ADD TO CART']"}&amp#27;[39m
&amp#27;[38;5;180m[5fc55eeb]&amp#27;[0m&amp#27;[38;5;-47m[AndroidUiautomator2Driver@f550]&amp#27;[0m Calling AppiumDriver.findElements() with args: ["xpath","//android.widget.TextView[@text='ADD TO CART']","5fc55eeb-8c30-496a-8da7-c334a2a4c96e"]
&amp#27;[38;5;180m[5fc55eeb]&amp#27;[0m&amp#27;[38;5;-47m[AndroidUiautomator2Driver@f550]&amp#27;[0m Valid locator strategies for this request: xpath, id, class name, accessibility id, css selector, -android uiautomator
&amp#27;[38;5;180m[5fc55eeb]&amp#27;[0m&amp#27;[38;5;-47m[AndroidUiautomator2Driver@f550]&amp#27;[0m Waiting up to 10000 ms for condition
&amp#27;[38;5;180m[5fc55eeb]&amp#27;[0m&amp#27;[38;5;-47m[AndroidUiautomator2Driver@f550]&amp#27;[0m Matched '/elements' to command name 'findElements'
&amp#27;[38;5;180m[5fc55eeb]&amp#27;[0m&amp#27;[38;5;-47m[AndroidUiautomator2Driver@f550]&amp#27;[0m Proxying [POST /elements] to [POST http://127.0.0.1:8200/session/9000f4cc-fdb1-4152-8a97-ca6e878fe392/elements] with body: {"strategy":"xpath","selector":"//android.widget.TextView[@text='ADD TO CART']","context":"","multiple":true}
&amp#27;[38;5;180m[5fc55eeb]&amp#27;[0m&amp#27;[38;5;-47m[AndroidUiautomator2Driver@f550]&amp#27;[0m Got response with status 200: {"sessionId":"9000f4cc-fdb1-4152-8a97-ca6e878fe392","value":[]}
&amp#27;[38;5;180m[5fc55eeb]&amp#27;[0m&amp#27;[38;5;-47m[AndroidUiautomator2Driver@f550]&amp#27;[0m Waited for 300 ms so far
&amp#27;[38;5;180m[5fc55eeb]&amp#27;[0m&amp#27;[38;5;-47m[AndroidUiautomator2Driver@f550]&amp#27;[0m Matched '/elements' to command name 'findElements'
&amp#27;[38;5;180m[5fc55eeb]&amp#27;[0m&amp#27;[38;5;-47m[AndroidUiautomator2Driver@f550]&amp#27;[0m Proxying [POST /elements] to [POST http://127.0.0.1:8200/session/9000f4cc-fdb1-4152-8a97-ca6e878fe392/elements] with body: {"strategy":"xpath","selector":"//android.widget.TextView[@text='ADD TO CART']","context":"","multiple":true}
&amp#27;[38;5;180m[5fc55eeb]&amp#27;[0m&amp#27;[38;5;-47m[AndroidUiautomator2Driver@f550]&amp#27;[0m Got response with status 200: {"sessionId":"9000f4cc-fdb1-4152-8a97-ca6e878fe392","value":[{"ELEMENT":"00000000-0000-00a0-ffff-ffff000000ff","element-6066-11e4-a52e-4f735466cecf":"00000000-0000-00a0-ffff-ffff000000ff"},{"ELEMENT":"00000000-0000-00a0-ffff-ffff00000107","element-6066-11e4-a52e-4f735466cecf":"00000000-0000-00a0-ffff-ffff00000107"}]}
&amp#27;[38;5;180m[5fc55eeb]&amp#27;[0m&amp#27;[38;5;-47m[AndroidUiautomator2Driver@f550]&amp#27;[0m Responding to client with driver.findElements() result: [{"element-6066-11e4-a52e-4f735466cecf":"00000000-0000-00a0-ffff-ffff000000ff","ELEMENT":"00000000-0000-00a0-ffff-ffff000000ff"},{"element-6066-11e4-a52e-4f735466cecf":"00000000-0000-00a0-ffff-ffff00000107","ELEMENT":"00000000-0000-00a0-ffff-ffff00000107"}]
&amp#27;[38;5;180m[5fc55eeb]&amp#27;[0m&amp#27;[38;5;86m[HTTP]&amp#27;[0m &amp#27;[37m<-- POST /session/5fc55eeb-8c30-496a-8da7-c334a2a4c96e/elements &amp#27;[39m&amp#27;[32m200&amp#27;[39m &amp#27;[90m1844 ms - 267&amp#27;[39m &amp#27;[90m&amp#27;[39m
&amp#27;[38;5;180m[5fc55eeb]&amp#27;[0m&amp#27;[38;5;86m[HTTP]&amp#27;[0m &amp#27;[37m-->&amp#27;[39m &amp#27;[37mPOST&amp#27;[39m &amp#27;[37m/session/5fc55eeb-8c30-496a-8da7-c334a2a4c96e/element/00000000-0000-00a0-ffff-ffff000000ff/click&amp#27;[39m &amp#27;[90m{"id":"00000000-0000-00a0-ffff-ffff000000ff"}&amp#27;[39m
&amp#27;[38;5;180m[5fc55eeb]&amp#27;[0m&amp#27;[38;5;-47m[AndroidUiautomator2Driver@f550]&amp#27;[0m Calling AppiumDriver.click() with args: ["00000000-0000-00a0-ffff-ffff000000ff","5fc55eeb-8c30-496a-8da7-c334a2a4c96e"]
&amp#27;[38;5;180m[5fc55eeb]&amp#27;[0m&amp#27;[38;5;-47m[AndroidUiautomator2Driver@f550]&amp#27;[0m Matched '/element/00000000-0000-00a0-ffff-ffff000000ff/click' to command name 'click'
&amp#27;[38;5;180m[5fc55eeb]&amp#27;[0m&amp#27;[38;5;-47m[AndroidUiautomator2Driver@f550]&amp#27;[0m Proxying [POST /element/00000000-0000-00a0-ffff-ffff000000ff/click] to [POST http://127.0.0.1:8200/session/9000f4cc-fdb1-4152-8a97-ca6e878fe392/element/00000000-0000-00a0-ffff-ffff000000ff/click] with body: {"element":"00000000-0000-00a0-ffff-ffff000000ff"}
&amp#27;[38;5;180m[5fc55eeb]&amp#27;[0m&amp#27;[38;5;-47m[AndroidUiautomator2Driver@f550]&amp#27;[0m Got response with status 200: {"sessionId":"9000f4cc-fdb1-4152-8a97-ca6e878fe392","value":null}
&amp#27;[38;5;180m[5fc55eeb]&amp#27;[0m&amp#27;[38;5;-47m[AndroidUiautomator2Driver@f550]&amp#27;[0m Responding to client with driver.click() result: null
&amp#27;[38;5;180m[5fc55eeb]&amp#27;[0m&amp#27;[38;5;86m[HTTP]&amp#27;[0m &amp#27;[37m<-- POST /session/5fc55eeb-8c30-496a-8da7-c334a2a4c96e/element/00000000-0000-00a0-ffff-ffff000000ff/click &amp#27;[39m&amp#27;[32m200&amp#27;[39m &amp#27;[90m675 ms - 14&amp#27;[39m &amp#27;[90m&amp#27;[39m
&amp#27;[38;5;180m[5fc55eeb]&amp#27;[0m&amp#27;[38;5;86m[HTTP]&amp#27;[0m &amp#27;[37m-->&amp#27;[39m &amp#27;[37mGET&amp#27;[39m &amp#27;[37m/session/5fc55eeb-8c30-496a-8da7-c334a2a4c96e/context&amp#27;[39m &amp#27;[90m{}&amp#27;[39m
&amp#27;[38;5;180m[5fc55eeb]&amp#27;[0m&amp#27;[38;5;-47m[AndroidUiautomator2Driver@f550]&amp#27;[0m Calling AppiumDriver.getCurrentContext() with args: ["5fc55eeb-8c30-496a-8da7-c334a2a4c96e"]
&amp#27;[38;5;180m[5fc55eeb]&amp#27;[0m&amp#27;[38;5;-47m[AndroidUiautomator2Driver@f550]&amp#27;[0m Responding to client with driver.getCurrentContext() result: "NATIVE_APP"
&amp#27;[38;5;180m[5fc55eeb]&amp#27;[0m&amp#27;[38;5;86m[HTTP]&amp#27;[0m &amp#27;[37m<-- GET /session/5fc55eeb-8c30-496a-8da7-c334a2a4c96e/context &amp#27;[39m&amp#27;[32m200&amp#27;[39m &amp#27;[90m5 ms - 22&amp#27;[39m &amp#27;[90m&amp#27;[39m
&amp#27;[38;5;180m[5fc55eeb]&amp#27;[0m&amp#27;[38;5;86m[HTTP]&amp#27;[0m &amp#27;[37m-->&amp#27;[39m &amp#27;[37mPOST&amp#27;[39m &amp#27;[37m/session/5fc55eeb-8c30-496a-8da7-c334a2a4c96e/elements&amp#27;[39m &amp#27;[90m{"using":"xpath","value":"//android.widget.TextView[@text='ADD TO CART']"}&amp#27;[39m
&amp#27;[38;5;180m[5fc55eeb]&amp#27;[0m&amp#27;[38;5;-47m[AndroidUiautomator2Driver@f550]&amp#27;[0m Calling AppiumDriver.findElements() with args: ["xpath","//android.widget.TextView[@text='ADD TO CART']","5fc55eeb-8c30-496a-8da7-c334a2a4c96e"]
&amp#27;[38;5;180m[5fc55eeb]&amp#27;[0m&amp#27;[38;5;-47m[AndroidUiautomator2Driver@f550]&amp#27;[0m Valid locator strategies for this request: xpath, id, class name, accessibility id, css selector, -android uiautomator
&amp#27;[38;5;180m[5fc55eeb]&amp#27;[0m&amp#27;[38;5;-47m[AndroidUiautomator2Driver@f550]&amp#27;[0m Waiting up to 10000 ms for condition
&amp#27;[38;5;180m[5fc55eeb]&amp#27;[0m&amp#27;[38;5;-47m[AndroidUiautomator2Driver@f550]&amp#27;[0m Matched '/elements' to command name 'findElements'
&amp#27;[38;5;180m[5fc55eeb]&amp#27;[0m&amp#27;[38;5;-47m[AndroidUiautomator2Driver@f550]&amp#27;[0m Proxying [POST /elements] to [POST http://127.0.0.1:8200/session/9000f4cc-fdb1-4152-8a97-ca6e878fe392/elements] with body: {"strategy":"xpath","selector":"//android.widget.TextView[@text='ADD TO CART']","context":"","multiple":true}
&amp#27;[38;5;180m[5fc55eeb]&amp#27;[0m&amp#27;[38;5;-47m[AndroidUiautomator2Driver@f550]&amp#27;[0m Got response with status 200: {"sessionId":"9000f4cc-fdb1-4152-8a97-ca6e878fe392","value":[{"ELEMENT":"00000000-0000-00a0-ffff-ffff00000107","element-6066-11e4-a52e-4f735466cecf":"00000000-0000-00a0-ffff-ffff00000107"}]}
&amp#27;[38;5;180m[5fc55eeb]&amp#27;[0m&amp#27;[38;5;-47m[AndroidUiautomator2Driver@f550]&amp#27;[0m Responding to client with driver.findElements() result: [{"element-6066-11e4-a52e-4f735466cecf":"00000000-0000-00a0-ffff-ffff00000107","ELEMENT":"00000000-0000-00a0-ffff-ffff00000107"}]
&amp#27;[38;5;180m[5fc55eeb]&amp#27;[0m&amp#27;[38;5;86m[HTTP]&amp#27;[0m &amp#27;[37m<-- POST /session/5fc55eeb-8c30-496a-8da7-c334a2a4c96e/elements &amp#27;[39m&amp#27;[32m200&amp#27;[39m &amp#27;[90m230 ms - 139&amp#27;[39m &amp#27;[90m&amp#27;[39m
&amp#27;[38;5;180m[5fc55eeb]&amp#27;[0m&amp#27;[38;5;86m[HTTP]&amp#27;[0m &amp#27;[37m-->&amp#27;[39m &amp#27;[37mPOST&amp#27;[39m &amp#27;[37m/session/5fc55eeb-8c30-496a-8da7-c334a2a4c96e/element/00000000-0000-00a0-ffff-ffff00000107/click&amp#27;[39m &amp#27;[90m{"id":"00000000-0000-00a0-ffff-ffff00000107"}&amp#27;[39m
&amp#27;[38;5;180m[5fc55eeb]&amp#27;[0m&amp#27;[38;5;-47m[AndroidUiautomator2Driver@f550]&amp#27;[0m Calling AppiumDriver.click() with args: ["00000000-0000-00a0-ffff-ffff00000107","5fc55eeb-8c30-496a-8da7-c334a2a4c96e"]
&amp#27;[38;5;180m[5fc55eeb]&amp#27;[0m&amp#27;[38;5;-47m[AndroidUiautomator2Driver@f550]&amp#27;[0m Matched '/element/00000000-0000-00a0-ffff-ffff00000107/click' to command name 'click'
&amp#27;[38;5;180m[5fc55eeb]&amp#27;[0m&amp#27;[38;5;-47m[AndroidUiautomator2Driver@f550]&amp#27;[0m Proxying [POST /element/00000000-0000-00a0-ffff-ffff00000107/click] to [POST http://127.0.0.1:8200/session/9000f4cc-fdb1-4152-8a97-ca6e878fe392/element/00000000-0000-00a0-ffff-ffff00000107/click] with body: {"element":"00000000-0000-00a0-ffff-ffff00000107"}
&amp#27;[38;5;180m[5fc55eeb]&amp#27;[0m&amp#27;[38;5;-47m[AndroidUiautomator2Driver@f550]&amp#27;[0m Got response with status 200: {"sessionId":"9000f4cc-fdb1-4152-8a97-ca6e878fe392","value":null}
&amp#27;[38;5;180m[5fc55eeb]&amp#27;[0m&amp#27;[38;5;-47m[AndroidUiautomator2Driver@f550]&amp#27;[0m Responding to client with driver.click() result: null
&amp#27;[38;5;180m[5fc55eeb]&amp#27;[0m&amp#27;[38;5;86m[HTTP]&amp#27;[0m &amp#27;[37m<-- POST /session/5fc55eeb-8c30-496a-8da7-c334a2a4c96e/element/00000000-0000-00a0-ffff-ffff00000107/click &amp#27;[39m&amp#27;[32m200&amp#27;[39m &amp#27;[90m722 ms - 14&amp#27;[39m &amp#27;[90m&amp#27;[39m
&amp#27;[38;5;180m[5fc55eeb]&amp#27;[0m&amp#27;[38;5;86m[HTTP]&amp#27;[0m &amp#27;[37m-->&amp#27;[39m &amp#27;[37mGET&amp#27;[39m &amp#27;[37m/session/5fc55eeb-8c30-496a-8da7-c334a2a4c96e/context&amp#27;[39m &amp#27;[90m{}&amp#27;[39m
&amp#27;[38;5;180m[5fc55eeb]&amp#27;[0m&amp#27;[38;5;-47m[AndroidUiautomator2Driver@f550]&amp#27;[0m Calling AppiumDriver.getCurrentContext() with args: ["5fc55eeb-8c30-496a-8da7-c334a2a4c96e"]
&amp#27;[38;5;180m[5fc55eeb]&amp#27;[0m&amp#27;[38;5;-47m[AndroidUiautomator2Driver@f550]&amp#27;[0m Responding to client with driver.getCurrentContext() result: "NATIVE_APP"
&amp#27;[38;5;180m[5fc55eeb]&amp#27;[0m&amp#27;[38;5;86m[HTTP]&amp#27;[0m &amp#27;[37m<-- GET /session/5fc55eeb-8c30-496a-8da7-c334a2a4c96e/context &amp#27;[39m&amp#27;[32m200&amp#27;[39m &amp#27;[90m7 ms - 22&amp#27;[39m &amp#27;[90m&amp#27;[39m
&amp#27;[38;5;180m[5fc55eeb]&amp#27;[0m&amp#27;[38;5;86m[HTTP]&amp#27;[0m &amp#27;[37m-->&amp#27;[39m &amp#27;[37mPOST&amp#27;[39m &amp#27;[37m/session/5fc55eeb-8c30-496a-8da7-c334a2a4c96e/element&amp#27;[39m &amp#27;[90m{"using":"id","value":"com.androidsample.generalstore:id/appbar_btn_cart"}&amp#27;[39m
&amp#27;[38;5;180m[5fc55eeb]&amp#27;[0m&amp#27;[38;5;-47m[AndroidUiautomator2Driver@f550]&amp#27;[0m Calling AppiumDriver.findElement() with args: ["id","com.androidsample.generalstore:id/appbar_btn_cart","5fc55eeb-8c30-496a-8da7-c334a2a4c96e"]
&amp#27;[38;5;180m[5fc55eeb]&amp#27;[0m&amp#27;[38;5;-47m[AndroidUiautomator2Driver@f550]&amp#27;[0m Valid locator strategies for this request: xpath, id, class name, accessibility id, css selector, -android uiautomator
&amp#27;[38;5;180m[5fc55eeb]&amp#27;[0m&amp#27;[38;5;-47m[AndroidUiautomator2Driver@f550]&amp#27;[0m Waiting up to 10000 ms for condition
&amp#27;[38;5;180m[5fc55eeb]&amp#27;[0m&amp#27;[38;5;-47m[AndroidUiautomator2Driver@f550]&amp#27;[0m Matched '/element' to command name 'findElement'
&amp#27;[38;5;180m[5fc55eeb]&amp#27;[0m&amp#27;[38;5;-47m[AndroidUiautomator2Driver@f550]&amp#27;[0m Proxying [POST /element] to [POST http://127.0.0.1:8200/session/9000f4cc-fdb1-4152-8a97-ca6e878fe392/element] with body: {"strategy":"id","selector":"com.androidsample.generalstore:id/appbar_btn_cart","context":"","multiple":false}
&amp#27;[38;5;180m[5fc55eeb]&amp#27;[0m&amp#27;[38;5;-47m[AndroidUiautomator2Driver@f550]&amp#27;[0m Got response with status 200: {"sessionId":"9000f4cc-fdb1-4152-8a97-ca6e878fe392","value":{"ELEMENT":"00000000-0000-00a0-ffff-ffff000000f2","element-6066-11e4-a52e-4f735466cecf":"00000000-0000-00a0-ffff-ffff000000f2"}}
&amp#27;[38;5;180m[5fc55eeb]&amp#27;[0m&amp#27;[38;5;-47m[AndroidUiautomator2Driver@f550]&amp#27;[0m Responding to client with driver.findElement() result: {"element-6066-11e4-a52e-4f735466cecf":"00000000-0000-00a0-ffff-ffff000000f2","ELEMENT":"00000000-0000-00a0-ffff-ffff000000f2"}
&amp#27;[38;5;180m[5fc55eeb]&amp#27;[0m&amp#27;[38;5;86m[HTTP]&amp#27;[0m &amp#27;[37m<-- POST /session/5fc55eeb-8c30-496a-8da7-c334a2a4c96e/element &amp#27;[39m&amp#27;[32m200&amp#27;[39m &amp#27;[90m67 ms - 137&amp#27;[39m &amp#27;[90m&amp#27;[39m
&amp#27;[38;5;180m[5fc55eeb]&amp#27;[0m&amp#27;[38;5;86m[HTTP]&amp#27;[0m &amp#27;[37m-->&amp#27;[39m &amp#27;[37mPOST&amp#27;[39m &amp#27;[37m/session/5fc55eeb-8c30-496a-8da7-c334a2a4c96e/element/00000000-0000-00a0-ffff-ffff000000f2/click&amp#27;[39m &amp#27;[90m{"id":"00000000-0000-00a0-ffff-ffff000000f2"}&amp#27;[39m
&amp#27;[38;5;180m[5fc55eeb]&amp#27;[0m&amp#27;[38;5;-47m[AndroidUiautomator2Driver@f550]&amp#27;[0m Calling AppiumDriver.click() with args: ["00000000-0000-00a0-ffff-ffff000000f2","5fc55eeb-8c30-496a-8da7-c334a2a4c96e"]
&amp#27;[38;5;180m[5fc55eeb]&amp#27;[0m&amp#27;[38;5;-47m[AndroidUiautomator2Driver@f550]&amp#27;[0m Matched '/element/00000000-0000-00a0-ffff-ffff000000f2/click' to command name 'click'
&amp#27;[38;5;180m[5fc55eeb]&amp#27;[0m&amp#27;[38;5;-47m[AndroidUiautomator2Driver@f550]&amp#27;[0m Proxying [POST /element/00000000-0000-00a0-ffff-ffff000000f2/click] to [POST http://127.0.0.1:8200/session/9000f4cc-fdb1-4152-8a97-ca6e878fe392/element/00000000-0000-00a0-ffff-ffff000000f2/click] with body: {"element":"00000000-0000-00a0-ffff-ffff000000f2"}
&amp#27;[38;5;180m[5fc55eeb]&amp#27;[0m&amp#27;[38;5;-47m[AndroidUiautomator2Driver@f550]&amp#27;[0m Got response with status 200: {"sessionId":"9000f4cc-fdb1-4152-8a97-ca6e878fe392","value":null}
&amp#27;[38;5;180m[5fc55eeb]&amp#27;[0m&amp#27;[38;5;-47m[AndroidUiautomator2Driver@f550]&amp#27;[0m Responding to client with driver.click() result: null
&amp#27;[38;5;180m[5fc55eeb]&amp#27;[0m&amp#27;[38;5;86m[HTTP]&amp#27;[0m &amp#27;[37m<-- POST /session/5fc55eeb-8c30-496a-8da7-c334a2a4c96e/element/00000000-0000-00a0-ffff-ffff000000f2/click &amp#27;[39m&amp#27;[32m200&amp#27;[39m &amp#27;[90m159 ms - 14&amp#27;[39m &amp#27;[90m&amp#27;[39m
&amp#27;[38;5;180m[5fc55eeb]&amp#27;[0m&amp#27;[38;5;86m[HTTP]&amp#27;[0m &amp#27;[37m-->&amp#27;[39m &amp#27;[37mPOST&amp#27;[39m &amp#27;[37m/session/5fc55eeb-8c30-496a-8da7-c334a2a4c96e/element&amp#27;[39m &amp#27;[90m{"using":"id","value":"com.androidsample.generalstore:id/toolbar_title"}&amp#27;[39m
&amp#27;[38;5;180m[5fc55eeb]&amp#27;[0m&amp#27;[38;5;-47m[AndroidUiautomator2Driver@f550]&amp#27;[0m Calling AppiumDriver.findElement() with args: ["id","com.androidsample.generalstore:id/toolbar_title","5fc55eeb-8c30-496a-8da7-c334a2a4c96e"]
&amp#27;[38;5;180m[5fc55eeb]&amp#27;[0m&amp#27;[38;5;-47m[AndroidUiautomator2Driver@f550]&amp#27;[0m Valid locator strategies for this request: xpath, id, class name, accessibility id, css selector, -android uiautomator
&amp#27;[38;5;180m[5fc55eeb]&amp#27;[0m&amp#27;[38;5;-47m[AndroidUiautomator2Driver@f550]&amp#27;[0m Waiting up to 10000 ms for condition
&amp#27;[38;5;180m[5fc55eeb]&amp#27;[0m&amp#27;[38;5;-47m[AndroidUiautomator2Driver@f550]&amp#27;[0m Matched '/element' to command name 'findElement'
&amp#27;[38;5;180m[5fc55eeb]&amp#27;[0m&amp#27;[38;5;-47m[AndroidUiautomator2Driver@f550]&amp#27;[0m Proxying [POST /element] to [POST http://127.0.0.1:8200/session/9000f4cc-fdb1-4152-8a97-ca6e878fe392/element] with body: {"strategy":"id","selector":"com.androidsample.generalstore:id/toolbar_title","context":"","multiple":false}
&amp#27;[38;5;180m[5fc55eeb]&amp#27;[0m&amp#27;[38;5;-47m[AndroidUiautomator2Driver@f550]&amp#27;[0m Got response with status 200: {"sessionId":"9000f4cc-fdb1-4152-8a97-ca6e878fe392","value":{"ELEMENT":"00000000-0000-00a1-ffff-ffff0000011d","element-6066-11e4-a52e-4f735466cecf":"00000000-0000-00a1-ffff-ffff0000011d"}}
&amp#27;[38;5;180m[5fc55eeb]&amp#27;[0m&amp#27;[38;5;-47m[AndroidUiautomator2Driver@f550]&amp#27;[0m Responding to client with driver.findElement() result: {"element-6066-11e4-a52e-4f735466cecf":"00000000-0000-00a1-ffff-ffff0000011d","ELEMENT":"00000000-0000-00a1-ffff-ffff0000011d"}
&amp#27;[38;5;180m[5fc55eeb]&amp#27;[0m&amp#27;[38;5;86m[HTTP]&amp#27;[0m &amp#27;[37m<-- POST /session/5fc55eeb-8c30-496a-8da7-c334a2a4c96e/element &amp#27;[39m&amp#27;[32m200&amp#27;[39m &amp#27;[90m98 ms - 137&amp#27;[39m &amp#27;[90m&amp#27;[39m
&amp#27;[38;5;180m[5fc55eeb]&amp#27;[0m&amp#27;[38;5;86m[HTTP]&amp#27;[0m &amp#27;[37m-->&amp#27;[39m &amp#27;[37mGET&amp#27;[39m &amp#27;[37m/session/5fc55eeb-8c30-496a-8da7-c334a2a4c96e/element/00000000-0000-00a1-ffff-ffff0000011d/attribute/text&amp#27;[39m &amp#27;[90m{}&amp#27;[39m
&amp#27;[38;5;180m[5fc55eeb]&amp#27;[0m&amp#27;[38;5;-47m[AndroidUiautomator2Driver@f550]&amp#27;[0m Calling AppiumDriver.getAttribute() with args: ["text","00000000-0000-00a1-ffff-ffff0000011d","5fc55eeb-8c30-496a-8da7-c334a2a4c96e"]
&amp#27;[38;5;180m[5fc55eeb]&amp#27;[0m&amp#27;[38;5;-47m[AndroidUiautomator2Driver@f550]&amp#27;[0m Matched '/element/00000000-0000-00a1-ffff-ffff0000011d/attribute/text' to command name 'getAttribute'
&amp#27;[38;5;180m[5fc55eeb]&amp#27;[0m&amp#27;[38;5;-47m[AndroidUiautomator2Driver@f550]&amp#27;[0m Proxying [GET /element/00000000-0000-00a1-ffff-ffff0000011d/attribute/text] to [GET http://127.0.0.1:8200/session/9000f4cc-fdb1-4152-8a97-ca6e878fe392/element/00000000-0000-00a1-ffff-ffff0000011d/attribute/text] with no body
&amp#27;[38;5;180m[5fc55eeb]&amp#27;[0m&amp#27;[38;5;-47m[AndroidUiautomator2Driver@f550]&amp#27;[0m Got response with status 200: {"sessionId":"9000f4cc-fdb1-4152-8a97-ca6e878fe392","value":"Cart"}
&amp#27;[38;5;180m[5fc55eeb]&amp#27;[0m&amp#27;[38;5;-47m[AndroidUiautomator2Driver@f550]&amp#27;[0m Responding to client with driver.getAttribute() result: "Cart"
&amp#27;[38;5;180m[5fc55eeb]&amp#27;[0m&amp#27;[38;5;86m[HTTP]&amp#27;[0m &amp#27;[37m<-- GET /session/5fc55eeb-8c30-496a-8da7-c334a2a4c96e/element/00000000-0000-00a1-ffff-ffff0000011d/attribute/text &amp#27;[39m&amp#27;[32m200&amp#27;[39m &amp#27;[90m37 ms - 16&amp#27;[39m &amp#27;[90m&amp#27;[39m
&amp#27;[38;5;180m[5fc55eeb]&amp#27;[0m&amp#27;[38;5;86m[HTTP]&amp#27;[0m &amp#27;[37m-->&amp#27;[39m &amp#27;[37mGET&amp#27;[39m &amp#27;[37m/session/5fc55eeb-8c30-496a-8da7-c334a2a4c96e/context&amp#27;[39m &amp#27;[90m{}&amp#27;[39m
&amp#27;[38;5;180m[5fc55eeb]&amp#27;[0m&amp#27;[38;5;-47m[AndroidUiautomator2Driver@f550]&amp#27;[0m Calling AppiumDriver.getCurrentContext() with args: ["5fc55eeb-8c30-496a-8da7-c334a2a4c96e"]
&amp#27;[38;5;180m[5fc55eeb]&amp#27;[0m&amp#27;[38;5;-47m[AndroidUiautomator2Driver@f550]&amp#27;[0m Responding to client with driver.getCurrentContext() result: "NATIVE_APP"
&amp#27;[38;5;180m[5fc55eeb]&amp#27;[0m&amp#27;[38;5;86m[HTTP]&amp#27;[0m &amp#27;[37m<-- GET /session/5fc55eeb-8c30-496a-8da7-c334a2a4c96e/context &amp#27;[39m&amp#27;[32m200&amp#27;[39m &amp#27;[90m2 ms - 22&amp#27;[39m &amp#27;[90m&amp#27;[39m
&amp#27;[38;5;180m[5fc55eeb]&amp#27;[0m&amp#27;[38;5;86m[HTTP]&amp#27;[0m &amp#27;[37m-->&amp#27;[39m &amp#27;[37mPOST&amp#27;[39m &amp#27;[37m/session/5fc55eeb-8c30-496a-8da7-c334a2a4c96e/elements&amp#27;[39m &amp#27;[90m{"using":"id","value":"com.androidsample.generalstore:id/productPrice"}&amp#27;[39m
&amp#27;[38;5;180m[5fc55eeb]&amp#27;[0m&amp#27;[38;5;-47m[AndroidUiautomator2Driver@f550]&amp#27;[0m Calling AppiumDriver.findElements() with args: ["id","com.androidsample.generalstore:id/productPrice","5fc55eeb-8c30-496a-8da7-c334a2a4c96e"]
&amp#27;[38;5;180m[5fc55eeb]&amp#27;[0m&amp#27;[38;5;-47m[AndroidUiautomator2Driver@f550]&amp#27;[0m Valid locator strategies for this request: xpath, id, class name, accessibility id, css selector, -android uiautomator
&amp#27;[38;5;180m[5fc55eeb]&amp#27;[0m&amp#27;[38;5;-47m[AndroidUiautomator2Driver@f550]&amp#27;[0m Waiting up to 10000 ms for condition
&amp#27;[38;5;180m[5fc55eeb]&amp#27;[0m&amp#27;[38;5;-47m[AndroidUiautomator2Driver@f550]&amp#27;[0m Matched '/elements' to command name 'findElements'
&amp#27;[38;5;180m[5fc55eeb]&amp#27;[0m&amp#27;[38;5;-47m[AndroidUiautomator2Driver@f550]&amp#27;[0m Proxying [POST /elements] to [POST http://127.0.0.1:8200/session/9000f4cc-fdb1-4152-8a97-ca6e878fe392/elements] with body: {"strategy":"id","selector":"com.androidsample.generalstore:id/productPrice","context":"","multiple":true}
&amp#27;[38;5;180m[5fc55eeb]&amp#27;[0m&amp#27;[38;5;-47m[AndroidUiautomator2Driver@f550]&amp#27;[0m Got response with status 200: {"sessionId":"9000f4cc-fdb1-4152-8a97-ca6e878fe392","value":[{"ELEMENT":"00000000-0000-00a1-ffff-ffff00000134","element-6066-11e4-a52e-4f735466cecf":"00000000-0000-00a1-ffff-ffff00000134"},{"ELEMENT":"00000000-0000-00a1-ffff-ffff0000013c","element-6066-11e4-a52e-4f735466cecf":"00000000-0000-00a1-ffff-ffff0000013c"}]}
&amp#27;[38;5;180m[5fc55eeb]&amp#27;[0m&amp#27;[38;5;-47m[AndroidUiautomator2Driver@f550]&amp#27;[0m Responding to client with driver.findElements() result: [{"element-6066-11e4-a52e-4f735466cecf":"00000000-0000-00a1-ffff-ffff00000134","ELEMENT":"00000000-0000-00a1-ffff-ffff00000134"},{"element-6066-11e4-a52e-4f735466cecf":"00000000-0000-00a1-ffff-ffff0000013c","ELEMENT":"00000000-0000-00a1-ffff-ffff0000013c"}]
&amp#27;[38;5;180m[5fc55eeb]&amp#27;[0m&amp#27;[38;5;86m[HTTP]&amp#27;[0m &amp#27;[37m<-- POST /session/5fc55eeb-8c30-496a-8da7-c334a2a4c96e/elements &amp#27;[39m&amp#27;[32m200&amp#27;[39m &amp#27;[90m95 ms - 267&amp#27;[39m &amp#27;[90m&amp#27;[39m
&amp#27;[38;5;180m[5fc55eeb]&amp#27;[0m&amp#27;[38;5;86m[HTTP]&amp#27;[0m &amp#27;[37m-->&amp#27;[39m &amp#27;[37mGET&amp#27;[39m &amp#27;[37m/session/5fc55eeb-8c30-496a-8da7-c334a2a4c96e/context&amp#27;[39m &amp#27;[90m{}&amp#27;[39m
&amp#27;[38;5;180m[5fc55eeb]&amp#27;[0m&amp#27;[38;5;-47m[AndroidUiautomator2Driver@f550]&amp#27;[0m Calling AppiumDriver.getCurrentContext() with args: ["5fc55eeb-8c30-496a-8da7-c334a2a4c96e"]
&amp#27;[38;5;180m[5fc55eeb]&amp#27;[0m&amp#27;[38;5;-47m[AndroidUiautomator2Driver@f550]&amp#27;[0m Responding to client with driver.getCurrentContext() result: "NATIVE_APP"
&amp#27;[38;5;180m[5fc55eeb]&amp#27;[0m&amp#27;[38;5;86m[HTTP]&amp#27;[0m &amp#27;[37m<-- GET /session/5fc55eeb-8c30-496a-8da7-c334a2a4c96e/context &amp#27;[39m&amp#27;[32m200&amp#27;[39m &amp#27;[90m2 ms - 22&amp#27;[39m &amp#27;[90m&amp#27;[39m
&amp#27;[38;5;180m[5fc55eeb]&amp#27;[0m&amp#27;[38;5;86m[HTTP]&amp#27;[0m &amp#27;[37m-->&amp#27;[39m &amp#27;[37mPOST&amp#27;[39m &amp#27;[37m/session/5fc55eeb-8c30-496a-8da7-c334a2a4c96e/elements&amp#27;[39m &amp#27;[90m{"using":"id","value":"com.androidsample.generalstore:id/productPrice"}&amp#27;[39m
&amp#27;[38;5;180m[5fc55eeb]&amp#27;[0m&amp#27;[38;5;-47m[AndroidUiautomator2Driver@f550]&amp#27;[0m Calling AppiumDriver.findElements() with args: ["id","com.androidsample.generalstore:id/productPrice","5fc55eeb-8c30-496a-8da7-c334a2a4c96e"]
&amp#27;[38;5;180m[5fc55eeb]&amp#27;[0m&amp#27;[38;5;-47m[AndroidUiautomator2Driver@f550]&amp#27;[0m Valid locator strategies for this request: xpath, id, class name, accessibility id, css selector, -android uiautomator
&amp#27;[38;5;180m[5fc55eeb]&amp#27;[0m&amp#27;[38;5;-47m[AndroidUiautomator2Driver@f550]&amp#27;[0m Waiting up to 10000 ms for condition
&amp#27;[38;5;180m[5fc55eeb]&amp#27;[0m&amp#27;[38;5;-47m[AndroidUiautomator2Driver@f550]&amp#27;[0m Matched '/elements' to command name 'findElements'
&amp#27;[38;5;180m[5fc55eeb]&amp#27;[0m&amp#27;[38;5;-47m[AndroidUiautomator2Driver@f550]&amp#27;[0m Proxying [POST /elements] to [POST http://127.0.0.1:8200/session/9000f4cc-fdb1-4152-8a97-ca6e878fe392/elements] with body: {"strategy":"id","selector":"com.androidsample.generalstore:id/productPrice","context":"","multiple":true}
&amp#27;[38;5;180m[5fc55eeb]&amp#27;[0m&amp#27;[38;5;-47m[AndroidUiautomator2Driver@f550]&amp#27;[0m Got response with status 200: {"sessionId":"9000f4cc-fdb1-4152-8a97-ca6e878fe392","value":[{"ELEMENT":"00000000-0000-00a1-ffff-ffff00000134","element-6066-11e4-a52e-4f735466cecf":"00000000-0000-00a1-ffff-ffff00000134"},{"ELEMENT":"00000000-0000-00a1-ffff-ffff0000013c","element-6066-11e4-a52e-4f735466cecf":"00000000-0000-00a1-ffff-ffff0000013c"}]}
&amp#27;[38;5;180m[5fc55eeb]&amp#27;[0m&amp#27;[38;5;-47m[AndroidUiautomator2Driver@f550]&amp#27;[0m Responding to client with driver.findElements() result: [{"element-6066-11e4-a52e-4f735466cecf":"00000000-0000-00a1-ffff-ffff00000134","ELEMENT":"00000000-0000-00a1-ffff-ffff00000134"},{"element-6066-11e4-a52e-4f735466cecf":"00000000-0000-00a1-ffff-ffff0000013c","ELEMENT":"00000000-0000-00a1-ffff-ffff0000013c"}]
&amp#27;[38;5;180m[5fc55eeb]&amp#27;[0m&amp#27;[38;5;86m[HTTP]&amp#27;[0m &amp#27;[37m<-- POST /session/5fc55eeb-8c30-496a-8da7-c334a2a4c96e/elements &amp#27;[39m&amp#27;[32m200&amp#27;[39m &amp#27;[90m122 ms - 267&amp#27;[39m &amp#27;[90m&amp#27;[39m
&amp#27;[38;5;180m[5fc55eeb]&amp#27;[0m&amp#27;[38;5;86m[HTTP]&amp#27;[0m &amp#27;[37m-->&amp#27;[39m &amp#27;[37mGET&amp#27;[39m &amp#27;[37m/session/5fc55eeb-8c30-496a-8da7-c334a2a4c96e/element/00000000-0000-00a1-ffff-ffff00000134/text&amp#27;[39m &amp#27;[90m{}&amp#27;[39m
&amp#27;[38;5;180m[5fc55eeb]&amp#27;[0m&amp#27;[38;5;-47m[AndroidUiautomator2Driver@f550]&amp#27;[0m Driver proxy active, passing request on via HTTP proxy
&amp#27;[38;5;180m[5fc55eeb]&amp#27;[0m&amp#27;[38;5;-47m[AndroidUiautomator2Driver@f550]&amp#27;[0m Matched '/session/5fc55eeb-8c30-496a-8da7-c334a2a4c96e/element/00000000-0000-00a1-ffff-ffff00000134/text' to command name 'getText'
&amp#27;[38;5;180m[5fc55eeb]&amp#27;[0m&amp#27;[38;5;-47m[AndroidUiautomator2Driver@f550]&amp#27;[0m Proxying [GET /session/5fc55eeb-8c30-496a-8da7-c334a2a4c96e/element/00000000-0000-00a1-ffff-ffff00000134/text] to [GET http://127.0.0.1:8200/session/9000f4cc-fdb1-4152-8a97-ca6e878fe392/element/00000000-0000-00a1-ffff-ffff00000134/text] with no body
&amp#27;[38;5;180m[5fc55eeb]&amp#27;[0m&amp#27;[38;5;-47m[AndroidUiautomator2Driver@f550]&amp#27;[0m Got response with status 200: {"sessionId":"9000f4cc-fdb1-4152-8a97-ca6e878fe392","value":"$160.97"}
&amp#27;[38;5;180m[5fc55eeb]&amp#27;[0m&amp#27;[38;5;-47m[AndroidUiautomator2Driver@f550]&amp#27;[0m Replacing sessionId 9000f4cc-fdb1-4152-8a97-ca6e878fe392 with 5fc55eeb-8c30-496a-8da7-c334a2a4c96e
&amp#27;[38;5;180m[5fc55eeb]&amp#27;[0m&amp#27;[38;5;86m[HTTP]&amp#27;[0m &amp#27;[37m<-- GET /session/5fc55eeb-8c30-496a-8da7-c334a2a4c96e/element/00000000-0000-00a1-ffff-ffff00000134/text &amp#27;[39m&amp#27;[32m200&amp#27;[39m &amp#27;[90m50 ms - 70&amp#27;[39m &amp#27;[90m&amp#27;[39m
&amp#27;[38;5;180m[5fc55eeb]&amp#27;[0m&amp#27;[38;5;86m[HTTP]&amp#27;[0m &amp#27;[37m-->&amp#27;[39m &amp#27;[37mGET&amp#27;[39m &amp#27;[37m/session/5fc55eeb-8c30-496a-8da7-c334a2a4c96e/context&amp#27;[39m &amp#27;[90m{}&amp#27;[39m
&amp#27;[38;5;180m[5fc55eeb]&amp#27;[0m&amp#27;[38;5;-47m[AndroidUiautomator2Driver@f550]&amp#27;[0m Calling AppiumDriver.getCurrentContext() with args: ["5fc55eeb-8c30-496a-8da7-c334a2a4c96e"]
&amp#27;[38;5;180m[5fc55eeb]&amp#27;[0m&amp#27;[38;5;-47m[AndroidUiautomator2Driver@f550]&amp#27;[0m Responding to client with driver.getCurrentContext() result: "NATIVE_APP"
&amp#27;[38;5;180m[5fc55eeb]&amp#27;[0m&amp#27;[38;5;86m[HTTP]&amp#27;[0m &amp#27;[37m<-- GET /session/5fc55eeb-8c30-496a-8da7-c334a2a4c96e/context &amp#27;[39m&amp#27;[32m200&amp#27;[39m &amp#27;[90m2 ms - 22&amp#27;[39m &amp#27;[90m&amp#27;[39m
&amp#27;[38;5;180m[5fc55eeb]&amp#27;[0m&amp#27;[38;5;86m[HTTP]&amp#27;[0m &amp#27;[37m-->&amp#27;[39m &amp#27;[37mPOST&amp#27;[39m &amp#27;[37m/session/5fc55eeb-8c30-496a-8da7-c334a2a4c96e/elements&amp#27;[39m &amp#27;[90m{"using":"id","value":"com.androidsample.generalstore:id/productPrice"}&amp#27;[39m
&amp#27;[38;5;180m[5fc55eeb]&amp#27;[0m&amp#27;[38;5;-47m[AndroidUiautomator2Driver@f550]&amp#27;[0m Calling AppiumDriver.findElements() with args: ["id","com.androidsample.generalstore:id/productPrice","5fc55eeb-8c30-496a-8da7-c334a2a4c96e"]
&amp#27;[38;5;180m[5fc55eeb]&amp#27;[0m&amp#27;[38;5;-47m[AndroidUiautomator2Driver@f550]&amp#27;[0m Valid locator strategies for this request: xpath, id, class name, accessibility id, css selector, -android uiautomator
&amp#27;[38;5;180m[5fc55eeb]&amp#27;[0m&amp#27;[38;5;-47m[AndroidUiautomator2Driver@f550]&amp#27;[0m Waiting up to 10000 ms for condition
&amp#27;[38;5;180m[5fc55eeb]&amp#27;[0m&amp#27;[38;5;-47m[AndroidUiautomator2Driver@f550]&amp#27;[0m Matched '/elements' to command name 'findElements'
&amp#27;[38;5;180m[5fc55eeb]&amp#27;[0m&amp#27;[38;5;-47m[AndroidUiautomator2Driver@f550]&amp#27;[0m Proxying [POST /elements] to [POST http://127.0.0.1:8200/session/9000f4cc-fdb1-4152-8a97-ca6e878fe392/elements] with body: {"strategy":"id","selector":"com.androidsample.generalstore:id/productPrice","context":"","multiple":true}
&amp#27;[38;5;180m[5fc55eeb]&amp#27;[0m&amp#27;[38;5;-47m[AndroidUiautomator2Driver@f550]&amp#27;[0m Got response with status 200: {"sessionId":"9000f4cc-fdb1-4152-8a97-ca6e878fe392","value":[{"ELEMENT":"00000000-0000-00a1-ffff-ffff00000134","element-6066-11e4-a52e-4f735466cecf":"00000000-0000-00a1-ffff-ffff00000134"},{"ELEMENT":"00000000-0000-00a1-ffff-ffff0000013c","element-6066-11e4-a52e-4f735466cecf":"00000000-0000-00a1-ffff-ffff0000013c"}]}
&amp#27;[38;5;180m[5fc55eeb]&amp#27;[0m&amp#27;[38;5;-47m[AndroidUiautomator2Driver@f550]&amp#27;[0m Responding to client with driver.findElements() result: [{"element-6066-11e4-a52e-4f735466cecf":"00000000-0000-00a1-ffff-ffff00000134","ELEMENT":"00000000-0000-00a1-ffff-ffff00000134"},{"element-6066-11e4-a52e-4f735466cecf":"00000000-0000-00a1-ffff-ffff0000013c","ELEMENT":"00000000-0000-00a1-ffff-ffff0000013c"}]
&amp#27;[38;5;180m[5fc55eeb]&amp#27;[0m&amp#27;[38;5;86m[HTTP]&amp#27;[0m &amp#27;[37m<-- POST /session/5fc55eeb-8c30-496a-8da7-c334a2a4c96e/elements &amp#27;[39m&amp#27;[32m200&amp#27;[39m &amp#27;[90m120 ms - 267&amp#27;[39m &amp#27;[90m&amp#27;[39m
&amp#27;[38;5;180m[5fc55eeb]&amp#27;[0m&amp#27;[38;5;86m[HTTP]&amp#27;[0m &amp#27;[37m-->&amp#27;[39m &amp#27;[37mGET&amp#27;[39m &amp#27;[37m/session/5fc55eeb-8c30-496a-8da7-c334a2a4c96e/element/00000000-0000-00a1-ffff-ffff0000013c/text&amp#27;[39m &amp#27;[90m{}&amp#27;[39m
&amp#27;[38;5;180m[5fc55eeb]&amp#27;[0m&amp#27;[38;5;-47m[AndroidUiautomator2Driver@f550]&amp#27;[0m Driver proxy active, passing request on via HTTP proxy
&amp#27;[38;5;180m[5fc55eeb]&amp#27;[0m&amp#27;[38;5;-47m[AndroidUiautomator2Driver@f550]&amp#27;[0m Matched '/session/5fc55eeb-8c30-496a-8da7-c334a2a4c96e/element/00000000-0000-00a1-ffff-ffff0000013c/text' to command name 'getText'
&amp#27;[38;5;180m[5fc55eeb]&amp#27;[0m&amp#27;[38;5;-47m[AndroidUiautomator2Driver@f550]&amp#27;[0m Proxying [GET /session/5fc55eeb-8c30-496a-8da7-c334a2a4c96e/element/00000000-0000-00a1-ffff-ffff0000013c/text] to [GET http://127.0.0.1:8200/session/9000f4cc-fdb1-4152-8a97-ca6e878fe392/element/00000000-0000-00a1-ffff-ffff0000013c/text] with no body
&amp#27;[38;5;180m[5fc55eeb]&amp#27;[0m&amp#27;[38;5;-47m[AndroidUiautomator2Driver@f550]&amp#27;[0m Got response with status 200: {"sessionId":"9000f4cc-fdb1-4152-8a97-ca6e878fe392","value":"$120.0"}
&amp#27;[38;5;180m[5fc55eeb]&amp#27;[0m&amp#27;[38;5;-47m[AndroidUiautomator2Driver@f550]&amp#27;[0m Replacing sessionId 9000f4cc-fdb1-4152-8a97-ca6e878fe392 with 5fc55eeb-8c30-496a-8da7-c334a2a4c96e
&amp#27;[38;5;180m[5fc55eeb]&amp#27;[0m&amp#27;[38;5;86m[HTTP]&amp#27;[0m &amp#27;[37m<-- GET /session/5fc55eeb-8c30-496a-8da7-c334a2a4c96e/element/00000000-0000-00a1-ffff-ffff0000013c/text &amp#27;[39m&amp#27;[32m200&amp#27;[39m &amp#27;[90m47 ms - 69&amp#27;[39m &amp#27;[90m&amp#27;[39m
&amp#27;[38;5;180m[5fc55eeb]&amp#27;[0m&amp#27;[38;5;86m[HTTP]&amp#27;[0m &amp#27;[37m-->&amp#27;[39m &amp#27;[37mGET&amp#27;[39m &amp#27;[37m/session/5fc55eeb-8c30-496a-8da7-c334a2a4c96e/context&amp#27;[39m &amp#27;[90m{}&amp#27;[39m
&amp#27;[38;5;180m[5fc55eeb]&amp#27;[0m&amp#27;[38;5;-47m[AndroidUiautomator2Driver@f550]&amp#27;[0m Calling AppiumDriver.getCurrentContext() with args: ["5fc55eeb-8c30-496a-8da7-c334a2a4c96e"]
&amp#27;[38;5;180m[5fc55eeb]&amp#27;[0m&amp#27;[38;5;-47m[AndroidUiautomator2Driver@f550]&amp#27;[0m Responding to client with driver.getCurrentContext() result: "NATIVE_APP"
&amp#27;[38;5;180m[5fc55eeb]&amp#27;[0m&amp#27;[38;5;86m[HTTP]&amp#27;[0m &amp#27;[37m<-- GET /session/5fc55eeb-8c30-496a-8da7-c334a2a4c96e/context &amp#27;[39m&amp#27;[32m200&amp#27;[39m &amp#27;[90m2 ms - 22&amp#27;[39m &amp#27;[90m&amp#27;[39m
&amp#27;[38;5;180m[5fc55eeb]&amp#27;[0m&amp#27;[38;5;86m[HTTP]&amp#27;[0m &amp#27;[37m-->&amp#27;[39m &amp#27;[37mPOST&amp#27;[39m &amp#27;[37m/session/5fc55eeb-8c30-496a-8da7-c334a2a4c96e/element&amp#27;[39m &amp#27;[90m{"using":"id","value":"com.androidsample.generalstore:id/totalAmountLbl"}&amp#27;[39m
&amp#27;[38;5;180m[5fc55eeb]&amp#27;[0m&amp#27;[38;5;-47m[AndroidUiautomator2Driver@f550]&amp#27;[0m Calling AppiumDriver.findElement() with args: ["id","com.androidsample.generalstore:id/totalAmountLbl","5fc55eeb-8c30-496a-8da7-c334a2a4c96e"]
&amp#27;[38;5;180m[5fc55eeb]&amp#27;[0m&amp#27;[38;5;-47m[AndroidUiautomator2Driver@f550]&amp#27;[0m Valid locator strategies for this request: xpath, id, class name, accessibility id, css selector, -android uiautomator
&amp#27;[38;5;180m[5fc55eeb]&amp#27;[0m&amp#27;[38;5;-47m[AndroidUiautomator2Driver@f550]&amp#27;[0m Waiting up to 10000 ms for condition
&amp#27;[38;5;180m[5fc55eeb]&amp#27;[0m&amp#27;[38;5;-47m[AndroidUiautomator2Driver@f550]&amp#27;[0m Matched '/element' to command name 'findElement'
&amp#27;[38;5;180m[5fc55eeb]&amp#27;[0m&amp#27;[38;5;-47m[AndroidUiautomator2Driver@f550]&amp#27;[0m Proxying [POST /element] to [POST http://127.0.0.1:8200/session/9000f4cc-fdb1-4152-8a97-ca6e878fe392/element] with body: {"strategy":"id","selector":"com.androidsample.generalstore:id/totalAmountLbl","context":"","multiple":false}
&amp#27;[38;5;180m[5fc55eeb]&amp#27;[0m&amp#27;[38;5;-47m[AndroidUiautomator2Driver@f550]&amp#27;[0m Got response with status 200: {"sessionId":"9000f4cc-fdb1-4152-8a97-ca6e878fe392","value":{"ELEMENT":"00000000-0000-00a1-ffff-ffff00000128","element-6066-11e4-a52e-4f735466cecf":"00000000-0000-00a1-ffff-ffff00000128"}}
&amp#27;[38;5;180m[5fc55eeb]&amp#27;[0m&amp#27;[38;5;-47m[AndroidUiautomator2Driver@f550]&amp#27;[0m Responding to client with driver.findElement() result: {"element-6066-11e4-a52e-4f735466cecf":"00000000-0000-00a1-ffff-ffff00000128","ELEMENT":"00000000-0000-00a1-ffff-ffff00000128"}
&amp#27;[38;5;180m[5fc55eeb]&amp#27;[0m&amp#27;[38;5;86m[HTTP]&amp#27;[0m &amp#27;[37m<-- POST /session/5fc55eeb-8c30-496a-8da7-c334a2a4c96e/element &amp#27;[39m&amp#27;[32m200&amp#27;[39m &amp#27;[90m70 ms - 137&amp#27;[39m &amp#27;[90m&amp#27;[39m
&amp#27;[38;5;180m[5fc55eeb]&amp#27;[0m&amp#27;[38;5;86m[HTTP]&amp#27;[0m &amp#27;[37m-->&amp#27;[39m &amp#27;[37mGET&amp#27;[39m &amp#27;[37m/session/5fc55eeb-8c30-496a-8da7-c334a2a4c96e/element/00000000-0000-00a1-ffff-ffff00000128/text&amp#27;[39m &amp#27;[90m{}&amp#27;[39m
&amp#27;[38;5;180m[5fc55eeb]&amp#27;[0m&amp#27;[38;5;-47m[AndroidUiautomator2Driver@f550]&amp#27;[0m Driver proxy active, passing request on via HTTP proxy
&amp#27;[38;5;180m[5fc55eeb]&amp#27;[0m&amp#27;[38;5;-47m[AndroidUiautomator2Driver@f550]&amp#27;[0m Matched '/session/5fc55eeb-8c30-496a-8da7-c334a2a4c96e/element/00000000-0000-00a1-ffff-ffff00000128/text' to command name 'getText'
&amp#27;[38;5;180m[5fc55eeb]&amp#27;[0m&amp#27;[38;5;-47m[AndroidUiautomator2Driver@f550]&amp#27;[0m Proxying [GET /session/5fc55eeb-8c30-496a-8da7-c334a2a4c96e/element/00000000-0000-00a1-ffff-ffff00000128/text] to [GET http://127.0.0.1:8200/session/9000f4cc-fdb1-4152-8a97-ca6e878fe392/element/00000000-0000-00a1-ffff-ffff00000128/text] with no body
&amp#27;[38;5;180m[5fc55eeb]&amp#27;[0m&amp#27;[38;5;-47m[AndroidUiautomator2Driver@f550]&amp#27;[0m Got response with status 200: {"sessionId":"9000f4cc-fdb1-4152-8a97-ca6e878fe392","value":"$ 280.97"}
&amp#27;[38;5;180m[5fc55eeb]&amp#27;[0m&amp#27;[38;5;-47m[AndroidUiautomator2Driver@f550]&amp#27;[0m Replacing sessionId 9000f4cc-fdb1-4152-8a97-ca6e878fe392 with 5fc55eeb-8c30-496a-8da7-c334a2a4c96e
&amp#27;[38;5;180m[5fc55eeb]&amp#27;[0m&amp#27;[38;5;86m[HTTP]&amp#27;[0m &amp#27;[37m<-- GET /session/5fc55eeb-8c30-496a-8da7-c334a2a4c96e/element/00000000-0000-00a1-ffff-ffff00000128/text &amp#27;[39m&amp#27;[32m200&amp#27;[39m &amp#27;[90m37 ms - 71&amp#27;[39m &amp#27;[90m&amp#27;[39m
&amp#27;[38;5;180m[5fc55eeb]&amp#27;[0m&amp#27;[38;5;86m[HTTP]&amp#27;[0m &amp#27;[37m-->&amp#27;[39m &amp#27;[37mGET&amp#27;[39m &amp#27;[37m/session/5fc55eeb-8c30-496a-8da7-c334a2a4c96e/context&amp#27;[39m &amp#27;[90m{}&amp#27;[39m
&amp#27;[38;5;180m[5fc55eeb]&amp#27;[0m&amp#27;[38;5;-47m[AndroidUiautomator2Driver@f550]&amp#27;[0m Calling AppiumDriver.getCurrentContext() with args: ["5fc55eeb-8c30-496a-8da7-c334a2a4c96e"]
&amp#27;[38;5;180m[5fc55eeb]&amp#27;[0m&amp#27;[38;5;-47m[AndroidUiautomator2Driver@f550]&amp#27;[0m Responding to client with driver.getCurrentContext() result: "NATIVE_APP"
&amp#27;[38;5;180m[5fc55eeb]&amp#27;[0m&amp#27;[38;5;86m[HTTP]&amp#27;[0m &amp#27;[37m<-- GET /session/5fc55eeb-8c30-496a-8da7-c334a2a4c96e/context &amp#27;[39m&amp#27;[32m200&amp#27;[39m &amp#27;[90m2 ms - 22&amp#27;[39m &amp#27;[90m&amp#27;[39m
&amp#27;[38;5;180m[5fc55eeb]&amp#27;[0m&amp#27;[38;5;86m[HTTP]&amp#27;[0m &amp#27;[37m-->&amp#27;[39m &amp#27;[37mPOST&amp#27;[39m &amp#27;[37m/session/5fc55eeb-8c30-496a-8da7-c334a2a4c96e/element&amp#27;[39m &amp#27;[90m{"using":"id","value":"com.androidsample.generalstore:id/termsButton"}&amp#27;[39m
&amp#27;[38;5;180m[5fc55eeb]&amp#27;[0m&amp#27;[38;5;-47m[AndroidUiautomator2Driver@f550]&amp#27;[0m Calling AppiumDriver.findElement() with args: ["id","com.androidsample.generalstore:id/termsButton","5fc55eeb-8c30-496a-8da7-c334a2a4c96e"]
&amp#27;[38;5;180m[5fc55eeb]&amp#27;[0m&amp#27;[38;5;-47m[AndroidUiautomator2Driver@f550]&amp#27;[0m Valid locator strategies for this request: xpath, id, class name, accessibility id, css selector, -android uiautomator
&amp#27;[38;5;180m[5fc55eeb]&amp#27;[0m&amp#27;[38;5;-47m[AndroidUiautomator2Driver@f550]&amp#27;[0m Waiting up to 10000 ms for condition
&amp#27;[38;5;180m[5fc55eeb]&amp#27;[0m&amp#27;[38;5;-47m[AndroidUiautomator2Driver@f550]&amp#27;[0m Matched '/element' to command name 'findElement'
&amp#27;[38;5;180m[5fc55eeb]&amp#27;[0m&amp#27;[38;5;-47m[AndroidUiautomator2Driver@f550]&amp#27;[0m Proxying [POST /element] to [POST http://127.0.0.1:8200/session/9000f4cc-fdb1-4152-8a97-ca6e878fe392/element] with body: {"strategy":"id","selector":"com.androidsample.generalstore:id/termsButton","context":"","multiple":false}
&amp#27;[38;5;180m[5fc55eeb]&amp#27;[0m&amp#27;[38;5;-47m[AndroidUiautomator2Driver@f550]&amp#27;[0m Got response with status 200: {"sessionId":"9000f4cc-fdb1-4152-8a97-ca6e878fe392","value":{"ELEMENT":"00000000-0000-00a1-ffff-ffff0000012b","element-6066-11e4-a52e-4f735466cecf":"00000000-0000-00a1-ffff-ffff0000012b"}}
&amp#27;[38;5;180m[5fc55eeb]&amp#27;[0m&amp#27;[38;5;-47m[AndroidUiautomator2Driver@f550]&amp#27;[0m Responding to client with driver.findElement() result: {"element-6066-11e4-a52e-4f735466cecf":"00000000-0000-00a1-ffff-ffff0000012b","ELEMENT":"00000000-0000-00a1-ffff-ffff0000012b"}
&amp#27;[38;5;180m[5fc55eeb]&amp#27;[0m&amp#27;[38;5;86m[HTTP]&amp#27;[0m &amp#27;[37m<-- POST /session/5fc55eeb-8c30-496a-8da7-c334a2a4c96e/element &amp#27;[39m&amp#27;[32m200&amp#27;[39m &amp#27;[90m96 ms - 137&amp#27;[39m &amp#27;[90m&amp#27;[39m
&amp#27;[38;5;180m[5fc55eeb]&amp#27;[0m&amp#27;[38;5;86m[HTTP]&amp#27;[0m &amp#27;[37m-->&amp#27;[39m &amp#27;[37mPOST&amp#27;[39m &amp#27;[37m/session/5fc55eeb-8c30-496a-8da7-c334a2a4c96e/execute/sync&amp#27;[39m &amp#27;[90m{"script":"mobile: longClickGesture","args":[{"elementId":"00000000-0000-00a1-ffff-ffff0000012b","duration":2000}]}&amp#27;[39m
&amp#27;[38;5;180m[5fc55eeb]&amp#27;[0m&amp#27;[38;5;-47m[AndroidUiautomator2Driver@f550]&amp#27;[0m Calling AppiumDriver.execute() with args: ["mobile: longClickGesture",[{"elementId":"00000000-0000-00a1-ffff-ffff0000012b","duration":2000}],"5fc55eeb-8c30-496a-8da7-c334a2a4c96e"]
&amp#27;[38;5;180m[5fc55eeb]&amp#27;[0m&amp#27;[38;5;-47m[AndroidUiautomator2Driver@f550]&amp#27;[0m Executing native command 'mobile: longClickGesture'
&amp#27;[38;5;180m[5fc55eeb]&amp#27;[0m&amp#27;[38;5;-47m[AndroidUiautomator2Driver@f550]&amp#27;[0m Proxying [POST /appium/gestures/long_click] to [POST http://127.0.0.1:8200/session/9000f4cc-fdb1-4152-8a97-ca6e878fe392/appium/gestures/long_click] with body: {"origin":{"ELEMENT":"00000000-0000-00a1-ffff-ffff0000012b","element-6066-11e4-a52e-4f735466cecf":"00000000-0000-00a1-ffff-ffff0000012b"},"duration":2000}
&amp#27;[38;5;180m[5fc55eeb]&amp#27;[0m&amp#27;[38;5;-47m[AndroidUiautomator2Driver@f550]&amp#27;[0m Got response with status 200: {"sessionId":"9000f4cc-fdb1-4152-8a97-ca6e878fe392","value":null}
&amp#27;[38;5;180m[5fc55eeb]&amp#27;[0m&amp#27;[38;5;-47m[AndroidUiautomator2Driver@f550]&amp#27;[0m Responding to client with driver.execute() result: null
&amp#27;[38;5;180m[5fc55eeb]&amp#27;[0m&amp#27;[38;5;86m[HTTP]&amp#27;[0m &amp#27;[37m<-- POST /session/5fc55eeb-8c30-496a-8da7-c334a2a4c96e/execute/sync &amp#27;[39m&amp#27;[32m200&amp#27;[39m &amp#27;[90m5129 ms - 14&amp#27;[39m &amp#27;[90m&amp#27;[39m
&amp#27;[38;5;180m[5fc55eeb]&amp#27;[0m&amp#27;[38;5;86m[HTTP]&amp#27;[0m &amp#27;[37m-->&amp#27;[39m &amp#27;[37mGET&amp#27;[39m &amp#27;[37m/session/5fc55eeb-8c30-496a-8da7-c334a2a4c96e/context&amp#27;[39m &amp#27;[90m{}&amp#27;[39m
&amp#27;[38;5;180m[5fc55eeb]&amp#27;[0m&amp#27;[38;5;-47m[AndroidUiautomator2Driver@f550]&amp#27;[0m Calling AppiumDriver.getCurrentContext() with args: ["5fc55eeb-8c30-496a-8da7-c334a2a4c96e"]
&amp#27;[38;5;180m[5fc55eeb]&amp#27;[0m&amp#27;[38;5;-47m[AndroidUiautomator2Driver@f550]&amp#27;[0m Responding to client with driver.getCurrentContext() result: "NATIVE_APP"
&amp#27;[38;5;180m[5fc55eeb]&amp#27;[0m&amp#27;[38;5;86m[HTTP]&amp#27;[0m &amp#27;[37m<-- GET /session/5fc55eeb-8c30-496a-8da7-c334a2a4c96e/context &amp#27;[39m&amp#27;[32m200&amp#27;[39m &amp#27;[90m2 ms - 22&amp#27;[39m &amp#27;[90m&amp#27;[39m
&amp#27;[38;5;180m[5fc55eeb]&amp#27;[0m&amp#27;[38;5;86m[HTTP]&amp#27;[0m &amp#27;[37m-->&amp#27;[39m &amp#27;[37mPOST&amp#27;[39m &amp#27;[37m/session/5fc55eeb-8c30-496a-8da7-c334a2a4c96e/element&amp#27;[39m &amp#27;[90m{"using":"id","value":"android:id/button1"}&amp#27;[39m
&amp#27;[38;5;180m[5fc55eeb]&amp#27;[0m&amp#27;[38;5;-47m[AndroidUiautomator2Driver@f550]&amp#27;[0m Calling AppiumDriver.findElement() with args: ["id","android:id/button1","5fc55eeb-8c30-496a-8da7-c334a2a4c96e"]
&amp#27;[38;5;180m[5fc55eeb]&amp#27;[0m&amp#27;[38;5;-47m[AndroidUiautomator2Driver@f550]&amp#27;[0m Valid locator strategies for this request: xpath, id, class name, accessibility id, css selector, -android uiautomator
&amp#27;[38;5;180m[5fc55eeb]&amp#27;[0m&amp#27;[38;5;-47m[AndroidUiautomator2Driver@f550]&amp#27;[0m Waiting up to 10000 ms for condition
&amp#27;[38;5;180m[5fc55eeb]&amp#27;[0m&amp#27;[38;5;-47m[AndroidUiautomator2Driver@f550]&amp#27;[0m Matched '/element' to command name 'findElement'
&amp#27;[38;5;180m[5fc55eeb]&amp#27;[0m&amp#27;[38;5;-47m[AndroidUiautomator2Driver@f550]&amp#27;[0m Proxying [POST /element] to [POST http://127.0.0.1:8200/session/9000f4cc-fdb1-4152-8a97-ca6e878fe392/element] with body: {"strategy":"id","selector":"android:id/button1","context":"","multiple":false}
&amp#27;[38;5;180m[5fc55eeb]&amp#27;[0m&amp#27;[38;5;-47m[AndroidUiautomator2Driver@f550]&amp#27;[0m Got response with status 200: {"sessionId":"9000f4cc-fdb1-4152-8a97-ca6e878fe392","value":{"ELEMENT":"00000000-0000-00a2-ffff-ffff00000157","element-6066-11e4-a52e-4f735466cecf":"00000000-0000-00a2-ffff-ffff00000157"}}
&amp#27;[38;5;180m[5fc55eeb]&amp#27;[0m&amp#27;[38;5;-47m[AndroidUiautomator2Driver@f550]&amp#27;[0m Responding to client with driver.findElement() result: {"element-6066-11e4-a52e-4f735466cecf":"00000000-0000-00a2-ffff-ffff00000157","ELEMENT":"00000000-0000-00a2-ffff-ffff00000157"}
&amp#27;[38;5;180m[5fc55eeb]&amp#27;[0m&amp#27;[38;5;86m[HTTP]&amp#27;[0m &amp#27;[37m<-- POST /session/5fc55eeb-8c30-496a-8da7-c334a2a4c96e/element &amp#27;[39m&amp#27;[32m200&amp#27;[39m &amp#27;[90m68 ms - 137&amp#27;[39m &amp#27;[90m&amp#27;[39m
&amp#27;[38;5;180m[5fc55eeb]&amp#27;[0m&amp#27;[38;5;86m[HTTP]&amp#27;[0m &amp#27;[37m-->&amp#27;[39m &amp#27;[37mPOST&amp#27;[39m &amp#27;[37m/session/5fc55eeb-8c30-496a-8da7-c334a2a4c96e/element/00000000-0000-00a2-ffff-ffff00000157/click&amp#27;[39m &amp#27;[90m{"id":"00000000-0000-00a2-ffff-ffff00000157"}&amp#27;[39m
&amp#27;[38;5;180m[5fc55eeb]&amp#27;[0m&amp#27;[38;5;-47m[AndroidUiautomator2Driver@f550]&amp#27;[0m Calling AppiumDriver.click() with args: ["00000000-0000-00a2-ffff-ffff00000157","5fc55eeb-8c30-496a-8da7-c334a2a4c96e"]
&amp#27;[38;5;180m[5fc55eeb]&amp#27;[0m&amp#27;[38;5;-47m[AndroidUiautomator2Driver@f550]&amp#27;[0m Matched '/element/00000000-0000-00a2-ffff-ffff00000157/click' to command name 'click'
&amp#27;[38;5;180m[5fc55eeb]&amp#27;[0m&amp#27;[38;5;-47m[AndroidUiautomator2Driver@f550]&amp#27;[0m Proxying [POST /element/00000000-0000-00a2-ffff-ffff00000157/click] to [POST http://127.0.0.1:8200/session/9000f4cc-fdb1-4152-8a97-ca6e878fe392/element/00000000-0000-00a2-ffff-ffff00000157/click] with body: {"element":"00000000-0000-00a2-ffff-ffff00000157"}
&amp#27;[38;5;180m[5fc55eeb]&amp#27;[0m&amp#27;[38;5;-47m[AndroidUiautomator2Driver@f550]&amp#27;[0m Got response with status 200: {"sessionId":"9000f4cc-fdb1-4152-8a97-ca6e878fe392","value":null}
&amp#27;[38;5;180m[5fc55eeb]&amp#27;[0m&amp#27;[38;5;-47m[AndroidUiautomator2Driver@f550]&amp#27;[0m Responding to client with driver.click() result: null
&amp#27;[38;5;180m[5fc55eeb]&amp#27;[0m&amp#27;[38;5;86m[HTTP]&amp#27;[0m &amp#27;[37m<-- POST /session/5fc55eeb-8c30-496a-8da7-c334a2a4c96e/element/00000000-0000-00a2-ffff-ffff00000157/click &amp#27;[39m&amp#27;[32m200&amp#27;[39m &amp#27;[90m193 ms - 14&amp#27;[39m &amp#27;[90m&amp#27;[39m
&amp#27;[38;5;180m[5fc55eeb]&amp#27;[0m&amp#27;[38;5;86m[HTTP]&amp#27;[0m &amp#27;[37m-->&amp#27;[39m &amp#27;[37mGET&amp#27;[39m &amp#27;[37m/session/5fc55eeb-8c30-496a-8da7-c334a2a4c96e/context&amp#27;[39m &amp#27;[90m{}&amp#27;[39m
&amp#27;[38;5;180m[5fc55eeb]&amp#27;[0m&amp#27;[38;5;-47m[AndroidUiautomator2Driver@f550]&amp#27;[0m Calling AppiumDriver.getCurrentContext() with args: ["5fc55eeb-8c30-496a-8da7-c334a2a4c96e"]
&amp#27;[38;5;180m[5fc55eeb]&amp#27;[0m&amp#27;[38;5;-47m[AndroidUiautomator2Driver@f550]&amp#27;[0m Responding to client with driver.getCurrentContext() result: "NATIVE_APP"
&amp#27;[38;5;180m[5fc55eeb]&amp#27;[0m&amp#27;[38;5;86m[HTTP]&amp#27;[0m &amp#27;[37m<-- GET /session/5fc55eeb-8c30-496a-8da7-c334a2a4c96e/context &amp#27;[39m&amp#27;[32m200&amp#27;[39m &amp#27;[90m2 ms - 22&amp#27;[39m &amp#27;[90m&amp#27;[39m
&amp#27;[38;5;180m[5fc55eeb]&amp#27;[0m&amp#27;[38;5;86m[HTTP]&amp#27;[0m &amp#27;[37m-->&amp#27;[39m &amp#27;[37mPOST&amp#27;[39m &amp#27;[37m/session/5fc55eeb-8c30-496a-8da7-c334a2a4c96e/element&amp#27;[39m &amp#27;[90m{"using":"class name","value":"android.widget.CheckBox"}&amp#27;[39m
&amp#27;[38;5;180m[5fc55eeb]&amp#27;[0m&amp#27;[38;5;-47m[AndroidUiautomator2Driver@f550]&amp#27;[0m Calling AppiumDriver.findElement() with args: ["class name","android.widget.CheckBox","5fc55eeb-8c30-496a-8da7-c334a2a4c96e"]
&amp#27;[38;5;180m[5fc55eeb]&amp#27;[0m&amp#27;[38;5;-47m[AndroidUiautomator2Driver@f550]&amp#27;[0m Valid locator strategies for this request: xpath, id, class name, accessibility id, css selector, -android uiautomator
&amp#27;[38;5;180m[5fc55eeb]&amp#27;[0m&amp#27;[38;5;-47m[AndroidUiautomator2Driver@f550]&amp#27;[0m Waiting up to 10000 ms for condition
&amp#27;[38;5;180m[5fc55eeb]&amp#27;[0m&amp#27;[38;5;-47m[AndroidUiautomator2Driver@f550]&amp#27;[0m Matched '/element' to command name 'findElement'
&amp#27;[38;5;180m[5fc55eeb]&amp#27;[0m&amp#27;[38;5;-47m[AndroidUiautomator2Driver@f550]&amp#27;[0m Proxying [POST /element] to [POST http://127.0.0.1:8200/session/9000f4cc-fdb1-4152-8a97-ca6e878fe392/element] with body: {"strategy":"class name","selector":"android.widget.CheckBox","context":"","multiple":false}
&amp#27;[38;5;180m[5fc55eeb]&amp#27;[0m&amp#27;[38;5;-47m[AndroidUiautomator2Driver@f550]&amp#27;[0m Got response with status 200: {"sessionId":"9000f4cc-fdb1-4152-8a97-ca6e878fe392","value":{"ELEMENT":"00000000-0000-00a1-ffff-ffff00000129","element-6066-11e4-a52e-4f735466cecf":"00000000-0000-00a1-ffff-ffff00000129"}}
&amp#27;[38;5;180m[5fc55eeb]&amp#27;[0m&amp#27;[38;5;-47m[AndroidUiautomator2Driver@f550]&amp#27;[0m Responding to client with driver.findElement() result: {"element-6066-11e4-a52e-4f735466cecf":"00000000-0000-00a1-ffff-ffff00000129","ELEMENT":"00000000-0000-00a1-ffff-ffff00000129"}
&amp#27;[38;5;180m[5fc55eeb]&amp#27;[0m&amp#27;[38;5;86m[HTTP]&amp#27;[0m &amp#27;[37m<-- POST /session/5fc55eeb-8c30-496a-8da7-c334a2a4c96e/element &amp#27;[39m&amp#27;[32m200&amp#27;[39m &amp#27;[90m132 ms - 137&amp#27;[39m &amp#27;[90m&amp#27;[39m
&amp#27;[38;5;180m[5fc55eeb]&amp#27;[0m&amp#27;[38;5;86m[HTTP]&amp#27;[0m &amp#27;[37m-->&amp#27;[39m &amp#27;[37mPOST&amp#27;[39m &amp#27;[37m/session/5fc55eeb-8c30-496a-8da7-c334a2a4c96e/element/00000000-0000-00a1-ffff-ffff00000129/click&amp#27;[39m &amp#27;[90m{"id":"00000000-0000-00a1-ffff-ffff00000129"}&amp#27;[39m
&amp#27;[38;5;180m[5fc55eeb]&amp#27;[0m&amp#27;[38;5;-47m[AndroidUiautomator2Driver@f550]&amp#27;[0m Calling AppiumDriver.click() with args: ["00000000-0000-00a1-ffff-ffff00000129","5fc55eeb-8c30-496a-8da7-c334a2a4c96e"]
&amp#27;[38;5;180m[5fc55eeb]&amp#27;[0m&amp#27;[38;5;-47m[AndroidUiautomator2Driver@f550]&amp#27;[0m Matched '/element/00000000-0000-00a1-ffff-ffff00000129/click' to command name 'click'
&amp#27;[38;5;180m[5fc55eeb]&amp#27;[0m&amp#27;[38;5;-47m[AndroidUiautomator2Driver@f550]&amp#27;[0m Proxying [POST /element/00000000-0000-00a1-ffff-ffff00000129/click] to [POST http://127.0.0.1:8200/session/9000f4cc-fdb1-4152-8a97-ca6e878fe392/element/00000000-0000-00a1-ffff-ffff00000129/click] with body: {"element":"00000000-0000-00a1-ffff-ffff00000129"}
&amp#27;[38;5;180m[5fc55eeb]&amp#27;[0m&amp#27;[38;5;-47m[AndroidUiautomator2Driver@f550]&amp#27;[0m Got response with status 200: {"sessionId":"9000f4cc-fdb1-4152-8a97-ca6e878fe392","value":null}
&amp#27;[38;5;180m[5fc55eeb]&amp#27;[0m&amp#27;[38;5;-47m[AndroidUiautomator2Driver@f550]&amp#27;[0m Responding to client with driver.click() result: null
&amp#27;[38;5;180m[5fc55eeb]&amp#27;[0m&amp#27;[38;5;86m[HTTP]&amp#27;[0m &amp#27;[37m<-- POST /session/5fc55eeb-8c30-496a-8da7-c334a2a4c96e/element/00000000-0000-00a1-ffff-ffff00000129/click &amp#27;[39m&amp#27;[32m200&amp#27;[39m &amp#27;[90m145 ms - 14&amp#27;[39m &amp#27;[90m&amp#27;[39m
&amp#27;[38;5;180m[5fc55eeb]&amp#27;[0m&amp#27;[38;5;86m[HTTP]&amp#27;[0m &amp#27;[37m-->&amp#27;[39m &amp#27;[37mGET&amp#27;[39m &amp#27;[37m/session/5fc55eeb-8c30-496a-8da7-c334a2a4c96e/context&amp#27;[39m &amp#27;[90m{}&amp#27;[39m
&amp#27;[38;5;180m[5fc55eeb]&amp#27;[0m&amp#27;[38;5;-47m[AndroidUiautomator2Driver@f550]&amp#27;[0m Calling AppiumDriver.getCurrentContext() with args: ["5fc55eeb-8c30-496a-8da7-c334a2a4c96e"]
&amp#27;[38;5;180m[5fc55eeb]&amp#27;[0m&amp#27;[38;5;-47m[AndroidUiautomator2Driver@f550]&amp#27;[0m Responding to client with driver.getCurrentContext() result: "NATIVE_APP"
&amp#27;[38;5;180m[5fc55eeb]&amp#27;[0m&amp#27;[38;5;86m[HTTP]&amp#27;[0m &amp#27;[37m<-- GET /session/5fc55eeb-8c30-496a-8da7-c334a2a4c96e/context &amp#27;[39m&amp#27;[32m200&amp#27;[39m &amp#27;[90m3 ms - 22&amp#27;[39m &amp#27;[90m&amp#27;[39m
&amp#27;[38;5;180m[5fc55eeb]&amp#27;[0m&amp#27;[38;5;86m[HTTP]&amp#27;[0m &amp#27;[37m-->&amp#27;[39m &amp#27;[37mPOST&amp#27;[39m &amp#27;[37m/session/5fc55eeb-8c30-496a-8da7-c334a2a4c96e/element&amp#27;[39m &amp#27;[90m{"using":"id","value":"com.androidsample.generalstore:id/btnProceed"}&amp#27;[39m
&amp#27;[38;5;180m[5fc55eeb]&amp#27;[0m&amp#27;[38;5;-47m[AndroidUiautomator2Driver@f550]&amp#27;[0m Calling AppiumDriver.findElement() with args: ["id","com.androidsample.generalstore:id/btnProceed","5fc55eeb-8c30-496a-8da7-c334a2a4c96e"]
&amp#27;[38;5;180m[5fc55eeb]&amp#27;[0m&amp#27;[38;5;-47m[AndroidUiautomator2Driver@f550]&amp#27;[0m Valid locator strategies for this request: xpath, id, class name, accessibility id, css selector, -android uiautomator
&amp#27;[38;5;180m[5fc55eeb]&amp#27;[0m&amp#27;[38;5;-47m[AndroidUiautomator2Driver@f550]&amp#27;[0m Waiting up to 10000 ms for condition
&amp#27;[38;5;180m[5fc55eeb]&amp#27;[0m&amp#27;[38;5;-47m[AndroidUiautomator2Driver@f550]&amp#27;[0m Matched '/element' to command name 'findElement'
&amp#27;[38;5;180m[5fc55eeb]&amp#27;[0m&amp#27;[38;5;-47m[AndroidUiautomator2Driver@f550]&amp#27;[0m Proxying [POST /element] to [POST http://127.0.0.1:8200/session/9000f4cc-fdb1-4152-8a97-ca6e878fe392/element] with body: {"strategy":"id","selector":"com.androidsample.generalstore:id/btnProceed","context":"","multiple":false}
&amp#27;[38;5;180m[5fc55eeb]&amp#27;[0m&amp#27;[38;5;-47m[AndroidUiautomator2Driver@f550]&amp#27;[0m Got response with status 200: {"sessionId":"9000f4cc-fdb1-4152-8a97-ca6e878fe392","value":{"ELEMENT":"00000000-0000-00a1-ffff-ffff0000012a","element-6066-11e4-a52e-4f735466cecf":"00000000-0000-00a1-ffff-ffff0000012a"}}
&amp#27;[38;5;180m[5fc55eeb]&amp#27;[0m&amp#27;[38;5;-47m[AndroidUiautomator2Driver@f550]&amp#27;[0m Responding to client with driver.findElement() result: {"element-6066-11e4-a52e-4f735466cecf":"00000000-0000-00a1-ffff-ffff0000012a","ELEMENT":"00000000-0000-00a1-ffff-ffff0000012a"}
&amp#27;[38;5;180m[5fc55eeb]&amp#27;[0m&amp#27;[38;5;86m[HTTP]&amp#27;[0m &amp#27;[37m<-- POST /session/5fc55eeb-8c30-496a-8da7-c334a2a4c96e/element &amp#27;[39m&amp#27;[32m200&amp#27;[39m &amp#27;[90m108 ms - 137&amp#27;[39m &amp#27;[90m&amp#27;[39m
&amp#27;[38;5;180m[5fc55eeb]&amp#27;[0m&amp#27;[38;5;86m[HTTP]&amp#27;[0m &amp#27;[37m-->&amp#27;[39m &amp#27;[37mPOST&amp#27;[39m &amp#27;[37m/session/5fc55eeb-8c30-496a-8da7-c334a2a4c96e/element/00000000-0000-00a1-ffff-ffff0000012a/click&amp#27;[39m &amp#27;[90m{"id":"00000000-0000-00a1-ffff-ffff0000012a"}&amp#27;[39m
&amp#27;[38;5;180m[5fc55eeb]&amp#27;[0m&amp#27;[38;5;-47m[AndroidUiautomator2Driver@f550]&amp#27;[0m Calling AppiumDriver.click() with args: ["00000000-0000-00a1-ffff-ffff0000012a","5fc55eeb-8c30-496a-8da7-c334a2a4c96e"]
&amp#27;[38;5;180m[5fc55eeb]&amp#27;[0m&amp#27;[38;5;-47m[AndroidUiautomator2Driver@f550]&amp#27;[0m Matched '/element/00000000-0000-00a1-ffff-ffff0000012a/click' to command name 'click'
&amp#27;[38;5;180m[5fc55eeb]&amp#27;[0m&amp#27;[38;5;-47m[AndroidUiautomator2Driver@f550]&amp#27;[0m Proxying [POST /element/00000000-0000-00a1-ffff-ffff0000012a/click] to [POST http://127.0.0.1:8200/session/9000f4cc-fdb1-4152-8a97-ca6e878fe392/element/00000000-0000-00a1-ffff-ffff0000012a/click] with body: {"element":"00000000-0000-00a1-ffff-ffff0000012a"}
&amp#27;[38;5;180m[5fc55eeb]&amp#27;[0m&amp#27;[38;5;-47m[AndroidUiautomator2Driver@f550]&amp#27;[0m Got response with status 200: {"sessionId":"9000f4cc-fdb1-4152-8a97-ca6e878fe392","value":null}
&amp#27;[38;5;180m[5fc55eeb]&amp#27;[0m&amp#27;[38;5;-47m[AndroidUiautomator2Driver@f550]&amp#27;[0m Responding to client with driver.click() result: null
&amp#27;[38;5;180m[5fc55eeb]&amp#27;[0m&amp#27;[38;5;86m[HTTP]&amp#27;[0m &amp#27;[37m<-- POST /session/5fc55eeb-8c30-496a-8da7-c334a2a4c96e/element/00000000-0000-00a1-ffff-ffff0000012a/click &amp#27;[39m&amp#27;[32m200&amp#27;[39m &amp#27;[90m580 ms - 14&amp#27;[39m &amp#27;[90m&amp#27;[39m
&amp#27;[38;5;180m[5fc55eeb]&amp#27;[0m&amp#27;[38;5;86m[HTTP]&amp#27;[0m &amp#27;[37m-->&amp#27;[39m &amp#27;[37mPOST&amp#27;[39m &amp#27;[37m/session/5fc55eeb-8c30-496a-8da7-c334a2a4c96e/back&amp#27;[39m &amp#27;[90m{}&amp#27;[39m
&amp#27;[38;5;180m[5fc55eeb]&amp#27;[0m&amp#27;[38;5;-47m[AndroidUiautomator2Driver@f550]&amp#27;[0m Driver proxy active, passing request on via HTTP proxy
&amp#27;[38;5;180m[5fc55eeb]&amp#27;[0m&amp#27;[38;5;-47m[AndroidUiautomator2Driver@f550]&amp#27;[0m Matched '/session/5fc55eeb-8c30-496a-8da7-c334a2a4c96e/back' to command name 'back'
&amp#27;[38;5;180m[5fc55eeb]&amp#27;[0m&amp#27;[38;5;-47m[AndroidUiautomator2Driver@f550]&amp#27;[0m Proxying [POST /session/5fc55eeb-8c30-496a-8da7-c334a2a4c96e/back] to [POST http://127.0.0.1:8200/session/9000f4cc-fdb1-4152-8a97-ca6e878fe392/back] with body: {}
&amp#27;[38;5;180m[5fc55eeb]&amp#27;[0m&amp#27;[38;5;-47m[AndroidUiautomator2Driver@f550]&amp#27;[0m Got response with status 200: {"sessionId":"9000f4cc-fdb1-4152-8a97-ca6e878fe392","value":null}
&amp#27;[38;5;180m[5fc55eeb]&amp#27;[0m&amp#27;[38;5;-47m[AndroidUiautomator2Driver@f550]&amp#27;[0m Replacing sessionId 9000f4cc-fdb1-4152-8a97-ca6e878fe392 with 5fc55eeb-8c30-496a-8da7-c334a2a4c96e
&amp#27;[38;5;180m[5fc55eeb]&amp#27;[0m&amp#27;[38;5;86m[HTTP]&amp#27;[0m &amp#27;[37m<-- POST /session/5fc55eeb-8c30-496a-8da7-c334a2a4c96e/back &amp#27;[39m&amp#27;[32m200&amp#27;[39m &amp#27;[90m1881 ms - 65&amp#27;[39m &amp#27;[90m&amp#27;[39m
]]></system-out>
  </testcase>
  <testcase name="fillformerror" classname="Rahullshetty.FrameWork.testdata.errortest" time="15.779">
    <failure message="expected [Pleas  enter your ] but found [Please enter your name]" type="java.lang.AssertionError"><![CDATA[java.lang.AssertionError: expected [Pleas  enter your ] but found [Please enter your name]
	at org.testng.Assert.fail(Assert.java:111)
	at org.testng.Assert.failNotEquals(Assert.java:1578)
	at org.testng.Assert.assertEqualsImpl(Assert.java:150)
	at org.testng.Assert.assertEquals(Assert.java:132)
	at org.testng.Assert.assertEquals(Assert.java:656)
	at org.testng.Assert.assertEquals(Assert.java:666)
	at Rahullshetty.FrameWork.testdata.errortest.fillformerror(errortest.java:23)
	at java.base/jdk.internal.reflect.NativeMethodAccessorImpl.invoke0(Native Method)
	at java.base/jdk.internal.reflect.NativeMethodAccessorImpl.invoke(NativeMethodAccessorImpl.java:77)
	at java.base/jdk.internal.reflect.DelegatingMethodAccessorImpl.invoke(DelegatingMethodAccessorImpl.java:43)
	at java.base/java.lang.reflect.Method.invoke(Method.java:568)
	at org.testng.internal.invokers.MethodInvocationHelper.invokeMethod(MethodInvocationHelper.java:141)
	at org.testng.internal.invokers.TestInvoker.invokeMethod(TestInvoker.java:686)
	at org.testng.internal.invokers.TestInvoker.invokeTestMethod(TestInvoker.java:230)
	at org.testng.internal.invokers.MethodRunner.runInSequence(MethodRunner.java:63)
	at org.testng.internal.invokers.TestInvoker$MethodInvocationAgent.invoke(TestInvoker.java:992)
	at org.testng.internal.invokers.TestInvoker.invokeTestMethods(TestInvoker.java:203)
	at org.testng.internal.invokers.TestMethodWorker.invokeTestMethods(TestMethodWorker.java:154)
	at org.testng.internal.invokers.TestMethodWorker.run(TestMethodWorker.java:134)
	at java.base/java.util.ArrayList.forEach(ArrayList.java:1511)
	at org.testng.TestRunner.privateRun(TestRunner.java:739)
	at org.testng.TestRunner.run(TestRunner.java:614)
	at org.testng.SuiteRunner.runTest(SuiteRunner.java:421)
	at org.testng.SuiteRunner.runSequentially(SuiteRunner.java:413)
	at org.testng.SuiteRunner.privateRun(SuiteRunner.java:373)
	at org.testng.SuiteRunner.run(SuiteRunner.java:312)
	at org.testng.SuiteRunnerWorker.runSuite(SuiteRunnerWorker.java:52)
	at org.testng.SuiteRunnerWorker.run(SuiteRunnerWorker.java:95)
	at org.testng.TestNG.runSuitesSequentially(TestNG.java:1274)
	at org.testng.TestNG.runSuitesLocally(TestNG.java:1208)
	at org.testng.TestNG.runSuites(TestNG.java:1112)
	at org.testng.TestNG.run(TestNG.java:1079)
	at org.apache.maven.surefire.testng.TestNGExecutor.run(TestNGExecutor.java:308)
	at org.apache.maven.surefire.testng.TestNGXmlTestSuite.execute(TestNGXmlTestSuite.java:71)
	at org.apache.maven.surefire.testng.TestNGProvider.invoke(TestNGProvider.java:113)
	at org.apache.maven.surefire.booter.ForkedBooter.runSuitesInProcess(ForkedBooter.java:385)
	at org.apache.maven.surefire.booter.ForkedBooter.execute(ForkedBooter.java:162)
	at org.apache.maven.surefire.booter.ForkedBooter.run(ForkedBooter.java:507)
	at org.apache.maven.surefire.booter.ForkedBooter.main(ForkedBooter.java:495)
]]></failure>
    <system-out><![CDATA[&amp#27;[38;5;180m[5fc55eeb]&amp#27;[0m&amp#27;[38;5;86m[HTTP]&amp#27;[0m &amp#27;[37m-->&amp#27;[39m &amp#27;[37mDELETE&amp#27;[39m &amp#27;[37m/session/5fc55eeb-8c30-496a-8da7-c334a2a4c96e&amp#27;[39m &amp#27;[90m{}&amp#27;[39m
&amp#27;[38;5;180m[5fc55eeb]&amp#27;[0m&amp#27;[38;5;-47m[AndroidUiautomator2Driver@f550]&amp#27;[0m Calling AppiumDriver.deleteSession() with args: ["5fc55eeb-8c30-496a-8da7-c334a2a4c96e"]
&amp#27;[38;5;180m[5fc55eeb]&amp#27;[0m&amp#27;[38;5;127m[AppiumDriver@f8dc]&amp#27;[0m Event 'quitSessionRequested' logged at 1728467790796 (15:26:30 GMT+0530 (India Standard Time))
&amp#27;[38;5;180m[5fc55eeb]&amp#27;[0m&amp#27;[38;5;127m[AppiumDriver@f8dc]&amp#27;[0m Removing session 5fc55eeb-8c30-496a-8da7-c334a2a4c96e from our master session list
&amp#27;[38;5;180m[5fc55eeb]&amp#27;[0m&amp#27;[38;5;-47m[AndroidUiautomator2Driver@f550]&amp#27;[0m Deleting UiAutomator2 session
&amp#27;[38;5;180m[5fc55eeb]&amp#27;[0m&amp#27;[38;5;-47m[AndroidUiautomator2Driver@f550]&amp#27;[0m Deleting UiAutomator2 server session
&amp#27;[38;5;180m[5fc55eeb]&amp#27;[0m&amp#27;[38;5;-47m[AndroidUiautomator2Driver@f550]&amp#27;[0m Matched '/' to command name 'deleteSession'
&amp#27;[38;5;180m[5fc55eeb]&amp#27;[0m&amp#27;[38;5;-47m[AndroidUiautomator2Driver@f550]&amp#27;[0m Proxying [DELETE /] to [DELETE http://127.0.0.1:8200/session/9000f4cc-fdb1-4152-8a97-ca6e878fe392] with no body
&amp#27;[38;5;180m[5fc55eeb]&amp#27;[0m&amp#27;[38;5;-47m[AndroidUiautomator2Driver@f550]&amp#27;[0m Got response with status 200: {"sessionId":"9000f4cc-fdb1-4152-8a97-ca6e878fe392","value":null}
&amp#27;[38;5;180m[5fc55eeb]&amp#27;[0m&amp#27;[38;5;-47m[AndroidUiautomator2Driver@f550]&amp#27;[0m [Instrumentation] io.appium.uiautomator2.server.test.AppiumUiAutomator2Server:
&amp#27;[38;5;180m[5fc55eeb]&amp#27;[0m&amp#27;[38;5;-47m[AndroidUiautomator2Driver@f550]&amp#27;[0m [Instrumentation] The process has exited with code null, signal SIGTERM
&amp#27;[38;5;180m[5fc55eeb]&amp#27;[0m&amp#27;[38;5;229m[ADB]&amp#27;[0m Running 'C:\Users\User\AppData\Local\Android\Sdk\platform-tools\adb.exe -P 5037 -s emulator-5554 shell dumpsys activity services io.appium.settings/.recorder.RecorderService'
&amp#27;[38;5;180m[5fc55eeb]&amp#27;[0m&amp#27;[38;5;229m[ADB]&amp#27;[0m Running 'C:\Users\User\AppData\Local\Android\Sdk\platform-tools\adb.exe -P 5037 -s emulator-5554 shell am force-stop com.androidsample.generalstore'
&amp#27;[38;5;180m[5fc55eeb]&amp#27;[0m&amp#27;[38;5;229m[ADB]&amp#27;[0m Removing forwarded port socket connection: 8200 
&amp#27;[38;5;180m[5fc55eeb]&amp#27;[0m&amp#27;[38;5;229m[ADB]&amp#27;[0m Running 'C:\Users\User\AppData\Local\Android\Sdk\platform-tools\adb.exe -P 5037 -s emulator-5554 forward --remove tcp:8200'
&amp#27;[38;5;180m[5fc55eeb]&amp#27;[0m&amp#27;[38;5;-47m[AndroidUiautomator2Driver@f550]&amp#27;[0m Restoring hidden api policy to the device default configuration
&amp#27;[38;5;180m[5fc55eeb]&amp#27;[0m&amp#27;[38;5;229m[ADB]&amp#27;[0m Running 'C:\Users\User\AppData\Local\Android\Sdk\platform-tools\adb.exe -P 5037 -s emulator-5554 shell 'settings delete global hidden_api_policy_pre_p_apps;settings delete global hidden_api_policy_p_apps;settings delete global hidden_api_policy''
&amp#27;[38;5;180m[5fc55eeb]&amp#27;[0m&amp#27;[38;5;160m[Logcat]&amp#27;[0m Stopping logcat capture
&amp#27;[38;5;180m[5fc55eeb]&amp#27;[0m&amp#27;[38;5;127m[AppiumDriver@f8dc]&amp#27;[0m Event 'quitSessionFinished' logged at 1728467791629 (15:26:31 GMT+0530 (India Standard Time))
&amp#27;[38;5;180m[5fc55eeb]&amp#27;[0m&amp#27;[38;5;127m[AppiumDriver@f8dc]&amp#27;[0m Received response: null
&amp#27;[38;5;180m[5fc55eeb]&amp#27;[0m&amp#27;[38;5;127m[AppiumDriver@f8dc]&amp#27;[0m But deleting session, so not returning
&amp#27;[38;5;180m[5fc55eeb]&amp#27;[0m&amp#27;[38;5;127m[AppiumDriver@f8dc]&amp#27;[0m Responding to client with driver.deleteSession() result: null
&amp#27;[38;5;180m[5fc55eeb]&amp#27;[0m&amp#27;[38;5;86m[HTTP]&amp#27;[0m &amp#27;[37m<-- DELETE /session/5fc55eeb-8c30-496a-8da7-c334a2a4c96e &amp#27;[39m&amp#27;[32m200&amp#27;[39m &amp#27;[90m835 ms - 14&amp#27;[39m &amp#27;[90m&amp#27;[39m
&amp#27;[38;5;112m[Appium]&amp#27;[0m Welcome to Appium v2.11.5
&amp#27;[38;5;112m[Appium]&amp#27;[0m Non-default server args:
&amp#27;[38;5;112m[Appium]&amp#27;[0m { address: &amp#27;[32m'192.168.0.101'&amp#27;[39m }
&amp#27;[38;5;112m[Appium]&amp#27;[0m The autodetected Appium home path: C:\Users\User
&amp#27;[38;5;112m[Appium]&amp#27;[0m Attempting to load driver uiautomator2...
&amp#27;[38;5;112m[Appium]&amp#27;[0m Attempting to load driver xcuitest...
&amp#27;[38;5;112m[Appium]&amp#27;[0m Requiring driver at C:\Users\User\node_modules\appium-uiautomator2-driver\build\index.js
&amp#27;[38;5;112m[Appium]&amp#27;[0m Requiring driver at C:\Users\User\node_modules\appium-xcuitest-driver\build\index.js
&amp#27;[38;5;112m[Appium]&amp#27;[0m AndroidUiautomator2Driver has been successfully loaded in 2.681s
&amp#27;[38;5;112m[Appium]&amp#27;[0m XCUITestDriver has been successfully loaded in 2.682s
&amp#27;[38;5;112m[Appium]&amp#27;[0m Appium REST http interface listener started on http://192.168.0.101:4723
&amp#27;[38;5;112m[Appium]&amp#27;[0m Available drivers:
&amp#27;[38;5;112m[Appium]&amp#27;[0m   - uiautomator2@3.7.9 (automationName 'UiAutomator2')
&amp#27;[38;5;112m[Appium]&amp#27;[0m   - xcuitest@7.25.0 (automationName 'XCUITest')
&amp#27;[38;5;112m[Appium]&amp#27;[0m No plugins have been installed. Use the "appium plugin" command to install the one(s) you want to use.
&amp#27;[38;5;86m[HTTP]&amp#27;[0m &amp#27;[37m-->&amp#27;[39m &amp#27;[37mGET&amp#27;[39m &amp#27;[37m/status&amp#27;[39m &amp#27;[90m{}&amp#27;[39m
&amp#27;[38;5;148m[AppiumDriver@196b]&amp#27;[0m Calling AppiumDriver.getStatus() with args: []
&amp#27;[38;5;148m[AppiumDriver@196b]&amp#27;[0m Responding to client with driver.getStatus() result: {"ready":true,"message":"The server is ready to accept new connections","build":{"version":"2.11.5"}}
&amp#27;[38;5;86m[HTTP]&amp#27;[0m &amp#27;[37m<-- GET /status &amp#27;[39m&amp#27;[32m200&amp#27;[39m &amp#27;[90m9 ms - 111&amp#27;[39m &amp#27;[90m&amp#27;[39m
&amp#27;[38;5;86m[HTTP]&amp#27;[0m Request idempotency key: 201bcc26-de4a-47a5-9a82-42a896f6210a
&amp#27;[38;5;86m[HTTP]&amp#27;[0m &amp#27;[37m-->&amp#27;[39m &amp#27;[37mPOST&amp#27;[39m &amp#27;[37m/session&amp#27;[39m &amp#27;[90m{"capabilities":{"firstMatch":[{"appium:deviceName":"sushmaemulator","platformName":"ANDROID","appium:automationName":"UIAutomator2","appium:app":"C:\\Users\\User\\Desktop\\new\\FrameWork\\src\\test\\java\\resource\\General-Store.apk"}]}}&amp#27;[39m
&amp#27;[38;5;148m[AppiumDriver@196b]&amp#27;[0m Calling AppiumDriver.createSession() with args: [null,null,{"firstMatch":[{"appium:deviceName":"sushmaemulator","platformName":"ANDROID","appium:automationName":"UIAutomator2","appium:app":"C:\\Users\\User\\Desktop\\new\\FrameWork\\src\\test\\java\\resource\\General-Store.apk"}]}]
&amp#27;[38;5;148m[AppiumDriver@196b]&amp#27;[0m Event 'newSessionRequested' logged at 1728467797137 (15:26:37 GMT+0530 (India Standard Time))
&amp#27;[38;5;112m[Appium]&amp#27;[0m Attempting to find matching driver for automationName 'UIAutomator2' and platformName 'ANDROID'
&amp#27;[38;5;112m[Appium]&amp#27;[0m The 'uiautomator2' driver was installed and matched caps.
&amp#27;[38;5;112m[Appium]&amp#27;[0m Will require it at C:\Users\User\node_modules\appium-uiautomator2-driver
&amp#27;[38;5;112m[Appium]&amp#27;[0m Requiring driver at C:\Users\User\node_modules\appium-uiautomator2-driver\build\index.js
&amp#27;[38;5;148m[AppiumDriver@196b]&amp#27;[0m Appium v2.11.5 creating new AndroidUiautomator2Driver (v3.7.9) session
&amp#27;[38;5;148m[AppiumDriver@196b]&amp#27;[0m Checking BaseDriver versions for Appium and AndroidUiautomator2Driver
&amp#27;[38;5;148m[AppiumDriver@196b]&amp#27;[0m Appium's BaseDriver version is 9.11.5
&amp#27;[38;5;148m[AppiumDriver@196b]&amp#27;[0m AndroidUiautomator2Driver's BaseDriver version is 9.11.3
&amp#27;[38;5;13m[AndroidUiautomator2Driver@8edc]&amp#27;[0m 
&amp#27;[38;5;13m[AndroidUiautomator2Driver@8edc]&amp#27;[0m Creating session with W3C capabilities: {
  "alwaysMatch": {
    "platformName": "ANDROID",
    "appium:deviceName": "sushmaemulator",
    "appium:automationName": "UIAutomator2",
    "appium:app": "C:\\Users\\User\\Desktop\\new\\FrameWork\\src\\test\\java\\resource\\General-Store.apk"
  },
  "firstMatch": [
    {}
  ]
}
&amp#27;[38;5;65m[732d3f17]&amp#27;[0m&amp#27;[38;5;13m[AndroidUiautomator2Driver@8edc]&amp#27;[0m Session created with session id: 732d3f17-23bc-4d0c-b36d-52c7a2588001
&amp#27;[38;5;65m[732d3f17]&amp#27;[0m&amp#27;[38;5;229m[ADB]&amp#27;[0m Found 2 'build-tools' folders under 'C:\Users\User\AppData\Local\Android\Sdk' (newest first):
&amp#27;[38;5;65m[732d3f17]&amp#27;[0m&amp#27;[38;5;229m[ADB]&amp#27;[0m     C:\Users\User\AppData\Local\Android\Sdk\build-tools\35.0.0
&amp#27;[38;5;65m[732d3f17]&amp#27;[0m&amp#27;[38;5;229m[ADB]&amp#27;[0m     C:\Users\User\AppData\Local\Android\Sdk\build-tools\34.0.0
&amp#27;[38;5;65m[732d3f17]&amp#27;[0m&amp#27;[38;5;229m[ADB]&amp#27;[0m Using 'adb.exe' from 'C:\Users\User\AppData\Local\Android\Sdk\platform-tools\adb.exe'
&amp#27;[38;5;65m[732d3f17]&amp#27;[0m&amp#27;[38;5;229m[ADB]&amp#27;[0m Running 'C:\Users\User\AppData\Local\Android\Sdk\platform-tools\adb.exe -P 5037 start-server'
&amp#27;[38;5;65m[732d3f17]&amp#27;[0m&amp#27;[38;5;13m[AndroidUiautomator2Driver@8edc]&amp#27;[0m Retrieving device list
&amp#27;[38;5;65m[732d3f17]&amp#27;[0m&amp#27;[38;5;229m[ADB]&amp#27;[0m Trying to find connected Android devices
&amp#27;[38;5;65m[732d3f17]&amp#27;[0m&amp#27;[38;5;229m[ADB]&amp#27;[0m Getting connected devices
&amp#27;[38;5;65m[732d3f17]&amp#27;[0m&amp#27;[38;5;229m[ADB]&amp#27;[0m Connected devices: [{"udid":"emulator-5554","state":"device"}]
&amp#27;[38;5;65m[732d3f17]&amp#27;[0m&amp#27;[38;5;13m[AndroidUiautomator2Driver@8edc]&amp#27;[0m Using device: emulator-5554
&amp#27;[38;5;65m[732d3f17]&amp#27;[0m&amp#27;[38;5;229m[ADB]&amp#27;[0m Using 'adb.exe' from 'C:\Users\User\AppData\Local\Android\Sdk\platform-tools\adb.exe'
&amp#27;[38;5;65m[732d3f17]&amp#27;[0m&amp#27;[38;5;229m[ADB]&amp#27;[0m Running 'C:\Users\User\AppData\Local\Android\Sdk\platform-tools\adb.exe -P 5037 start-server'
&amp#27;[38;5;65m[732d3f17]&amp#27;[0m&amp#27;[38;5;229m[ADB]&amp#27;[0m Setting device id to emulator-5554
&amp#27;[38;5;65m[732d3f17]&amp#27;[0m&amp#27;[38;5;123m[BaseDriver]&amp#27;[0m Using local app 'C:\Users\User\Desktop\new\FrameWork\src\test\java\resource\General-Store.apk'
&amp#27;[38;5;65m[732d3f17]&amp#27;[0m&amp#27;[38;5;13m[AndroidUiautomator2Driver@8edc]&amp#27;[0m Checking whether app is actually present
&amp#27;[38;5;65m[732d3f17]&amp#27;[0m&amp#27;[38;5;229m[ADB]&amp#27;[0m Running 'C:\Users\User\AppData\Local\Android\Sdk\platform-tools\adb.exe -P 5037 -s emulator-5554 shell getprop ro.build.version.sdk'
&amp#27;[38;5;65m[732d3f17]&amp#27;[0m&amp#27;[38;5;229m[ADB]&amp#27;[0m Current device property 'ro.build.version.sdk': 35
&amp#27;[38;5;65m[732d3f17]&amp#27;[0m&amp#27;[38;5;229m[ADB]&amp#27;[0m Getting device platform version
&amp#27;[38;5;65m[732d3f17]&amp#27;[0m&amp#27;[38;5;229m[ADB]&amp#27;[0m Running 'C:\Users\User\AppData\Local\Android\Sdk\platform-tools\adb.exe -P 5037 -s emulator-5554 shell getprop ro.build.version.release'
&amp#27;[38;5;65m[732d3f17]&amp#27;[0m&amp#27;[38;5;229m[ADB]&amp#27;[0m Current device property 'ro.build.version.release': 15
&amp#27;[38;5;65m[732d3f17]&amp#27;[0m&amp#27;[38;5;229m[ADB]&amp#27;[0m Device API level: 35
&amp#27;[38;5;65m[732d3f17]&amp#27;[0m&amp#27;[38;5;13m[AndroidUiautomator2Driver@8edc]&amp#27;[0m Relaxing hidden api policy
&amp#27;[38;5;65m[732d3f17]&amp#27;[0m&amp#27;[38;5;229m[ADB]&amp#27;[0m Running 'C:\Users\User\AppData\Local\Android\Sdk\platform-tools\adb.exe -P 5037 -s emulator-5554 shell 'settings put global hidden_api_policy_pre_p_apps 1;settings put global hidden_api_policy_p_apps 1;settings put global hidden_api_policy 1''
&amp#27;[38;5;65m[732d3f17]&amp#27;[0m&amp#27;[38;5;13m[AndroidUiautomator2Driver@8edc]&amp#27;[0m Parsing package and activity from app manifest
&amp#27;[38;5;65m[732d3f17]&amp#27;[0m&amp#27;[38;5;229m[ADB]&amp#27;[0m Running 'C:\Users\User\AppData\Local\Android\Sdk\platform-tools\adb.exe -P 5037 -s emulator-5554 wait-for-device'
&amp#27;[38;5;65m[732d3f17]&amp#27;[0m&amp#27;[38;5;229m[ADB]&amp#27;[0m Using 'aapt2.exe' from 'C:\Users\User\AppData\Local\Android\Sdk\build-tools\35.0.0\aapt2.exe'
&amp#27;[38;5;65m[732d3f17]&amp#27;[0m&amp#27;[38;5;229m[ADB]&amp#27;[0m Reading package manifest: 'C:\\Users\\User\\AppData\\Local\\Android\\Sdk\\build-tools\\35.0.0\\aapt2.exe dump badging C:\\Users\\User\\Desktop\\new\\FrameWork\\src\\test\\java\\resource\\General-Store.apk'
&amp#27;[38;5;65m[732d3f17]&amp#27;[0m&amp#27;[38;5;229m[ADB]&amp#27;[0m Running 'C:\Users\User\AppData\Local\Android\Sdk\platform-tools\adb.exe -P 5037 -s emulator-5554 shell echo ping'
&amp#27;[38;5;65m[732d3f17]&amp#27;[0m&amp#27;[38;5;229m[ADB]&amp#27;[0m Package name: 'com.androidsample.generalstore'
&amp#27;[38;5;65m[732d3f17]&amp#27;[0m&amp#27;[38;5;229m[ADB]&amp#27;[0m Main activity name: 'com.androidsample.generalstore.SplashActivity'
&amp#27;[38;5;65m[732d3f17]&amp#27;[0m&amp#27;[38;5;13m[AndroidUiautomator2Driver@8edc]&amp#27;[0m Parsed package and activity are: com.androidsample.generalstore/com.androidsample.generalstore.SplashActivity
&amp#27;[38;5;65m[732d3f17]&amp#27;[0m&amp#27;[38;5;13m[AndroidUiautomator2Driver@8edc]&amp#27;[0m Pushing settings apk to the device...
&amp#27;[38;5;65m[732d3f17]&amp#27;[0m&amp#27;[38;5;229m[ADB]&amp#27;[0m Getting package info for 'io.appium.settings'
&amp#27;[38;5;65m[732d3f17]&amp#27;[0m&amp#27;[38;5;229m[ADB]&amp#27;[0m Running 'C:\Users\User\AppData\Local\Android\Sdk\platform-tools\adb.exe -P 5037 -s emulator-5554 shell dumpsys package io.appium.settings'
&amp#27;[38;5;65m[732d3f17]&amp#27;[0m&amp#27;[38;5;229m[ADB]&amp#27;[0m Reading package manifest: 'C:\\Users\\User\\AppData\\Local\\Android\\Sdk\\build-tools\\35.0.0\\aapt2.exe dump badging C:\\Users\\User\\node_modules\\appium-uiautomator2-driver\\node_modules\\io.appium.settings\\apks\\settings_apk-debug.apk'
&amp#27;[38;5;65m[732d3f17]&amp#27;[0m&amp#27;[38;5;229m[ADB]&amp#27;[0m The version name of the installed 'io.appium.settings' is greater or equal to the application version name ('5.12.13' >= '5.12.13')
&amp#27;[38;5;65m[732d3f17]&amp#27;[0m&amp#27;[38;5;229m[ADB]&amp#27;[0m There is no need to install/upgrade 'C:\Users\User\node_modules\appium-uiautomator2-driver\node_modules\io.appium.settings\apks\settings_apk-debug.apk'
&amp#27;[38;5;65m[732d3f17]&amp#27;[0m&amp#27;[38;5;229m[ADB]&amp#27;[0m Running 'C:\Users\User\AppData\Local\Android\Sdk\platform-tools\adb.exe -P 5037 -s emulator-5554 shell dumpsys activity services io.appium.settings'
&amp#27;[38;5;65m[732d3f17]&amp#27;[0m&amp#27;[38;5;13m[AndroidUiautomator2Driver@8edc]&amp#27;[0m io.appium.settings is already running. There is no need to reset its permissions.
&amp#27;[38;5;65m[732d3f17]&amp#27;[0m&amp#27;[38;5;160m[Logcat]&amp#27;[0m Starting logs capture with command: C:\\Users\\User\\AppData\\Local\\Android\\Sdk\\platform-tools\\adb.exe -P 5037 -s emulator-5554 logcat -v threadtime
&amp#27;[38;5;65m[732d3f17]&amp#27;[0m&amp#27;[38;5;13m[AndroidUiautomator2Driver@8edc]&amp#27;[0m Forwarding UiAutomator2 Server port 6790 to local port 8200
&amp#27;[38;5;65m[732d3f17]&amp#27;[0m&amp#27;[38;5;229m[ADB]&amp#27;[0m Forwarding system: 8200 to device: 6790
&amp#27;[38;5;65m[732d3f17]&amp#27;[0m&amp#27;[38;5;229m[ADB]&amp#27;[0m Running 'C:\Users\User\AppData\Local\Android\Sdk\platform-tools\adb.exe -P 5037 -s emulator-5554 forward tcp:8200 tcp:6790'
&amp#27;[38;5;65m[732d3f17]&amp#27;[0m&amp#27;[38;5;229m[ADB]&amp#27;[0m Getting package info for 'io.appium.uiautomator2.server'
&amp#27;[38;5;65m[732d3f17]&amp#27;[0m&amp#27;[38;5;229m[ADB]&amp#27;[0m Running 'C:\Users\User\AppData\Local\Android\Sdk\platform-tools\adb.exe -P 5037 -s emulator-5554 shell dumpsys package io.appium.uiautomator2.server'
&amp#27;[38;5;65m[732d3f17]&amp#27;[0m&amp#27;[38;5;229m[ADB]&amp#27;[0m Getting install status for io.appium.uiautomator2.server.test
&amp#27;[38;5;65m[732d3f17]&amp#27;[0m&amp#27;[38;5;229m[ADB]&amp#27;[0m Checking app cert for C:\Users\User\Desktop\new\FrameWork\src\test\java\resource\General-Store.apk
&amp#27;[38;5;65m[732d3f17]&amp#27;[0m&amp#27;[38;5;229m[ADB]&amp#27;[0m Running 'C:\Users\User\AppData\Local\Android\Sdk\platform-tools\adb.exe -P 5037 -s emulator-5554 shell cmd package list packages'
&amp#27;[38;5;65m[732d3f17]&amp#27;[0m&amp#27;[38;5;229m[ADB]&amp#27;[0m Using 'apksigner.jar' from 'C:\Users\User\AppData\Local\Android\Sdk\build-tools\35.0.0\lib\apksigner.jar'
&amp#27;[38;5;65m[732d3f17]&amp#27;[0m&amp#27;[38;5;229m[ADB]&amp#27;[0m Starting apksigner: 'C:\\Program Files\\Java\\jdk-17\\bin\\java.exe' -Xmx1024M -Xss1m -jar C:\\Users\\User\\AppData\\Local\\Android\\Sdk\\build-tools\\35.0.0\\lib\\apksigner.jar verify --print-certs C:\\Users\\User\\Desktop\\new\\FrameWork\\src\\test\\java\\resource\\General-Store.apk
&amp#27;[38;5;65m[732d3f17]&amp#27;[0m&amp#27;[38;5;229m[ADB]&amp#27;[0m Reading package manifest: 'C:\\Users\\User\\AppData\\Local\\Android\\Sdk\\build-tools\\35.0.0\\aapt2.exe dump badging C:\\Users\\User\\node_modules\\appium-uiautomator2-driver\\node_modules\\appium-uiautomator2-server\\apks\\appium-uiautomator2-server-v7.0.24.apk'
&amp#27;[38;5;65m[732d3f17]&amp#27;[0m&amp#27;[38;5;229m[ADB]&amp#27;[0m 'io.appium.uiautomator2.server.test' is installed
&amp#27;[38;5;65m[732d3f17]&amp#27;[0m&amp#27;[38;5;229m[ADB]&amp#27;[0m The version name of the installed 'io.appium.uiautomator2.server' is greater or equal to the application version name ('7.0.24' >= '7.0.24')
&amp#27;[38;5;65m[732d3f17]&amp#27;[0m&amp#27;[38;5;13m[AndroidUiautomator2Driver@8edc]&amp#27;[0m Server packages status: [{"installState":"sameVersionInstalled","appPath":"C:\\Users\\User\\node_modules\\appium-uiautomator2-driver\\node_modules\\appium-uiautomator2-server\\apks\\appium-uiautomator2-server-v7.0.24.apk","appId":"io.appium.uiautomator2.server"},{"installState":"sameVersionInstalled","appPath":"C:\\Users\\User\\node_modules\\appium-uiautomator2-driver\\node_modules\\appium-uiautomator2-server\\apks\\appium-uiautomator2-server-debug-androidTest.apk","appId":"io.appium.uiautomator2.server.test"}]
&amp#27;[38;5;65m[732d3f17]&amp#27;[0m&amp#27;[38;5;13m[AndroidUiautomator2Driver@8edc]&amp#27;[0m Server packages are not going to be (re)installed
&amp#27;[38;5;65m[732d3f17]&amp#27;[0m&amp#27;[38;5;13m[AndroidUiautomator2Driver@8edc]&amp#27;[0m Waiting up to 30000ms for services to be available
&amp#27;[38;5;65m[732d3f17]&amp#27;[0m&amp#27;[38;5;229m[ADB]&amp#27;[0m Running 'C:\Users\User\AppData\Local\Android\Sdk\platform-tools\adb.exe -P 5037 -s emulator-5554 shell pm list instrumentation'
&amp#27;[38;5;65m[732d3f17]&amp#27;[0m&amp#27;[38;5;13m[AndroidUiautomator2Driver@8edc]&amp#27;[0m Instrumentation target 'io.appium.uiautomator2.server.test/androidx.test.runner.AndroidJUnitRunner' is available
&amp#27;[38;5;65m[732d3f17]&amp#27;[0m&amp#27;[38;5;229m[ADB]&amp#27;[0m Adding packages ["io.appium.settings","io.appium.uiautomator2.server","io.appium.uiautomator2.server.test"] to Doze whitelist
&amp#27;[38;5;65m[732d3f17]&amp#27;[0m&amp#27;[38;5;229m[ADB]&amp#27;[0m Got the following command chunks to execute: [["dumpsys","deviceidle","whitelist","+io.appium.settings",";","dumpsys","deviceidle","whitelist","+io.appium.uiautomator2.server",";","dumpsys","deviceidle","whitelist","+io.appium.uiautomator2.server.test",";"]]
&amp#27;[38;5;65m[732d3f17]&amp#27;[0m&amp#27;[38;5;229m[ADB]&amp#27;[0m Running 'C:\Users\User\AppData\Local\Android\Sdk\platform-tools\adb.exe -P 5037 -s emulator-5554 shell dumpsys deviceidle whitelist +io.appium.settings ; dumpsys deviceidle whitelist +io.appium.uiautomator2.server ; dumpsys deviceidle whitelist +io.appium.uiautomator2.server.test ;'
&amp#27;[38;5;65m[732d3f17]&amp#27;[0m&amp#27;[38;5;229m[ADB]&amp#27;[0m apksigner stdout: Signer #1 certificate DN: EMAILADDRESS=android@android.com, CN=Android, OU=Android, O=Android, L=Mountain View, ST=California, C=US
Signer #1 certificate SHA-256 digest: a40da80a59d170caa950cf15c18c454d47a39b26989d8b640ecd745ba71bf5dc
Signer #1 certificate SHA-1 digest: 61ed377e85d386a8dfee6b864bd85b0bfaa5af81
Signer #1 certificate MD5 digest: e89b158e4bcf988ebd09eb83f5378e87

&amp#27;[38;5;65m[732d3f17]&amp#27;[0m&amp#27;[38;5;229m[ADB]&amp#27;[0m sha256 hash did match for 'General-Store.apk'
&amp#27;[38;5;65m[732d3f17]&amp#27;[0m&amp#27;[38;5;229m[ADB]&amp#27;[0m 'C:\Users\User\Desktop\new\FrameWork\src\test\java\resource\General-Store.apk' is signed with the default certificate
&amp#27;[38;5;65m[732d3f17]&amp#27;[0m&amp#27;[38;5;229m[ADB]&amp#27;[0m Getting package info for 'com.androidsample.generalstore'
&amp#27;[38;5;65m[732d3f17]&amp#27;[0m&amp#27;[38;5;229m[ADB]&amp#27;[0m Running 'C:\Users\User\AppData\Local\Android\Sdk\platform-tools\adb.exe -P 5037 -s emulator-5554 shell dumpsys package com.androidsample.generalstore'
&amp#27;[38;5;65m[732d3f17]&amp#27;[0m&amp#27;[38;5;229m[ADB]&amp#27;[0m Reading package manifest: 'C:\\Users\\User\\AppData\\Local\\Android\\Sdk\\build-tools\\35.0.0\\aapt2.exe dump badging C:\\Users\\User\\Desktop\\new\\FrameWork\\src\\test\\java\\resource\\General-Store.apk'
&amp#27;[38;5;65m[732d3f17]&amp#27;[0m&amp#27;[38;5;229m[ADB]&amp#27;[0m The version name of the installed 'com.androidsample.generalstore' is greater or equal to the application version name ('1.0.0' >= '1.0.0')
&amp#27;[38;5;65m[732d3f17]&amp#27;[0m&amp#27;[38;5;229m[ADB]&amp#27;[0m There is no need to install/upgrade 'C:\Users\User\Desktop\new\FrameWork\src\test\java\resource\General-Store.apk'
&amp#27;[38;5;65m[732d3f17]&amp#27;[0m&amp#27;[38;5;13m[AndroidUiautomator2Driver@8edc]&amp#27;[0m Performing fast reset on 'com.androidsample.generalstore'
&amp#27;[38;5;65m[732d3f17]&amp#27;[0m&amp#27;[38;5;229m[ADB]&amp#27;[0m Getting install status for com.androidsample.generalstore
&amp#27;[38;5;65m[732d3f17]&amp#27;[0m&amp#27;[38;5;229m[ADB]&amp#27;[0m Running 'C:\Users\User\AppData\Local\Android\Sdk\platform-tools\adb.exe -P 5037 -s emulator-5554 shell cmd package list packages'
&amp#27;[38;5;65m[732d3f17]&amp#27;[0m&amp#27;[38;5;229m[ADB]&amp#27;[0m 'com.androidsample.generalstore' is installed
&amp#27;[38;5;65m[732d3f17]&amp#27;[0m&amp#27;[38;5;229m[ADB]&amp#27;[0m Running 'C:\Users\User\AppData\Local\Android\Sdk\platform-tools\adb.exe -P 5037 -s emulator-5554 shell am force-stop com.androidsample.generalstore'
&amp#27;[38;5;65m[732d3f17]&amp#27;[0m&amp#27;[38;5;229m[ADB]&amp#27;[0m Running 'C:\Users\User\AppData\Local\Android\Sdk\platform-tools\adb.exe -P 5037 -s emulator-5554 shell pm clear com.androidsample.generalstore'
&amp#27;[38;5;65m[732d3f17]&amp#27;[0m&amp#27;[38;5;13m[AndroidUiautomator2Driver@8edc]&amp#27;[0m Performed fast reset on the installed 'com.androidsample.generalstore' application (stop and clear)
&amp#27;[38;5;65m[732d3f17]&amp#27;[0m&amp#27;[38;5;13m[AndroidUiautomator2Driver@8edc]&amp#27;[0m Performing shallow cleanup of automation leftovers
&amp#27;[38;5;65m[732d3f17]&amp#27;[0m&amp#27;[38;5;13m[AndroidUiautomator2Driver@8edc]&amp#27;[0m No obsolete sessions have been detected (socket hang up)
&amp#27;[38;5;65m[732d3f17]&amp#27;[0m&amp#27;[38;5;229m[ADB]&amp#27;[0m Running 'C:\Users\User\AppData\Local\Android\Sdk\platform-tools\adb.exe -P 5037 -s emulator-5554 shell am force-stop io.appium.uiautomator2.server'
&amp#27;[38;5;65m[732d3f17]&amp#27;[0m&amp#27;[38;5;229m[ADB]&amp#27;[0m Running 'C:\Users\User\AppData\Local\Android\Sdk\platform-tools\adb.exe -P 5037 -s emulator-5554 shell am force-stop io.appium.uiautomator2.server.test'
&amp#27;[38;5;65m[732d3f17]&amp#27;[0m&amp#27;[38;5;13m[AndroidUiautomator2Driver@8edc]&amp#27;[0m Starting UIAutomator2 server 7.0.24
&amp#27;[38;5;65m[732d3f17]&amp#27;[0m&amp#27;[38;5;13m[AndroidUiautomator2Driver@8edc]&amp#27;[0m Using UIAutomator2 server from 'C:\Users\User\node_modules\appium-uiautomator2-driver\node_modules\appium-uiautomator2-server\apks\appium-uiautomator2-server-v7.0.24.apk' and test from 'C:\Users\User\node_modules\appium-uiautomator2-driver\node_modules\appium-uiautomator2-server\apks\appium-uiautomator2-server-debug-androidTest.apk'
&amp#27;[38;5;65m[732d3f17]&amp#27;[0m&amp#27;[38;5;13m[AndroidUiautomator2Driver@8edc]&amp#27;[0m Waiting up to 30000ms for UiAutomator2 to be online...
&amp#27;[38;5;65m[732d3f17]&amp#27;[0m&amp#27;[38;5;229m[ADB]&amp#27;[0m Creating ADB subprocess with args: ["-P","5037","-s","emulator-5554","shell","am","instrument","-w","-e","disableAnalytics","true","io.appium.uiautomator2.server.test/androidx.test.runner.AndroidJUnitRunner"]
&amp#27;[38;5;65m[732d3f17]&amp#27;[0m&amp#27;[38;5;13m[AndroidUiautomator2Driver@8edc]&amp#27;[0m Matched '/status' to command name 'getStatus'
&amp#27;[38;5;65m[732d3f17]&amp#27;[0m&amp#27;[38;5;13m[AndroidUiautomator2Driver@8edc]&amp#27;[0m Proxying [GET /status] to [GET http://127.0.0.1:8200/status] with no body
&amp#27;[38;5;65m[732d3f17]&amp#27;[0m&amp#27;[38;5;13m[AndroidUiautomator2Driver@8edc]&amp#27;[0m socket hang up
&amp#27;[38;5;65m[732d3f17]&amp#27;[0m&amp#27;[38;5;13m[AndroidUiautomator2Driver@8edc]&amp#27;[0m Matched '/status' to command name 'getStatus'
&amp#27;[38;5;65m[732d3f17]&amp#27;[0m&amp#27;[38;5;13m[AndroidUiautomator2Driver@8edc]&amp#27;[0m Proxying [GET /status] to [GET http://127.0.0.1:8200/status] with no body
&amp#27;[38;5;65m[732d3f17]&amp#27;[0m&amp#27;[38;5;13m[AndroidUiautomator2Driver@8edc]&amp#27;[0m socket hang up
&amp#27;[38;5;65m[732d3f17]&amp#27;[0m&amp#27;[38;5;13m[AndroidUiautomator2Driver@8edc]&amp#27;[0m Matched '/status' to command name 'getStatus'
&amp#27;[38;5;65m[732d3f17]&amp#27;[0m&amp#27;[38;5;13m[AndroidUiautomator2Driver@8edc]&amp#27;[0m Proxying [GET /status] to [GET http://127.0.0.1:8200/status] with no body
&amp#27;[38;5;65m[732d3f17]&amp#27;[0m&amp#27;[38;5;13m[AndroidUiautomator2Driver@8edc]&amp#27;[0m socket hang up
&amp#27;[38;5;65m[732d3f17]&amp#27;[0m&amp#27;[38;5;13m[AndroidUiautomator2Driver@8edc]&amp#27;[0m [Instrumentation] 
&amp#27;[38;5;65m[732d3f17]&amp#27;[0m&amp#27;[38;5;13m[AndroidUiautomator2Driver@8edc]&amp#27;[0m Matched '/status' to command name 'getStatus'
&amp#27;[38;5;65m[732d3f17]&amp#27;[0m&amp#27;[38;5;13m[AndroidUiautomator2Driver@8edc]&amp#27;[0m Proxying [GET /status] to [GET http://127.0.0.1:8200/status] with no body
&amp#27;[38;5;65m[732d3f17]&amp#27;[0m&amp#27;[38;5;13m[AndroidUiautomator2Driver@8edc]&amp#27;[0m socket hang up
&amp#27;[38;5;65m[732d3f17]&amp#27;[0m&amp#27;[38;5;13m[AndroidUiautomator2Driver@8edc]&amp#27;[0m Matched '/status' to command name 'getStatus'
&amp#27;[38;5;65m[732d3f17]&amp#27;[0m&amp#27;[38;5;13m[AndroidUiautomator2Driver@8edc]&amp#27;[0m Proxying [GET /status] to [GET http://127.0.0.1:8200/status] with no body
&amp#27;[38;5;65m[732d3f17]&amp#27;[0m&amp#27;[38;5;13m[AndroidUiautomator2Driver@8edc]&amp#27;[0m Got response with status 200: {"sessionId":"None","value":{"message":"UiAutomator2 Server is ready to accept commands","ready":true}}
&amp#27;[38;5;65m[732d3f17]&amp#27;[0m&amp#27;[38;5;13m[AndroidUiautomator2Driver@8edc]&amp#27;[0m The initialization of the instrumentation process took 4351ms
&amp#27;[38;5;65m[732d3f17]&amp#27;[0m&amp#27;[38;5;13m[AndroidUiautomator2Driver@8edc]&amp#27;[0m Matched '/session' to command name 'createSession'
&amp#27;[38;5;65m[732d3f17]&amp#27;[0m&amp#27;[38;5;13m[AndroidUiautomator2Driver@8edc]&amp#27;[0m Proxying [POST /session] to [POST http://127.0.0.1:8200/session] with body: {"capabilities":{"firstMatch":[{"platformName":"ANDROID","deviceName":"emulator-5554","automationName":"UIAutomator2","app":"C:\\Users\\User\\Desktop\\new\\FrameWork\\src\\test\\java\\resource\\General-Store.apk","platform":"LINUX","webStorageEnabled":false,"takesScreenshot":true,"javascriptEnabled":true,"databaseEnabled":false,"networkConnectionEnabled":true,"locationContextEnabled":false,"warnings":{},"desired":{"platformName":"ANDROID","deviceName":"sushmaemulator","automationName":"UIAutomator2","app":"C:\\Users\\User\\Desktop\\new\\FrameWork\\src\\test\\java\\resource\\General-Store.apk"},"deviceUDID":"emulator-5554","appPackage":"com.androidsample.generalstore"}],"alwaysMatch":{}}}
&amp#27;[38;5;65m[732d3f17]&amp#27;[0m&amp#27;[38;5;13m[AndroidUiautomator2Driver@8edc]&amp#27;[0m Got response with status 200: {"sessionId":"fcd2a93a-0045-4707-9ee0-ead731777545","value":{"capabilities":{"firstMatch":[{"platformName":"ANDROID","deviceName":"emulator-5554","automationName":"UIAutomator2","app":"C:\\Users\\User\\Desktop\\new\\FrameWork\\src\\test\\java\\resource\\General-Store.apk","platform":"LINUX","webStorageEnabled":false,"takesScreenshot":true,"javascriptEnabled":true,"databaseEnabled":false,"networkConnectionEnabled":true,"locationContextEnabled":false,"warnings":{},"desired":{"platformName":"ANDROID","deviceName":"sushmaemulator","automationName":"UIAutomator2","app":"C:\\Users\\User\\Desktop\\new\\FrameWork\\src\\test\\java\\resource\\General-Store.apk"},"deviceUDID":"emulator-5554","appPackage":"com.androidsample.generalstore"}],"alwaysMatch":{}},"sessionId":"fcd2a93a-0045-4707-9ee0-ead731777545"}}
&amp#27;[38;5;65m[732d3f17]&amp#27;[0m&amp#27;[38;5;13m[AndroidUiautomator2Driver@8edc]&amp#27;[0m Determined the downstream protocol as 'W3C'
&amp#27;[38;5;65m[732d3f17]&amp#27;[0m&amp#27;[38;5;13m[AndroidUiautomator2Driver@8edc]&amp#27;[0m Proxying [GET /appium/device/pixel_ratio] to [GET http://127.0.0.1:8200/session/fcd2a93a-0045-4707-9ee0-ead731777545/appium/device/pixel_ratio] with no body
&amp#27;[38;5;65m[732d3f17]&amp#27;[0m&amp#27;[38;5;13m[AndroidUiautomator2Driver@8edc]&amp#27;[0m Matched '/appium/device/system_bars' to command name 'getSystemBars'
&amp#27;[38;5;65m[732d3f17]&amp#27;[0m&amp#27;[38;5;13m[AndroidUiautomator2Driver@8edc]&amp#27;[0m Proxying [GET /appium/device/system_bars] to [GET http://127.0.0.1:8200/session/fcd2a93a-0045-4707-9ee0-ead731777545/appium/device/system_bars] with no body
&amp#27;[38;5;65m[732d3f17]&amp#27;[0m&amp#27;[38;5;13m[AndroidUiautomator2Driver@8edc]&amp#27;[0m Matched '/window/current/size' to command name 'getWindowSize'
&amp#27;[38;5;65m[732d3f17]&amp#27;[0m&amp#27;[38;5;13m[AndroidUiautomator2Driver@8edc]&amp#27;[0m Proxying [GET /window/current/size] to [GET http://127.0.0.1:8200/session/fcd2a93a-0045-4707-9ee0-ead731777545/window/current/size] with no body
&amp#27;[38;5;65m[732d3f17]&amp#27;[0m&amp#27;[38;5;13m[AndroidUiautomator2Driver@8edc]&amp#27;[0m Proxying [GET /appium/device/info] to [GET http://127.0.0.1:8200/session/fcd2a93a-0045-4707-9ee0-ead731777545/appium/device/info] with no body
&amp#27;[38;5;65m[732d3f17]&amp#27;[0m&amp#27;[38;5;229m[ADB]&amp#27;[0m Running 'C:\Users\User\AppData\Local\Android\Sdk\platform-tools\adb.exe -P 5037 -s emulator-5554 shell dumpsys window'
&amp#27;[38;5;65m[732d3f17]&amp#27;[0m&amp#27;[38;5;229m[ADB]&amp#27;[0m Running 'C:\Users\User\AppData\Local\Android\Sdk\platform-tools\adb.exe -P 5037 -s emulator-5554 shell dumpsys power'
&amp#27;[38;5;65m[732d3f17]&amp#27;[0m&amp#27;[38;5;13m[AndroidUiautomator2Driver@8edc]&amp#27;[0m Got response with status 200: {"sessionId":"fcd2a93a-0045-4707-9ee0-ead731777545","value":2.75}
&amp#27;[38;5;65m[732d3f17]&amp#27;[0m&amp#27;[38;5;13m[AndroidUiautomator2Driver@8edc]&amp#27;[0m Got response with status 200: {"sessionId":"fcd2a93a-0045-4707-9ee0-ead731777545","value":{"height":2220,"width":1080}}
&amp#27;[38;5;65m[732d3f17]&amp#27;[0m&amp#27;[38;5;13m[AndroidUiautomator2Driver@8edc]&amp#27;[0m Got response with status 200: {"sessionId":"fcd2a93a-0045-4707-9ee0-ead731777545","value":{"statusBar":66}}
&amp#27;[38;5;65m[732d3f17]&amp#27;[0m&amp#27;[38;5;13m[AndroidUiautomator2Driver@8edc]&amp#27;[0m Got response with status 200: {"sessionId":"fcd2a93a-0045-4707-9ee0-ead731777545","value":{"androidId":"df1d305ad1dff751","apiVersion":"35","bluetooth":{"state":"OFF"},"brand":"google","carrierName":"T-Mobile","displayDensity":440,"locale":"en_US","manufacturer":"Google","model":"sdk_gphone64_x86_64","networks":[{"capabilities":{"SSID":null,"linkDownBandwidthKbps":30000,"linkUpstreamBandwidthKbps":12000,"networkCapabilities":"NET_CAPABILITY_NOT_METERED,NET_CAPABILITY_INTERNET,NET_CAPABILITY_NOT_RESTRICTED,NET_CAPABILITY_TRUSTED,NET_CAPABILITY_NOT_VPN,NET_CAPABILITY_VALIDATED,NET_CAPABILITY_NOT_ROAMING,NET_CAPABILITY_FOREGROUND,NET_CAPABILITY_NOT_CONGESTED,NET_CAPABILITY_NOT_SUSPENDED","signalStrength":-50,"transportTypes":"TRANSPORT_WIFI"},"detailedState":"CONNECTED","extraInfo":"","isAvailable":true,"isConnected":true,"isFailover":false,"isRoaming":false,"state":"CONNECTED","subtype":-1,"subtypeName":"","type":1,"typeName":"WIFI"},{"capabilities":{"SSID":null,"linkDownBandwidthKbps":4300,"linkUpstreamBandwidthKbps":1800,"networkCapabi...
&amp#27;[38;5;65m[732d3f17]&amp#27;[0m&amp#27;[38;5;13m[AndroidUiautomator2Driver@8edc]&amp#27;[0m Screen already unlocked, doing nothing
&amp#27;[38;5;65m[732d3f17]&amp#27;[0m&amp#27;[38;5;13m[AndroidUiautomator2Driver@8edc]&amp#27;[0m Starting 'com.androidsample.generalstore/com.androidsample.generalstore.SplashActivity and waiting for 'com.androidsample.generalstore/com.androidsample.generalstore.SplashActivity'
&amp#27;[38;5;65m[732d3f17]&amp#27;[0m&amp#27;[38;5;229m[ADB]&amp#27;[0m Running 'C:\Users\User\AppData\Local\Android\Sdk\platform-tools\adb.exe -P 5037 -s emulator-5554 shell am start -W -n com.androidsample.generalstore/com.androidsample.generalstore.SplashActivity -S -a android.intent.action.MAIN -c android.intent.category.LAUNCHER -f 0x10200000'
&amp#27;[38;5;65m[732d3f17]&amp#27;[0m&amp#27;[38;5;229m[ADB]&amp#27;[0m Waiting up to 20000ms for activity matching pkg: 'com.androidsample.generalstore' and activity: 'com.androidsample.generalstore.SplashActivity' to be focused
&amp#27;[38;5;65m[732d3f17]&amp#27;[0m&amp#27;[38;5;229m[ADB]&amp#27;[0m Possible activities, to be checked: 'com.androidsample.generalstore.SplashActivity', 'com.androidsample.generalstore.com.androidsample.generalstore.SplashActivity'
&amp#27;[38;5;65m[732d3f17]&amp#27;[0m&amp#27;[38;5;229m[ADB]&amp#27;[0m Getting focused package and activity
&amp#27;[38;5;65m[732d3f17]&amp#27;[0m&amp#27;[38;5;229m[ADB]&amp#27;[0m Running 'C:\Users\User\AppData\Local\Android\Sdk\platform-tools\adb.exe -P 5037 -s emulator-5554 shell dumpsys window displays'
&amp#27;[38;5;65m[732d3f17]&amp#27;[0m&amp#27;[38;5;229m[ADB]&amp#27;[0m Found package: 'com.androidsample.generalstore' and fully qualified activity name : 'com.androidsample.generalstore.SplashActivity'
&amp#27;[38;5;65m[732d3f17]&amp#27;[0m&amp#27;[38;5;148m[AppiumDriver@196b]&amp#27;[0m New AndroidUiautomator2Driver session created successfully, session 732d3f17-23bc-4d0c-b36d-52c7a2588001 added to master session list
&amp#27;[38;5;65m[732d3f17]&amp#27;[0m&amp#27;[38;5;148m[AppiumDriver@196b]&amp#27;[0m Event 'newSessionStarted' logged at 1728467805317 (15:26:45 GMT+0530 (India Standard Time))
&amp#27;[38;5;65m[732d3f17]&amp#27;[0m&amp#27;[38;5;13m[AndroidUiautomator2Driver@8edc]&amp#27;[0m Cached the protocol value 'W3C' for the new session 732d3f17-23bc-4d0c-b36d-52c7a2588001
&amp#27;[38;5;65m[732d3f17]&amp#27;[0m&amp#27;[38;5;13m[AndroidUiautomator2Driver@8edc]&amp#27;[0m Responding to client with driver.createSession() result: {"capabilities":{"platformName":"ANDROID","deviceName":"emulator-5554","automationName":"UIAutomator2","app":"C:\\Users\\User\\Desktop\\new\\FrameWork\\src\\test\\java\\resource\\General-Store.apk","platform":"LINUX","webStorageEnabled":false,"takesScreenshot":true,"javascriptEnabled":true,"databaseEnabled":false,"networkConnectionEnabled":true,"locationContextEnabled":false,"warnings":{},"desired":{"platformName":"ANDROID","deviceName":"sushmaemulator","automationName":"UIAutomator2","app":"C:\\Users\\User\\Desktop\\new\\FrameWork\\src\\test\\java\\resource\\General-Store.apk"},"deviceUDID":"emulator-5554","appPackage":"com.androidsample.generalstore","pixelRatio":"2.75","statBarHeight":66,"viewportRect":{"left":0,"top":66,"width":1080,"height":2154},"deviceApiLevel":35,"platformVersion":"15","deviceManufacturer":"Google","deviceModel":"sdk_gphone64_x86_64","deviceScreenSize":"1080x2220","deviceScreenDensity":440}}
&amp#27;[38;5;65m[732d3f17]&amp#27;[0m&amp#27;[38;5;86m[HTTP]&amp#27;[0m &amp#27;[37m<-- POST /session &amp#27;[39m&amp#27;[32m200&amp#27;[39m &amp#27;[90m8183 ms - 990&amp#27;[39m &amp#27;[90m&amp#27;[39m
&amp#27;[38;5;65m[732d3f17]&amp#27;[0m&amp#27;[38;5;86m[HTTP]&amp#27;[0m &amp#27;[37m-->&amp#27;[39m &amp#27;[37mPOST&amp#27;[39m &amp#27;[37m/session/732d3f17-23bc-4d0c-b36d-52c7a2588001/timeouts&amp#27;[39m &amp#27;[90m{"implicit":10000}&amp#27;[39m
&amp#27;[38;5;65m[732d3f17]&amp#27;[0m&amp#27;[38;5;13m[AndroidUiautomator2Driver@8edc]&amp#27;[0m Calling AppiumDriver.timeouts() with args: [null,null,null,null,10000,"732d3f17-23bc-4d0c-b36d-52c7a2588001"]
&amp#27;[38;5;65m[732d3f17]&amp#27;[0m&amp#27;[38;5;13m[AndroidUiautomator2Driver@8edc]&amp#27;[0m W3C timeout argument: {"implicit":10000}}
&amp#27;[38;5;65m[732d3f17]&amp#27;[0m&amp#27;[38;5;13m[AndroidUiautomator2Driver@8edc]&amp#27;[0m Set implicit wait to 10000ms
&amp#27;[38;5;65m[732d3f17]&amp#27;[0m&amp#27;[38;5;13m[AndroidUiautomator2Driver@8edc]&amp#27;[0m Responding to client with driver.timeouts() result: null
&amp#27;[38;5;65m[732d3f17]&amp#27;[0m&amp#27;[38;5;86m[HTTP]&amp#27;[0m &amp#27;[37m<-- POST /session/732d3f17-23bc-4d0c-b36d-52c7a2588001/timeouts &amp#27;[39m&amp#27;[32m200&amp#27;[39m &amp#27;[90m7 ms - 14&amp#27;[39m &amp#27;[90m&amp#27;[39m
&amp#27;[38;5;65m[732d3f17]&amp#27;[0m&amp#27;[38;5;86m[HTTP]&amp#27;[0m &amp#27;[37m-->&amp#27;[39m &amp#27;[37mPOST&amp#27;[39m &amp#27;[37m/session/732d3f17-23bc-4d0c-b36d-52c7a2588001/element&amp#27;[39m &amp#27;[90m{"using":"id","value":"com.androidsample.generalstore:id/spinnerCountry"}&amp#27;[39m
&amp#27;[38;5;65m[732d3f17]&amp#27;[0m&amp#27;[38;5;13m[AndroidUiautomator2Driver@8edc]&amp#27;[0m Calling AppiumDriver.findElement() with args: ["id","com.androidsample.generalstore:id/spinnerCountry","732d3f17-23bc-4d0c-b36d-52c7a2588001"]
&amp#27;[38;5;65m[732d3f17]&amp#27;[0m&amp#27;[38;5;13m[AndroidUiautomator2Driver@8edc]&amp#27;[0m Valid locator strategies for this request: xpath, id, class name, accessibility id, css selector, -android uiautomator
&amp#27;[38;5;65m[732d3f17]&amp#27;[0m&amp#27;[38;5;13m[AndroidUiautomator2Driver@8edc]&amp#27;[0m Waiting up to 10000 ms for condition
&amp#27;[38;5;65m[732d3f17]&amp#27;[0m&amp#27;[38;5;13m[AndroidUiautomator2Driver@8edc]&amp#27;[0m Matched '/element' to command name 'findElement'
&amp#27;[38;5;65m[732d3f17]&amp#27;[0m&amp#27;[38;5;13m[AndroidUiautomator2Driver@8edc]&amp#27;[0m Proxying [POST /element] to [POST http://127.0.0.1:8200/session/fcd2a93a-0045-4707-9ee0-ead731777545/element] with body: {"strategy":"id","selector":"com.androidsample.generalstore:id/spinnerCountry","context":"","multiple":false}
&amp#27;[38;5;65m[732d3f17]&amp#27;[0m&amp#27;[38;5;13m[AndroidUiautomator2Driver@8edc]&amp#27;[0m Got response with status 404: {"sessionId":"fcd2a93a-0045-4707-9ee0-ead731777545","value":{"error":"no such element","message":"An element could not be located on the page using the given search parameters","stacktrace":"io.appium.uiautomator2.common.exceptions.ElementNotFoundException: An element could not be located on the page using the given search parameters\n\tat io.appium.uiautomator2.handler.FindElement.safeHandle(FindElement.java:63)\n\tat io.appium.uiautomator2.handler.request.SafeRequestHandler.handle(SafeRequestHandler.java:59)\n\tat io.appium.uiautomator2.server.AppiumServlet.handleRequest(AppiumServlet.java:259)\n\tat io.appium.uiautomator2.server.AppiumServlet.handleHttpRequest(AppiumServlet.java:253)\n\tat io.appium.uiautomator2.http.ServerHandler.channelRead(ServerHandler.java:77)\n\tat io.netty.channel.AbstractChannelHandlerContext.invokeChannelRead(AbstractChannelHandlerContext.java:366)\n\tat io.netty.channel.AbstractChannelHandlerContext.invokeChannelRead(AbstractChannelHandlerContext.java:352)\n\tat io.netty.chann...
&amp#27;[38;5;65m[732d3f17]&amp#27;[0m&amp#27;[38;5;123m[W3C]&amp#27;[0m Matched W3C error code 'no such element' to NoSuchElementError
&amp#27;[38;5;65m[732d3f17]&amp#27;[0m&amp#27;[38;5;13m[AndroidUiautomator2Driver@8edc]&amp#27;[0m Waited for 828 ms so far
&amp#27;[38;5;65m[732d3f17]&amp#27;[0m&amp#27;[38;5;13m[AndroidUiautomator2Driver@8edc]&amp#27;[0m Matched '/element' to command name 'findElement'
&amp#27;[38;5;65m[732d3f17]&amp#27;[0m&amp#27;[38;5;13m[AndroidUiautomator2Driver@8edc]&amp#27;[0m Proxying [POST /element] to [POST http://127.0.0.1:8200/session/fcd2a93a-0045-4707-9ee0-ead731777545/element] with body: {"strategy":"id","selector":"com.androidsample.generalstore:id/spinnerCountry","context":"","multiple":false}
&amp#27;[38;5;65m[732d3f17]&amp#27;[0m&amp#27;[38;5;13m[AndroidUiautomator2Driver@8edc]&amp#27;[0m Got response with status 404: {"sessionId":"fcd2a93a-0045-4707-9ee0-ead731777545","value":{"error":"no such element","message":"An element could not be located on the page using the given search parameters","stacktrace":"io.appium.uiautomator2.common.exceptions.ElementNotFoundException: An element could not be located on the page using the given search parameters\n\tat io.appium.uiautomator2.handler.FindElement.safeHandle(FindElement.java:63)\n\tat io.appium.uiautomator2.handler.request.SafeRequestHandler.handle(SafeRequestHandler.java:59)\n\tat io.appium.uiautomator2.server.AppiumServlet.handleRequest(AppiumServlet.java:259)\n\tat io.appium.uiautomator2.server.AppiumServlet.handleHttpRequest(AppiumServlet.java:253)\n\tat io.appium.uiautomator2.http.ServerHandler.channelRead(ServerHandler.java:77)\n\tat io.netty.channel.AbstractChannelHandlerContext.invokeChannelRead(AbstractChannelHandlerContext.java:366)\n\tat io.netty.channel.AbstractChannelHandlerContext.invokeChannelRead(AbstractChannelHandlerContext.java:352)\n\tat io.netty.chann...
&amp#27;[38;5;65m[732d3f17]&amp#27;[0m&amp#27;[38;5;123m[W3C]&amp#27;[0m Matched W3C error code 'no such element' to NoSuchElementError
&amp#27;[38;5;65m[732d3f17]&amp#27;[0m&amp#27;[38;5;13m[AndroidUiautomator2Driver@8edc]&amp#27;[0m Waited for 1400 ms so far
&amp#27;[38;5;65m[732d3f17]&amp#27;[0m&amp#27;[38;5;13m[AndroidUiautomator2Driver@8edc]&amp#27;[0m Matched '/element' to command name 'findElement'
&amp#27;[38;5;65m[732d3f17]&amp#27;[0m&amp#27;[38;5;13m[AndroidUiautomator2Driver@8edc]&amp#27;[0m Proxying [POST /element] to [POST http://127.0.0.1:8200/session/fcd2a93a-0045-4707-9ee0-ead731777545/element] with body: {"strategy":"id","selector":"com.androidsample.generalstore:id/spinnerCountry","context":"","multiple":false}
&amp#27;[38;5;65m[732d3f17]&amp#27;[0m&amp#27;[38;5;13m[AndroidUiautomator2Driver@8edc]&amp#27;[0m Got response with status 404: {"sessionId":"fcd2a93a-0045-4707-9ee0-ead731777545","value":{"error":"no such element","message":"An element could not be located on the page using the given search parameters","stacktrace":"io.appium.uiautomator2.common.exceptions.ElementNotFoundException: An element could not be located on the page using the given search parameters\n\tat io.appium.uiautomator2.handler.FindElement.safeHandle(FindElement.java:63)\n\tat io.appium.uiautomator2.handler.request.SafeRequestHandler.handle(SafeRequestHandler.java:59)\n\tat io.appium.uiautomator2.server.AppiumServlet.handleRequest(AppiumServlet.java:259)\n\tat io.appium.uiautomator2.server.AppiumServlet.handleHttpRequest(AppiumServlet.java:253)\n\tat io.appium.uiautomator2.http.ServerHandler.channelRead(ServerHandler.java:77)\n\tat io.netty.channel.AbstractChannelHandlerContext.invokeChannelRead(AbstractChannelHandlerContext.java:366)\n\tat io.netty.channel.AbstractChannelHandlerContext.invokeChannelRead(AbstractChannelHandlerContext.java:352)\n\tat io.netty.chann...
&amp#27;[38;5;65m[732d3f17]&amp#27;[0m&amp#27;[38;5;123m[W3C]&amp#27;[0m Matched W3C error code 'no such element' to NoSuchElementError
&amp#27;[38;5;65m[732d3f17]&amp#27;[0m&amp#27;[38;5;13m[AndroidUiautomator2Driver@8edc]&amp#27;[0m Waited for 1958 ms so far
&amp#27;[38;5;65m[732d3f17]&amp#27;[0m&amp#27;[38;5;13m[AndroidUiautomator2Driver@8edc]&amp#27;[0m Matched '/element' to command name 'findElement'
&amp#27;[38;5;65m[732d3f17]&amp#27;[0m&amp#27;[38;5;13m[AndroidUiautomator2Driver@8edc]&amp#27;[0m Proxying [POST /element] to [POST http://127.0.0.1:8200/session/fcd2a93a-0045-4707-9ee0-ead731777545/element] with body: {"strategy":"id","selector":"com.androidsample.generalstore:id/spinnerCountry","context":"","multiple":false}
&amp#27;[38;5;65m[732d3f17]&amp#27;[0m&amp#27;[38;5;13m[AndroidUiautomator2Driver@8edc]&amp#27;[0m Got response with status 404: {"sessionId":"fcd2a93a-0045-4707-9ee0-ead731777545","value":{"error":"no such element","message":"An element could not be located on the page using the given search parameters","stacktrace":"io.appium.uiautomator2.common.exceptions.ElementNotFoundException: An element could not be located on the page using the given search parameters\n\tat io.appium.uiautomator2.handler.FindElement.safeHandle(FindElement.java:63)\n\tat io.appium.uiautomator2.handler.request.SafeRequestHandler.handle(SafeRequestHandler.java:59)\n\tat io.appium.uiautomator2.server.AppiumServlet.handleRequest(AppiumServlet.java:259)\n\tat io.appium.uiautomator2.server.AppiumServlet.handleHttpRequest(AppiumServlet.java:253)\n\tat io.appium.uiautomator2.http.ServerHandler.channelRead(ServerHandler.java:77)\n\tat io.netty.channel.AbstractChannelHandlerContext.invokeChannelRead(AbstractChannelHandlerContext.java:366)\n\tat io.netty.channel.AbstractChannelHandlerContext.invokeChannelRead(AbstractChannelHandlerContext.java:352)\n\tat io.netty.chann...
&amp#27;[38;5;65m[732d3f17]&amp#27;[0m&amp#27;[38;5;123m[W3C]&amp#27;[0m Matched W3C error code 'no such element' to NoSuchElementError
&amp#27;[38;5;65m[732d3f17]&amp#27;[0m&amp#27;[38;5;13m[AndroidUiautomator2Driver@8edc]&amp#27;[0m Waited for 2534 ms so far
&amp#27;[38;5;65m[732d3f17]&amp#27;[0m&amp#27;[38;5;13m[AndroidUiautomator2Driver@8edc]&amp#27;[0m Matched '/element' to command name 'findElement'
&amp#27;[38;5;65m[732d3f17]&amp#27;[0m&amp#27;[38;5;13m[AndroidUiautomator2Driver@8edc]&amp#27;[0m Proxying [POST /element] to [POST http://127.0.0.1:8200/session/fcd2a93a-0045-4707-9ee0-ead731777545/element] with body: {"strategy":"id","selector":"com.androidsample.generalstore:id/spinnerCountry","context":"","multiple":false}
&amp#27;[38;5;65m[732d3f17]&amp#27;[0m&amp#27;[38;5;13m[AndroidUiautomator2Driver@8edc]&amp#27;[0m Got response with status 404: {"sessionId":"fcd2a93a-0045-4707-9ee0-ead731777545","value":{"error":"no such element","message":"An element could not be located on the page using the given search parameters","stacktrace":"io.appium.uiautomator2.common.exceptions.ElementNotFoundException: An element could not be located on the page using the given search parameters\n\tat io.appium.uiautomator2.handler.FindElement.safeHandle(FindElement.java:63)\n\tat io.appium.uiautomator2.handler.request.SafeRequestHandler.handle(SafeRequestHandler.java:59)\n\tat io.appium.uiautomator2.server.AppiumServlet.handleRequest(AppiumServlet.java:259)\n\tat io.appium.uiautomator2.server.AppiumServlet.handleHttpRequest(AppiumServlet.java:253)\n\tat io.appium.uiautomator2.http.ServerHandler.channelRead(ServerHandler.java:77)\n\tat io.netty.channel.AbstractChannelHandlerContext.invokeChannelRead(AbstractChannelHandlerContext.java:366)\n\tat io.netty.channel.AbstractChannelHandlerContext.invokeChannelRead(AbstractChannelHandlerContext.java:352)\n\tat io.netty.chann...
&amp#27;[38;5;65m[732d3f17]&amp#27;[0m&amp#27;[38;5;123m[W3C]&amp#27;[0m Matched W3C error code 'no such element' to NoSuchElementError
&amp#27;[38;5;65m[732d3f17]&amp#27;[0m&amp#27;[38;5;13m[AndroidUiautomator2Driver@8edc]&amp#27;[0m Waited for 3119 ms so far
&amp#27;[38;5;65m[732d3f17]&amp#27;[0m&amp#27;[38;5;13m[AndroidUiautomator2Driver@8edc]&amp#27;[0m Matched '/element' to command name 'findElement'
&amp#27;[38;5;65m[732d3f17]&amp#27;[0m&amp#27;[38;5;13m[AndroidUiautomator2Driver@8edc]&amp#27;[0m Proxying [POST /element] to [POST http://127.0.0.1:8200/session/fcd2a93a-0045-4707-9ee0-ead731777545/element] with body: {"strategy":"id","selector":"com.androidsample.generalstore:id/spinnerCountry","context":"","multiple":false}
&amp#27;[38;5;65m[732d3f17]&amp#27;[0m&amp#27;[38;5;13m[AndroidUiautomator2Driver@8edc]&amp#27;[0m Got response with status 200: {"sessionId":"fcd2a93a-0045-4707-9ee0-ead731777545","value":{"ELEMENT":"00000000-0000-00b0-ffff-ffff0000001a","element-6066-11e4-a52e-4f735466cecf":"00000000-0000-00b0-ffff-ffff0000001a"}}
&amp#27;[38;5;65m[732d3f17]&amp#27;[0m&amp#27;[38;5;13m[AndroidUiautomator2Driver@8edc]&amp#27;[0m Responding to client with driver.findElement() result: {"element-6066-11e4-a52e-4f735466cecf":"00000000-0000-00b0-ffff-ffff0000001a","ELEMENT":"00000000-0000-00b0-ffff-ffff0000001a"}
&amp#27;[38;5;65m[732d3f17]&amp#27;[0m&amp#27;[38;5;86m[HTTP]&amp#27;[0m &amp#27;[37m<-- POST /session/732d3f17-23bc-4d0c-b36d-52c7a2588001/element &amp#27;[39m&amp#27;[32m200&amp#27;[39m &amp#27;[90m4904 ms - 137&amp#27;[39m &amp#27;[90m&amp#27;[39m
&amp#27;[38;5;65m[732d3f17]&amp#27;[0m&amp#27;[38;5;86m[HTTP]&amp#27;[0m &amp#27;[37m-->&amp#27;[39m &amp#27;[37mPOST&amp#27;[39m &amp#27;[37m/session/732d3f17-23bc-4d0c-b36d-52c7a2588001/element/00000000-0000-00b0-ffff-ffff0000001a/click&amp#27;[39m &amp#27;[90m{"id":"00000000-0000-00b0-ffff-ffff0000001a"}&amp#27;[39m
&amp#27;[38;5;65m[732d3f17]&amp#27;[0m&amp#27;[38;5;13m[AndroidUiautomator2Driver@8edc]&amp#27;[0m Calling AppiumDriver.click() with args: ["00000000-0000-00b0-ffff-ffff0000001a","732d3f17-23bc-4d0c-b36d-52c7a2588001"]
&amp#27;[38;5;65m[732d3f17]&amp#27;[0m&amp#27;[38;5;13m[AndroidUiautomator2Driver@8edc]&amp#27;[0m Matched '/element/00000000-0000-00b0-ffff-ffff0000001a/click' to command name 'click'
&amp#27;[38;5;65m[732d3f17]&amp#27;[0m&amp#27;[38;5;13m[AndroidUiautomator2Driver@8edc]&amp#27;[0m Proxying [POST /element/00000000-0000-00b0-ffff-ffff0000001a/click] to [POST http://127.0.0.1:8200/session/fcd2a93a-0045-4707-9ee0-ead731777545/element/00000000-0000-00b0-ffff-ffff0000001a/click] with body: {"element":"00000000-0000-00b0-ffff-ffff0000001a"}
&amp#27;[38;5;65m[732d3f17]&amp#27;[0m&amp#27;[38;5;13m[AndroidUiautomator2Driver@8edc]&amp#27;[0m Got response with status 200: {"sessionId":"fcd2a93a-0045-4707-9ee0-ead731777545","value":null}
&amp#27;[38;5;65m[732d3f17]&amp#27;[0m&amp#27;[38;5;13m[AndroidUiautomator2Driver@8edc]&amp#27;[0m Responding to client with driver.click() result: null
&amp#27;[38;5;65m[732d3f17]&amp#27;[0m&amp#27;[38;5;86m[HTTP]&amp#27;[0m &amp#27;[37m<-- POST /session/732d3f17-23bc-4d0c-b36d-52c7a2588001/element/00000000-0000-00b0-ffff-ffff0000001a/click &amp#27;[39m&amp#27;[32m200&amp#27;[39m &amp#27;[90m94 ms - 14&amp#27;[39m &amp#27;[90m&amp#27;[39m
&amp#27;[38;5;65m[732d3f17]&amp#27;[0m&amp#27;[38;5;86m[HTTP]&amp#27;[0m &amp#27;[37m-->&amp#27;[39m &amp#27;[37mPOST&amp#27;[39m &amp#27;[37m/session/732d3f17-23bc-4d0c-b36d-52c7a2588001/element&amp#27;[39m &amp#27;[90m{"using":"-android uiautomator","value":"new UiScrollable(new UiSelector()).scrollIntoView(text(\"Austria\"));"}&amp#27;[39m
&amp#27;[38;5;65m[732d3f17]&amp#27;[0m&amp#27;[38;5;13m[AndroidUiautomator2Driver@8edc]&amp#27;[0m Calling AppiumDriver.findElement() with args: ["-android uiautomator","new UiScrollable(new UiSelector()).scrollIntoView(text(\"Austria\"));","732d3f17-23bc-4d0c-b36d-52c7a2588001"]
&amp#27;[38;5;65m[732d3f17]&amp#27;[0m&amp#27;[38;5;13m[AndroidUiautomator2Driver@8edc]&amp#27;[0m Valid locator strategies for this request: xpath, id, class name, accessibility id, css selector, -android uiautomator
&amp#27;[38;5;65m[732d3f17]&amp#27;[0m&amp#27;[38;5;13m[AndroidUiautomator2Driver@8edc]&amp#27;[0m Waiting up to 10000 ms for condition
&amp#27;[38;5;65m[732d3f17]&amp#27;[0m&amp#27;[38;5;13m[AndroidUiautomator2Driver@8edc]&amp#27;[0m Matched '/element' to command name 'findElement'
&amp#27;[38;5;65m[732d3f17]&amp#27;[0m&amp#27;[38;5;13m[AndroidUiautomator2Driver@8edc]&amp#27;[0m Proxying [POST /element] to [POST http://127.0.0.1:8200/session/fcd2a93a-0045-4707-9ee0-ead731777545/element] with body: {"strategy":"-android uiautomator","selector":"new UiScrollable(new UiSelector()).scrollIntoView(text(\"Austria\"));","context":"","multiple":false}
&amp#27;[38;5;65m[732d3f17]&amp#27;[0m&amp#27;[38;5;13m[AndroidUiautomator2Driver@8edc]&amp#27;[0m Got response with status 200: {"sessionId":"fcd2a93a-0045-4707-9ee0-ead731777545","value":{"ELEMENT":"00000000-0000-00b1-ffff-ffff0000002c","element-6066-11e4-a52e-4f735466cecf":"00000000-0000-00b1-ffff-ffff0000002c"}}
&amp#27;[38;5;65m[732d3f17]&amp#27;[0m&amp#27;[38;5;13m[AndroidUiautomator2Driver@8edc]&amp#27;[0m Responding to client with driver.findElement() result: {"element-6066-11e4-a52e-4f735466cecf":"00000000-0000-00b1-ffff-ffff0000002c","ELEMENT":"00000000-0000-00b1-ffff-ffff0000002c"}
&amp#27;[38;5;65m[732d3f17]&amp#27;[0m&amp#27;[38;5;86m[HTTP]&amp#27;[0m &amp#27;[37m<-- POST /session/732d3f17-23bc-4d0c-b36d-52c7a2588001/element &amp#27;[39m&amp#27;[32m200&amp#27;[39m &amp#27;[90m5861 ms - 137&amp#27;[39m &amp#27;[90m&amp#27;[39m
&amp#27;[38;5;65m[732d3f17]&amp#27;[0m&amp#27;[38;5;86m[HTTP]&amp#27;[0m &amp#27;[37m-->&amp#27;[39m &amp#27;[37mPOST&amp#27;[39m &amp#27;[37m/session/732d3f17-23bc-4d0c-b36d-52c7a2588001/element/00000000-0000-00b1-ffff-ffff0000002c/click&amp#27;[39m &amp#27;[90m{"id":"00000000-0000-00b1-ffff-ffff0000002c"}&amp#27;[39m
&amp#27;[38;5;65m[732d3f17]&amp#27;[0m&amp#27;[38;5;13m[AndroidUiautomator2Driver@8edc]&amp#27;[0m Calling AppiumDriver.click() with args: ["00000000-0000-00b1-ffff-ffff0000002c","732d3f17-23bc-4d0c-b36d-52c7a2588001"]
&amp#27;[38;5;65m[732d3f17]&amp#27;[0m&amp#27;[38;5;13m[AndroidUiautomator2Driver@8edc]&amp#27;[0m Matched '/element/00000000-0000-00b1-ffff-ffff0000002c/click' to command name 'click'
&amp#27;[38;5;65m[732d3f17]&amp#27;[0m&amp#27;[38;5;13m[AndroidUiautomator2Driver@8edc]&amp#27;[0m Proxying [POST /element/00000000-0000-00b1-ffff-ffff0000002c/click] to [POST http://127.0.0.1:8200/session/fcd2a93a-0045-4707-9ee0-ead731777545/element/00000000-0000-00b1-ffff-ffff0000002c/click] with body: {"element":"00000000-0000-00b1-ffff-ffff0000002c"}
&amp#27;[38;5;65m[732d3f17]&amp#27;[0m&amp#27;[38;5;13m[AndroidUiautomator2Driver@8edc]&amp#27;[0m Got response with status 200: {"sessionId":"fcd2a93a-0045-4707-9ee0-ead731777545","value":null}
&amp#27;[38;5;65m[732d3f17]&amp#27;[0m&amp#27;[38;5;13m[AndroidUiautomator2Driver@8edc]&amp#27;[0m Responding to client with driver.click() result: null
&amp#27;[38;5;65m[732d3f17]&amp#27;[0m&amp#27;[38;5;86m[HTTP]&amp#27;[0m &amp#27;[37m<-- POST /session/732d3f17-23bc-4d0c-b36d-52c7a2588001/element/00000000-0000-00b1-ffff-ffff0000002c/click &amp#27;[39m&amp#27;[32m200&amp#27;[39m &amp#27;[90m878 ms - 14&amp#27;[39m &amp#27;[90m&amp#27;[39m
&amp#27;[38;5;65m[732d3f17]&amp#27;[0m&amp#27;[38;5;86m[HTTP]&amp#27;[0m &amp#27;[37m-->&amp#27;[39m &amp#27;[37mPOST&amp#27;[39m &amp#27;[37m/session/732d3f17-23bc-4d0c-b36d-52c7a2588001/execute/sync&amp#27;[39m &amp#27;[90m{"script":"mobile: hideKeyboard","args":[]}&amp#27;[39m
&amp#27;[38;5;65m[732d3f17]&amp#27;[0m&amp#27;[38;5;13m[AndroidUiautomator2Driver@8edc]&amp#27;[0m Calling AppiumDriver.execute() with args: ["mobile: hideKeyboard",[],"732d3f17-23bc-4d0c-b36d-52c7a2588001"]
&amp#27;[38;5;65m[732d3f17]&amp#27;[0m&amp#27;[38;5;13m[AndroidUiautomator2Driver@8edc]&amp#27;[0m Executing native command 'mobile: hideKeyboard'
&amp#27;[38;5;65m[732d3f17]&amp#27;[0m&amp#27;[38;5;229m[ADB]&amp#27;[0m Running 'C:\Users\User\AppData\Local\Android\Sdk\platform-tools\adb.exe -P 5037 -s emulator-5554 shell dumpsys input_method'
&amp#27;[38;5;65m[732d3f17]&amp#27;[0m&amp#27;[38;5;229m[ADB]&amp#27;[0m Keyboard has no UI; no closing necessary
&amp#27;[38;5;65m[732d3f17]&amp#27;[0m&amp#27;[38;5;13m[AndroidUiautomator2Driver@8edc]&amp#27;[0m Responding to client with driver.execute() result: false
&amp#27;[38;5;65m[732d3f17]&amp#27;[0m&amp#27;[38;5;86m[HTTP]&amp#27;[0m &amp#27;[37m<-- POST /session/732d3f17-23bc-4d0c-b36d-52c7a2588001/execute/sync &amp#27;[39m&amp#27;[32m200&amp#27;[39m &amp#27;[90m401 ms - 15&amp#27;[39m &amp#27;[90m&amp#27;[39m
&amp#27;[38;5;65m[732d3f17]&amp#27;[0m&amp#27;[38;5;86m[HTTP]&amp#27;[0m &amp#27;[37m-->&amp#27;[39m &amp#27;[37mPOST&amp#27;[39m &amp#27;[37m/session/732d3f17-23bc-4d0c-b36d-52c7a2588001/element&amp#27;[39m &amp#27;[90m{"using":"xpath","value":"//android.widget.RadioButton[@text='Female']"}&amp#27;[39m
&amp#27;[38;5;65m[732d3f17]&amp#27;[0m&amp#27;[38;5;13m[AndroidUiautomator2Driver@8edc]&amp#27;[0m Calling AppiumDriver.findElement() with args: ["xpath","//android.widget.RadioButton[@text='Female']","732d3f17-23bc-4d0c-b36d-52c7a2588001"]
&amp#27;[38;5;65m[732d3f17]&amp#27;[0m&amp#27;[38;5;13m[AndroidUiautomator2Driver@8edc]&amp#27;[0m Valid locator strategies for this request: xpath, id, class name, accessibility id, css selector, -android uiautomator
&amp#27;[38;5;65m[732d3f17]&amp#27;[0m&amp#27;[38;5;13m[AndroidUiautomator2Driver@8edc]&amp#27;[0m Waiting up to 10000 ms for condition
&amp#27;[38;5;65m[732d3f17]&amp#27;[0m&amp#27;[38;5;13m[AndroidUiautomator2Driver@8edc]&amp#27;[0m Matched '/element' to command name 'findElement'
&amp#27;[38;5;65m[732d3f17]&amp#27;[0m&amp#27;[38;5;13m[AndroidUiautomator2Driver@8edc]&amp#27;[0m Proxying [POST /element] to [POST http://127.0.0.1:8200/session/fcd2a93a-0045-4707-9ee0-ead731777545/element] with body: {"strategy":"xpath","selector":"//android.widget.RadioButton[@text='Female']","context":"","multiple":false}
&amp#27;[38;5;65m[732d3f17]&amp#27;[0m&amp#27;[38;5;13m[AndroidUiautomator2Driver@8edc]&amp#27;[0m Got response with status 200: {"sessionId":"fcd2a93a-0045-4707-9ee0-ead731777545","value":{"ELEMENT":"00000000-0000-00b0-ffff-ffff00000020","element-6066-11e4-a52e-4f735466cecf":"00000000-0000-00b0-ffff-ffff00000020"}}
&amp#27;[38;5;65m[732d3f17]&amp#27;[0m&amp#27;[38;5;13m[AndroidUiautomator2Driver@8edc]&amp#27;[0m Responding to client with driver.findElement() result: {"element-6066-11e4-a52e-4f735466cecf":"00000000-0000-00b0-ffff-ffff00000020","ELEMENT":"00000000-0000-00b0-ffff-ffff00000020"}
&amp#27;[38;5;65m[732d3f17]&amp#27;[0m&amp#27;[38;5;86m[HTTP]&amp#27;[0m &amp#27;[37m<-- POST /session/732d3f17-23bc-4d0c-b36d-52c7a2588001/element &amp#27;[39m&amp#27;[32m200&amp#27;[39m &amp#27;[90m883 ms - 137&amp#27;[39m &amp#27;[90m&amp#27;[39m
&amp#27;[38;5;65m[732d3f17]&amp#27;[0m&amp#27;[38;5;86m[HTTP]&amp#27;[0m &amp#27;[37m-->&amp#27;[39m &amp#27;[37mPOST&amp#27;[39m &amp#27;[37m/session/732d3f17-23bc-4d0c-b36d-52c7a2588001/element/00000000-0000-00b0-ffff-ffff00000020/click&amp#27;[39m &amp#27;[90m{"id":"00000000-0000-00b0-ffff-ffff00000020"}&amp#27;[39m
&amp#27;[38;5;65m[732d3f17]&amp#27;[0m&amp#27;[38;5;13m[AndroidUiautomator2Driver@8edc]&amp#27;[0m Calling AppiumDriver.click() with args: ["00000000-0000-00b0-ffff-ffff00000020","732d3f17-23bc-4d0c-b36d-52c7a2588001"]
&amp#27;[38;5;65m[732d3f17]&amp#27;[0m&amp#27;[38;5;13m[AndroidUiautomator2Driver@8edc]&amp#27;[0m Matched '/element/00000000-0000-00b0-ffff-ffff00000020/click' to command name 'click'
&amp#27;[38;5;65m[732d3f17]&amp#27;[0m&amp#27;[38;5;13m[AndroidUiautomator2Driver@8edc]&amp#27;[0m Proxying [POST /element/00000000-0000-00b0-ffff-ffff00000020/click] to [POST http://127.0.0.1:8200/session/fcd2a93a-0045-4707-9ee0-ead731777545/element/00000000-0000-00b0-ffff-ffff00000020/click] with body: {"element":"00000000-0000-00b0-ffff-ffff00000020"}
&amp#27;[38;5;65m[732d3f17]&amp#27;[0m&amp#27;[38;5;13m[AndroidUiautomator2Driver@8edc]&amp#27;[0m Got response with status 200: {"sessionId":"fcd2a93a-0045-4707-9ee0-ead731777545","value":null}
&amp#27;[38;5;65m[732d3f17]&amp#27;[0m&amp#27;[38;5;13m[AndroidUiautomator2Driver@8edc]&amp#27;[0m Responding to client with driver.click() result: null
&amp#27;[38;5;65m[732d3f17]&amp#27;[0m&amp#27;[38;5;86m[HTTP]&amp#27;[0m &amp#27;[37m<-- POST /session/732d3f17-23bc-4d0c-b36d-52c7a2588001/element/00000000-0000-00b0-ffff-ffff00000020/click &amp#27;[39m&amp#27;[32m200&amp#27;[39m &amp#27;[90m73 ms - 14&amp#27;[39m &amp#27;[90m&amp#27;[39m
&amp#27;[38;5;65m[732d3f17]&amp#27;[0m&amp#27;[38;5;86m[HTTP]&amp#27;[0m &amp#27;[37m-->&amp#27;[39m &amp#27;[37mPOST&amp#27;[39m &amp#27;[37m/session/732d3f17-23bc-4d0c-b36d-52c7a2588001/element&amp#27;[39m &amp#27;[90m{"using":"id","value":"com.androidsample.generalstore:id/btnLetsShop"}&amp#27;[39m
&amp#27;[38;5;65m[732d3f17]&amp#27;[0m&amp#27;[38;5;13m[AndroidUiautomator2Driver@8edc]&amp#27;[0m Calling AppiumDriver.findElement() with args: ["id","com.androidsample.generalstore:id/btnLetsShop","732d3f17-23bc-4d0c-b36d-52c7a2588001"]
&amp#27;[38;5;65m[732d3f17]&amp#27;[0m&amp#27;[38;5;13m[AndroidUiautomator2Driver@8edc]&amp#27;[0m Valid locator strategies for this request: xpath, id, class name, accessibility id, css selector, -android uiautomator
&amp#27;[38;5;65m[732d3f17]&amp#27;[0m&amp#27;[38;5;13m[AndroidUiautomator2Driver@8edc]&amp#27;[0m Waiting up to 10000 ms for condition
&amp#27;[38;5;65m[732d3f17]&amp#27;[0m&amp#27;[38;5;13m[AndroidUiautomator2Driver@8edc]&amp#27;[0m Matched '/element' to command name 'findElement'
&amp#27;[38;5;65m[732d3f17]&amp#27;[0m&amp#27;[38;5;13m[AndroidUiautomator2Driver@8edc]&amp#27;[0m Proxying [POST /element] to [POST http://127.0.0.1:8200/session/fcd2a93a-0045-4707-9ee0-ead731777545/element] with body: {"strategy":"id","selector":"com.androidsample.generalstore:id/btnLetsShop","context":"","multiple":false}
&amp#27;[38;5;65m[732d3f17]&amp#27;[0m&amp#27;[38;5;13m[AndroidUiautomator2Driver@8edc]&amp#27;[0m Got response with status 200: {"sessionId":"fcd2a93a-0045-4707-9ee0-ead731777545","value":{"ELEMENT":"00000000-0000-00b0-ffff-ffff00000021","element-6066-11e4-a52e-4f735466cecf":"00000000-0000-00b0-ffff-ffff00000021"}}
&amp#27;[38;5;65m[732d3f17]&amp#27;[0m&amp#27;[38;5;13m[AndroidUiautomator2Driver@8edc]&amp#27;[0m Responding to client with driver.findElement() result: {"element-6066-11e4-a52e-4f735466cecf":"00000000-0000-00b0-ffff-ffff00000021","ELEMENT":"00000000-0000-00b0-ffff-ffff00000021"}
&amp#27;[38;5;65m[732d3f17]&amp#27;[0m&amp#27;[38;5;86m[HTTP]&amp#27;[0m &amp#27;[37m<-- POST /session/732d3f17-23bc-4d0c-b36d-52c7a2588001/element &amp#27;[39m&amp#27;[32m200&amp#27;[39m &amp#27;[90m70 ms - 137&amp#27;[39m &amp#27;[90m&amp#27;[39m
&amp#27;[38;5;65m[732d3f17]&amp#27;[0m&amp#27;[38;5;86m[HTTP]&amp#27;[0m &amp#27;[37m-->&amp#27;[39m &amp#27;[37mPOST&amp#27;[39m &amp#27;[37m/session/732d3f17-23bc-4d0c-b36d-52c7a2588001/element/00000000-0000-00b0-ffff-ffff00000021/click&amp#27;[39m &amp#27;[90m{"id":"00000000-0000-00b0-ffff-ffff00000021"}&amp#27;[39m
&amp#27;[38;5;65m[732d3f17]&amp#27;[0m&amp#27;[38;5;13m[AndroidUiautomator2Driver@8edc]&amp#27;[0m Calling AppiumDriver.click() with args: ["00000000-0000-00b0-ffff-ffff00000021","732d3f17-23bc-4d0c-b36d-52c7a2588001"]
&amp#27;[38;5;65m[732d3f17]&amp#27;[0m&amp#27;[38;5;13m[AndroidUiautomator2Driver@8edc]&amp#27;[0m Matched '/element/00000000-0000-00b0-ffff-ffff00000021/click' to command name 'click'
&amp#27;[38;5;65m[732d3f17]&amp#27;[0m&amp#27;[38;5;13m[AndroidUiautomator2Driver@8edc]&amp#27;[0m Proxying [POST /element/00000000-0000-00b0-ffff-ffff00000021/click] to [POST http://127.0.0.1:8200/session/fcd2a93a-0045-4707-9ee0-ead731777545/element/00000000-0000-00b0-ffff-ffff00000021/click] with body: {"element":"00000000-0000-00b0-ffff-ffff00000021"}
&amp#27;[38;5;65m[732d3f17]&amp#27;[0m&amp#27;[38;5;13m[AndroidUiautomator2Driver@8edc]&amp#27;[0m Got response with status 200: {"sessionId":"fcd2a93a-0045-4707-9ee0-ead731777545","value":null}
&amp#27;[38;5;65m[732d3f17]&amp#27;[0m&amp#27;[38;5;13m[AndroidUiautomator2Driver@8edc]&amp#27;[0m Responding to client with driver.click() result: null
&amp#27;[38;5;65m[732d3f17]&amp#27;[0m&amp#27;[38;5;86m[HTTP]&amp#27;[0m &amp#27;[37m<-- POST /session/732d3f17-23bc-4d0c-b36d-52c7a2588001/element/00000000-0000-00b0-ffff-ffff00000021/click &amp#27;[39m&amp#27;[32m200&amp#27;[39m &amp#27;[90m587 ms - 14&amp#27;[39m &amp#27;[90m&amp#27;[39m
&amp#27;[38;5;65m[732d3f17]&amp#27;[0m&amp#27;[38;5;86m[HTTP]&amp#27;[0m &amp#27;[37m-->&amp#27;[39m &amp#27;[37mPOST&amp#27;[39m &amp#27;[37m/session/732d3f17-23bc-4d0c-b36d-52c7a2588001/element&amp#27;[39m &amp#27;[90m{"using":"xpath","value":"(//android.widget.Toast)[1]"}&amp#27;[39m
&amp#27;[38;5;65m[732d3f17]&amp#27;[0m&amp#27;[38;5;13m[AndroidUiautomator2Driver@8edc]&amp#27;[0m Calling AppiumDriver.findElement() with args: ["xpath","(//android.widget.Toast)[1]","732d3f17-23bc-4d0c-b36d-52c7a2588001"]
&amp#27;[38;5;65m[732d3f17]&amp#27;[0m&amp#27;[38;5;13m[AndroidUiautomator2Driver@8edc]&amp#27;[0m Valid locator strategies for this request: xpath, id, class name, accessibility id, css selector, -android uiautomator
&amp#27;[38;5;65m[732d3f17]&amp#27;[0m&amp#27;[38;5;13m[AndroidUiautomator2Driver@8edc]&amp#27;[0m Waiting up to 10000 ms for condition
&amp#27;[38;5;65m[732d3f17]&amp#27;[0m&amp#27;[38;5;13m[AndroidUiautomator2Driver@8edc]&amp#27;[0m Matched '/element' to command name 'findElement'
&amp#27;[38;5;65m[732d3f17]&amp#27;[0m&amp#27;[38;5;13m[AndroidUiautomator2Driver@8edc]&amp#27;[0m Proxying [POST /element] to [POST http://127.0.0.1:8200/session/fcd2a93a-0045-4707-9ee0-ead731777545/element] with body: {"strategy":"xpath","selector":"(//android.widget.Toast)[1]","context":"","multiple":false}
&amp#27;[38;5;65m[732d3f17]&amp#27;[0m&amp#27;[38;5;13m[AndroidUiautomator2Driver@8edc]&amp#27;[0m Got response with status 404: {"sessionId":"fcd2a93a-0045-4707-9ee0-ead731777545","value":{"error":"no such element","message":"An element could not be located on the page using the given search parameters","stacktrace":"io.appium.uiautomator2.common.exceptions.ElementNotFoundException: An element could not be located on the page using the given search parameters\n\tat io.appium.uiautomator2.utils.ElementLocationHelpers.findElement(ElementLocationHelpers.java:156)\n\tat io.appium.uiautomator2.handler.FindElement.safeHandle(FindElement.java:60)\n\tat io.appium.uiautomator2.handler.request.SafeRequestHandler.handle(SafeRequestHandler.java:59)\n\tat io.appium.uiautomator2.server.AppiumServlet.handleRequest(AppiumServlet.java:259)\n\tat io.appium.uiautomator2.server.AppiumServlet.handleHttpRequest(AppiumServlet.java:253)\n\tat io.appium.uiautomator2.http.ServerHandler.channelRead(ServerHandler.java:77)\n\tat io.netty.channel.AbstractChannelHandlerContext.invokeChannelRead(AbstractChannelHandlerContext.java:366)\n\tat io.netty.channel.Abstr...
&amp#27;[38;5;65m[732d3f17]&amp#27;[0m&amp#27;[38;5;123m[W3C]&amp#27;[0m Matched W3C error code 'no such element' to NoSuchElementError
&amp#27;[38;5;65m[732d3f17]&amp#27;[0m&amp#27;[38;5;13m[AndroidUiautomator2Driver@8edc]&amp#27;[0m Waited for 127 ms so far
&amp#27;[38;5;65m[732d3f17]&amp#27;[0m&amp#27;[38;5;13m[AndroidUiautomator2Driver@8edc]&amp#27;[0m Matched '/element' to command name 'findElement'
&amp#27;[38;5;65m[732d3f17]&amp#27;[0m&amp#27;[38;5;13m[AndroidUiautomator2Driver@8edc]&amp#27;[0m Proxying [POST /element] to [POST http://127.0.0.1:8200/session/fcd2a93a-0045-4707-9ee0-ead731777545/element] with body: {"strategy":"xpath","selector":"(//android.widget.Toast)[1]","context":"","multiple":false}
&amp#27;[38;5;65m[732d3f17]&amp#27;[0m&amp#27;[38;5;13m[AndroidUiautomator2Driver@8edc]&amp#27;[0m Got response with status 200: {"sessionId":"fcd2a93a-0045-4707-9ee0-ead731777545","value":{"ELEMENT":"9b0574b4-26d6-41b1-b212-b34384a3e0e5","element-6066-11e4-a52e-4f735466cecf":"9b0574b4-26d6-41b1-b212-b34384a3e0e5"}}
&amp#27;[38;5;65m[732d3f17]&amp#27;[0m&amp#27;[38;5;13m[AndroidUiautomator2Driver@8edc]&amp#27;[0m Responding to client with driver.findElement() result: {"element-6066-11e4-a52e-4f735466cecf":"9b0574b4-26d6-41b1-b212-b34384a3e0e5","ELEMENT":"9b0574b4-26d6-41b1-b212-b34384a3e0e5"}
&amp#27;[38;5;65m[732d3f17]&amp#27;[0m&amp#27;[38;5;86m[HTTP]&amp#27;[0m &amp#27;[37m<-- POST /session/732d3f17-23bc-4d0c-b36d-52c7a2588001/element &amp#27;[39m&amp#27;[32m200&amp#27;[39m &amp#27;[90m805 ms - 137&amp#27;[39m &amp#27;[90m&amp#27;[39m
&amp#27;[38;5;65m[732d3f17]&amp#27;[0m&amp#27;[38;5;86m[HTTP]&amp#27;[0m &amp#27;[37m-->&amp#27;[39m &amp#27;[37mGET&amp#27;[39m &amp#27;[37m/session/732d3f17-23bc-4d0c-b36d-52c7a2588001/element/9b0574b4-26d6-41b1-b212-b34384a3e0e5/attribute/name&amp#27;[39m &amp#27;[90m{}&amp#27;[39m
&amp#27;[38;5;65m[732d3f17]&amp#27;[0m&amp#27;[38;5;13m[AndroidUiautomator2Driver@8edc]&amp#27;[0m Calling AppiumDriver.getAttribute() with args: ["name","9b0574b4-26d6-41b1-b212-b34384a3e0e5","732d3f17-23bc-4d0c-b36d-52c7a2588001"]
&amp#27;[38;5;65m[732d3f17]&amp#27;[0m&amp#27;[38;5;13m[AndroidUiautomator2Driver@8edc]&amp#27;[0m Matched '/element/9b0574b4-26d6-41b1-b212-b34384a3e0e5/attribute/name' to command name 'getAttribute'
&amp#27;[38;5;65m[732d3f17]&amp#27;[0m&amp#27;[38;5;13m[AndroidUiautomator2Driver@8edc]&amp#27;[0m Proxying [GET /element/9b0574b4-26d6-41b1-b212-b34384a3e0e5/attribute/name] to [GET http://127.0.0.1:8200/session/fcd2a93a-0045-4707-9ee0-ead731777545/element/9b0574b4-26d6-41b1-b212-b34384a3e0e5/attribute/name] with no body
&amp#27;[38;5;65m[732d3f17]&amp#27;[0m&amp#27;[38;5;13m[AndroidUiautomator2Driver@8edc]&amp#27;[0m Got response with status 200: {"sessionId":"fcd2a93a-0045-4707-9ee0-ead731777545","value":"Please enter your name"}
&amp#27;[38;5;65m[732d3f17]&amp#27;[0m&amp#27;[38;5;13m[AndroidUiautomator2Driver@8edc]&amp#27;[0m Responding to client with driver.getAttribute() result: "Please enter your name"
&amp#27;[38;5;65m[732d3f17]&amp#27;[0m&amp#27;[38;5;86m[HTTP]&amp#27;[0m &amp#27;[37m<-- GET /session/732d3f17-23bc-4d0c-b36d-52c7a2588001/element/9b0574b4-26d6-41b1-b212-b34384a3e0e5/attribute/name &amp#27;[39m&amp#27;[32m200&amp#27;[39m &amp#27;[90m83 ms - 34&amp#27;[39m &amp#27;[90m&amp#27;[39m
&amp#27;[38;5;65m[732d3f17]&amp#27;[0m&amp#27;[38;5;86m[HTTP]&amp#27;[0m &amp#27;[37m-->&amp#27;[39m &amp#27;[37mGET&amp#27;[39m &amp#27;[37m/session/732d3f17-23bc-4d0c-b36d-52c7a2588001/screenshot&amp#27;[39m &amp#27;[90m{}&amp#27;[39m
&amp#27;[38;5;65m[732d3f17]&amp#27;[0m&amp#27;[38;5;13m[AndroidUiautomator2Driver@8edc]&amp#27;[0m Calling AppiumDriver.getScreenshot() with args: ["732d3f17-23bc-4d0c-b36d-52c7a2588001"]
&amp#27;[38;5;65m[732d3f17]&amp#27;[0m&amp#27;[38;5;13m[AndroidUiautomator2Driver@8edc]&amp#27;[0m Matched '/screenshot' to command name 'getScreenshot'
&amp#27;[38;5;65m[732d3f17]&amp#27;[0m&amp#27;[38;5;13m[AndroidUiautomator2Driver@8edc]&amp#27;[0m Proxying [GET /screenshot] to [GET http://127.0.0.1:8200/session/fcd2a93a-0045-4707-9ee0-ead731777545/screenshot] with no body
&amp#27;[38;5;65m[732d3f17]&amp#27;[0m&amp#27;[38;5;13m[AndroidUiautomator2Driver@8edc]&amp#27;[0m Got response with status 200: {"sessionId":"fcd2a93a-0045-4707-9ee0-ead731777545","value":"iVBORw0KGgoAAAANSUhEUgAABDgAAAisCAYAAACtR1KuAAAAAXNSR0IArs4c6QAAAARzQklUCAgICHwIZIgAACAASURBVHic7MEBAQAAAICQ/q/uCAoAAAAAAAAAAAAAAAAAAAAAAAAAAAAAAAAAAAAAAAAAAAAAAAAAAAAAAAAAAAAAAAAAAAAAAAAAAAAAAAAAAAAAAAAAAAAAAAAAAAAAAAAAAAAAAAAAAAAAAAAAAAAAAAAAAAAAAAAAAAAAAAAAAAAAAAAAAAAAAAAAAAAAAAAAAAAAAAAAAAAAAAAAAAAAAAAAAAAAAAAAAAAAAAAAAAAAAAAAAAAAAAAAAAAAAAAAAAAAAAAAAAAAAAAAAAAAAAAAAAAAAAAAAAAAAAAAAAAAAAAAAAAAAAAAAAAAAAAAAAAAAAAAAAAAAAAAAAAAAAAAAAAAAAAAAAAAAAAAAAAAAAAAAAAAAAAAAAAAAAAAAAAAAAAAAAAAAAAAAAAAAAAAAAAAAAAAAAAAAAAAAAAAAAAAAAAAAAAAAAAAAAAAAAAAAAAAAAAAAAAAAAAAAAAAAAAAAAAAAAAAAAAAAAAAAAAAAAAAAAAAAAAAAAAAAAAAAAAAAAAAAAAAAAAAAAAAAAAAAAAAAAAAAAAAAAAAAAAAAAAAAAAAAAAAAAAAAAAAAAAAAAAAAAAAAAAAAAAAAAAAAAAAAAAAAAAAAAAAAAAAAAAAAAAAAAAAAAAAAAAAAAAAAAAAAAAAAAAAAAAAAAAAAAAAAAAAAAAAAAAAAAAAAAAAAAAAAAAAAAAAAAAAAAAAAAAAAAAAAAAAAAAAAAAAAAAAAAAAAAAAAAAAAAAAAAAAAAAAAAAAAAAAAAAAAAAAAAAAAAAAAAAAAAAAAAAAAAAAAAAAAAAAAAAAAAAAAAAAAAAAAAAAAAAAAAAAAAAAAAAAAAAAAAAAAAAAAAAAAAAAAAAA...
&amp#27;[38;5;65m[732d3f17]&amp#27;[0m&amp#27;[38;5;13m[AndroidUiautomator2Driver@8edc]&amp#27;[0m Responding to client with driver.getScreenshot() result: "iVBORw0KGgoAAAANSUhEUgAABDgAAAisCAYAAACtR1KuAAAAAXNSR0IArs4c6QAAAARzQklUCAgICHwIZIgAACAASURBVHic7MEBAQAAAICQ/q/uCAoAAAAAAAAAAAAAAAAAAAAAAAAAAAAAAAAAAAAAAAAAAAAAAAAAAAAAAAAAAAAAAAAAAAAAAAAAAAAAAAAAAAAAAAAAAAAAAAAAAAAAAAAAAAAAAAAAAAAAAAAAAAAAAAAAAAAAAAAAAAAAAAAAAAAAAAAAAAAAAAAAAAAAAAAAAAAAAAAAAAAAAAAAAAAAAAAAAAAAAAAAAAAAAAAAAAAAAAAAAAAAAAAAAAAAAAAAAAAAAAAAAAAAAAAAAAAAAAAAAAAAAAAAAAAAAAAAAAAAAAAAAAAAAAAAAAAAAAAAAAAAAAAAAAAAAAAAAAAAAAAAAAAAAAAAAAAAAAAAAAAAAAAAAAAAAAAAAAAAAAAAAAAAAAAAAAAAAAAAAAAAAAAAAAAAAAAAAAAAAAAAAAAAAAAAAAAAAAAAAAAAAAAAAAAAAAAAAAAAAAAAAAAAAAAAAAAAAAAAAAAAAAAAAAAAAAAAAAAAAAAAAAAAAAAAAAAAAAAAAAAAAAAAAAAAAAAAAAAAAAAAAAAAAAAAAAAAAAAAAAAAAAAAAAAAAAAAAAAAAAAAAAAAAAAAAAAAAAAAAAAAAAAAAAAAAAAAAAAAAAAAAAAAAAAAAAAAAAAAAAAAAAAAAAAAAAAAAAAAAAAAAAAAAAAAAAAAAAAAAAAAAAAAAAAAAAAAAAAAAAAAAAAAAAAAAAAAAAAAAAAAAAAAAAAAAAAAAAAAAAAAAAAAAAAAAAAAAAAAAAAAAAAAAAAAAAAAAAAAAAAAAAAAAAAAAAAAAAAAAAAAAAAAAAAAAAAAAAAAAAAAAAAAAAAAAAAAAAAAAAAAAAAAAAAAAAAAAAAAAAAAAAAAAAAAAAAAAAAAAAAAAAAAAAAAAAAAAAAAAAAAAAAAAAAAAAAAAAAAAAAAAAAA...
&amp#27;[38;5;65m[732d3f17]&amp#27;[0m&amp#27;[38;5;86m[HTTP]&amp#27;[0m &amp#27;[37m<-- GET /session/732d3f17-23bc-4d0c-b36d-52c7a2588001/screenshot &amp#27;[39m&amp#27;[32m200&amp#27;[39m &amp#27;[90m1031 ms - 12600&amp#27;[39m &amp#27;[90m&amp#27;[39m
]]></system-out>
  </testcase>
</testsuite>