<?xml version="1.0" encoding="UTF-8"?>
<!-- Generated by org.testng.reporters.JUnitReportReporter -->
<testsuite hostname="DESKTOP-VEMJ6VN" failures="0" tests="2" name="Rahullshetty.FrameWork.ecommerce_hybrid3" time="62.219" errors="0" timestamp="2024-10-09T15:27:02 IST" skipped="0">
  <testcase classname="Rahullshetty.FrameWork.ecommerce_hybrid3" name="fillform" time="34.727"/>
  <testcase classname="Rahullshetty.FrameWork.ecommerce_hybrid3" name="fillform" time="27.492"/>
</testsuite> <!-- Rahullshetty.FrameWork.ecommerce_hybrid3 -->
